{
    "schema_version":  1,
    "collection_time":  "2026-09-05T17:15:48.5536149-04:00",
    "collection_time_utc":  "2026-09-05T21:15:48.5551173Z",
    "hostname":  "DESKTOP-G4CFVL1",
    "system_driver":  {
                          "Name":  "nipcibrd",
                          "DisplayName":  "National Instruments PCI Bridge Driver",
                          "State":  "Running",
                          "StartMode":  "Boot",
                          "PathName":  "C:\\WINDOWS\\system32\\drivers\\nipcibrd.sys",
                          "ServiceType":  "Kernel Driver",
                          "Status":  "OK",
                          "ExitCode":  0
                      },
    "service_registry":  {
                             "DisplayName":  "National Instruments PCI Bridge Driver",
                             "ImagePath":  "System32\\drivers\\nipcibrd.sys",
                             "Start":  0,
                             "Type":  1,
                             "ErrorControl":  1,
                             "Group":  "System Bus Extender",
                             "Tag":  null
                         },
    "binary":  {
                   "path":  "C:\\WINDOWS\\system32\\drivers\\nipcibrd.sys",
                   "length":  152632,
                   "creation_time_utc":  "2025-09-27T05:32:50.0000000Z",
                   "last_write_time_utc":  "2025-09-27T05:32:50.0000000Z",
                   "file_version":  "25.8.0f188",
                   "product_version":  "25.8.0f188",
                   "company_name":  "National Instruments Corporation",
                   "product_name":  "NIPCIBRD",
                   "description":  "National Instruments PCI Bridge Driver",
                   "signature_status":  "Valid",
                   "signer":  "CN=National Instruments Corporation, OU=National Instruments Corporation, O=National Instruments Corporation, L=Austin, S=Texas, C=US, SERIALNUMBER=2398688, OID.2.5.4.15=Private Organization, OID.1.3.6.1.4.1.311.60.2.1.2=Delaware, OID.1.3.6.1.4.1.311.60.2.1.3=US"
               },
    "matching_installed_software":  [
                                        {
                                            "DisplayName":  "NI Package Manager",
                                            "DisplayVersion":  "26.0.0",
                                            "Publisher":  "NI",
                                            "InstallDate":  null,
                                            "InstallLocation":  null,
                                            "UninstallString":  "\"C:\\Program Files\\National Instruments\\NI Package Manager\\NIPackageManager.exe\" remove ni-package-manager --force-locked --force-essential"
                                        },
                                        {
                                            "DisplayName":  "NI Package Manager",
                                            "DisplayVersion":  "26.00.49288",
                                            "Publisher":  "National Instruments",
                                            "InstallDate":  "20260127",
                                            "InstallLocation":  "",
                                            "UninstallString":  null
                                        },
                                        {
                                            "DisplayName":  "NI Package Manager Core",
                                            "DisplayVersion":  "26.00.49288",
                                            "Publisher":  "National Instruments",
                                            "InstallDate":  "20260127",
                                            "InstallLocation":  "",
                                            "UninstallString":  null
                                        },
                                        {
                                            "DisplayName":  "NI Package Manager Deployment Support 26.0",
                                            "DisplayVersion":  "26.00.49288",
                                            "Publisher":  "National Instruments",
                                            "InstallDate":  "20260127",
                                            "InstallLocation":  "",
                                            "UninstallString":  null
                                        },
                                        {
                                            "DisplayName":  "NI Software",
                                            "DisplayVersion":  "25.8.0",
                                            "Publisher":  "NI",
                                            "InstallDate":  null,
                                            "InstallLocation":  null,
                                            "UninstallString":  "\"C:\\Program Files (x86)\\National Instruments\\Shared\\NIUninstaller\\uninst.exe\""
                                        },
                                        {
                                            "DisplayName":  "NI Software License Compliance Program (32-bit)",
                                            "DisplayVersion":  "25.80.49210",
                                            "Publisher":  "National Instruments",
                                            "InstallDate":  "20260127",
                                            "InstallLocation":  "",
                                            "UninstallString":  null
                                        },
                                        {
                                            "DisplayName":  "NI Software Provider for MAX 25.8.0",
                                            "DisplayVersion":  "25.80.49217",
                                            "Publisher":  "National Instruments",
                                            "InstallDate":  "20260127",
                                            "InstallLocation":  "",
                                            "UninstallString":  null
                                        },
                                        {
                                            "DisplayName":  "NI-PCI Bridge Driver 25.8",
                                            "DisplayVersion":  "25.80.49340",
                                            "Publisher":  "National Instruments",
                                            "InstallDate":  "20260127",
                                            "InstallLocation":  "",
                                            "UninstallString":  null
                                        },
                                        {
                                            "DisplayName":  "NI-PCI Bridge Driver 25.8 64-bit",
                                            "DisplayVersion":  "25.80.49340",
                                            "Publisher":  "National Instruments",
                                            "InstallDate":  "20260127",
                                            "InstallLocation":  "",
                                            "UninstallString":  null
                                        }
                                    ],
    "relevant_log_states":  [
                                {
                                    "log_name":  "Microsoft-Windows-Kernel-Acpi/Diagnostic",
                                    "found":  true,
                                    "is_enabled":  false,
                                    "log_mode":  "Retain",
                                    "record_count":  null,
                                    "maximum_size_bytes":  1052672,
                                    "last_write_time_utc":  null
                                },
                                {
                                    "log_name":  "Microsoft-Windows-Kernel-Power/Diagnostic",
                                    "found":  true,
                                    "is_enabled":  false,
                                    "log_mode":  "Retain",
                                    "record_count":  null,
                                    "maximum_size_bytes":  1052672,
                                    "last_write_time_utc":  null
                                },
                                {
                                    "log_name":  "Microsoft-Windows-Kernel-Power/Thermal-Operational",
                                    "found":  true,
                                    "is_enabled":  true,
                                    "log_mode":  "Circular",
                                    "record_count":  0,
                                    "maximum_size_bytes":  1052672,
                                    "last_write_time_utc":  "2025-12-06T06:44:04.5092219Z"
                                },
                                {
                                    "log_name":  "Microsoft-Windows-PCI/Operational",
                                    "found":  true,
                                    "is_enabled":  true,
                                    "log_mode":  "Circular",
                                    "record_count":  1811,
                                    "maximum_size_bytes":  1052672,
                                    "last_write_time_utc":  "2026-09-05T21:06:13.7977964Z"
                                },
                                {
                                    "log_name":  "Microsoft-Windows-USB-USBXHCI-Operational",
                                    "found":  true,
                                    "is_enabled":  true,
                                    "log_mode":  "Circular",
                                    "record_count":  45,
                                    "maximum_size_bytes":  1052672,
                                    "last_write_time_utc":  "2026-09-01T13:08:40.1614425Z"
                                },
                                {
                                    "log_name":  "Microsoft-Windows-Kernel-PnP/Configuration",
                                    "found":  true,
                                    "is_enabled":  true,
                                    "log_mode":  "Circular",
                                    "record_count":  1353,
                                    "maximum_size_bytes":  1052672,
                                    "last_write_time_utc":  "2026-09-05T21:10:24.2586097Z"
                                },
                                {
                                    "log_name":  "Microsoft-Windows-Kernel-PnP/Device Management",
                                    "found":  true,
                                    "is_enabled":  true,
                                    "log_mode":  "Circular",
                                    "record_count":  1788,
                                    "maximum_size_bytes":  5242880,
                                    "last_write_time_utc":  "2026-09-05T21:11:07.8350691Z"
                                },
                                {
                                    "log_name":  "Microsoft-Windows-UserPnp/DeviceInstall",
                                    "found":  true,
                                    "is_enabled":  true,
                                    "log_mode":  "Circular",
                                    "record_count":  839,
                                    "maximum_size_bytes":  1052672,
                                    "last_write_time_utc":  "2026-09-05T21:06:13.8924083Z"
                                }
                            ],
    "nipcibrd_events_last_24h":  [
                                     {
                                         "time_created_utc":  "2026-09-05T21:04:17.7773123Z",
                                         "provider":  "nipcibrd",
                                         "event_id":  8198,
                                         "record_id":  47379,
                                         "level":  "Warning",
                                         "message":  " Found an unknown bridge with advanced resource distribution enabled. (23,2,0) status = 0"
                                     },
                                     {
                                         "time_created_utc":  "2026-09-05T21:04:04.0722200Z",
                                         "provider":  "nipcibrd",
                                         "event_id":  8198,
                                         "record_id":  47377,
                                         "level":  "Warning",
                                         "message":  " Found an unknown bridge with advanced resource distribution enabled. (23,2,0) status = 0"
                                     },
                                     {
                                         "time_created_utc":  "2026-09-05T21:03:53.2253943Z",
                                         "provider":  "nipcibrd",
                                         "event_id":  8198,
                                         "record_id":  47367,
                                         "level":  "Warning",
                                         "message":  " Found an unknown bridge with advanced resource distribution enabled. (23,2,0) status = 0"
                                     },
                                     {
                                         "time_created_utc":  "2026-09-05T21:03:44.3912719Z",
                                         "provider":  "nipcibrd",
                                         "event_id":  8198,
                                         "record_id":  47354,
                                         "level":  "Warning",
                                         "message":  " Found an unknown bridge with advanced resource distribution enabled. (23,1,0) status = 0"
                                     },
                                     {
                                         "time_created_utc":  "2026-09-05T21:03:44.2520151Z",
                                         "provider":  "nipcibrd",
                                         "event_id":  8198,
                                         "record_id":  47353,
                                         "level":  "Warning",
                                         "message":  " Found an unknown bridge with advanced resource distribution enabled. (23,0,0) status = 0"
                                     },
                                     {
                                         "time_created_utc":  "2026-09-05T21:03:38.2236689Z",
                                         "provider":  "nipcibrd",
                                         "event_id":  4096,
                                         "record_id":  47314,
                                         "level":  "Information",
                                         "message":  " Successfully attached to bridge (17,01,00), status = 0"
                                     },
                                     {
                                         "time_created_utc":  "2026-09-05T21:03:38.2199134Z",
                                         "provider":  "nipcibrd",
                                         "event_id":  4096,
                                         "record_id":  47313,
                                         "level":  "Information",
                                         "message":  " Successfully attached to bridge (17,00,00), status = 0"
                                     },
                                     {
                                         "time_created_utc":  "2026-09-05T21:03:33.1759703Z",
                                         "provider":  "nipcibrd",
                                         "event_id":  8198,
                                         "record_id":  47262,
                                         "level":  "Warning",
                                         "message":  " Found an unknown bridge with advanced resource distribution enabled. (23,3,0) status = 0"
                                     },
                                     {
                                         "time_created_utc":  "2026-09-05T21:03:33.1759703Z",
                                         "provider":  "nipcibrd",
                                         "event_id":  8198,
                                         "record_id":  47261,
                                         "level":  "Warning",
                                         "message":  " Found an unknown bridge with advanced resource distribution enabled. (23,2,0) status = 0"
                                     },
                                     {
                                         "time_created_utc":  "2026-09-05T21:03:33.1759703Z",
                                         "provider":  "nipcibrd",
                                         "event_id":  8198,
                                         "record_id":  47260,
                                         "level":  "Warning",
                                         "message":  " Found an unknown bridge with advanced resource distribution enabled. (23,1,0) status = 0"
                                     },
                                     {
                                         "time_created_utc":  "2026-09-05T21:03:33.1759703Z",
                                         "provider":  "nipcibrd",
                                         "event_id":  8198,
                                         "record_id":  47259,
                                         "level":  "Warning",
                                         "message":  " Found an unknown bridge with advanced resource distribution enabled. (23,0,0) status = 0"
                                     },
                                     {
                                         "time_created_utc":  "2026-09-05T21:03:33.0085797Z",
                                         "provider":  "nipcibrd",
                                         "event_id":  8198,
                                         "record_id":  47258,
                                         "level":  "Warning",
                                         "message":  " Found an unknown bridge with advanced resource distribution enabled. (22,0,0) status = 0"
                                     },
                                     {
                                         "time_created_utc":  "2026-09-05T21:03:31.8571400Z",
                                         "provider":  "nipcibrd",
                                         "event_id":  4096,
                                         "record_id":  47257,
                                         "level":  "Information",
                                         "message":  " Successfully attached to bridge (0b,0d,00), status = 0"
                                     },
                                     {
                                         "time_created_utc":  "2026-09-05T21:03:31.8469959Z",
                                         "provider":  "nipcibrd",
                                         "event_id":  4096,
                                         "record_id":  47256,
                                         "level":  "Information",
                                         "message":  " Successfully attached to bridge (0b,0c,00), status = 0"
                                     },
                                     {
                                         "time_created_utc":  "2026-09-05T21:03:31.8350886Z",
                                         "provider":  "nipcibrd",
                                         "event_id":  4096,
                                         "record_id":  47255,
                                         "level":  "Information",
                                         "message":  " Successfully attached to bridge (0b,08,00), status = 0"
                                     },
                                     {
                                         "time_created_utc":  "2026-09-05T21:03:31.8232339Z",
                                         "provider":  "nipcibrd",
                                         "event_id":  4096,
                                         "record_id":  47254,
                                         "level":  "Information",
                                         "message":  " Successfully attached to bridge (0b,07,00), status = 0"
                                     },
                                     {
                                         "time_created_utc":  "2026-09-05T21:03:31.8111258Z",
                                         "provider":  "nipcibrd",
                                         "event_id":  4096,
                                         "record_id":  47253,
                                         "level":  "Information",
                                         "message":  " Successfully attached to bridge (0b,06,00), status = 0"
                                     },
                                     {
                                         "time_created_utc":  "2026-09-05T21:03:31.7992597Z",
                                         "provider":  "nipcibrd",
                                         "event_id":  4096,
                                         "record_id":  47252,
                                         "level":  "Information",
                                         "message":  " Successfully attached to bridge (0b,05,00), status = 0"
                                     },
                                     {
                                         "time_created_utc":  "2026-09-05T21:03:31.7873860Z",
                                         "provider":  "nipcibrd",
                                         "event_id":  4096,
                                         "record_id":  47251,
                                         "level":  "Information",
                                         "message":  " Successfully attached to bridge (0b,04,00), status = 0"
                                     },
                                     {
                                         "time_created_utc":  "2026-09-05T21:03:31.7755301Z",
                                         "provider":  "nipcibrd",
                                         "event_id":  4096,
                                         "record_id":  47250,
                                         "level":  "Information",
                                         "message":  " Successfully attached to bridge (0b,00,00), status = 0"
                                     },
                                     {
                                         "time_created_utc":  "2026-09-05T21:03:31.5243650Z",
                                         "provider":  "nipcibrd",
                                         "event_id":  4096,
                                         "record_id":  47249,
                                         "level":  "Information",
                                         "message":  " Successfully attached to bridge (0a,00,00), status = 0"
                                     },
                                     {
                                         "time_created_utc":  "2026-09-05T21:03:31.4096228Z",
                                         "provider":  "nipcibrd",
                                         "event_id":  4096,
                                         "record_id":  47248,
                                         "level":  "Information",
                                         "message":  " Successfully attached to bridge (17,03,00), status = 0"
                                     },
                                     {
                                         "time_created_utc":  "2026-09-05T21:03:31.4015670Z",
                                         "provider":  "nipcibrd",
                                         "event_id":  4096,
                                         "record_id":  47247,
                                         "level":  "Information",
                                         "message":  " Successfully attached to bridge (17,02,00), status = 0"
                                     },
                                     {
                                         "time_created_utc":  "2026-09-05T21:03:31.1590356Z",
                                         "provider":  "nipcibrd",
                                         "event_id":  8198,
                                         "record_id":  47246,
                                         "level":  "Warning",
                                         "message":  " Found an unknown bridge with advanced resource distribution enabled. (23,3,0) status = 0"
                                     },
                                     {
                                         "time_created_utc":  "2026-09-05T21:03:31.1590356Z",
                                         "provider":  "nipcibrd",
                                         "event_id":  8198,
                                         "record_id":  47245,
                                         "level":  "Warning",
                                         "message":  " Found an unknown bridge with advanced resource distribution enabled. (23,2,0) status = 0"
                                     },
                                     {
                                         "time_created_utc":  "2026-09-05T21:03:31.1590356Z",
                                         "provider":  "nipcibrd",
                                         "event_id":  8198,
                                         "record_id":  47244,
                                         "level":  "Warning",
                                         "message":  " Found an unknown bridge with advanced resource distribution enabled. (23,1,0) status = 0"
                                     },
                                     {
                                         "time_created_utc":  "2026-09-05T21:03:31.1590356Z",
                                         "provider":  "nipcibrd",
                                         "event_id":  8198,
                                         "record_id":  47243,
                                         "level":  "Warning",
                                         "message":  " Found an unknown bridge with advanced resource distribution enabled. (23,0,0) status = 0"
                                     },
                                     {
                                         "time_created_utc":  "2026-09-05T21:03:31.1174842Z",
                                         "provider":  "nipcibrd",
                                         "event_id":  4096,
                                         "record_id":  47242,
                                         "level":  "Information",
                                         "message":  " Successfully attached to bridge (04,0d,00), status = 0"
                                     },
                                     {
                                         "time_created_utc":  "2026-09-05T21:03:31.1097154Z",
                                         "provider":  "nipcibrd",
                                         "event_id":  4096,
                                         "record_id":  47241,
                                         "level":  "Information",
                                         "message":  " Successfully attached to bridge (04,0c,00), status = 0"
                                     },
                                     {
                                         "time_created_utc":  "2026-09-05T21:03:31.1036665Z",
                                         "provider":  "nipcibrd",
                                         "event_id":  4096,
                                         "record_id":  47240,
                                         "level":  "Information",
                                         "message":  " Successfully attached to bridge (04,08,00), status = 0"
                                     },
                                     {
                                         "time_created_utc":  "2026-09-05T21:03:31.0958952Z",
                                         "provider":  "nipcibrd",
                                         "event_id":  4096,
                                         "record_id":  47239,
                                         "level":  "Information",
                                         "message":  " Successfully attached to bridge (04,07,00), status = 0"
                                     },
                                     {
                                         "time_created_utc":  "2026-09-05T21:03:31.0878427Z",
                                         "provider":  "nipcibrd",
                                         "event_id":  4096,
                                         "record_id":  47238,
                                         "level":  "Information",
                                         "message":  " Successfully attached to bridge (04,06,00), status = 0"
                                     },
                                     {
                                         "time_created_utc":  "2026-09-05T21:03:31.0820756Z",
                                         "provider":  "nipcibrd",
                                         "event_id":  4096,
                                         "record_id":  47237,
                                         "level":  "Information",
                                         "message":  " Successfully attached to bridge (04,05,00), status = 0"
                                     },
                                     {
                                         "time_created_utc":  "2026-09-05T21:03:31.0740203Z",
                                         "provider":  "nipcibrd",
                                         "event_id":  4096,
                                         "record_id":  47236,
                                         "level":  "Information",
                                         "message":  " Successfully attached to bridge (04,04,00), status = 0"
                                     },
                                     {
                                         "time_created_utc":  "2026-09-05T21:03:31.0679781Z",
                                         "provider":  "nipcibrd",
                                         "event_id":  4096,
                                         "record_id":  47235,
                                         "level":  "Information",
                                         "message":  " Successfully attached to bridge (04,00,00), status = 0"
                                     },
                                     {
                                         "time_created_utc":  "2026-09-05T21:03:30.8530753Z",
                                         "provider":  "nipcibrd",
                                         "event_id":  4096,
                                         "record_id":  47234,
                                         "level":  "Information",
                                         "message":  " Successfully attached to bridge (16,00,00), status = 0"
                                     },
                                     {
                                         "time_created_utc":  "2026-09-05T21:03:30.6480128Z",
                                         "provider":  "nipcibrd",
                                         "event_id":  8198,
                                         "record_id":  47233,
                                         "level":  "Warning",
                                         "message":  " Found an unknown bridge with advanced resource distribution enabled. (22,0,0) status = 0"
                                     },
                                     {
                                         "time_created_utc":  "2026-09-05T21:03:30.6007187Z",
                                         "provider":  "nipcibrd",
                                         "event_id":  4096,
                                         "record_id":  47232,
                                         "level":  "Information",
                                         "message":  " Successfully attached to bridge (03,00,00), status = 0"
                                     },
                                     {
                                         "time_created_utc":  "2026-09-05T21:03:30.4410477Z",
                                         "provider":  "nipcibrd",
                                         "event_id":  4096,
                                         "record_id":  47231,
                                         "level":  "Information",
                                         "message":  " Successfully attached to bridge (00,08,03), status = 0"
                                     },
                                     {
                                         "time_created_utc":  "2026-09-05T21:03:30.4353021Z",
                                         "provider":  "nipcibrd",
                                         "event_id":  4096,
                                         "record_id":  47230,
                                         "level":  "Information",
                                         "message":  " Successfully attached to bridge (00,08,01), status = 0"
                                     },
                                     {
                                         "time_created_utc":  "2026-09-05T21:03:30.4272863Z",
                                         "provider":  "nipcibrd",
                                         "event_id":  4096,
                                         "record_id":  47229,
                                         "level":  "Information",
                                         "message":  " Successfully attached to bridge (00,02,02), status = 0"
                                     },
                                     {
                                         "time_created_utc":  "2026-09-05T21:03:30.4212484Z",
                                         "provider":  "nipcibrd",
                                         "event_id":  4096,
                                         "record_id":  47228,
                                         "level":  "Information",
                                         "message":  " Successfully attached to bridge (00,02,01), status = 0"
                                     },
                                     {
                                         "time_created_utc":  "2026-09-05T21:03:30.4134917Z",
                                         "provider":  "nipcibrd",
                                         "event_id":  4096,
                                         "record_id":  47227,
                                         "level":  "Information",
                                         "message":  " Successfully attached to bridge (00,01,02), status = 0"
                                     },
                                     {
                                         "time_created_utc":  "2026-09-05T21:03:30.4094822Z",
                                         "provider":  "nipcibrd",
                                         "event_id":  4096,
                                         "record_id":  47226,
                                         "level":  "Information",
                                         "message":  " Successfully attached to bridge (00,01,01), status = 0"
                                     }
                                 ]
}
