{
  "after_evidence": {
    "clock_correction_event": {
      "event_data": {
        "CmosTime": "2026-08-31T22:04:37.5000000Z",
        "NewTime": "2026-09-01T02:04:37.5000000Z",
        "OldTime": "2026-09-01T02:04:24.8474236Z",
        "ProcessID": "4",
        "ProcessName": "",
        "RealTimeIsUniversal": "false",
        "Reason": "2",
        "SystemInCmosMode": "false",
        "TimeDeltaInMs": "12652",
        "TimeZoneBias": "240"
      },
      "event_id": 1,
      "level": "Information",
      "log_name": "System",
      "message": "The system time has changed to ?2026?-?09?-?01T02:04:37.500000000Z from ?2026?-?09?-?01T02:04:24.847423600Z.\r\nTime Delta: 12652 ms\r\n\r\nChange Reason: System time synchronized with the hardware clock.\r\nProcess: '' (PID 4).\r\n\r\nRTC time: ?2026?-?08?-?31T22:04:37.500000000Z\r\nCurrent time zone bias: 240\r\nRTC time is in UTC: false\r\nSystem time was based on RTC time: false",
      "provider": "Microsoft-Windows-Kernel-General",
      "record_id": 46500,
      "time_created": "2026-08-31T22:04:37.5002241-04:00",
      "time_created_utc": "2026-09-01T02:04:37.5002241Z"
    },
    "collection_time": "2026-08-31T22:09:48.2148521-04:00",
    "collection_time_utc": "2026-09-01T02:09:48.2158564Z",
    "current_boot_time_utc": "2026-09-01T00:56:33.5000000Z",
    "device_errors": [],
    "effective_state": "5",
    "enter_event": {
      "event_data": {
        "EffectiveState": "5",
        "Flags": "0",
        "Reason": "4",
        "TargetState": "4",
        "TransitionsToOn": "8"
      },
      "event_id": 42,
      "level": "Information",
      "log_name": "System",
      "message": "The system is entering sleep.\r\n\r\nSleep Reason: Application API",
      "provider": "Microsoft-Windows-Kernel-Power",
      "record_id": 46496,
      "time_created": "2026-08-31T22:04:21.9588366-04:00",
      "time_created_utc": "2026-09-01T02:04:21.9588366Z"
    },
    "entered_s3": true,
    "fixed_adapter": {
      "driver_date": "2025-10-03",
      "driver_file_name": "rt640x64.sys",
      "driver_version": "10.79.50.1003",
      "expected_mac_match": true,
      "interface_description": "Realtek PCIe 5GbE Family Controller",
      "link_speed": "2.5 Gbps",
      "mac_address": "34-5A-60-D7-4C-2C",
      "name": "Ethernet 2",
      "pnp_device_id": "PCI\\VEN_10EC&DEV_8126&SUBSYS_7E701462&REV_01\\01000000684CE00000",
      "pnp_problem": 0,
      "pnp_status": "OK",
      "power_management": {
        "AllowComputerToTurnOffDevice": 2,
        "ArpOffload": 2,
        "D0PacketCoalescing": 0,
        "DeviceSleepOnDisconnect": 0,
        "InterfaceDescription": "Realtek PCIe 5GbE Family Controller",
        "NSOffload": 2,
        "Name": "Ethernet 2",
        "RsnRekeyOffload": 0,
        "SelectiveSuspend": 2,
        "WakeOnMagicPacket": 2,
        "WakeOnPattern": 1
      },
      "power_management_error": null,
      "status": "Up"
    },
    "hiber_pages_written": "461363",
    "hostname": "DESKTOP-G4CFVL1",
    "hybrid_sleep_observed": true,
    "last_wake": {
      "arguments": [
        "/lastwake"
      ],
      "exit_code": 0,
      "output": [
        "Wake History Count - 1",
        "Wake History [0]",
        "  Wake Source Count - 0"
      ]
    },
    "marker": {
      "boot_time_utc": "2026-09-01T00:56:33.5000000Z",
      "fixed_adapter": {
        "driver_date": "2025-10-03",
        "driver_file_name": "rt640x64.sys",
        "driver_version": "10.79.50.1003",
        "expected_mac_match": true,
        "interface_description": "Realtek PCIe 5GbE Family Controller",
        "link_speed": "2.5 Gbps",
        "mac_address": "34-5A-60-D7-4C-2C",
        "name": "Ethernet 2",
        "pnp_device_id": "PCI\\VEN_10EC&DEV_8126&SUBSYS_7E701462&REV_01\\01000000684CE00000",
        "pnp_problem": 0,
        "pnp_status": "OK",
        "power_management": {
          "AllowComputerToTurnOffDevice": 2,
          "ArpOffload": 2,
          "D0PacketCoalescing": 0,
          "DeviceSleepOnDisconnect": 0,
          "InterfaceDescription": "Realtek PCIe 5GbE Family Controller",
          "NSOffload": 2,
          "Name": "Ethernet 2",
          "RsnRekeyOffload": 0,
          "SelectiveSuspend": 2,
          "WakeOnMagicPacket": 2,
          "WakeOnPattern": 1
        },
        "power_management_error": null,
        "status": "Up"
      },
      "hostname": "DESKTOP-G4CFVL1",
      "marker_time": "2026-08-31T22:04:13.6755540-04:00",
      "marker_time_utc": "2026-09-01T02:04:13.6775606Z",
      "phase": "before",
      "power_requests": {
        "arguments": [
          "/requests"
        ],
        "exit_code": 0,
        "output": [
          "DISPLAY:",
          "None.",
          "",
          "SYSTEM:",
          "None.",
          "",
          "AWAYMODE:",
          "None.",
          "",
          "EXECUTION:",
          "None.",
          "",
          "PERFBOOST:",
          "None.",
          "",
          "ACTIVELOCKSCREEN:",
          "None.",
          ""
        ]
      },
      "schema_version": 1,
      "system_record_id": 46487,
      "task_scheduler_record_id": 0,
      "wake_armed": {
        "arguments": [
          "/devicequery",
          "wake_armed"
        ],
        "exit_code": 0,
        "output": [
          "HID Keyboard Device (005)",
          "HID Keyboard Device (016)",
          ""
        ]
      },
      "wake_timers": {
        "arguments": [
          "/waketimers"
        ],
        "exit_code": 0,
        "output": [
          "There are no active wake timers in the system."
        ]
      },
      "windows_update_record_id": 1363
    },
    "ndis_errors": [],
    "phase": "after",
    "power_requests": {
      "arguments": [
        "/requests"
      ],
      "exit_code": 0,
      "output": [
        "DISPLAY:",
        "None.",
        "",
        "SYSTEM:",
        "None.",
        "",
        "AWAYMODE:",
        "None.",
        "",
        "EXECUTION:",
        "None.",
        "",
        "PERFBOOST:",
        "None.",
        "",
        "ACTIVELOCKSCREEN:",
        "None.",
        ""
      ]
    },
    "power_troubleshooter_event": {
      "event_data": {
        "Attributes": "1979728129",
        "BiosInitDuration": "4211",
        "CheckpointDuration": "78",
        "DriverInitDuration": "4150",
        "EffectiveState": "5",
        "HiberPagesWritten": "461363",
        "HiberReadDuration": "0",
        "HiberWriteDuration": "1316",
        "NoMultiStageResumeReason": "0",
        "SleepDuration": "3511",
        "SleepTime": "2026-09-01T02:04:18.9013907Z",
        "TargetState": "4",
        "WakeDuration": "4163",
        "WakeSourceText": "",
        "WakeSourceTextLength": "0",
        "WakeSourceType": "0",
        "WakeTime": "2026-09-01T02:04:41.6639897Z",
        "WakeTimerContext": "",
        "WakeTimerContextLength": "0",
        "WakeTimerOwner": "",
        "WakeTimerOwnerLength": "0"
      },
      "event_id": 1,
      "level": "Information",
      "log_name": "System",
      "message": "The system has returned from a low power state.\r\n\r\nSleep Time: ?2026?-?09?-?01T02:04:18.901390700Z\r\nWake Time: ?2026?-?09?-?01T02:04:41.663989700Z\r\n\r\nWake Source: Unknown",
      "provider": "Microsoft-Windows-Power-Troubleshooter",
      "record_id": 46508,
      "time_created": "2026-08-31T22:04:42.6905565-04:00",
      "time_created_utc": "2026-09-01T02:04:42.6905565Z"
    },
    "realtek_errors": [],
    "rebooted_instead": false,
    "resume_event": {
      "event_data": {
        "EffectiveState": "5",
        "ProgrammedWakeTimeAc": "1601-01-01T00:00:00.0000000Z",
        "ProgrammedWakeTimeDc": "1601-01-01T00:00:00.0000000Z",
        "TargetState": "4",
        "WakeFromState": "4",
        "WakeRequesterTypeAc": "0",
        "WakeRequesterTypeDc": "0"
      },
      "event_id": 107,
      "level": "Information",
      "log_name": "System",
      "message": "The system has resumed from sleep.",
      "provider": "Microsoft-Windows-Kernel-Power",
      "record_id": 46499,
      "time_created": "2026-08-31T22:04:24.8476803-04:00",
      "time_created_utc": "2026-09-01T02:04:24.8476803Z"
    },
    "resume_initiation_time_utc": "2026-09-01T02:04:37.5000000Z",
    "schema_version": 1,
    "system_events": [
      {
        "event_data": {
          "Attributes": "1979728129",
          "BiosInitDuration": "4211",
          "CheckpointDuration": "78",
          "DriverInitDuration": "4150",
          "EffectiveState": "5",
          "HiberPagesWritten": "461363",
          "HiberReadDuration": "0",
          "HiberWriteDuration": "1316",
          "NoMultiStageResumeReason": "0",
          "SleepDuration": "3511",
          "SleepTime": "2026-09-01T02:04:18.9013907Z",
          "TargetState": "4",
          "WakeDuration": "4163",
          "WakeSourceText": "",
          "WakeSourceTextLength": "0",
          "WakeSourceType": "0",
          "WakeTime": "2026-09-01T02:04:41.6639897Z",
          "WakeTimerContext": "",
          "WakeTimerContextLength": "0",
          "WakeTimerOwner": "",
          "WakeTimerOwnerLength": "0"
        },
        "event_id": 1,
        "level": "Information",
        "log_name": "System",
        "message": "The system has returned from a low power state.\r\n\r\nSleep Time: ?2026?-?09?-?01T02:04:18.901390700Z\r\nWake Time: ?2026?-?09?-?01T02:04:41.663989700Z\r\n\r\nWake Source: Unknown",
        "provider": "Microsoft-Windows-Power-Troubleshooter",
        "record_id": 46508,
        "time_created": "2026-08-31T22:04:42.6905565-04:00",
        "time_created_utc": "2026-09-01T02:04:42.6905565Z"
      },
      {
        "event_data": {
          "BootId": "208",
          "MonitorReason": "1",
          "NextSessionId": "32",
          "NextSessionType": "0",
          "PowerStateAc": "true",
          "PreviousEnergyCapacityAtEnd": "0",
          "PreviousEnergyCapacityAtStart": "0",
          "PreviousFullEnergyCapacityAtEnd": "0",
          "PreviousFullEnergyCapacityAtStart": "0",
          "PreviousSessionDurationInUs": "36648",
          "PreviousSessionId": "30",
          "PreviousSessionType": "1",
          "Reason": "1"
        },
        "event_id": 566,
        "level": "Information",
        "log_name": "System",
        "message": "The system session has transitioned from 30 to 32.\r\n\r\nReason Unknown \r\n\r\nBootId: 208",
        "provider": "Microsoft-Windows-Kernel-Power",
        "record_id": 46507,
        "time_created": "2026-08-31T22:04:41.6890261-04:00",
        "time_created_utc": "2026-09-01T02:04:41.6890261Z"
      },
      {
        "event_data": {
          "BootId": "208",
          "MonitorReason": "20",
          "NextSessionId": "30",
          "NextSessionType": "1",
          "PowerStateAc": "true",
          "PreviousEnergyCapacityAtEnd": "0",
          "PreviousEnergyCapacityAtStart": "0",
          "PreviousFullEnergyCapacityAtEnd": "0",
          "PreviousFullEnergyCapacityAtStart": "0",
          "PreviousSessionDurationInUs": "22750355",
          "PreviousSessionId": "29",
          "PreviousSessionType": "3",
          "Reason": "20"
        },
        "event_id": 566,
        "level": "Information",
        "log_name": "System",
        "message": "The system session has transitioned from 29 to 30.\r\n\r\nReason SxTransition \r\n\r\nBootId: 208",
        "provider": "Microsoft-Windows-Kernel-Power",
        "record_id": 46506,
        "time_created": "2026-08-31T22:04:41.6522264-04:00",
        "time_created_utc": "2026-09-01T02:04:41.6522264Z"
      },
      {
        "event_data": {
          "index_0": ""
        },
        "event_id": 18,
        "level": "Information",
        "log_name": "System",
        "message": "Windows cannot store Bluetooth authentication codes (link keys) on the local adapter. Bluetooth keyboards might not work in the system BIOS during startup.",
        "provider": "BTHUSB",
        "record_id": 46505,
        "time_created": "2026-08-31T22:04:39.9942769-04:00",
        "time_created_utc": "2026-09-01T02:04:39.9942769Z"
      },
      {
        "event_data": {
          "SuspendEnd": "4065438",
          "SuspendStart": "4065408"
        },
        "event_id": 130,
        "level": "Information",
        "log_name": "System",
        "message": "Firmware S3 times. SuspendStart: 4065408, SuspendEnd: 4065438",
        "provider": "Microsoft-Windows-Kernel-Power",
        "record_id": 46502,
        "time_created": "2026-08-31T22:04:37.5002363-04:00",
        "time_created_utc": "2026-09-01T02:04:37.5002363Z"
      },
      {
        "event_data": {
          "AverageResume": "3975",
          "FullResume": "3988",
          "ResumeCount": "8"
        },
        "event_id": 131,
        "level": "Information",
        "log_name": "System",
        "message": "Firmware S3 times. ResumeCount: 8, FullResume: 3988, AverageResume: 3975",
        "provider": "Microsoft-Windows-Kernel-Power",
        "record_id": 46501,
        "time_created": "2026-08-31T22:04:37.5002359-04:00",
        "time_created_utc": "2026-09-01T02:04:37.5002359Z"
      },
      {
        "event_data": {
          "CmosTime": "2026-08-31T22:04:37.5000000Z",
          "NewTime": "2026-09-01T02:04:37.5000000Z",
          "OldTime": "2026-09-01T02:04:24.8474236Z",
          "ProcessID": "4",
          "ProcessName": "",
          "RealTimeIsUniversal": "false",
          "Reason": "2",
          "SystemInCmosMode": "false",
          "TimeDeltaInMs": "12652",
          "TimeZoneBias": "240"
        },
        "event_id": 1,
        "level": "Information",
        "log_name": "System",
        "message": "The system time has changed to ?2026?-?09?-?01T02:04:37.500000000Z from ?2026?-?09?-?01T02:04:24.847423600Z.\r\nTime Delta: 12652 ms\r\n\r\nChange Reason: System time synchronized with the hardware clock.\r\nProcess: '' (PID 4).\r\n\r\nRTC time: ?2026?-?08?-?31T22:04:37.500000000Z\r\nCurrent time zone bias: 240\r\nRTC time is in UTC: false\r\nSystem time was based on RTC time: false",
        "provider": "Microsoft-Windows-Kernel-General",
        "record_id": 46500,
        "time_created": "2026-08-31T22:04:37.5002241-04:00",
        "time_created_utc": "2026-09-01T02:04:37.5002241Z"
      },
      {
        "event_data": {
          "EffectiveState": "5",
          "ProgrammedWakeTimeAc": "1601-01-01T00:00:00.0000000Z",
          "ProgrammedWakeTimeDc": "1601-01-01T00:00:00.0000000Z",
          "TargetState": "4",
          "WakeFromState": "4",
          "WakeRequesterTypeAc": "0",
          "WakeRequesterTypeDc": "0"
        },
        "event_id": 107,
        "level": "Information",
        "log_name": "System",
        "message": "The system has resumed from sleep.",
        "provider": "Microsoft-Windows-Kernel-Power",
        "record_id": 46499,
        "time_created": "2026-08-31T22:04:24.8476803-04:00",
        "time_created_utc": "2026-09-01T02:04:24.8476803Z"
      },
      {
        "event_data": {
          "EffectiveState": "5",
          "Flags": "0",
          "Reason": "4",
          "TargetState": "4",
          "TransitionsToOn": "8"
        },
        "event_id": 42,
        "level": "Information",
        "log_name": "System",
        "message": "The system is entering sleep.\r\n\r\nSleep Reason: Application API",
        "provider": "Microsoft-Windows-Kernel-Power",
        "record_id": 46496,
        "time_created": "2026-08-31T22:04:21.9588366-04:00",
        "time_created_utc": "2026-09-01T02:04:21.9588366Z"
      },
      {
        "event_data": {
          "BootId": "208",
          "MonitorReason": "1",
          "NextSessionId": "29",
          "NextSessionType": "3",
          "PowerStateAc": "true",
          "PreviousEnergyCapacityAtEnd": "0",
          "PreviousEnergyCapacityAtStart": "0",
          "PreviousFullEnergyCapacityAtEnd": "0",
          "PreviousFullEnergyCapacityAtStart": "0",
          "PreviousSessionDurationInUs": "299087789",
          "PreviousSessionId": "28",
          "PreviousSessionType": "0",
          "Reason": "1"
        },
        "event_id": 566,
        "level": "Information",
        "log_name": "System",
        "message": "The system session has transitioned from 28 to 29.\r\n\r\nReason Unknown \r\n\r\nBootId: 208",
        "provider": "Microsoft-Windows-Kernel-Power",
        "record_id": 46489,
        "time_created": "2026-08-31T22:04:18.9018830-04:00",
        "time_created_utc": "2026-09-01T02:04:18.9018830Z"
      },
      {
        "event_data": {
          "ApiCallerName": "\\Device\\HarddiskVolume5\\Windows\\System32\\WindowsPowerShell\\v1.0\\powershell.exe",
          "ApiCallerNameLength": "78",
          "LightestSystemState": "2",
          "SystemAction": "2"
        },
        "event_id": 187,
        "level": "Information",
        "log_name": "System",
        "message": "User-mode process attempted to change the system state by calling SetSuspendState or SetSystemPowerState APIs.",
        "provider": "Microsoft-Windows-Kernel-Power",
        "record_id": 46488,
        "time_created": "2026-08-31T22:04:18.9015521-04:00",
        "time_created_utc": "2026-09-01T02:04:18.9015521Z"
      }
    ],
    "target_state": "4",
    "task_scheduler_events": [],
    "task_scheduler_log_state": "disabled",
    "usb_errors": [],
    "wake_armed": {
      "arguments": [
        "/devicequery",
        "wake_armed"
      ],
      "exit_code": 0,
      "output": [
        "HID Keyboard Device (005)",
        "HID Keyboard Device (016)",
        ""
      ]
    },
    "wake_from_state": "4",
    "wake_source": "Unknown",
    "wake_timers": {
      "arguments": [
        "/waketimers"
      ],
      "exit_code": 0,
      "output": [
        "There are no active wake timers in the system."
      ]
    },
    "windows_resume_time_utc": "2026-09-01T02:04:41.6639897Z",
    "windows_sleep_time_utc": "2026-09-01T02:04:18.9013907Z",
    "windows_update_events": [],
    "windows_update_log_state": "enabled"
  },
  "before_evidence": {
    "boot_time_utc": "2026-09-01T00:56:33.5000000Z",
    "fixed_adapter": {
      "driver_date": "2025-10-03",
      "driver_file_name": "rt640x64.sys",
      "driver_version": "10.79.50.1003",
      "expected_mac_match": true,
      "interface_description": "Realtek PCIe 5GbE Family Controller",
      "link_speed": "2.5 Gbps",
      "mac_address": "34-5A-60-D7-4C-2C",
      "name": "Ethernet 2",
      "pnp_device_id": "PCI\\VEN_10EC&DEV_8126&SUBSYS_7E701462&REV_01\\01000000684CE00000",
      "pnp_problem": 0,
      "pnp_status": "OK",
      "power_management": {
        "AllowComputerToTurnOffDevice": 2,
        "ArpOffload": 2,
        "D0PacketCoalescing": 0,
        "DeviceSleepOnDisconnect": 0,
        "InterfaceDescription": "Realtek PCIe 5GbE Family Controller",
        "NSOffload": 2,
        "Name": "Ethernet 2",
        "RsnRekeyOffload": 0,
        "SelectiveSuspend": 2,
        "WakeOnMagicPacket": 2,
        "WakeOnPattern": 1
      },
      "power_management_error": null,
      "status": "Up"
    },
    "hostname": "DESKTOP-G4CFVL1",
    "marker_time": "2026-08-31T22:04:13.6755540-04:00",
    "marker_time_utc": "2026-09-01T02:04:13.6775606Z",
    "phase": "before",
    "power_requests": {
      "arguments": [
        "/requests"
      ],
      "exit_code": 0,
      "output": [
        "DISPLAY:",
        "None.",
        "",
        "SYSTEM:",
        "None.",
        "",
        "AWAYMODE:",
        "None.",
        "",
        "EXECUTION:",
        "None.",
        "",
        "PERFBOOST:",
        "None.",
        "",
        "ACTIVELOCKSCREEN:",
        "None.",
        ""
      ]
    },
    "schema_version": 1,
    "system_record_id": 46487,
    "task_scheduler_record_id": 0,
    "wake_armed": {
      "arguments": [
        "/devicequery",
        "wake_armed"
      ],
      "exit_code": 0,
      "output": [
        "HID Keyboard Device (005)",
        "HID Keyboard Device (016)",
        ""
      ]
    },
    "wake_timers": {
      "arguments": [
        "/waketimers"
      ],
      "exit_code": 0,
      "output": [
        "There are no active wake timers in the system."
      ]
    },
    "windows_update_record_id": 1363
  },
  "clean_cycle": false,
  "configuration_change": "nic_unarmed_no_pi_traffic",
  "confirmed_offline_time": "2026-09-01T02:04:18.9013907Z",
  "cycle_id": "silent_network_isolation-20260901T020416Z-01",
  "cycle_index": 1,
  "cycle_started_time": "2026-09-01T02:04:16.191Z",
  "device_error": false,
  "entered_s3": true,
  "experiment_stage": "silent_network_isolation",
  "hybrid_sleep_observed": true,
  "last_observed_online_time": "2026-09-01T02:04:18.717Z",
  "ndis_error": false,
  "network_healthy": true,
  "network_latency": null,
  "network_return_time": "2026-09-01T02:09:49.447Z",
  "nic_wake_armed": false,
  "notes": "genuine S3 confirmed retrospectively; resume preceded the first post-sleep network probe",
  "physical_wake_request_time": null,
  "post_sleep_network_silence_seconds": 330.001,
  "pure_s3": false,
  "quiet_window_observed_seconds": 18.599,
  "quiet_window_seconds": 300,
  "rebooted_instead": false,
  "resume_initiation_time": "2026-09-01T02:04:37.5000000Z",
  "rt640x64_error": false,
  "scheduled_task_correlation": "unavailable_log_disabled",
  "schema_version": 1,
  "sleep_request_ack_time": "2026-09-01T02:04:19.438Z",
  "sleep_request_time": "2026-09-01T02:04:18.717Z",
  "spontaneous_resume": true,
  "spontaneous_resume_time": "2026-09-01T02:09:49.447Z",
  "ssh_healthy": true,
  "ssh_latency": null,
  "ssh_return_time": "2026-09-01T02:09:50.048Z",
  "stop_reason": "spontaneous_non_wol_resume",
  "usb_error": false,
  "wake_source": "Unknown",
  "windows_resume_time": "2026-09-01T02:04:41.6639897Z",
  "wol_causal_evidence": "no_wol_sent",
  "wol_count": 0,
  "wol_sent": false,
  "wol_time": null
}
