{
  "after_evidence": {
    "clock_correction_event": {
      "event_data": {
        "CmosTime": "2026-08-31T21:48:30.5000000Z",
        "NewTime": "2026-09-01T01:48:30.5000000Z",
        "OldTime": "2026-09-01T01:48:21.7199075Z",
        "ProcessID": "4",
        "ProcessName": "",
        "RealTimeIsUniversal": "false",
        "Reason": "2",
        "SystemInCmosMode": "false",
        "TimeDeltaInMs": "8780",
        "TimeZoneBias": "240"
      },
      "event_id": 1,
      "level": "Information",
      "log_name": "System",
      "message": "The system time has changed to ?2026?-?09?-?01T01:48:30.500000000Z from ?2026?-?09?-?01T01:48:21.719907500Z.\r\nTime Delta: 8780 ms\r\n\r\nChange Reason: System time synchronized with the hardware clock.\r\nProcess: '' (PID 4).\r\n\r\nRTC time: ?2026?-?08?-?31T21:48:30.500000000Z\r\nCurrent time zone bias: 240\r\nRTC time is in UTC: false\r\nSystem time was based on RTC time: false",
      "provider": "Microsoft-Windows-Kernel-General",
      "record_id": 46419,
      "time_created": "2026-08-31T21:48:30.5002692-04:00",
      "time_created_utc": "2026-09-01T01:48:30.5002692Z"
    },
    "collection_time": "2026-08-31T21:48:39.0342360-04:00",
    "collection_time_utc": "2026-09-01T01:48:39.0353056Z",
    "current_boot_time_utc": "2026-09-01T00:56:33.5000000Z",
    "device_errors": [],
    "effective_state": "4",
    "enter_event": {
      "event_data": {
        "EffectiveState": "4",
        "Flags": "0",
        "Reason": "4",
        "TargetState": "4",
        "TransitionsToOn": "5"
      },
      "event_id": 42,
      "level": "Information",
      "log_name": "System",
      "message": "The system is entering sleep.\r\n\r\nSleep Reason: Application API",
      "provider": "Microsoft-Windows-Kernel-Power",
      "record_id": 46415,
      "time_created": "2026-08-31T21:48:18.7640235-04:00",
      "time_created_utc": "2026-09-01T01:48:18.7640235Z"
    },
    "entered_s3": true,
    "fixed_adapter": {
      "driver_date": "2025-10-03",
      "driver_file_name": "rt640x64.sys",
      "driver_version": "10.79.50.1003",
      "expected_mac_match": true,
      "interface_description": "Realtek PCIe 5GbE Family Controller",
      "link_speed": "2.5 Gbps",
      "mac_address": "34-5A-60-D7-4C-2C",
      "name": "Ethernet 2",
      "pnp_device_id": "PCI\\VEN_10EC&DEV_8126&SUBSYS_7E701462&REV_01\\01000000684CE00000",
      "pnp_problem": 0,
      "pnp_status": "OK",
      "power_management": {
        "AllowComputerToTurnOffDevice": 2,
        "ArpOffload": 2,
        "D0PacketCoalescing": 0,
        "DeviceSleepOnDisconnect": 0,
        "InterfaceDescription": "Realtek PCIe 5GbE Family Controller",
        "NSOffload": 2,
        "Name": "Ethernet 2",
        "RsnRekeyOffload": 0,
        "SelectiveSuspend": 2,
        "WakeOnMagicPacket": 2,
        "WakeOnPattern": 1
      },
      "power_management_error": null,
      "status": "Up"
    },
    "hiber_pages_written": "0",
    "hostname": "DESKTOP-G4CFVL1",
    "hybrid_sleep_observed": false,
    "last_wake": {
      "arguments": [
        "/lastwake"
      ],
      "exit_code": 0,
      "output": [
        "Wake History Count - 1",
        "Wake History [0]",
        "  Wake Source Count - 0"
      ]
    },
    "marker": {
      "boot_time_utc": "2026-09-01T00:56:33.5000000Z",
      "fixed_adapter": {
        "driver_date": "2025-10-03",
        "driver_file_name": "rt640x64.sys",
        "driver_version": "10.79.50.1003",
        "expected_mac_match": true,
        "interface_description": "Realtek PCIe 5GbE Family Controller",
        "link_speed": "2.5 Gbps",
        "mac_address": "34-5A-60-D7-4C-2C",
        "name": "Ethernet 2",
        "pnp_device_id": "PCI\\VEN_10EC&DEV_8126&SUBSYS_7E701462&REV_01\\01000000684CE00000",
        "pnp_problem": 0,
        "pnp_status": "OK",
        "power_management": {
          "AllowComputerToTurnOffDevice": 2,
          "ArpOffload": 2,
          "D0PacketCoalescing": 0,
          "DeviceSleepOnDisconnect": 0,
          "InterfaceDescription": "Realtek PCIe 5GbE Family Controller",
          "NSOffload": 2,
          "Name": "Ethernet 2",
          "RsnRekeyOffload": 0,
          "SelectiveSuspend": 2,
          "WakeOnMagicPacket": 2,
          "WakeOnPattern": 1
        },
        "power_management_error": null,
        "status": "Up"
      },
      "hostname": "DESKTOP-G4CFVL1",
      "marker_time": "2026-08-31T21:48:10.9257788-04:00",
      "marker_time_utc": "2026-09-01T01:48:10.9267824Z",
      "phase": "before",
      "power_requests": {
        "arguments": [
          "/requests"
        ],
        "exit_code": 0,
        "output": [
          "DISPLAY:",
          "None.",
          "",
          "SYSTEM:",
          "None.",
          "",
          "AWAYMODE:",
          "None.",
          "",
          "EXECUTION:",
          "None.",
          "",
          "PERFBOOST:",
          "None.",
          "",
          "ACTIVELOCKSCREEN:",
          "None.",
          ""
        ]
      },
      "schema_version": 1,
      "system_record_id": 46406,
      "task_scheduler_record_id": 0,
      "wake_armed": {
        "arguments": [
          "/devicequery",
          "wake_armed"
        ],
        "exit_code": 0,
        "output": [
          "Realtek PCIe 5GbE Family Controller",
          "HID Keyboard Device (005)",
          "HID Keyboard Device (016)",
          ""
        ]
      },
      "wake_timers": {
        "arguments": [
          "/waketimers"
        ],
        "exit_code": 0,
        "output": [
          "There are no active wake timers in the system."
        ]
      },
      "windows_update_record_id": 1363
    },
    "ndis_errors": [],
    "phase": "after",
    "power_requests": {
      "arguments": [
        "/requests"
      ],
      "exit_code": 0,
      "output": [
        "DISPLAY:",
        "None.",
        "",
        "SYSTEM:",
        "None.",
        "",
        "AWAYMODE:",
        "None.",
        "",
        "EXECUTION:",
        "None.",
        "",
        "PERFBOOST:",
        "[DRIVER] Legacy Kernel Caller",
        "Power Manager",
        "",
        "ACTIVELOCKSCREEN:",
        "None.",
        ""
      ]
    },
    "power_troubleshooter_event": {
      "event_data": {
        "Attributes": "1979728128",
        "BiosInitDuration": "4214",
        "CheckpointDuration": "96",
        "DriverInitDuration": "4151",
        "EffectiveState": "4",
        "HiberPagesWritten": "0",
        "HiberReadDuration": "0",
        "HiberWriteDuration": "0",
        "NoMultiStageResumeReason": "0",
        "SleepDuration": "2897",
        "SleepTime": "2026-09-01T01:48:15.8749585Z",
        "TargetState": "4",
        "WakeDuration": "4168",
        "WakeSourceText": "",
        "WakeSourceTextLength": "0",
        "WakeSourceType": "0",
        "WakeTime": "2026-09-01T01:48:34.6681543Z",
        "WakeTimerContext": "",
        "WakeTimerContextLength": "0",
        "WakeTimerOwner": "",
        "WakeTimerOwnerLength": "0"
      },
      "event_id": 1,
      "level": "Information",
      "log_name": "System",
      "message": "The system has returned from a low power state.\r\n\r\nSleep Time: ?2026?-?09?-?01T01:48:15.874958500Z\r\nWake Time: ?2026?-?09?-?01T01:48:34.668154300Z\r\n\r\nWake Source: Unknown",
      "provider": "Microsoft-Windows-Power-Troubleshooter",
      "record_id": 46432,
      "time_created": "2026-08-31T21:48:35.6878377-04:00",
      "time_created_utc": "2026-09-01T01:48:35.6878377Z"
    },
    "realtek_errors": [],
    "rebooted_instead": false,
    "resume_event": {
      "event_data": {
        "EffectiveState": "4",
        "ProgrammedWakeTimeAc": "1601-01-01T00:00:00.0000000Z",
        "ProgrammedWakeTimeDc": "1601-01-01T00:00:00.0000000Z",
        "TargetState": "4",
        "WakeFromState": "4",
        "WakeRequesterTypeAc": "0",
        "WakeRequesterTypeDc": "0"
      },
      "event_id": 107,
      "level": "Information",
      "log_name": "System",
      "message": "The system has resumed from sleep.",
      "provider": "Microsoft-Windows-Kernel-Power",
      "record_id": 46418,
      "time_created": "2026-08-31T21:48:21.7201380-04:00",
      "time_created_utc": "2026-09-01T01:48:21.7201380Z"
    },
    "resume_initiation_time_utc": "2026-09-01T01:48:30.5000000Z",
    "schema_version": 1,
    "system_events": [
      {
        "event_data": {
          "Attributes": "1979728128",
          "BiosInitDuration": "4214",
          "CheckpointDuration": "96",
          "DriverInitDuration": "4151",
          "EffectiveState": "4",
          "HiberPagesWritten": "0",
          "HiberReadDuration": "0",
          "HiberWriteDuration": "0",
          "NoMultiStageResumeReason": "0",
          "SleepDuration": "2897",
          "SleepTime": "2026-09-01T01:48:15.8749585Z",
          "TargetState": "4",
          "WakeDuration": "4168",
          "WakeSourceText": "",
          "WakeSourceTextLength": "0",
          "WakeSourceType": "0",
          "WakeTime": "2026-09-01T01:48:34.6681543Z",
          "WakeTimerContext": "",
          "WakeTimerContextLength": "0",
          "WakeTimerOwner": "",
          "WakeTimerOwnerLength": "0"
        },
        "event_id": 1,
        "level": "Information",
        "log_name": "System",
        "message": "The system has returned from a low power state.\r\n\r\nSleep Time: ?2026?-?09?-?01T01:48:15.874958500Z\r\nWake Time: ?2026?-?09?-?01T01:48:34.668154300Z\r\n\r\nWake Source: Unknown",
        "provider": "Microsoft-Windows-Power-Troubleshooter",
        "record_id": 46432,
        "time_created": "2026-08-31T21:48:35.6878377-04:00",
        "time_created_utc": "2026-09-01T01:48:35.6878377Z"
      },
      {
        "event_data": {
          "BootId": "208",
          "MonitorReason": "1",
          "NextSessionId": "20",
          "NextSessionType": "0",
          "PowerStateAc": "true",
          "PreviousEnergyCapacityAtEnd": "0",
          "PreviousEnergyCapacityAtStart": "0",
          "PreviousFullEnergyCapacityAtEnd": "0",
          "PreviousFullEnergyCapacityAtStart": "0",
          "PreviousSessionDurationInUs": "38903",
          "PreviousSessionId": "18",
          "PreviousSessionType": "1",
          "Reason": "1"
        },
        "event_id": 566,
        "level": "Information",
        "log_name": "System",
        "message": "The system session has transitioned from 18 to 20.\r\n\r\nReason Unknown \r\n\r\nBootId: 208",
        "provider": "Microsoft-Windows-Kernel-Power",
        "record_id": 46431,
        "time_created": "2026-08-31T21:48:34.6920033-04:00",
        "time_created_utc": "2026-09-01T01:48:34.6920033Z"
      },
      {
        "event_data": {
          "BootId": "208",
          "MonitorReason": "20",
          "NextSessionId": "18",
          "NextSessionType": "1",
          "PowerStateAc": "true",
          "PreviousEnergyCapacityAtEnd": "0",
          "PreviousEnergyCapacityAtStart": "0",
          "PreviousFullEnergyCapacityAtEnd": "0",
          "PreviousFullEnergyCapacityAtStart": "0",
          "PreviousSessionDurationInUs": "18777572",
          "PreviousSessionId": "17",
          "PreviousSessionType": "3",
          "Reason": "20"
        },
        "event_id": 566,
        "level": "Information",
        "log_name": "System",
        "message": "The system session has transitioned from 17 to 18.\r\n\r\nReason SxTransition \r\n\r\nBootId: 208",
        "provider": "Microsoft-Windows-Kernel-Power",
        "record_id": 46425,
        "time_created": "2026-08-31T21:48:34.6529498-04:00",
        "time_created_utc": "2026-09-01T01:48:34.6529498Z"
      },
      {
        "event_data": {
          "index_0": ""
        },
        "event_id": 18,
        "level": "Information",
        "log_name": "System",
        "message": "Windows cannot store Bluetooth authentication codes (link keys) on the local adapter. Bluetooth keyboards might not work in the system BIOS during startup.",
        "provider": "BTHUSB",
        "record_id": 46424,
        "time_created": "2026-08-31T21:48:33.0000038-04:00",
        "time_created_utc": "2026-09-01T01:48:33.0000038Z"
      },
      {
        "event_data": {
          "SuspendEnd": "3130920",
          "SuspendStart": "3130890"
        },
        "event_id": 130,
        "level": "Information",
        "log_name": "System",
        "message": "Firmware S3 times. SuspendStart: 3130890, SuspendEnd: 3130920",
        "provider": "Microsoft-Windows-Kernel-Power",
        "record_id": 46421,
        "time_created": "2026-08-31T21:48:30.5002795-04:00",
        "time_created_utc": "2026-09-01T01:48:30.5002795Z"
      },
      {
        "event_data": {
          "AverageResume": "3963",
          "FullResume": "3992",
          "ResumeCount": "5"
        },
        "event_id": 131,
        "level": "Information",
        "log_name": "System",
        "message": "Firmware S3 times. ResumeCount: 5, FullResume: 3992, AverageResume: 3963",
        "provider": "Microsoft-Windows-Kernel-Power",
        "record_id": 46420,
        "time_created": "2026-08-31T21:48:30.5002792-04:00",
        "time_created_utc": "2026-09-01T01:48:30.5002792Z"
      },
      {
        "event_data": {
          "CmosTime": "2026-08-31T21:48:30.5000000Z",
          "NewTime": "2026-09-01T01:48:30.5000000Z",
          "OldTime": "2026-09-01T01:48:21.7199075Z",
          "ProcessID": "4",
          "ProcessName": "",
          "RealTimeIsUniversal": "false",
          "Reason": "2",
          "SystemInCmosMode": "false",
          "TimeDeltaInMs": "8780",
          "TimeZoneBias": "240"
        },
        "event_id": 1,
        "level": "Information",
        "log_name": "System",
        "message": "The system time has changed to ?2026?-?09?-?01T01:48:30.500000000Z from ?2026?-?09?-?01T01:48:21.719907500Z.\r\nTime Delta: 8780 ms\r\n\r\nChange Reason: System time synchronized with the hardware clock.\r\nProcess: '' (PID 4).\r\n\r\nRTC time: ?2026?-?08?-?31T21:48:30.500000000Z\r\nCurrent time zone bias: 240\r\nRTC time is in UTC: false\r\nSystem time was based on RTC time: false",
        "provider": "Microsoft-Windows-Kernel-General",
        "record_id": 46419,
        "time_created": "2026-08-31T21:48:30.5002692-04:00",
        "time_created_utc": "2026-09-01T01:48:30.5002692Z"
      },
      {
        "event_data": {
          "EffectiveState": "4",
          "ProgrammedWakeTimeAc": "1601-01-01T00:00:00.0000000Z",
          "ProgrammedWakeTimeDc": "1601-01-01T00:00:00.0000000Z",
          "TargetState": "4",
          "WakeFromState": "4",
          "WakeRequesterTypeAc": "0",
          "WakeRequesterTypeDc": "0"
        },
        "event_id": 107,
        "level": "Information",
        "log_name": "System",
        "message": "The system has resumed from sleep.",
        "provider": "Microsoft-Windows-Kernel-Power",
        "record_id": 46418,
        "time_created": "2026-08-31T21:48:21.7201380-04:00",
        "time_created_utc": "2026-09-01T01:48:21.7201380Z"
      },
      {
        "event_data": {
          "EffectiveState": "4",
          "Flags": "0",
          "Reason": "4",
          "TargetState": "4",
          "TransitionsToOn": "5"
        },
        "event_id": 42,
        "level": "Information",
        "log_name": "System",
        "message": "The system is entering sleep.\r\n\r\nSleep Reason: Application API",
        "provider": "Microsoft-Windows-Kernel-Power",
        "record_id": 46415,
        "time_created": "2026-08-31T21:48:18.7640235-04:00",
        "time_created_utc": "2026-09-01T01:48:18.7640235Z"
      },
      {
        "event_data": {
          "BootId": "208",
          "MonitorReason": "1",
          "NextSessionId": "17",
          "NextSessionType": "3",
          "PowerStateAc": "true",
          "PreviousEnergyCapacityAtEnd": "0",
          "PreviousEnergyCapacityAtStart": "0",
          "PreviousFullEnergyCapacityAtEnd": "0",
          "PreviousFullEnergyCapacityAtStart": "0",
          "PreviousSessionDurationInUs": "203118931",
          "PreviousSessionId": "16",
          "PreviousSessionType": "0",
          "Reason": "1"
        },
        "event_id": 566,
        "level": "Information",
        "log_name": "System",
        "message": "The system session has transitioned from 16 to 17.\r\n\r\nReason Unknown \r\n\r\nBootId: 208",
        "provider": "Microsoft-Windows-Kernel-Power",
        "record_id": 46408,
        "time_created": "2026-08-31T21:48:15.8753983-04:00",
        "time_created_utc": "2026-09-01T01:48:15.8753983Z"
      },
      {
        "event_data": {
          "ApiCallerName": "\\Device\\HarddiskVolume5\\Windows\\System32\\WindowsPowerShell\\v1.0\\powershell.exe",
          "ApiCallerNameLength": "78",
          "LightestSystemState": "2",
          "SystemAction": "2"
        },
        "event_id": 187,
        "level": "Information",
        "log_name": "System",
        "message": "User-mode process attempted to change the system state by calling SetSuspendState or SetSystemPowerState APIs.",
        "provider": "Microsoft-Windows-Kernel-Power",
        "record_id": 46407,
        "time_created": "2026-08-31T21:48:15.8749036-04:00",
        "time_created_utc": "2026-09-01T01:48:15.8749036Z"
      }
    ],
    "target_state": "4",
    "task_scheduler_events": [],
    "task_scheduler_log_state": "disabled",
    "usb_errors": [],
    "wake_armed": {
      "arguments": [
        "/devicequery",
        "wake_armed"
      ],
      "exit_code": 0,
      "output": [
        "Realtek PCIe 5GbE Family Controller",
        "HID Keyboard Device (005)",
        "HID Keyboard Device (016)",
        ""
      ]
    },
    "wake_from_state": "4",
    "wake_source": "Unknown",
    "wake_timers": {
      "arguments": [
        "/waketimers"
      ],
      "exit_code": 0,
      "output": [
        "There are no active wake timers in the system."
      ]
    },
    "windows_resume_time_utc": "2026-09-01T01:48:34.6681543Z",
    "windows_sleep_time_utc": "2026-09-01T01:48:15.8749585Z",
    "windows_update_events": [],
    "windows_update_log_state": "enabled"
  },
  "before_evidence": {
    "boot_time_utc": "2026-09-01T00:56:33.5000000Z",
    "fixed_adapter": {
      "driver_date": "2025-10-03",
      "driver_file_name": "rt640x64.sys",
      "driver_version": "10.79.50.1003",
      "expected_mac_match": true,
      "interface_description": "Realtek PCIe 5GbE Family Controller",
      "link_speed": "2.5 Gbps",
      "mac_address": "34-5A-60-D7-4C-2C",
      "name": "Ethernet 2",
      "pnp_device_id": "PCI\\VEN_10EC&DEV_8126&SUBSYS_7E701462&REV_01\\01000000684CE00000",
      "pnp_problem": 0,
      "pnp_status": "OK",
      "power_management": {
        "AllowComputerToTurnOffDevice": 2,
        "ArpOffload": 2,
        "D0PacketCoalescing": 0,
        "DeviceSleepOnDisconnect": 0,
        "InterfaceDescription": "Realtek PCIe 5GbE Family Controller",
        "NSOffload": 2,
        "Name": "Ethernet 2",
        "RsnRekeyOffload": 0,
        "SelectiveSuspend": 2,
        "WakeOnMagicPacket": 2,
        "WakeOnPattern": 1
      },
      "power_management_error": null,
      "status": "Up"
    },
    "hostname": "DESKTOP-G4CFVL1",
    "marker_time": "2026-08-31T21:48:10.9257788-04:00",
    "marker_time_utc": "2026-09-01T01:48:10.9267824Z",
    "phase": "before",
    "power_requests": {
      "arguments": [
        "/requests"
      ],
      "exit_code": 0,
      "output": [
        "DISPLAY:",
        "None.",
        "",
        "SYSTEM:",
        "None.",
        "",
        "AWAYMODE:",
        "None.",
        "",
        "EXECUTION:",
        "None.",
        "",
        "PERFBOOST:",
        "None.",
        "",
        "ACTIVELOCKSCREEN:",
        "None.",
        ""
      ]
    },
    "schema_version": 1,
    "system_record_id": 46406,
    "task_scheduler_record_id": 0,
    "wake_armed": {
      "arguments": [
        "/devicequery",
        "wake_armed"
      ],
      "exit_code": 0,
      "output": [
        "Realtek PCIe 5GbE Family Controller",
        "HID Keyboard Device (005)",
        "HID Keyboard Device (016)",
        ""
      ]
    },
    "wake_timers": {
      "arguments": [
        "/waketimers"
      ],
      "exit_code": 0,
      "output": [
        "There are no active wake timers in the system."
      ]
    },
    "windows_update_record_id": 1363
  },
  "clean_cycle": false,
  "configuration_change": "disable_hybrid_sleep_ac",
  "confirmed_offline_time": "2026-09-01T01:48:26.573Z",
  "cycle_id": "verification-20260901T014812Z-01",
  "cycle_index": 1,
  "cycle_started_time": "2026-09-01T01:48:12.556Z",
  "device_error": false,
  "entered_s3": true,
  "experiment_stage": "verification",
  "hybrid_sleep_observed": false,
  "last_observed_online_time": "2026-09-01T01:48:21.548Z",
  "ndis_error": false,
  "network_healthy": true,
  "network_latency": null,
  "network_return_time": "2026-09-01T01:48:39.599Z",
  "nic_wake_armed": true,
  "notes": "",
  "pure_s3": true,
  "quiet_window_observed_seconds": 12.009,
  "quiet_window_seconds": 300,
  "rebooted_instead": false,
  "resume_initiation_time": "2026-09-01T01:48:30.5000000Z",
  "rt640x64_error": false,
  "scheduled_task_correlation": "unavailable_log_disabled",
  "schema_version": 1,
  "sleep_request_ack_time": "2026-09-01T01:48:15.513Z",
  "sleep_request_time": "2026-09-01T01:48:14.810Z",
  "spontaneous_resume": true,
  "spontaneous_resume_time": "2026-09-01T01:48:39.599Z",
  "ssh_healthy": true,
  "ssh_latency": null,
  "ssh_return_time": "2026-09-01T01:48:40.192Z",
  "stop_reason": "spontaneous_non_wol_resume",
  "usb_error": false,
  "wake_source": "Unknown",
  "windows_resume_time": "2026-09-01T01:48:34.6681543Z",
  "wol_causal_evidence": "no_wol_sent",
  "wol_count": 0,
  "wol_sent": false,
  "wol_time": null
}
