{
  "after_evidence": {
    "additional_channels": {
      "driver_frameworks": {
        "events": [],
        "log_name": "Microsoft-Windows-DriverFrameworks-UserMode/Operational",
        "state": "disabled"
      },
      "kernel_pnp_configuration": {
        "events": [],
        "log_name": "Microsoft-Windows-Kernel-PnP/Configuration",
        "state": "enabled"
      },
      "kernel_power_diagnostic": {
        "events": [],
        "log_name": "Microsoft-Windows-Kernel-Power/Diagnostic",
        "state": "disabled"
      },
      "kernel_power_thermal": {
        "events": [],
        "log_name": "Microsoft-Windows-Kernel-Power/Thermal-Operational",
        "state": "enabled"
      },
      "ndis": {
        "events": [],
        "log_name": "Microsoft-Windows-NDIS/Operational",
        "state": "disabled"
      },
      "pci": {
        "events": [],
        "log_name": "Microsoft-Windows-PCI/Operational",
        "state": "enabled"
      },
      "pnp_device_management": {
        "events": [],
        "log_name": "Microsoft-Windows-Kernel-PnP/Device Management",
        "state": "enabled"
      },
      "pnp_driver_watchdog": {
        "events": [],
        "log_name": "Microsoft-Windows-Kernel-PnP/Driver Watchdog",
        "state": "enabled"
      },
      "task_maintenance": {
        "events": [],
        "log_name": "Microsoft-Windows-TaskScheduler/Maintenance",
        "state": "enabled"
      },
      "usb_ucx": {
        "events": [],
        "log_name": "Microsoft-Windows-USB-UCX/Operational",
        "state": "not_found"
      },
      "usb_xhci": {
        "events": [
          {
            "event_data": {
              "fid_AcpiDeviceId": "",
              "fid_AcpiRevisionId": "",
              "fid_AcpiVendorId": "",
              "fid_DeviceInstanceId": "PCI\\VEN_1022&DEV_15B7&SUBSYS_7E701462&REV_00\\4&2b49e1c6&0&0441",
              "fid_FirmwareVersion": "18446744073709551615",
              "fid_InstanceNumber": "4",
              "fid_MajorVersion": "1",
              "fid_MinorVersion": "32",
              "fid_Parameter3": "0",
              "fid_Parameter4": "18446744072635809984",
              "fid_ParentBusType": "1",
              "fid_PciBus": "122",
              "fid_PciDevice": "0",
              "fid_PciDeviceId": "5559",
              "fid_PciFunction": "4",
              "fid_PciRevisionId": "0",
              "fid_PciVendorId": "4130",
              "fid_ReasonCode": "4150",
              "fid_RecoveryAction": "0",
              "fid_UcxController": "0x7bf2ea6ef748"
            },
            "event_id": 50,
            "level": "Error",
            "log_name": "microsoft-windows-usb-usbxhci-operational",
            "message": "USBXHCI Controller Error Encountered                     \r\nDevice Instance ID: PCI\\VEN_1022&DEV_15B7&SUBSYS_7E701462&REV_00\\4&2b49e1c6&0&0441                     \r\nFailure Reason: D0Entry failed for an internal xHCI controller.                     \r\nRecovery Action: No Action                     \r\nBus Type: ParentBusTypePci                     \r\nMajor Version: 0x1                     \r\nMinor Version: 0x20                     \r\nPCI b.d.f: 122.0.4                     \r\nPCI Vendor ID: 0x1022                     \r\nPCI Device ID: 0x15B7                     \r\nPCI Revision ID: 0x0                     \r\nACPI Vendor ID:                      \r\nACPI Device ID:                      \r\nACPI Revision ID:                      \r\nFirmware Version: 0xFFFFFFFFFFFFFFFF                     \r\nInstance Number: 0x4                     \r\nFailure Parameter 3: 0x0                     \r\nFailure Parameter 4: 0xFFFFFFFFC00000C0",
            "provider": "Microsoft-Windows-USB-USBXHCI",
            "record_id": 45,
            "time_created": "2026-09-01T09:03:23.9968680-04:00",
            "time_created_utc": "2026-09-01T13:03:23.9968680Z"
          },
          {
            "event_data": {
              "fid_AcpiDeviceId": "",
              "fid_AcpiRevisionId": "",
              "fid_AcpiVendorId": "",
              "fid_DeviceInstanceId": "PCI\\VEN_1022&DEV_15B8&SUBSYS_7E701462&REV_00\\4&5d6807c&0&0043",
              "fid_FirmwareVersion": "18446744073709551615",
              "fid_InstanceNumber": "5",
              "fid_MajorVersion": "1",
              "fid_MinorVersion": "32",
              "fid_Parameter3": "0",
              "fid_Parameter4": "18446744072635809984",
              "fid_ParentBusType": "1",
              "fid_PciBus": "123",
              "fid_PciDevice": "0",
              "fid_PciDeviceId": "5560",
              "fid_PciFunction": "0",
              "fid_PciRevisionId": "0",
              "fid_PciVendorId": "4130",
              "fid_ReasonCode": "4150",
              "fid_RecoveryAction": "0",
              "fid_UcxController": "0x7bf2ea549748"
            },
            "event_id": 50,
            "level": "Error",
            "log_name": "microsoft-windows-usb-usbxhci-operational",
            "message": "USBXHCI Controller Error Encountered                     \r\nDevice Instance ID: PCI\\VEN_1022&DEV_15B8&SUBSYS_7E701462&REV_00\\4&5d6807c&0&0043                     \r\nFailure Reason: D0Entry failed for an internal xHCI controller.                     \r\nRecovery Action: No Action                     \r\nBus Type: ParentBusTypePci                     \r\nMajor Version: 0x1                     \r\nMinor Version: 0x20                     \r\nPCI b.d.f: 123.0.0                     \r\nPCI Vendor ID: 0x1022                     \r\nPCI Device ID: 0x15B8                     \r\nPCI Revision ID: 0x0                     \r\nACPI Vendor ID:                      \r\nACPI Device ID:                      \r\nACPI Revision ID:                      \r\nFirmware Version: 0xFFFFFFFFFFFFFFFF                     \r\nInstance Number: 0x5                     \r\nFailure Parameter 3: 0x0                     \r\nFailure Parameter 4: 0xFFFFFFFFC00000C0",
            "provider": "Microsoft-Windows-USB-USBXHCI",
            "record_id": 44,
            "time_created": "2026-09-01T09:03:23.9968548-04:00",
            "time_created_utc": "2026-09-01T13:03:23.9968548Z"
          },
          {
            "event_data": {
              "fid_AcpiDeviceId": "",
              "fid_AcpiRevisionId": "",
              "fid_AcpiVendorId": "",
              "fid_DeviceInstanceId": "PCI\\VEN_1022&DEV_15B6&SUBSYS_7E701462&REV_00\\4&2b49e1c6&0&0341",
              "fid_FirmwareVersion": "18446744073709551615",
              "fid_InstanceNumber": "3",
              "fid_MajorVersion": "1",
              "fid_MinorVersion": "32",
              "fid_Parameter3": "0",
              "fid_Parameter4": "18446744072635809984",
              "fid_ParentBusType": "1",
              "fid_PciBus": "122",
              "fid_PciDevice": "0",
              "fid_PciDeviceId": "5558",
              "fid_PciFunction": "3",
              "fid_PciRevisionId": "0",
              "fid_PciVendorId": "4130",
              "fid_ReasonCode": "4150",
              "fid_RecoveryAction": "0",
              "fid_UcxController": "0x7bf2ea1646c8"
            },
            "event_id": 50,
            "level": "Error",
            "log_name": "microsoft-windows-usb-usbxhci-operational",
            "message": "USBXHCI Controller Error Encountered                     \r\nDevice Instance ID: PCI\\VEN_1022&DEV_15B6&SUBSYS_7E701462&REV_00\\4&2b49e1c6&0&0341                     \r\nFailure Reason: D0Entry failed for an internal xHCI controller.                     \r\nRecovery Action: No Action                     \r\nBus Type: ParentBusTypePci                     \r\nMajor Version: 0x1                     \r\nMinor Version: 0x20                     \r\nPCI b.d.f: 122.0.3                     \r\nPCI Vendor ID: 0x1022                     \r\nPCI Device ID: 0x15B6                     \r\nPCI Revision ID: 0x0                     \r\nACPI Vendor ID:                      \r\nACPI Device ID:                      \r\nACPI Revision ID:                      \r\nFirmware Version: 0xFFFFFFFFFFFFFFFF                     \r\nInstance Number: 0x3                     \r\nFailure Parameter 3: 0x0                     \r\nFailure Parameter 4: 0xFFFFFFFFC00000C0",
            "provider": "Microsoft-Windows-USB-USBXHCI",
            "record_id": 43,
            "time_created": "2026-09-01T09:03:23.9968547-04:00",
            "time_created_utc": "2026-09-01T13:03:23.9968547Z"
          }
        ],
        "log_name": "Microsoft-Windows-USB-USBXHCI-Operational",
        "state": "enabled"
      },
      "user_pnp_device_install": {
        "events": [],
        "log_name": "Microsoft-Windows-UserPnp/DeviceInstall",
        "state": "enabled"
      }
    },
    "clock_correction_event": {
      "event_data": {
        "CmosTime": "2026-09-01T09:03:21.5000000Z",
        "NewTime": "2026-09-01T13:03:21.5000000Z",
        "OldTime": "2026-09-01T13:03:10.0181811Z",
        "ProcessID": "4",
        "ProcessName": "",
        "RealTimeIsUniversal": "false",
        "Reason": "2",
        "SystemInCmosMode": "false",
        "TimeDeltaInMs": "11481",
        "TimeZoneBias": "240"
      },
      "event_id": 1,
      "level": "Information",
      "log_name": "System",
      "message": "The system time has changed to ?2026?-?09?-?01T13:03:21.500000000Z from ?2026?-?09?-?01T13:03:10.018181100Z.\r\nTime Delta: 11481 ms\r\n\r\nChange Reason: System time synchronized with the hardware clock.\r\nProcess: '' (PID 4).\r\n\r\nRTC time: ?2026?-?09?-?01T09:03:21.500000000Z\r\nCurrent time zone bias: 240\r\nRTC time is in UTC: false\r\nSystem time was based on RTC time: false",
      "provider": "Microsoft-Windows-Kernel-General",
      "record_id": 46948,
      "time_created": "2026-09-01T09:03:21.5002268-04:00",
      "time_created_utc": "2026-09-01T13:03:21.5002268Z"
    },
    "collection_time": "2026-09-01T09:03:38.3546540-04:00",
    "collection_time_utc": "2026-09-01T13:03:38.3556581Z",
    "current_boot_time_utc": "2026-09-01T12:30:29.5000000Z",
    "device_errors": [],
    "effective_state": "5",
    "enter_event": {
      "event_data": {
        "EffectiveState": "5",
        "Flags": "0",
        "Reason": "4",
        "TargetState": "4",
        "TransitionsToOn": "2"
      },
      "event_id": 42,
      "level": "Information",
      "log_name": "System",
      "message": "The system is entering sleep.\r\n\r\nSleep Reason: Application API",
      "provider": "Microsoft-Windows-Kernel-Power",
      "record_id": 46944,
      "time_created": "2026-09-01T09:03:07.1672212-04:00",
      "time_created_utc": "2026-09-01T13:03:07.1672212Z"
    },
    "entered_s3": true,
    "fixed_adapter": {
      "driver_date": "2025-10-03",
      "driver_file_name": "rt640x64.sys",
      "driver_version": "10.79.50.1003",
      "expected_mac_match": true,
      "interface_description": "Realtek PCIe 5GbE Family Controller",
      "link_speed": "2.5 Gbps",
      "mac_address": "34-5A-60-D7-4C-2C",
      "name": "Ethernet 2",
      "pnp_device_id": "PCI\\VEN_10EC&DEV_8126&SUBSYS_7E701462&REV_01\\01000000684CE00000",
      "pnp_problem": 0,
      "pnp_status": "OK",
      "power_management": {
        "AllowComputerToTurnOffDevice": 2,
        "ArpOffload": 2,
        "D0PacketCoalescing": 0,
        "DeviceSleepOnDisconnect": 0,
        "InterfaceDescription": "Realtek PCIe 5GbE Family Controller",
        "NSOffload": 2,
        "Name": "Ethernet 2",
        "RsnRekeyOffload": 0,
        "SelectiveSuspend": 2,
        "WakeOnMagicPacket": 2,
        "WakeOnPattern": 1
      },
      "power_management_error": null,
      "status": "Up"
    },
    "hiber_pages_written": null,
    "hostname": "DESKTOP-G4CFVL1",
    "hybrid_sleep_observed": false,
    "last_wake": {
      "arguments": [
        "/lastwake"
      ],
      "exit_code": 0,
      "output": [
        "Wake History Count - 1",
        "Wake History [0]",
        "  Wake Source Count - 0"
      ]
    },
    "marker": {
      "boot_time_utc": "2026-09-01T12:30:29.5000000Z",
      "channel_record_ids": {
        "driver_frameworks": 0,
        "kernel_pnp_configuration": 2821,
        "kernel_power_diagnostic": 0,
        "kernel_power_thermal": 0,
        "ndis": 0,
        "pci": 40473,
        "pnp_device_management": 1763,
        "pnp_driver_watchdog": 76,
        "task_maintenance": 687,
        "usb_ucx": 0,
        "usb_xhci": 42,
        "user_pnp_device_install": 831
      },
      "fixed_adapter": {
        "driver_date": "2025-10-03",
        "driver_file_name": "rt640x64.sys",
        "driver_version": "10.79.50.1003",
        "expected_mac_match": true,
        "interface_description": "Realtek PCIe 5GbE Family Controller",
        "link_speed": "2.5 Gbps",
        "mac_address": "34-5A-60-D7-4C-2C",
        "name": "Ethernet 2",
        "pnp_device_id": "PCI\\VEN_10EC&DEV_8126&SUBSYS_7E701462&REV_01\\01000000684CE00000",
        "pnp_problem": 0,
        "pnp_status": "OK",
        "power_management": {
          "AllowComputerToTurnOffDevice": 2,
          "ArpOffload": 2,
          "D0PacketCoalescing": 0,
          "DeviceSleepOnDisconnect": 0,
          "InterfaceDescription": "Realtek PCIe 5GbE Family Controller",
          "NSOffload": 2,
          "Name": "Ethernet 2",
          "RsnRekeyOffload": 0,
          "SelectiveSuspend": 2,
          "WakeOnMagicPacket": 2,
          "WakeOnPattern": 1
        },
        "power_management_error": null,
        "status": "Up"
      },
      "hostname": "DESKTOP-G4CFVL1",
      "marker_time": "2026-09-01T09:01:49.3006307-04:00",
      "marker_time_utc": "2026-09-01T13:01:49.3016350Z",
      "phase": "before",
      "power_requests": {
        "arguments": [
          "/requests"
        ],
        "exit_code": 0,
        "output": [
          "DISPLAY:",
          "None.",
          "",
          "SYSTEM:",
          "None.",
          "",
          "AWAYMODE:",
          "None.",
          "",
          "EXECUTION:",
          "None.",
          "",
          "PERFBOOST:",
          "None.",
          "",
          "ACTIVELOCKSCREEN:",
          "None.",
          ""
        ]
      },
      "schema_version": 1,
      "system_record_id": 46935,
      "task_scheduler_record_id": 0,
      "usb_selective_suspend_policy": {
        "arguments": [
          "/query",
          "SCHEME_CURRENT",
          "2a737441-1930-4402-8d77-b2bebba308a3",
          "48e6b7a6-50f5-4782-a5d4-53bb8f07e226"
        ],
        "exit_code": 0,
        "output": [
          "Power Scheme GUID: 8c5e7fda-e8bf-4a96-9a85-a6e23a8c635c  (High performance)",
          "  GUID Alias: SCHEME_MIN",
          "  Subgroup GUID: 2a737441-1930-4402-8d77-b2bebba308a3  (USB settings)",
          "    Power Setting GUID: 48e6b7a6-50f5-4782-a5d4-53bb8f07e226  (USB selective suspend setting)",
          "      Possible Setting Index: 000",
          "      Possible Setting Friendly Name: Disabled",
          "      Possible Setting Index: 001",
          "      Possible Setting Friendly Name: Enabled",
          "    Current AC Power Setting Index: 0x00000001",
          "    Current DC Power Setting Index: 0x00000001",
          ""
        ]
      },
      "wake_armed": {
        "arguments": [
          "/devicequery",
          "wake_armed"
        ],
        "exit_code": 0,
        "output": [
          "Realtek PCIe 5GbE Family Controller",
          "HID Keyboard Device (005)",
          "HID Keyboard Device (016)",
          ""
        ]
      },
      "wake_timer_policy": {
        "arguments": [
          "/query",
          "SCHEME_CURRENT",
          "238c9fa8-0aad-41ed-83f4-97be242c8f20",
          "bd3b718a-0680-4d9d-8ab2-e1d2b4ac806d"
        ],
        "exit_code": 0,
        "output": [
          "Power Scheme GUID: 8c5e7fda-e8bf-4a96-9a85-a6e23a8c635c  (High performance)",
          "  GUID Alias: SCHEME_MIN",
          "  Subgroup GUID: 238c9fa8-0aad-41ed-83f4-97be242c8f20  (Sleep)",
          "    GUID Alias: SUB_SLEEP",
          "    Power Setting GUID: bd3b718a-0680-4d9d-8ab2-e1d2b4ac806d  (Allow wake timers)",
          "      GUID Alias: RTCWAKE",
          "      Possible Setting Index: 000",
          "      Possible Setting Friendly Name: Disable",
          "      Possible Setting Index: 001",
          "      Possible Setting Friendly Name: Enable",
          "      Possible Setting Index: 002",
          "      Possible Setting Friendly Name: Important Wake Timers Only",
          "    Current AC Power Setting Index: 0x00000000",
          "    Current DC Power Setting Index: 0x00000001",
          ""
        ]
      },
      "wake_timers": {
        "arguments": [
          "/waketimers"
        ],
        "exit_code": 0,
        "output": [
          "There are no active wake timers in the system."
        ]
      },
      "windows_update_record_id": 1372,
      "xhci_topology": {
        "controllers": [
          {
            "children_tree": [
              {
                "children": [],
                "device": {
                  "class": "USB",
                  "friendly_name": "USB Root Hub (USB 3.0)",
                  "instance_id": "USB\\ROOT_HUB30\\5&2DEA0A27&0&0",
                  "location_info": null,
                  "location_paths": [
                    "PCIROOT(0)#PCI(0801)#PCI(0003)#USBROOT(0)",
                    "ACPI(_SB_)#ACPI(PCI0)#ACPI(GP17)#ACPI(XHC0)#ACPI(RHUB)"
                  ],
                  "parent": "PCI\\VEN_1022&DEV_15B6&SUBSYS_7E701462&REV_00\\4&2b49e1c6&0&0341",
                  "problem": 0,
                  "status": "OK"
                }
              }
            ],
            "direct_children": {
              "class": "USB",
              "friendly_name": "USB Root Hub (USB 3.0)",
              "instance_id": "USB\\ROOT_HUB30\\5&2DEA0A27&0&0",
              "location_info": null,
              "location_paths": [
                "PCIROOT(0)#PCI(0801)#PCI(0003)#USBROOT(0)",
                "ACPI(_SB_)#ACPI(PCI0)#ACPI(GP17)#ACPI(XHC0)#ACPI(RHUB)"
              ],
              "parent": "PCI\\VEN_1022&DEV_15B6&SUBSYS_7E701462&REV_00\\4&2b49e1c6&0&0341",
              "problem": 0,
              "status": "OK"
            },
            "found": true,
            "friendly_name": "AMD USB 3.10 eXtensible Host Controller - 1.20 (Microsoft)",
            "instance_id": "PCI\\VEN_1022&DEV_15B6&SUBSYS_7E701462&REV_00\\4&2B49E1C6&0&0341",
            "location_info": "PCI bus 122, device 0, function 3",
            "location_paths": [
              "PCIROOT(0)#PCI(0801)#PCI(0003)",
              "ACPI(_SB_)#ACPI(PCI0)#ACPI(GP17)#ACPI(XHC0)"
            ],
            "parent": "PCI\\VEN_1022&DEV_14DD&SUBSYS_14627E70&REV_00\\3&11583659&0&41",
            "problem": 0,
            "status": "OK"
          },
          {
            "children_tree": [
              {
                "children": [
                  {
                    "children": [
                      {
                        "children": [],
                        "device": {
                          "class": "",
                          "friendly_name": "LIGHTSPEED Receiver",
                          "instance_id": "USB\\VID_046D&PID_C547&LAMPARRAY\\7&3AA1CDFC&0&2_SLOT06",
                          "location_info": "LampArray Support Virtual Device",
                          "location_paths": [
                            null
                          ],
                          "parent": "USB\\VID_046D&PID_C547\\6&1df6e647&0&2",
                          "problem": 0,
                          "status": "OK"
                        }
                      },
                      {
                        "children": [],
                        "device": {
                          "class": "",
                          "friendly_name": "LIGHTSPEED Receiver",
                          "instance_id": "USB\\VID_046D&PID_C547&LAMPARRAY\\7&3AA1CDFC&0&2_SLOT05",
                          "location_info": "LampArray Support Virtual Device",
                          "location_paths": [
                            null
                          ],
                          "parent": "USB\\VID_046D&PID_C547\\6&1df6e647&0&2",
                          "problem": 0,
                          "status": "OK"
                        }
                      },
                      {
                        "children": [
                          {
                            "children": [],
                            "device": {
                              "class": "Mouse",
                              "friendly_name": "HID-compliant mouse",
                              "instance_id": "HID\\VID_046D&PID_C547&MI_00\\8&1556576B&0&0000",
                              "location_info": null,
                              "location_paths": [
                                null
                              ],
                              "parent": "USB\\VID_046D&PID_C547&MI_00\\7&3aa1cdfc&0&0000",
                              "problem": 0,
                              "status": "OK"
                            }
                          }
                        ],
                        "device": {
                          "class": "HIDClass",
                          "friendly_name": "USB Input Device",
                          "instance_id": "USB\\VID_046D&PID_C547&MI_00\\7&3AA1CDFC&0&0000",
                          "location_info": "007a.0000.0004.002.000.000.000.000.000",
                          "location_paths": [
                            "PCIROOT(0)#PCI(0801)#PCI(0004)#USBROOT(0)#USB(2)#USBMI(0)",
                            "PCIROOT(0)#PCI(0801)#PCI(0004)#USBROOT(0)#USB(2)#USB(2)",
                            "ACPI(_SB_)#ACPI(PCI0)#ACPI(GP17)#ACPI(XHC1)#ACPI(RHUB)#ACPI(PRT2)#USBMI(0)",
                            "ACPI(_SB_)#ACPI(PCI0)#ACPI(GP17)#ACPI(XHC1)#ACPI(RHUB)#ACPI(PRT2)#USB(2)"
                          ],
                          "parent": "USB\\VID_046D&PID_C547\\6&1df6e647&0&2",
                          "problem": 0,
                          "status": "OK"
                        }
                      },
                      {
                        "children": [
                          {
                            "children": [],
                            "device": {
                              "class": "HIDClass",
                              "friendly_name": "HID-compliant vendor-defined device",
                              "instance_id": "HID\\VID_046D&PID_C547&MI_02&COL02\\8&32582419&0&0001",
                              "location_info": null,
                              "location_paths": [
                                null
                              ],
                              "parent": "USB\\VID_046D&PID_C547&MI_02\\7&3aa1cdfc&0&0002",
                              "problem": 0,
                              "status": "OK"
                            }
                          },
                          {
                            "children": [],
                            "device": {
                              "class": "HIDClass",
                              "friendly_name": "HID-compliant vendor-defined device",
                              "instance_id": "HID\\VID_046D&PID_C547&MI_02&COL01\\8&32582419&0&0000",
                              "location_info": null,
                              "location_paths": [
                                null
                              ],
                              "parent": "USB\\VID_046D&PID_C547&MI_02\\7&3aa1cdfc&0&0002",
                              "problem": 0,
                              "status": "OK"
                            }
                          }
                        ],
                        "device": {
                          "class": "HIDClass",
                          "friendly_name": "USB Input Device",
                          "instance_id": "USB\\VID_046D&PID_C547&MI_02\\7&3AA1CDFC&0&0002",
                          "location_info": "007a.0000.0004.002.000.000.000.000.000",
                          "location_paths": [
                            "PCIROOT(0)#PCI(0801)#PCI(0004)#USBROOT(0)#USB(2)#USBMI(2)",
                            "ACPI(_SB_)#ACPI(PCI0)#ACPI(GP17)#ACPI(XHC1)#ACPI(RHUB)#ACPI(PRT2)#USBMI(2)"
                          ],
                          "parent": "USB\\VID_046D&PID_C547\\6&1df6e647&0&2",
                          "problem": 0,
                          "status": "OK"
                        }
                      },
                      {
                        "children": [
                          {
                            "children": [],
                            "device": {
                              "class": "Keyboard",
                              "friendly_name": "HID Keyboard Device",
                              "instance_id": "HID\\VID_046D&PID_C547&MI_01&COL01\\8&E80E657&0&0000",
                              "location_info": null,
                              "location_paths": [
                                null
                              ],
                              "parent": "USB\\VID_046D&PID_C547&MI_01\\7&3aa1cdfc&0&0001",
                              "problem": 0,
                              "status": "OK"
                            }
                          },
                          {
                            "children": [],
                            "device": {
                              "class": "HIDClass",
                              "friendly_name": "HID-compliant consumer control device",
                              "instance_id": "HID\\VID_046D&PID_C547&MI_01&COL02\\8&E80E657&0&0001",
                              "location_info": null,
                              "location_paths": [
                                null
                              ],
                              "parent": "USB\\VID_046D&PID_C547&MI_01\\7&3aa1cdfc&0&0001",
                              "problem": 0,
                              "status": "OK"
                            }
                          },
                          {
                            "children": [],
                            "device": {
                              "class": "HIDClass",
                              "friendly_name": "HID-compliant system controller",
                              "instance_id": "HID\\VID_046D&PID_C547&MI_01&COL03\\8&E80E657&0&0002",
                              "location_info": null,
                              "location_paths": [
                                null
                              ],
                              "parent": "USB\\VID_046D&PID_C547&MI_01\\7&3aa1cdfc&0&0001",
                              "problem": 0,
                              "status": "OK"
                            }
                          }
                        ],
                        "device": {
                          "class": "HIDClass",
                          "friendly_name": "USB Input Device",
                          "instance_id": "USB\\VID_046D&PID_C547&MI_01\\7&3AA1CDFC&0&0001",
                          "location_info": "007a.0000.0004.002.000.000.000.000.000",
                          "location_paths": [
                            "PCIROOT(0)#PCI(0801)#PCI(0004)#USBROOT(0)#USB(2)#USBMI(1)",
                            "ACPI(_SB_)#ACPI(PCI0)#ACPI(GP17)#ACPI(XHC1)#ACPI(RHUB)#ACPI(PRT2)#USBMI(1)"
                          ],
                          "parent": "USB\\VID_046D&PID_C547\\6&1df6e647&0&2",
                          "problem": 0,
                          "status": "OK"
                        }
                      },
                      {
                        "children": [],
                        "device": {
                          "class": "",
                          "friendly_name": "LIGHTSPEED Receiver",
                          "instance_id": "USB\\VID_046D&PID_C547&LAMPARRAY\\7&3AA1CDFC&0&2_SLOT01",
                          "location_info": "LampArray Support Virtual Device",
                          "location_paths": [
                            null
                          ],
                          "parent": "USB\\VID_046D&PID_C547\\6&1df6e647&0&2",
                          "problem": 0,
                          "status": "OK"
                        }
                      },
                      {
                        "children": [],
                        "device": {
                          "class": "",
                          "friendly_name": "LIGHTSPEED Receiver",
                          "instance_id": "USB\\VID_046D&PID_C547&LAMPARRAY\\7&3AA1CDFC&0&2_SLOT00",
                          "location_info": "LampArray Support Virtual Device",
                          "location_paths": [
                            null
                          ],
                          "parent": "USB\\VID_046D&PID_C547\\6&1df6e647&0&2",
                          "problem": 0,
                          "status": "OK"
                        }
                      },
                      {
                        "children": [],
                        "device": {
                          "class": "",
                          "friendly_name": "LIGHTSPEED Receiver",
                          "instance_id": "USB\\VID_046D&PID_C547&LAMPARRAY\\7&3AA1CDFC&0&2_SLOT02",
                          "location_info": "LampArray Support Virtual Device",
                          "location_paths": [
                            null
                          ],
                          "parent": "USB\\VID_046D&PID_C547\\6&1df6e647&0&2",
                          "problem": 0,
                          "status": "OK"
                        }
                      },
                      {
                        "children": [],
                        "device": {
                          "class": "",
                          "friendly_name": "LIGHTSPEED Receiver",
                          "instance_id": "USB\\VID_046D&PID_C547&LAMPARRAY\\7&3AA1CDFC&0&2_SLOT04",
                          "location_info": "LampArray Support Virtual Device",
                          "location_paths": [
                            null
                          ],
                          "parent": "USB\\VID_046D&PID_C547\\6&1df6e647&0&2",
                          "problem": 0,
                          "status": "OK"
                        }
                      },
                      {
                        "children": [],
                        "device": {
                          "class": "",
                          "friendly_name": "LIGHTSPEED Receiver",
                          "instance_id": "USB\\VID_046D&PID_C547&LAMPARRAY\\7&3AA1CDFC&0&2_SLOT03",
                          "location_info": "LampArray Support Virtual Device",
                          "location_paths": [
                            null
                          ],
                          "parent": "USB\\VID_046D&PID_C547\\6&1df6e647&0&2",
                          "problem": 0,
                          "status": "OK"
                        }
                      }
                    ],
                    "device": {
                      "class": "USB",
                      "friendly_name": "LIGHTSPEED Receiver",
                      "instance_id": "USB\\VID_046D&PID_C547\\6&1DF6E647&0&2",
                      "location_info": "Port_#0002.Hub_#0006",
                      "location_paths": [
                        "PCIROOT(0)#PCI(0801)#PCI(0004)#USBROOT(0)#USB(2)",
                        "ACPI(_SB_)#ACPI(PCI0)#ACPI(GP17)#ACPI(XHC1)#ACPI(RHUB)#ACPI(PRT2)"
                      ],
                      "parent": "USB\\ROOT_HUB30\\5&379e5d68&0&0",
                      "problem": 0,
                      "status": "OK"
                    }
                  }
                ],
                "device": {
                  "class": "USB",
                  "friendly_name": "USB Root Hub (USB 3.0)",
                  "instance_id": "USB\\ROOT_HUB30\\5&379E5D68&0&0",
                  "location_info": null,
                  "location_paths": [
                    "PCIROOT(0)#PCI(0801)#PCI(0004)#USBROOT(0)",
                    "ACPI(_SB_)#ACPI(PCI0)#ACPI(GP17)#ACPI(XHC1)#ACPI(RHUB)"
                  ],
                  "parent": "PCI\\VEN_1022&DEV_15B7&SUBSYS_7E701462&REV_00\\4&2b49e1c6&0&0441",
                  "problem": 0,
                  "status": "OK"
                }
              }
            ],
            "direct_children": {
              "class": "USB",
              "friendly_name": "USB Root Hub (USB 3.0)",
              "instance_id": "USB\\ROOT_HUB30\\5&379E5D68&0&0",
              "location_info": null,
              "location_paths": [
                "PCIROOT(0)#PCI(0801)#PCI(0004)#USBROOT(0)",
                "ACPI(_SB_)#ACPI(PCI0)#ACPI(GP17)#ACPI(XHC1)#ACPI(RHUB)"
              ],
              "parent": "PCI\\VEN_1022&DEV_15B7&SUBSYS_7E701462&REV_00\\4&2b49e1c6&0&0441",
              "problem": 0,
              "status": "OK"
            },
            "found": true,
            "friendly_name": "AMD USB 3.10 eXtensible Host Controller - 1.20 (Microsoft)",
            "instance_id": "PCI\\VEN_1022&DEV_15B7&SUBSYS_7E701462&REV_00\\4&2B49E1C6&0&0441",
            "location_info": "PCI bus 122, device 0, function 4",
            "location_paths": [
              "PCIROOT(0)#PCI(0801)#PCI(0004)",
              "ACPI(_SB_)#ACPI(PCI0)#ACPI(GP17)#ACPI(XHC1)"
            ],
            "parent": "PCI\\VEN_1022&DEV_14DD&SUBSYS_14627E70&REV_00\\3&11583659&0&41",
            "problem": 0,
            "status": "OK"
          },
          {
            "children_tree": [
              {
                "children": [],
                "device": {
                  "class": "USB",
                  "friendly_name": "USB Root Hub (USB 3.0)",
                  "instance_id": "USB\\ROOT_HUB30\\5&BFD7108&0&0",
                  "location_info": null,
                  "location_paths": [
                    "PCIROOT(0)#PCI(0803)#PCI(0000)#USBROOT(0)",
                    "ACPI(_SB_)#ACPI(PCI0)#ACPI(GP19)#ACPI(XHC2)#ACPI(RHUB)"
                  ],
                  "parent": "PCI\\VEN_1022&DEV_15B8&SUBSYS_7E701462&REV_00\\4&5d6807c&0&0043",
                  "problem": 0,
                  "status": "OK"
                }
              }
            ],
            "direct_children": {
              "class": "USB",
              "friendly_name": "USB Root Hub (USB 3.0)",
              "instance_id": "USB\\ROOT_HUB30\\5&BFD7108&0&0",
              "location_info": null,
              "location_paths": [
                "PCIROOT(0)#PCI(0803)#PCI(0000)#USBROOT(0)",
                "ACPI(_SB_)#ACPI(PCI0)#ACPI(GP19)#ACPI(XHC2)#ACPI(RHUB)"
              ],
              "parent": "PCI\\VEN_1022&DEV_15B8&SUBSYS_7E701462&REV_00\\4&5d6807c&0&0043",
              "problem": 0,
              "status": "OK"
            },
            "found": true,
            "friendly_name": "AMD USB 2.0 eXtensible Host Controller - 1.20 (Microsoft)",
            "instance_id": "PCI\\VEN_1022&DEV_15B8&SUBSYS_7E701462&REV_00\\4&5D6807C&0&0043",
            "location_info": "PCI bus 123, device 0, function 0",
            "location_paths": [
              "PCIROOT(0)#PCI(0803)#PCI(0000)",
              "ACPI(_SB_)#ACPI(PCI0)#ACPI(GP19)#ACPI(XHC2)"
            ],
            "parent": "PCI\\VEN_1022&DEV_14DD&SUBSYS_14627E70&REV_00\\3&11583659&0&43",
            "problem": 0,
            "status": "OK"
          },
          {
            "children_tree": [
              {
                "children": [
                  {
                    "children": [
                      {
                        "children": [],
                        "device": {
                          "class": "HIDClass",
                          "friendly_name": "HID-compliant vendor-defined device",
                          "instance_id": "HID\\VID_0DB0&PID_0076\\B&24677F26&0&0000",
                          "location_info": null,
                          "location_paths": [
                            null
                          ],
                          "parent": "USB\\VID_0DB0&PID_0076\\7E7025010901",
                          "problem": 0,
                          "status": "OK"
                        }
                      }
                    ],
                    "device": {
                      "class": "HIDClass",
                      "friendly_name": "USB Input Device",
                      "instance_id": "USB\\VID_0DB0&PID_0076\\7E7025010901",
                      "location_info": "Port_#0013.Hub_#0003",
                      "location_paths": [
                        "PCIROOT(0)#PCI(0201)#PCI(0000)#PCI(0800)#PCI(0000)#PCI(0C00)#PCI(0000)#USBROOT(0)#USB(13)",
                        "ACPI(_SB_)#ACPI(PCI0)#ACPI(GPP7)#ACPI(UP00)#ACPI(DP40)#ACPI(UP00)#ACPI(DP60)#ACPI(XH00)#USBROOT(0)#USB(13)"
                      ],
                      "parent": "USB\\ROOT_HUB30\\9&2ec1b4c8&0&0",
                      "problem": 0,
                      "status": "OK"
                    }
                  },
                  {
                    "children": [
                      {
                        "children": [],
                        "device": {
                          "class": "Ports",
                          "friendly_name": "USB Serial Device (COM3)",
                          "instance_id": "USB\\VID_1D6B&PID_0112&MI_00\\B&201CBBE&0&0000",
                          "location_info": "0012.0000.0000.015.000.000.000.000.000",
                          "location_paths": [
                            "PCIROOT(0)#PCI(0201)#PCI(0000)#PCI(0800)#PCI(0000)#PCI(0C00)#PCI(0000)#USBROOT(0)#USB(15)#USBMI(0)",
                            "PCIROOT(0)#PCI(0201)#PCI(0000)#PCI(0800)#PCI(0000)#PCI(0C00)#PCI(0000)#USBROOT(0)#USB(15)#USB(15)",
                            "ACPI(_SB_)#ACPI(PCI0)#ACPI(GPP7)#ACPI(UP00)#ACPI(DP40)#ACPI(UP00)#ACPI(DP60)#ACPI(XH00)#USBROOT(0)#USB(15)#USBMI(0)",
                            "ACPI(_SB_)#ACPI(PCI0)#ACPI(GPP7)#ACPI(UP00)#ACPI(DP40)#ACPI(UP00)#ACPI(DP60)#ACPI(XH00)#USBROOT(0)#USB(15)#USB(15)"
                          ],
                          "parent": "USB\\VID_1D6B&PID_0112\\0123456789ABCDEF",
                          "problem": 0,
                          "status": "OK"
                        }
                      }
                    ],
                    "device": {
                      "class": "USB",
                      "friendly_name": "USB Composite Device",
                      "instance_id": "USB\\VID_1D6B&PID_0112\\0123456789ABCDEF",
                      "location_info": "Port_#0015.Hub_#0003",
                      "location_paths": [
                        "PCIROOT(0)#PCI(0201)#PCI(0000)#PCI(0800)#PCI(0000)#PCI(0C00)#PCI(0000)#USBROOT(0)#USB(15)",
                        "ACPI(_SB_)#ACPI(PCI0)#ACPI(GPP7)#ACPI(UP00)#ACPI(DP40)#ACPI(UP00)#ACPI(DP60)#ACPI(XH00)#USBROOT(0)#USB(15)"
                      ],
                      "parent": "USB\\ROOT_HUB30\\9&2ec1b4c8&0&0",
                      "problem": 0,
                      "status": "OK"
                    }
                  }
                ],
                "device": {
                  "class": "USB",
                  "friendly_name": "USB Root Hub (USB 3.0)",
                  "instance_id": "USB\\ROOT_HUB30\\9&2EC1B4C8&0&0",
                  "location_info": null,
                  "location_paths": [
                    "PCIROOT(0)#PCI(0201)#PCI(0000)#PCI(0800)#PCI(0000)#PCI(0C00)#PCI(0000)#USBROOT(0)",
                    "ACPI(_SB_)#ACPI(PCI0)#ACPI(GPP7)#ACPI(UP00)#ACPI(DP40)#ACPI(UP00)#ACPI(DP60)#ACPI(XH00)#USBROOT(0)"
                  ],
                  "parent": "PCI\\VEN_1022&DEV_43FD&SUBSYS_11421B21&REV_01\\8&e99a29b&0&006000400011",
                  "problem": 0,
                  "status": "OK"
                }
              }
            ],
            "direct_children": {
              "class": "USB",
              "friendly_name": "USB Root Hub (USB 3.0)",
              "instance_id": "USB\\ROOT_HUB30\\9&2EC1B4C8&0&0",
              "location_info": null,
              "location_paths": [
                "PCIROOT(0)#PCI(0201)#PCI(0000)#PCI(0800)#PCI(0000)#PCI(0C00)#PCI(0000)#USBROOT(0)",
                "ACPI(_SB_)#ACPI(PCI0)#ACPI(GPP7)#ACPI(UP00)#ACPI(DP40)#ACPI(UP00)#ACPI(DP60)#ACPI(XH00)#USBROOT(0)"
              ],
              "parent": "PCI\\VEN_1022&DEV_43FD&SUBSYS_11421B21&REV_01\\8&e99a29b&0&006000400011",
              "problem": 0,
              "status": "OK"
            },
            "found": true,
            "friendly_name": "AMD USB 3.10 eXtensible Host Controller - 1.10 (Microsoft)",
            "instance_id": "PCI\\VEN_1022&DEV_43FD&SUBSYS_11421B21&REV_01\\8&E99A29B&0&006000400011",
            "location_info": "PCI bus 18, device 0, function 0",
            "location_paths": [
              "PCIROOT(0)#PCI(0201)#PCI(0000)#PCI(0800)#PCI(0000)#PCI(0C00)#PCI(0000)",
              "ACPI(_SB_)#ACPI(PCI0)#ACPI(GPP7)#ACPI(UP00)#ACPI(DP40)#ACPI(UP00)#ACPI(DP60)#ACPI(XH00)"
            ],
            "parent": "PCI\\VEN_1022&DEV_43F5&SUBSYS_33281B21&REV_01\\7&2a80eed7&0&6000400011",
            "problem": 0,
            "status": "OK"
          }
        ],
        "present_pnp_count": 304,
        "unhealthy_devices": []
      }
    },
    "ndis_errors": [],
    "phase": "after",
    "power_requests": {
      "arguments": [
        "/requests"
      ],
      "exit_code": 0,
      "output": [
        "DISPLAY:",
        "None.",
        "",
        "SYSTEM:",
        "None.",
        "",
        "AWAYMODE:",
        "None.",
        "",
        "EXECUTION:",
        "None.",
        "",
        "PERFBOOST:",
        "[DRIVER] Legacy Kernel Caller",
        "Power Manager",
        "",
        "ACTIVELOCKSCREEN:",
        "None.",
        ""
      ]
    },
    "power_troubleshooter_event": null,
    "realtek_errors": [],
    "rebooted_instead": false,
    "resume_event": {
      "event_data": {
        "EffectiveState": "5",
        "ProgrammedWakeTimeAc": "1601-01-01T00:00:00.0000000Z",
        "ProgrammedWakeTimeDc": "1601-01-01T00:00:00.0000000Z",
        "TargetState": "4",
        "WakeFromState": "4",
        "WakeRequesterTypeAc": "0",
        "WakeRequesterTypeDc": "0"
      },
      "event_id": 107,
      "level": "Information",
      "log_name": "System",
      "message": "The system has resumed from sleep.",
      "provider": "Microsoft-Windows-Kernel-Power",
      "record_id": 46947,
      "time_created": "2026-09-01T09:03:10.0182649-04:00",
      "time_created_utc": "2026-09-01T13:03:10.0182649Z"
    },
    "resume_initiation_time_utc": "2026-09-01T13:03:21.5000000Z",
    "schema_version": 1,
    "system_events": [
      {
        "event_data": {
          "index_0": ""
        },
        "event_id": 18,
        "level": "Information",
        "log_name": "System",
        "message": "Windows cannot store Bluetooth authentication codes (link keys) on the local adapter. Bluetooth keyboards might not work in the system BIOS during startup.",
        "provider": "BTHUSB",
        "record_id": 46953,
        "time_created": "2026-09-01T09:03:23.7991511-04:00",
        "time_created_utc": "2026-09-01T13:03:23.7991511Z"
      },
      {
        "event_data": {
          "index_0": "",
          "index_1": "",
          "index_2": "",
          "index_3": ""
        },
        "event_id": 8198,
        "level": "Warning",
        "log_name": "System",
        "message": " Found an unknown bridge with advanced resource distribution enabled. (23,3,0) status = 0",
        "provider": "nipcibrd",
        "record_id": 46952,
        "time_created": "2026-09-01T09:03:21.7664751-04:00",
        "time_created_utc": "2026-09-01T13:03:21.7664751Z"
      },
      {
        "event_data": {
          "index_0": "",
          "index_1": "",
          "index_2": "",
          "index_3": ""
        },
        "event_id": 8198,
        "level": "Warning",
        "log_name": "System",
        "message": " Found an unknown bridge with advanced resource distribution enabled. (23,2,0) status = 0",
        "provider": "nipcibrd",
        "record_id": 46951,
        "time_created": "2026-09-01T09:03:21.7664751-04:00",
        "time_created_utc": "2026-09-01T13:03:21.7664751Z"
      },
      {
        "event_data": {
          "SuspendEnd": "2020883",
          "SuspendStart": "2020881"
        },
        "event_id": 130,
        "level": "Information",
        "log_name": "System",
        "message": "Firmware S3 times. SuspendStart: 2020881, SuspendEnd: 2020883",
        "provider": "Microsoft-Windows-Kernel-Power",
        "record_id": 46950,
        "time_created": "2026-09-01T09:03:21.5002438-04:00",
        "time_created_utc": "2026-09-01T13:03:21.5002438Z"
      },
      {
        "event_data": {
          "AverageResume": "3946",
          "FullResume": "3943",
          "ResumeCount": "2"
        },
        "event_id": 131,
        "level": "Information",
        "log_name": "System",
        "message": "Firmware S3 times. ResumeCount: 2, FullResume: 3943, AverageResume: 3946",
        "provider": "Microsoft-Windows-Kernel-Power",
        "record_id": 46949,
        "time_created": "2026-09-01T09:03:21.5002432-04:00",
        "time_created_utc": "2026-09-01T13:03:21.5002432Z"
      },
      {
        "event_data": {
          "CmosTime": "2026-09-01T09:03:21.5000000Z",
          "NewTime": "2026-09-01T13:03:21.5000000Z",
          "OldTime": "2026-09-01T13:03:10.0181811Z",
          "ProcessID": "4",
          "ProcessName": "",
          "RealTimeIsUniversal": "false",
          "Reason": "2",
          "SystemInCmosMode": "false",
          "TimeDeltaInMs": "11481",
          "TimeZoneBias": "240"
        },
        "event_id": 1,
        "level": "Information",
        "log_name": "System",
        "message": "The system time has changed to ?2026?-?09?-?01T13:03:21.500000000Z from ?2026?-?09?-?01T13:03:10.018181100Z.\r\nTime Delta: 11481 ms\r\n\r\nChange Reason: System time synchronized with the hardware clock.\r\nProcess: '' (PID 4).\r\n\r\nRTC time: ?2026?-?09?-?01T09:03:21.500000000Z\r\nCurrent time zone bias: 240\r\nRTC time is in UTC: false\r\nSystem time was based on RTC time: false",
        "provider": "Microsoft-Windows-Kernel-General",
        "record_id": 46948,
        "time_created": "2026-09-01T09:03:21.5002268-04:00",
        "time_created_utc": "2026-09-01T13:03:21.5002268Z"
      },
      {
        "event_data": {
          "EffectiveState": "5",
          "ProgrammedWakeTimeAc": "1601-01-01T00:00:00.0000000Z",
          "ProgrammedWakeTimeDc": "1601-01-01T00:00:00.0000000Z",
          "TargetState": "4",
          "WakeFromState": "4",
          "WakeRequesterTypeAc": "0",
          "WakeRequesterTypeDc": "0"
        },
        "event_id": 107,
        "level": "Information",
        "log_name": "System",
        "message": "The system has resumed from sleep.",
        "provider": "Microsoft-Windows-Kernel-Power",
        "record_id": 46947,
        "time_created": "2026-09-01T09:03:10.0182649-04:00",
        "time_created_utc": "2026-09-01T13:03:10.0182649Z"
      },
      {
        "event_data": {
          "index_0": "",
          "index_1": "",
          "index_2": "",
          "index_3": ""
        },
        "event_id": 8198,
        "level": "Warning",
        "log_name": "System",
        "message": " Found an unknown bridge with advanced resource distribution enabled. (23,1,0) status = 0",
        "provider": "nipcibrd",
        "record_id": 46946,
        "time_created": "2026-09-01T09:03:07.8923123-04:00",
        "time_created_utc": "2026-09-01T13:03:07.8923123Z"
      },
      {
        "event_data": {
          "index_0": "",
          "index_1": "",
          "index_2": "",
          "index_3": ""
        },
        "event_id": 8198,
        "level": "Warning",
        "log_name": "System",
        "message": " Found an unknown bridge with advanced resource distribution enabled. (23,0,0) status = 0",
        "provider": "nipcibrd",
        "record_id": 46945,
        "time_created": "2026-09-01T09:03:07.8565534-04:00",
        "time_created_utc": "2026-09-01T13:03:07.8565534Z"
      },
      {
        "event_data": {
          "EffectiveState": "5",
          "Flags": "0",
          "Reason": "4",
          "TargetState": "4",
          "TransitionsToOn": "2"
        },
        "event_id": 42,
        "level": "Information",
        "log_name": "System",
        "message": "The system is entering sleep.\r\n\r\nSleep Reason: Application API",
        "provider": "Microsoft-Windows-Kernel-Power",
        "record_id": 46944,
        "time_created": "2026-09-01T09:03:07.1672212-04:00",
        "time_created_utc": "2026-09-01T13:03:07.1672212Z"
      },
      {
        "event_data": {
          "index_0": "",
          "index_1": "",
          "index_2": "",
          "index_3": ""
        },
        "event_id": 8198,
        "level": "Warning",
        "log_name": "System",
        "message": " Found an unknown bridge with advanced resource distribution enabled. (23,0,0) status = 0",
        "provider": "nipcibrd",
        "record_id": 46942,
        "time_created": "2026-09-01T09:03:05.2403453-04:00",
        "time_created_utc": "2026-09-01T13:03:05.2403453Z"
      },
