{
    "schema_version":  1,
    "collection_time":  "2026-08-31T21:07:15.7828347-04:00",
    "collection_time_utc":  "2026-09-01T01:07:15.7838394Z",
    "hostname":  "DESKTOP-G4CFVL1",
    "lookback_days":  10,
    "correlation_seconds":  300,
    "provider_catalog":  [
                             {
                                 "name":  "BTHUSB",
                                 "logs":  [
                                              "System"
                                          ]
                             },
                             {
                                 "name":  "ibtusb",
                                 "logs":  [
                                              "System"
                                          ]
                             },
                             {
                                 "name":  "Microsoft-Windows-BTH-BTHUSB",
                                 "logs":  [
                                              "Microsoft-Windows-BTH-BTHUSB/Diagnostic",
                                              "Microsoft-Windows-BTH-BTHUSB/Performance"
                                          ]
                             },
                             {
                                 "name":  "Microsoft-Windows-FunctionDiscovery",
                                 "logs":  [
                                              "Analytic"
                                          ]
                             },
                             {
                                 "name":  "Microsoft-Windows-FunctionDiscoveryHost",
                                 "logs":  [
                                              "System"
                                          ]
                             },
                             {
                                 "name":  "Microsoft-Windows-Kernel-General",
                                 "logs":  [
                                              "System"
                                          ]
                             },
                             {
                                 "name":  "Microsoft-Windows-Kernel-PnP",
                                 "logs":  [
                                              "Microsoft-Windows-Kernel-PnP/Boot Diagnostic",
                                              "Microsoft-Windows-Kernel-PnP/Configuration",
                                              "Microsoft-Windows-Kernel-PnP/Configuration Diagnostic",
                                              "Microsoft-Windows-Kernel-PnP/Device Enumeration Diagnostic",
                                              "Microsoft-Windows-Kernel-PnP/Device Management",
                                              "Microsoft-Windows-Kernel-PnP/Driver Diagnostic",
                                              "Microsoft-Windows-Kernel-PnP/Driver Watchdog",
                                              "System"
                                          ]
                             },
                             {
                                 "name":  "Microsoft-Windows-Kernel-PnP-Rundown",
                                 "logs":  [

                                          ]
                             },
                             {
                                 "name":  "Microsoft-Windows-Kernel-Power",
                                 "logs":  [
                                              "Microsoft-Windows-Kernel-Power/Diagnostic",
                                              "Microsoft-Windows-Kernel-Power/Thermal-Diagnostic",
                                              "Microsoft-Windows-Kernel-Power/Thermal-Operational",
                                              "System"
                                          ]
                             },
                             {
                                 "name":  "Microsoft-Windows-Kernel-PowerTrigger",
                                 "logs":  [

                                          ]
                             },
                             {
                                 "name":  "Microsoft-Windows-NDIS",
                                 "logs":  [
                                              "Microsoft-Windows-NDIS/Diagnostic",
                                              "Microsoft-Windows-NDIS/Operational",
                                              "System"
                                          ]
                             },
                             {
                                 "name":  "Microsoft-Windows-NDIS-PacketCapture",
                                 "logs":  [
                                              "Microsoft-Windows-NDIS-PacketCapture/Diagnostic"
                                          ]
                             },
                             {
                                 "name":  "Microsoft-Windows-NdisImPlatformEventProvider",
                                 "logs":  [
                                              "Microsoft-Windows-NdisImPlatform/Operational"
                                          ]
                             },
                             {
                                 "name":  "Microsoft-Windows-NdisImPlatformSysEvtProvider",
                                 "logs":  [
                                              "System"
                                          ]
                             },
                             {
                                 "name":  "Microsoft-Windows-Power-Troubleshooter",
                                 "logs":  [
                                              "System"
                                          ]
                             },
                             {
                                 "name":  "Microsoft-Windows-PrintService-USBMon",
                                 "logs":  [
                                              "Microsoft-Windows-PrintService-USBMon/Debug"
                                          ]
                             },
                             {
                                 "name":  "Microsoft-Windows-Ras-NdisWanPacketCapture",
                                 "logs":  [
                                              "Microsoft-Windows-Ras-NdisWanPacketCapture/Diagnostic"
                                          ]
                             },
                             {
                                 "name":  "Microsoft-Windows-TaskScheduler",
                                 "logs":  [
                                              "Microsoft-Windows-TaskScheduler/Debug",
                                              "Microsoft-Windows-TaskScheduler/Diagnostic",
                                              "Microsoft-Windows-TaskScheduler/Maintenance",
                                              "Microsoft-Windows-TaskScheduler/Operational",
                                              "System"
                                          ]
                             },
                             {
                                 "name":  "Microsoft-Windows-TerminalServices-ClientUSBDevices",
                                 "logs":  [
                                              "Microsoft-Windows-TerminalServices-ClientUSBDevices/Admin",
                                              "Microsoft-Windows-TerminalServices-ClientUSBDevices/Analytic",
                                              "Microsoft-Windows-TerminalServices-ClientUSBDevices/Debug",
                                              "Microsoft-Windows-TerminalServices-ClientUSBDevices/Operational"
                                          ]
                             },
                             {
                                 "name":  "Microsoft-Windows-USB-MAUSBHOST",
                                 "logs":  [
                                              "Microsoft-Windows-USB-MAUSBHOST-Analytic",
                                              "System"
                                          ]
                             },
                             {
                                 "name":  "Microsoft-Windows-USB-UCMUCSICX",
                                 "logs":  [
                                              "Microsoft-Windows-USB-UCMUCSICX/Operational"
                                          ]
                             },
                             {
                                 "name":  "Microsoft-Windows-USB-UCX",
                                 "logs":  [
                                              "Microsoft-Windows-USB-UCX-Analytic"
                                          ]
                             },
                             {
                                 "name":  "Microsoft-Windows-USB-USB4DeviceRouter-EventLogs",
                                 "logs":  [
                                              "System"
                                          ]
                             },
                             {
                                 "name":  "Microsoft-Windows-USB-USBHUB",
                                 "logs":  [
                                              "Microsoft-Windows-USB-USBHUB/Diagnostic"
                                          ]
                             },
                             {
                                 "name":  "Microsoft-Windows-USB-USBHUB3",
                                 "logs":  [
                                              "Microsoft-Windows-USB-USBHUB3-Analytic",
                                              "System"
                                          ]
                             },
                             {
                                 "name":  "Microsoft-Windows-USB-USBPORT",
                                 "logs":  [
                                              "Microsoft-Windows-USB-USBPORT/Diagnostic"
                                          ]
                             },
                             {
                                 "name":  "Microsoft-Windows-USB-USBXHCI",
                                 "logs":  [
                                              "Microsoft-Windows-USB-USBXHCI-Analytic",
                                              "Microsoft-Windows-USB-USBXHCI-Operational",
                                              "Microsoft-Windows-USB-USBXHCI-Trustlet-Analytic",
                                              "System"
                                          ]
                             },
                             {
                                 "name":  "Microsoft-Windows-USBVideo",
                                 "logs":  [
                                              "Microsoft-Windows-USBVideo/Analytic",
                                              "Microsoft-Windows-USBVideo/Operational"
                                          ]
                             },
                             {
                                 "name":  "Microsoft-Windows-UserDataAccess-PimIndexMaintenance",
                                 "logs":  [

                                          ]
                             },
                             {
                                 "name":  "Microsoft-Windows-UserModePowerService",
                                 "logs":  [
                                              "Microsoft-Windows-UserModePowerService/Diagnostic",
                                              "System"
                                          ]
                             },
                             {
                                 "name":  "Microsoft-Windows-WindowsUpdateClient",
                                 "logs":  [
                                              "Microsoft-Windows-WindowsUpdateClient/Analytic",
                                              "Microsoft-Windows-WindowsUpdateClient/Operational",
                                              "System"
                                          ]
                             },
                             {
                                 "name":  "Microsoft-Windows-WWAN-NDISUIO-EVENTS",
                                 "logs":  [
                                              "Microsoft-Windows-WWAN-NDISUIO-EVENTS/Diagnostic"
                                          ]
                             },
                             {
                                 "name":  "NdisImPlatform",
                                 "logs":  [
                                              "System"
                                          ]
                             },
                             {
                                 "name":  "NdisWan",
                                 "logs":  [
                                              "System"
                                          ]
                             },
                             {
                                 "name":  "ndiswanlegacy",
                                 "logs":  [
                                              "System"
                                          ]
                             },
                             {
                                 "name":  "rt640x64",
                                 "logs":  [
                                              "System"
                                          ]
                             },
                             {
                                 "name":  "usbaudio2",
                                 "logs":  [
                                              "System"
                                          ]
                             },
                             {
                                 "name":  "usbehci",
                                 "logs":  [
                                              "System"
                                          ]
                             },
                             {
                                 "name":  "usbperf",
                                 "logs":  [
                                              "Application"
                                          ]
                             },
                             {
                                 "name":  "usbser",
                                 "logs":  [
                                              "System"
                                          ]
                             },
                             {
                                 "name":  "usbvideo",
                                 "logs":  [
                                              "System"
                                          ]
                             }
                         ],
    "log_catalog":  [
                        {
                            "log_name":  "Microsoft-Windows-WindowsUpdateClient/Operational",
                            "enabled":  true,
                            "record_count":  1363,
                            "file_size":  1052672,
                            "maximum_size":  1052672,
                            "mode":  "Circular"
                        },
                        {
                            "log_name":  "Microsoft-Windows-USBVideo/Operational",
                            "enabled":  true,
                            "record_count":  2583,
                            "file_size":  1052672,
                            "maximum_size":  1052672,
                            "mode":  "Circular"
                        },
                        {
                            "log_name":  "Microsoft-Windows-USB-USBXHCI-Operational",
                            "enabled":  true,
                            "record_count":  38,
                            "file_size":  69632,
                            "maximum_size":  1052672,
                            "mode":  "Circular"
                        },
                        {
                            "log_name":  "Microsoft-Windows-USB-UCMUCSICX/Operational",
                            "enabled":  true,
                            "record_count":  0,
                            "file_size":  69632,
                            "maximum_size":  1052672,
                            "mode":  "Circular"
                        },
                        {
                            "log_name":  "Microsoft-Windows-TerminalServices-ClientUSBDevices/Operational",
                            "enabled":  true,
                            "record_count":  0,
                            "file_size":  69632,
                            "maximum_size":  1052672,
                            "mode":  "Circular"
                        },
                        {
                            "log_name":  "Microsoft-Windows-TerminalServices-ClientUSBDevices/Admin",
                            "enabled":  true,
                            "record_count":  0,
                            "file_size":  69632,
                            "maximum_size":  1052672,
                            "mode":  "Circular"
                        },
                        {
                            "log_name":  "Microsoft-Windows-TaskScheduler/Operational",
                            "enabled":  false,
                            "record_count":  0,
                            "file_size":  0,
                            "maximum_size":  10485760,
                            "mode":  "Circular"
                        },
                        {
                            "log_name":  "Microsoft-Windows-TaskScheduler/Maintenance",
                            "enabled":  true,
                            "record_count":  661,
                            "file_size":  1052672,
                            "maximum_size":  1052672,
                            "mode":  "Circular"
                        },
                        {
                            "log_name":  "Microsoft-Windows-NdisImPlatform/Operational",
                            "enabled":  true,
                            "record_count":  0,
                            "file_size":  69632,
                            "maximum_size":  1052672,
                            "mode":  "Circular"
                        },
                        {
                            "log_name":  "Microsoft-Windows-NDIS/Operational",
                            "enabled":  false,
                            "record_count":  0,
                            "file_size":  0,
                            "maximum_size":  1052672,
                            "mode":  "Circular"
                        },
                        {
                            "log_name":  "Microsoft-Windows-Kernel-Power/Thermal-Operational",
                            "enabled":  true,
                            "record_count":  0,
                            "file_size":  69632,
                            "maximum_size":  1052672,
                            "mode":  "Circular"
                        },
                        {
                            "log_name":  "Microsoft-Windows-Kernel-PnP/Driver Watchdog",
                            "enabled":  true,
                            "record_count":  72,
                            "file_size":  69632,
                            "maximum_size":  1052672,
                            "mode":  "Circular"
                        },
                        {
                            "log_name":  "Microsoft-Windows-Kernel-PnP/Device Management",
                            "enabled":  true,
                            "record_count":  1736,
                            "file_size":  1118208,
                            "maximum_size":  5242880,
                            "mode":  "Circular"
                        },
                        {
                            "log_name":  "Microsoft-Windows-Kernel-PnP/Configuration",
                            "enabled":  true,
                            "record_count":  1408,
                            "file_size":  1052672,
                            "maximum_size":  1052672,
                            "mode":  "Circular"
                        }
                    ],
    "system_events":  [
                          {
                              "time_created":  "2026-08-31T20:56:50.8152017-04:00",
                              "time_created_utc":  "2026-09-01T00:56:50.8152017Z",
                              "provider":  "Microsoft-Windows-UserModePowerService",
                              "log_name":  "System",
                              "event_id":  12,
                              "record_id":  46259,
                              "level":  "Information",
                              "task":  "",
                              "opcode":  "Info",
                              "message":  "Process C:\\Windows\\System32\\DriverStore\\FileRepository\\u0196283.inf_amd64_3979d16563294d92\\B025522\\atieclxx.exe (process ID:3800) reset policy scheme from {8c5e7fda-e8bf-4a96-9a85-a6e23a8c635c} to {8c5e7fda-e8bf-4a96-9a85-a6e23a8c635c}",
                              "event_data":  {
                                                 "ProcessPath":  "C:\\Windows\\System32\\DriverStore\\FileRepository\\u0196283.inf_amd64_3979d16563294d92\\B025522\\atieclxx.exe",
                                                 "ProcessPid":  "3800",
                                                 "OldSchemeGuid":  "{8c5e7fda-e8bf-4a96-9a85-a6e23a8c635c}",
                                                 "NewSchemeGuid":  "{8c5e7fda-e8bf-4a96-9a85-a6e23a8c635c}"
                                             }
                          },
                          {
                              "time_created":  "2026-08-31T20:56:43.2410447-04:00",
                              "time_created_utc":  "2026-09-01T00:56:43.2410447Z",
                              "provider":  "BTHUSB",
                              "log_name":  "System",
                              "event_id":  18,
                              "record_id":  46219,
                              "level":  "Information",
                              "task":  "None",
                              "opcode":  "",
                              "message":  "Windows cannot store Bluetooth authentication codes (link keys) on the local adapter. Bluetooth keyboards might not work in the system BIOS during startup.",
                              "event_data":  {
                                                 "index_0":  ""
                                             }
                          },
                          {
                              "time_created":  "2026-08-31T20:56:41.3493834-04:00",
                              "time_created_utc":  "2026-09-01T00:56:41.3493834Z",
                              "provider":  "Microsoft-Windows-Kernel-General",
                              "log_name":  "System",
                              "event_id":  24,
                              "record_id":  46216,
                              "level":  "Information",
                              "task":  "",
                              "opcode":  "Info",
                              "message":  "The time zone information was refreshed with exit reason 0. Current time zone bias is 240.",
                              "event_data":  {
                                                 "ExitReason":  "0",
                                                 "CurrentBias":  "240",
                                                 "CurrentTimeZoneID":  "2",
                                                 "TimeZoneInfoCacheUpdated":  "0",
                                                 "FirstRefresh":  "0"
                                             }
                          },
                          {
                              "time_created":  "2026-08-31T20:56:39.6537700-04:00",
                              "time_created_utc":  "2026-09-01T00:56:39.6537700Z",
                              "provider":  "Microsoft-Windows-Kernel-PnP",
                              "log_name":  "System",
                              "event_id":  219,
                              "record_id":  46176,
                              "level":  "Warning",
                              "task":  "",
                              "opcode":  "Info",
                              "message":  "The driver \\Driver\\WUDFRd failed to load.\r\nDevice: ROOT\\DISPLAY\\0000\r\nStatus: 0xC0000365",
                              "event_data":  {
                                                 "DriverNameLength":  "17",
                                                 "DriverName":  "ROOT\\DISPLAY\\0000",
                                                 "Status":  "3221226341",
                                                 "FailureNameLength":  "14",
                                                 "FailureName":  "\\Driver\\WUDFRd",
                                                 "Version":  "0"
                                             }
                          },
                          {
                              "time_created":  "2026-08-31T20:56:39.6519795-04:00",
                              "time_created_utc":  "2026-09-01T00:56:39.6519795Z",
                              "provider":  "Microsoft-Windows-Kernel-Power",
                              "log_name":  "System",
                              "event_id":  172,
                              "record_id":  46174,
                              "level":  "Information",
                              "task":  "",
                              "opcode":  "Info",
                              "message":  "Connectivity state in standby: Disconnected, Reason: NIC compliance",
                              "event_data":  {
                                                 "State":  "2",
                                                 "Reason":  "6"
                                             }
                          },
                          {
                              "time_created":  "2026-08-31T20:56:33.8640993-04:00",
                              "time_created_utc":  "2026-09-01T00:56:33.8640993Z",
                              "provider":  "Microsoft-Windows-Kernel-General",
                              "log_name":  "System",
                              "event_id":  20,
                              "record_id":  46128,
                              "level":  "Information",
                              "task":  "",
                              "opcode":  "Info",
                              "message":  "The leap second configuration has been updated.\r\nReason: Leap second data initialized from registry during boot\r\nLeap seconds enabled: true\r\nNew leap second count: 0\r\nOld leap second count: 0",
                              "event_data":  {
                                                 "UpdateReason":  "0",
                                                 "EnabledNew":  "true",
                                                 "CountNew":  "0",
                                                 "CountOld":  "0"
                                             }
                          },
                          {
                              "time_created":  "2026-08-31T20:56:33.8616812-04:00",
                              "time_created_utc":  "2026-09-01T00:56:33.8616812Z",
                              "provider":  "Microsoft-Windows-Kernel-General",
                              "log_name":  "System",
                              "event_id":  25,
                              "record_id":  46119,
                              "level":  "Information",
                              "task":  "",
                              "opcode":  "Info",
                              "message":  "The system time was initialized to ‎2026‎-‎09‎-‎01T00:56:33.500000000Z. \r\n\r\nLoader time: ‎2026‎-‎09‎-‎01T00:56:32.000000000Z\r\nInternal boot flags: 0x2\r\nHAL RTC error code: 0x0\r\nRTC time is in UTC: false\r\nSoft boot: false\r\nSuccess: true\r\nPhase: 0",
                              "event_data":  {
                                                 "SystemTime":  "2026-09-01T00:56:33.5000000Z",
                                                 "LoaderTime":  "2026-09-01T00:56:32.0000000Z",
                                                 "InternalBootFlags":  "2",
                                                 "HalRtcErrorCode":  "0",
                                                 "RealTimeIsUniversal":  "false",
                                                 "IsSoftBoot":  "false",
                                                 "Success":  "true",
                                                 "Phase":  "0"
                                             }
                          },
                          {
                              "time_created":  "2026-08-31T20:56:33.8616804-04:00",
                              "time_created_utc":  "2026-09-01T00:56:33.8616804Z",
                              "provider":  "Microsoft-Windows-Kernel-General",
                              "log_name":  "System",
                              "event_id":  12,
                              "record_id":  46118,
                              "level":  "Information",
                              "task":  "",
                              "opcode":  "Info",
                              "message":  "The operating system started at system time ‎2026‎-‎09‎-‎01T00:56:33.500000000Z.",
                              "event_data":  {
                                                 "MajorVersion":  "10",
                                                 "MinorVersion":  "0",
                                                 "BuildVersion":  "26100",
                                                 "QfeVersion":  "9168",
                                                 "ServiceVersion":  "0",
                                                 "BootMode":  "0",
                                                 "StartTime":  "2026-09-01T00:56:33.5000000Z"
                                             }
                          },
                          {
                              "time_created":  "2026-08-31T20:40:27.4960643-04:00",
                              "time_created_utc":  "2026-09-01T00:40:27.4960643Z",
                              "provider":  "Microsoft-Windows-Kernel-General",
                              "log_name":  "System",
                              "event_id":  13,
                              "record_id":  46117,
                              "level":  "Information",
                              "task":  "",
                              "opcode":  "Info",
                              "message":  "The operating system is shutting down at system time ‎2026‎-‎09‎-‎01T00:40:27.496063500Z.",
                              "event_data":  {
                                                 "StopTime":  "2026-09-01T00:40:27.4960635Z"
                                             }
                          },
                          {
                              "time_created":  "2026-08-31T20:40:27.3799283-04:00",
                              "time_created_utc":  "2026-09-01T00:40:27.3799283Z",
                              "provider":  "Microsoft-Windows-Kernel-Power",
                              "log_name":  "System",
                              "event_id":  577,
                              "record_id":  46116,
                              "level":  "Information",
                              "task":  "",
                              "opcode":  "Info",
                              "message":  "The system has prepared for a system initiated reboot from Active.",
                              "event_data":  {
                                                 "AdaptiveTargetState":  "0",
                                                 "IsUnattended":  "false",
                                                 "Status":  "279"
                                             }
                          },
                          {
                              "time_created":  "2026-08-31T20:40:25.2326461-04:00",
                              "time_created_utc":  "2026-09-01T00:40:25.2326461Z",
                              "provider":  "Microsoft-Windows-Kernel-Power",
                              "log_name":  "System",
                              "event_id":  109,
                              "record_id":  46115,
                              "level":  "Information",
                              "task":  "",
                              "opcode":  "Info",
                              "message":  "The kernel power manager has initiated a shutdown transition.\r\n\r\nAction: Power Action Shutdown \r\nEvent Code: 0x0 \r\nReason: Kernel API",
                              "event_data":  {
                                                 "ShutdownActionType":  "4",
                                                 "ShutdownEventCode":  "0",
                                                 "ShutdownReason":  "5"
                                             }
                          },
                          {
                              "time_created":  "2026-08-31T20:35:36.3899659-04:00",
                              "time_created_utc":  "2026-09-01T00:35:36.3899659Z",
                              "provider":  "Microsoft-Windows-UserModePowerService",
                              "log_name":  "System",
                              "event_id":  12,
                              "record_id":  46066,
                              "level":  "Information",
                              "task":  "",
                              "opcode":  "Info",
                              "message":  "Process C:\\Windows\\System32\\DriverStore\\FileRepository\\u0196283.inf_amd64_3979d16563294d92\\B025522\\atieclxx.exe (process ID:3392) reset policy scheme from {8c5e7fda-e8bf-4a96-9a85-a6e23a8c635c} to {8c5e7fda-e8bf-4a96-9a85-a6e23a8c635c}",
                              "event_data":  {
                                                 "ProcessPath":  "C:\\Windows\\System32\\DriverStore\\FileRepository\\u0196283.inf_amd64_3979d16563294d92\\B025522\\atieclxx.exe",
                                                 "ProcessPid":  "3392",
                                                 "OldSchemeGuid":  "{8c5e7fda-e8bf-4a96-9a85-a6e23a8c635c}",
                                                 "NewSchemeGuid":  "{8c5e7fda-e8bf-4a96-9a85-a6e23a8c635c}"
                                             }
                          },
                          {
                              "time_created":  "2026-08-31T20:35:29.1334901-04:00",
                              "time_created_utc":  "2026-09-01T00:35:29.1334901Z",
                              "provider":  "BTHUSB",
                              "log_name":  "System",
                              "event_id":  18,
                              "record_id":  46027,
                              "level":  "Information",
                              "task":  "None",
                              "opcode":  "",
                              "message":  "Windows cannot store Bluetooth authentication codes (link keys) on the local adapter. Bluetooth keyboards might not work in the system BIOS during startup.",
                              "event_data":  {
                                                 "index_0":  ""
                                             }
                          },
                          {
                              "time_created":  "2026-08-31T20:35:27.2038036-04:00",
                              "time_created_utc":  "2026-09-01T00:35:27.2038036Z",
                              "provider":  "Microsoft-Windows-Kernel-General",
                              "log_name":  "System",
                              "event_id":  24,
                              "record_id":  46024,
                              "level":  "Information",
                              "task":  "",
                              "opcode":  "Info",
                              "message":  "The time zone information was refreshed with exit reason 0. Current time zone bias is 240.",
                              "event_data":  {
                                                 "ExitReason":  "0",
                                                 "CurrentBias":  "240",
                                                 "CurrentTimeZoneID":  "2",
                                                 "TimeZoneInfoCacheUpdated":  "0",
                                                 "FirstRefresh":  "0"
                                             }
                          },
                          {
                              "time_created":  "2026-08-31T20:35:25.5967585-04:00",
                              "time_created_utc":  "2026-09-01T00:35:25.5967585Z",
                              "provider":  "Microsoft-Windows-Kernel-PnP",
                              "log_name":  "System",
                              "event_id":  219,
                              "record_id":  45984,
                              "level":  "Warning",
                              "task":  "",
                              "opcode":  "Info",
                              "message":  "The driver \\Driver\\WUDFRd failed to load.\r\nDevice: ROOT\\DISPLAY\\0000\r\nStatus: 0xC0000365",
                              "event_data":  {
                                                 "DriverNameLength":  "17",
                                                 "DriverName":  "ROOT\\DISPLAY\\0000",
                                                 "Status":  "3221226341",
                                                 "FailureNameLength":  "14",
                                                 "FailureName":  "\\Driver\\WUDFRd",
                                                 "Version":  "0"
                                             }
                          },
                          {
                              "time_created":  "2026-08-31T20:35:25.5950420-04:00",
                              "time_created_utc":  "2026-09-01T00:35:25.5950420Z",
                              "provider":  "Microsoft-Windows-Kernel-Power",
                              "log_name":  "System",
                              "event_id":  172,
                              "record_id":  45982,
                              "level":  "Information",
                              "task":  "",
                              "opcode":  "Info",
                              "message":  "Connectivity state in standby: Disconnected, Reason: NIC compliance",
                              "event_data":  {
                                                 "State":  "2",
                                                 "Reason":  "6"
                                             }
                          },
                          {
                              "time_created":  "2026-08-31T20:35:19.8649601-04:00",
                              "time_created_utc":  "2026-09-01T00:35:19.8649601Z",
                              "provider":  "Microsoft-Windows-Kernel-General",
                              "log_name":  "System",
                              "event_id":  20,
                              "record_id":  45936,
                              "level":  "Information",
                              "task":  "",
                              "opcode":  "Info",
                              "message":  "The leap second configuration has been updated.\r\nReason: Leap second data initialized from registry during boot\r\nLeap seconds enabled: true\r\nNew leap second count: 0\r\nOld leap second count: 0",
                              "event_data":  {
                                                 "UpdateReason":  "0",
                                                 "EnabledNew":  "true",
                                                 "CountNew":  "0",
                                                 "CountOld":  "0"
                                             }
                          },
                          {
                              "time_created":  "2026-08-31T20:35:19.8626055-04:00",
                              "time_created_utc":  "2026-09-01T00:35:19.8626055Z",
                              "provider":  "Microsoft-Windows-Kernel-General",
                              "log_name":  "System",
                              "event_id":  25,
                              "record_id":  45927,
                              "level":  "Information",
                              "task":  "",
                              "opcode":  "Info",
                              "message":  "The system time was initialized to ‎2026‎-‎09‎-‎01T00:35:19.500000000Z. \r\n\r\nLoader time: ‎2026‎-‎09‎-‎01T00:35:18.000000000Z\r\nInternal boot flags: 0x2\r\nHAL RTC error code: 0x0\r\nRTC time is in UTC: false\r\nSoft boot: false\r\nSuccess: true\r\nPhase: 0",
                              "event_data":  {
                                                 "SystemTime":  "2026-09-01T00:35:19.5000000Z",
                                                 "LoaderTime":  "2026-09-01T00:35:18.0000000Z",
                                                 "InternalBootFlags":  "2",
                                                 "HalRtcErrorCode":  "0",
                                                 "RealTimeIsUniversal":  "false",
                                                 "IsSoftBoot":  "false",
                                                 "Success":  "true",
                                                 "Phase":  "0"
                                             }
                          },
                          {
                              "time_created":  "2026-08-31T20:35:19.8626046-04:00",
                              "time_created_utc":  "2026-09-01T00:35:19.8626046Z",
                              "provider":  "Microsoft-Windows-Kernel-General",
                              "log_name":  "System",
                              "event_id":  12,
                              "record_id":  45926,
                              "level":  "Information",
                              "task":  "",
                              "opcode":  "Info",
                              "message":  "The operating system started at system time ‎2026‎-‎09‎-‎01T00:35:19.500000000Z.",
                              "event_data":  {
                                                 "MajorVersion":  "10",
                                                 "MinorVersion":  "0",
                                                 "BuildVersion":  "26100",
                                                 "QfeVersion":  "9168",
                                                 "ServiceVersion":  "0",
                                                 "BootMode":  "0",
                                                 "StartTime":  "2026-09-01T00:35:19.5000000Z"
                                             }
                          },
                          {
                              "time_created":  "2026-08-31T20:33:30.4891863-04:00",
                              "time_created_utc":  "2026-09-01T00:33:30.4891863Z",
                              "provider":  "Microsoft-Windows-Kernel-General",
                              "log_name":  "System",
                              "event_id":  13,
                              "record_id":  45925,
                              "level":  "Information",
                              "task":  "",
                              "opcode":  "Info",
                              "message":  "The operating system is shutting down at system time ‎2026‎-‎09‎-‎01T00:33:30.489185300Z.",
                              "event_data":  {
                                                 "StopTime":  "2026-09-01T00:33:30.4891853Z"
                                             }
                          },
                          {
                              "time_created":  "2026-08-31T20:33:30.2751879-04:00",
                              "time_created_utc":  "2026-09-01T00:33:30.2751879Z",
                              "provider":  "Microsoft-Windows-Kernel-Power",
                              "log_name":  "System",
                              "event_id":  577,
                              "record_id":  45924,
                              "level":  "Information",
                              "task":  "",
                              "opcode":  "Info",
                              "message":  "The system has prepared for a system initiated reboot from Active.",
                              "event_data":  {
                                                 "AdaptiveTargetState":  "0",
                                                 "IsUnattended":  "false",
                                                 "Status":  "279"
                                             }
                          },
                          {
                              "time_created":  "2026-08-31T20:33:27.9898077-04:00",
                              "time_created_utc":  "2026-09-01T00:33:27.9898077Z",
                              "provider":  "Microsoft-Windows-Kernel-Power",
                              "log_name":  "System",
                              "event_id":  109,
                              "record_id":  45923,
                              "level":  "Information",
                              "task":  "",
                              "opcode":  "Info",
                              "message":  "The kernel power manager has initiated a shutdown transition.\r\n\r\nAction: Power Action Shutdown \r\nEvent Code: 0x0 \r\nReason: Kernel API",
                              "event_data":  {
                                                 "ShutdownActionType":  "4",
                                                 "ShutdownEventCode":  "0",
                                                 "ShutdownReason":  "5"
                                             }
                          },
                          {
                              "time_created":  "2026-08-31T20:31:03.1212437-04:00",
                              "time_created_utc":  "2026-09-01T00:31:03.1212437Z",
                              "provider":  "Microsoft-Windows-UserModePowerService",
                              "log_name":  "System",
                              "event_id":  12,
                              "record_id":  45875,
                              "level":  "Information",
                              "task":  "",
                              "opcode":  "Info",
                              "message":  "Process C:\\Windows\\System32\\DriverStore\\FileRepository\\u0196283.inf_amd64_3979d16563294d92\\B025522\\atieclxx.exe (process ID:3184) reset policy scheme from {8c5e7fda-e8bf-4a96-9a85-a6e23a8c635c} to {8c5e7fda-e8bf-4a96-9a85-a6e23a8c635c}",
                              "event_data":  {
                                                 "ProcessPath":  "C:\\Windows\\System32\\DriverStore\\FileRepository\\u0196283.inf_amd64_3979d16563294d92\\B025522\\atieclxx.exe",
                                                 "ProcessPid":  "3184",
                                                 "OldSchemeGuid":  "{8c5e7fda-e8bf-4a96-9a85-a6e23a8c635c}",
                                                 "NewSchemeGuid":  "{8c5e7fda-e8bf-4a96-9a85-a6e23a8c635c}"
                                             }
                          },
                          {
                              "time_created":  "2026-08-31T20:30:56.1932997-04:00",
                              "time_created_utc":  "2026-09-01T00:30:56.1932997Z",
                              "provider":  "BTHUSB",
                              "log_name":  "System",
                              "event_id":  18,
                              "record_id":  45836,
                              "level":  "Information",
                              "task":  "None",
                              "opcode":  "",
                              "message":  "Windows cannot store Bluetooth authentication codes (link keys) on the local adapter. Bluetooth keyboards might not work in the system BIOS during startup.",
                              "event_data":  {
                                                 "index_0":  ""
                                             }
                          },
