                          {
                              "time_created":  "2026-08-31T20:30:54.2560278-04:00",
                              "time_created_utc":  "2026-09-01T00:30:54.2560278Z",
                              "provider":  "Microsoft-Windows-Kernel-General",
                              "log_name":  "System",
                              "event_id":  24,
                              "record_id":  45833,
                              "level":  "Information",
                              "task":  "",
                              "opcode":  "Info",
                              "message":  "The time zone information was refreshed with exit reason 0. Current time zone bias is 240.",
                              "event_data":  {
                                                 "ExitReason":  "0",
                                                 "CurrentBias":  "240",
                                                 "CurrentTimeZoneID":  "2",
                                                 "TimeZoneInfoCacheUpdated":  "0",
                                                 "FirstRefresh":  "0"
                                             }
                          },
                          {
                              "time_created":  "2026-08-31T20:30:52.6386116-04:00",
                              "time_created_utc":  "2026-09-01T00:30:52.6386116Z",
                              "provider":  "Microsoft-Windows-Kernel-PnP",
                              "log_name":  "System",
                              "event_id":  219,
                              "record_id":  45793,
                              "level":  "Warning",
                              "task":  "",
                              "opcode":  "Info",
                              "message":  "The driver \\Driver\\WUDFRd failed to load.\r\nDevice: ROOT\\DISPLAY\\0000\r\nStatus: 0xC0000365",
                              "event_data":  {
                                                 "DriverNameLength":  "17",
                                                 "DriverName":  "ROOT\\DISPLAY\\0000",
                                                 "Status":  "3221226341",
                                                 "FailureNameLength":  "14",
                                                 "FailureName":  "\\Driver\\WUDFRd",
                                                 "Version":  "0"
                                             }
                          },
                          {
                              "time_created":  "2026-08-31T20:30:52.6368066-04:00",
                              "time_created_utc":  "2026-09-01T00:30:52.6368066Z",
                              "provider":  "Microsoft-Windows-Kernel-Power",
                              "log_name":  "System",
                              "event_id":  172,
                              "record_id":  45791,
                              "level":  "Information",
                              "task":  "",
                              "opcode":  "Info",
                              "message":  "Connectivity state in standby: Disconnected, Reason: NIC compliance",
                              "event_data":  {
                                                 "State":  "2",
                                                 "Reason":  "6"
                                             }
                          },
                          {
                              "time_created":  "2026-08-31T20:30:46.8662156-04:00",
                              "time_created_utc":  "2026-09-01T00:30:46.8662156Z",
                              "provider":  "Microsoft-Windows-Kernel-General",
                              "log_name":  "System",
                              "event_id":  20,
                              "record_id":  45745,
                              "level":  "Information",
                              "task":  "",
                              "opcode":  "Info",
                              "message":  "The leap second configuration has been updated.\r\nReason: Leap second data initialized from registry during boot\r\nLeap seconds enabled: true\r\nNew leap second count: 0\r\nOld leap second count: 0",
                              "event_data":  {
                                                 "UpdateReason":  "0",
                                                 "EnabledNew":  "true",
                                                 "CountNew":  "0",
                                                 "CountOld":  "0"
                                             }
                          },
                          {
                              "time_created":  "2026-08-31T20:30:46.8634140-04:00",
                              "time_created_utc":  "2026-09-01T00:30:46.8634140Z",
                              "provider":  "Microsoft-Windows-Kernel-General",
                              "log_name":  "System",
                              "event_id":  25,
                              "record_id":  45736,
                              "level":  "Information",
                              "task":  "",
                              "opcode":  "Info",
                              "message":  "The system time was initialized to ‎2026‎-‎09‎-‎01T00:30:46.500000000Z. \r\n\r\nLoader time: ‎2026‎-‎09‎-‎01T00:30:45.000000000Z\r\nInternal boot flags: 0x2\r\nHAL RTC error code: 0x0\r\nRTC time is in UTC: false\r\nSoft boot: false\r\nSuccess: true\r\nPhase: 0",
                              "event_data":  {
                                                 "SystemTime":  "2026-09-01T00:30:46.5000000Z",
                                                 "LoaderTime":  "2026-09-01T00:30:45.0000000Z",
                                                 "InternalBootFlags":  "2",
                                                 "HalRtcErrorCode":  "0",
                                                 "RealTimeIsUniversal":  "false",
                                                 "IsSoftBoot":  "false",
                                                 "Success":  "true",
                                                 "Phase":  "0"
                                             }
                          },
                          {
                              "time_created":  "2026-08-31T20:30:46.8634130-04:00",
                              "time_created_utc":  "2026-09-01T00:30:46.8634130Z",
                              "provider":  "Microsoft-Windows-Kernel-General",
                              "log_name":  "System",
                              "event_id":  12,
                              "record_id":  45735,
                              "level":  "Information",
                              "task":  "",
                              "opcode":  "Info",
                              "message":  "The operating system started at system time ‎2026‎-‎09‎-‎01T00:30:46.500000000Z.",
                              "event_data":  {
                                                 "MajorVersion":  "10",
                                                 "MinorVersion":  "0",
                                                 "BuildVersion":  "26100",
                                                 "QfeVersion":  "9168",
                                                 "ServiceVersion":  "0",
                                                 "BootMode":  "0",
                                                 "StartTime":  "2026-09-01T00:30:46.5000000Z"
                                             }
                          },
                          {
                              "time_created":  "2026-08-31T20:29:24.3246452-04:00",
                              "time_created_utc":  "2026-09-01T00:29:24.3246452Z",
                              "provider":  "Microsoft-Windows-Kernel-General",
                              "log_name":  "System",
                              "event_id":  13,
                              "record_id":  45734,
                              "level":  "Information",
                              "task":  "",
                              "opcode":  "Info",
                              "message":  "The operating system is shutting down at system time ‎2026‎-‎09‎-‎01T00:29:24.324644400Z.",
                              "event_data":  {
                                                 "StopTime":  "2026-09-01T00:29:24.3246444Z"
                                             }
                          },
                          {
                              "time_created":  "2026-08-31T20:29:24.1832560-04:00",
                              "time_created_utc":  "2026-09-01T00:29:24.1832560Z",
                              "provider":  "Microsoft-Windows-Kernel-Power",
                              "log_name":  "System",
                              "event_id":  577,
                              "record_id":  45733,
                              "level":  "Information",
                              "task":  "",
                              "opcode":  "Info",
                              "message":  "The system has prepared for a system initiated reboot from Active.",
                              "event_data":  {
                                                 "AdaptiveTargetState":  "0",
                                                 "IsUnattended":  "false",
                                                 "Status":  "279"
                                             }
                          },
                          {
                              "time_created":  "2026-08-31T20:29:22.0915031-04:00",
                              "time_created_utc":  "2026-09-01T00:29:22.0915031Z",
                              "provider":  "Microsoft-Windows-Kernel-Power",
                              "log_name":  "System",
                              "event_id":  109,
                              "record_id":  45727,
                              "level":  "Information",
                              "task":  "",
                              "opcode":  "Info",
                              "message":  "The kernel power manager has initiated a shutdown transition.\r\n\r\nAction: Power Action Reboot \r\nEvent Code: 0x0 \r\nReason: Kernel API",
                              "event_data":  {
                                                 "ShutdownActionType":  "5",
                                                 "ShutdownEventCode":  "0",
                                                 "ShutdownReason":  "5"
                                             }
                          },
                          {
                              "time_created":  "2026-08-31T20:26:57.8951283-04:00",
                              "time_created_utc":  "2026-09-01T00:26:57.8951283Z",
                              "provider":  "Microsoft-Windows-Power-Troubleshooter",
                              "log_name":  "System",
                              "event_id":  1,
                              "record_id":  45702,
                              "level":  "Information",
                              "task":  "",
                              "opcode":  "Info",
                              "message":  "The system has returned from a low power state.\r\n\r\nSleep Time: ‎2026‎-‎09‎-‎01T00:26:37.032459900Z\r\nWake Time: ‎2026‎-‎09‎-‎01T00:26:56.992852300Z\r\n\r\nWake Source: Unknown",
                              "event_data":  {
                                                 "SleepTime":  "2026-09-01T00:26:37.0324599Z",
                                                 "WakeTime":  "2026-09-01T00:26:56.9928523Z",
                                                 "SleepDuration":  "1679",
                                                 "WakeDuration":  "4492",
                                                 "DriverInitDuration":  "4371",
                                                 "BiosInitDuration":  "4163",
                                                 "HiberWriteDuration":  "1491",
                                                 "HiberReadDuration":  "0",
                                                 "HiberPagesWritten":  "530913",
                                                 "Attributes":  "1979728129",
                                                 "TargetState":  "4",
                                                 "EffectiveState":  "5",
                                                 "WakeSourceType":  "0",
                                                 "WakeSourceTextLength":  "0",
                                                 "WakeSourceText":  "",
                                                 "WakeTimerOwnerLength":  "0",
                                                 "WakeTimerContextLength":  "0",
                                                 "NoMultiStageResumeReason":  "0",
                                                 "WakeTimerOwner":  "",
                                                 "WakeTimerContext":  "",
                                                 "CheckpointDuration":  "108"
                                             }
                          },
                          {
                              "time_created":  "2026-08-31T20:26:57.0037422-04:00",
                              "time_created_utc":  "2026-09-01T00:26:57.0037422Z",
                              "provider":  "Microsoft-Windows-Kernel-Power",
                              "log_name":  "System",
                              "event_id":  566,
                              "record_id":  45701,
                              "level":  "Information",
                              "task":  "",
                              "opcode":  "Info",
                              "message":  "The system session has transitioned from 2 to 4.\r\n\r\nReason Unknown \r\n\r\nBootId: 205",
                              "event_data":  {
                                                 "BootId":  "205",
                                                 "Reason":  "1",
                                                 "PreviousSessionId":  "2",
                                                 "PreviousSessionType":  "1",
                                                 "PreviousSessionDurationInUs":  "130791",
                                                 "PreviousEnergyCapacityAtStart":  "0",
                                                 "PreviousFullEnergyCapacityAtStart":  "0",
                                                 "PreviousEnergyCapacityAtEnd":  "0",
                                                 "PreviousFullEnergyCapacityAtEnd":  "0",
                                                 "NextSessionId":  "4",
                                                 "NextSessionType":  "0",
                                                 "PowerStateAc":  "true",
                                                 "MonitorReason":  "1"
                                             }
                          },
                          {
                              "time_created":  "2026-08-31T20:26:56.8727242-04:00",
                              "time_created_utc":  "2026-09-01T00:26:56.8727242Z",
                              "provider":  "Microsoft-Windows-Kernel-Power",
                              "log_name":  "System",
                              "event_id":  566,
                              "record_id":  45700,
                              "level":  "Information",
                              "task":  "",
                              "opcode":  "Info",
                              "message":  "The system session has transitioned from 1 to 2.\r\n\r\nReason SxTransition \r\n\r\nBootId: 205",
                              "event_data":  {
                                                 "BootId":  "205",
                                                 "Reason":  "20",
                                                 "PreviousSessionId":  "1",
                                                 "PreviousSessionType":  "3",
                                                 "PreviousSessionDurationInUs":  "19840125",
                                                 "PreviousEnergyCapacityAtStart":  "0",
                                                 "PreviousFullEnergyCapacityAtStart":  "0",
                                                 "PreviousEnergyCapacityAtEnd":  "0",
                                                 "PreviousFullEnergyCapacityAtEnd":  "0",
                                                 "NextSessionId":  "2",
                                                 "NextSessionType":  "1",
                                                 "PowerStateAc":  "true",
                                                 "MonitorReason":  "20"
                                             }
                          },
                          {
                              "time_created":  "2026-08-31T20:26:54.8130460-04:00",
                              "time_created_utc":  "2026-09-01T00:26:54.8130460Z",
                              "provider":  "BTHUSB",
                              "log_name":  "System",
                              "event_id":  18,
                              "record_id":  45699,
                              "level":  "Information",
                              "task":  "None",
                              "opcode":  "",
                              "message":  "Windows cannot store Bluetooth authentication codes (link keys) on the local adapter. Bluetooth keyboards might not work in the system BIOS during startup.",
                              "event_data":  {
                                                 "index_0":  ""
                                             }
                          },
                          {
                              "time_created":  "2026-08-31T20:26:52.5002572-04:00",
                              "time_created_utc":  "2026-09-01T00:26:52.5002572Z",
                              "provider":  "Microsoft-Windows-Kernel-Power",
                              "log_name":  "System",
                              "event_id":  130,
                              "record_id":  45696,
                              "level":  "Information",
                              "task":  "",
                              "opcode":  "Info",
                              "message":  "Firmware S3 times. SuspendStart: 1185125, SuspendEnd: 1185126",
                              "event_data":  {
                                                 "SuspendStart":  "1185125",
                                                 "SuspendEnd":  "1185126"
                                             }
                          },
                          {
                              "time_created":  "2026-08-31T20:26:52.5002567-04:00",
                              "time_created_utc":  "2026-09-01T00:26:52.5002567Z",
                              "provider":  "Microsoft-Windows-Kernel-Power",
                              "log_name":  "System",
                              "event_id":  131,
                              "record_id":  45695,
                              "level":  "Information",
                              "task":  "",
                              "opcode":  "Info",
                              "message":  "Firmware S3 times. ResumeCount: 1, FullResume: 3940, AverageResume: 3940",
                              "event_data":  {
                                                 "ResumeCount":  "1",
                                                 "FullResume":  "3940",
                                                 "AverageResume":  "3940"
                                             }
                          },
                          {
                              "time_created":  "2026-08-31T20:26:52.5002446-04:00",
                              "time_created_utc":  "2026-09-01T00:26:52.5002446Z",
                              "provider":  "Microsoft-Windows-Kernel-General",
                              "log_name":  "System",
                              "event_id":  1,
                              "record_id":  45694,
                              "level":  "Information",
                              "task":  "",
                              "opcode":  "Info",
                              "message":  "The system time has changed to ‎2026‎-‎09‎-‎01T00:26:52.500000000Z from ‎2026‎-‎09‎-‎01T00:26:41.229347800Z.\r\nTime Delta: 11270 ms\r\n\r\nChange Reason: System time synchronized with the hardware clock.\r\nProcess: \u0027\u0027 (PID 4).\r\n\r\nRTC time: ‎2026‎-‎08‎-‎31T20:26:52.500000000Z\r\nCurrent time zone bias: 240\r\nRTC time is in UTC: false\r\nSystem time was based on RTC time: false",
                              "event_data":  {
                                                 "NewTime":  "2026-09-01T00:26:52.5000000Z",
                                                 "OldTime":  "2026-09-01T00:26:41.2293478Z",
                                                 "TimeDeltaInMs":  "11270",
                                                 "Reason":  "2",
                                                 "ProcessName":  "",
                                                 "ProcessID":  "4",
                                                 "CmosTime":  "2026-08-31T20:26:52.5000000Z",
                                                 "TimeZoneBias":  "240",
                                                 "RealTimeIsUniversal":  "false",
                                                 "SystemInCmosMode":  "false"
                                             }
                          },
                          {
                              "time_created":  "2026-08-31T20:26:41.2296070-04:00",
                              "time_created_utc":  "2026-09-01T00:26:41.2296070Z",
                              "provider":  "Microsoft-Windows-Kernel-Power",
                              "log_name":  "System",
                              "event_id":  107,
                              "record_id":  45693,
                              "level":  "Information",
                              "task":  "",
                              "opcode":  "Info",
                              "message":  "The system has resumed from sleep.",
                              "event_data":  {
                                                 "TargetState":  "4",
                                                 "EffectiveState":  "5",
                                                 "WakeFromState":  "4",
                                                 "ProgrammedWakeTimeAc":  "1601-01-01T00:00:00.0000000Z",
                                                 "ProgrammedWakeTimeDc":  "1601-01-01T00:00:00.0000000Z",
                                                 "WakeRequesterTypeAc":  "0",
                                                 "WakeRequesterTypeDc":  "0"
                                             }
                          },
                          {
                              "time_created":  "2026-08-31T20:26:37.9127439-04:00",
                              "time_created_utc":  "2026-09-01T00:26:37.9127439Z",
                              "provider":  "Microsoft-Windows-Kernel-Power",
                              "log_name":  "System",
                              "event_id":  42,
                              "record_id":  45689,
                              "level":  "Information",
                              "task":  "",
                              "opcode":  "Info",
                              "message":  "The system is entering sleep.\r\n\r\nSleep Reason: Application API",
                              "event_data":  {
                                                 "TargetState":  "4",
                                                 "EffectiveState":  "5",
                                                 "Reason":  "4",
                                                 "Flags":  "0",
                                                 "TransitionsToOn":  "1"
                                             }
                          },
                          {
                              "time_created":  "2026-08-31T20:26:37.6971263-04:00",
                              "time_created_utc":  "2026-09-01T00:26:37.6971263Z",
                              "provider":  "Microsoft-Windows-Kernel-General",
                              "log_name":  "System",
                              "event_id":  16,
                              "record_id":  45688,
                              "level":  "Information",
                              "task":  "",
                              "opcode":  "Info",
                              "message":  "The access history in hive \\??\\C:\\Users\\Daniel\\AppData\\Local\\Packages\\Microsoft.Windows.ContentDeliveryManager_cw5n1h2txyewy\\Settings\\settings.dat was cleared updating 461 keys and creating 37 modified pages.",
                              "event_data":  {
                                                 "HiveNameLength":  "119",
                                                 "HiveName":  "\\??\\C:\\Users\\Daniel\\AppData\\Local\\Packages\\Microsoft.Windows.ContentDeliveryManager_cw5n1h2txyewy\\Settings\\settings.dat",
                                                 "KeysUpdated":  "461",
                                                 "DirtyPages":  "37"
                                             }
                          },
                          {
                              "time_created":  "2026-08-31T20:26:37.6521497-04:00",
                              "time_created_utc":  "2026-09-01T00:26:37.6521497Z",
                              "provider":  "Microsoft-Windows-Kernel-General",
                              "log_name":  "System",
                              "event_id":  16,
                              "record_id":  45687,
                              "level":  "Information",
                              "task":  "",
                              "opcode":  "Info",
                              "message":  "The access history in hive \\??\\C:\\Users\\Daniel\\AppData\\Local\\Packages\\MicrosoftWindows.Client.WebExperience_cw5n1h2txyewy\\Settings\\settings.dat was cleared updating 6 keys and creating 1 modified pages.",
                              "event_data":  {
                                                 "HiveNameLength":  "116",
                                                 "HiveName":  "\\??\\C:\\Users\\Daniel\\AppData\\Local\\Packages\\MicrosoftWindows.Client.WebExperience_cw5n1h2txyewy\\Settings\\settings.dat",
                                                 "KeysUpdated":  "6",
                                                 "DirtyPages":  "1"
                                             }
                          },
                          {
                              "time_created":  "2026-08-31T20:26:37.3683787-04:00",
                              "time_created_utc":  "2026-09-01T00:26:37.3683787Z",
                              "provider":  "Microsoft-Windows-Kernel-General",
                              "log_name":  "System",
                              "event_id":  16,
                              "record_id":  45686,
                              "level":  "Information",
                              "task":  "",
                              "opcode":  "Info",
                              "message":  "The access history in hive \\??\\C:\\ProgramData\\Packages\\Microsoft.WidgetsPlatformRuntime_8wekyb3d8bbwe\\S-1-5-21-2124357560-3435360735-3559141877-1001\\SystemAppData\\Helium\\Cache\\2885a5535f1228d9_COM15.dat was cleared updating 1 keys and creating 1 modified pages.",
                              "event_data":  {
                                                 "HiveNameLength":  "175",
                                                 "HiveName":  "\\??\\C:\\ProgramData\\Packages\\Microsoft.WidgetsPlatformRuntime_8wekyb3d8bbwe\\S-1-5-21-2124357560-3435360735-3559141877-1001\\SystemAppData\\Helium\\Cache\\2885a5535f1228d9_COM15.dat",
                                                 "KeysUpdated":  "1",
                                                 "DirtyPages":  "1"
                                             }
                          },
                          {
                              "time_created":  "2026-08-31T20:26:37.3646793-04:00",
                              "time_created_utc":  "2026-09-01T00:26:37.3646793Z",
                              "provider":  "Microsoft-Windows-Kernel-General",
                              "log_name":  "System",
                              "event_id":  16,
                              "record_id":  45685,
                              "level":  "Information",
                              "task":  "",
                              "opcode":  "Info",
                              "message":  "The access history in hive \\??\\C:\\Users\\Daniel\\AppData\\Local\\Packages\\Microsoft.WidgetsPlatformRuntime_8wekyb3d8bbwe\\SystemAppData\\Helium\\UserClasses.dat was cleared updating 15 keys and creating 7 modified pages.",
                              "event_data":  {
                                                 "HiveNameLength":  "126",
                                                 "HiveName":  "\\??\\C:\\Users\\Daniel\\AppData\\Local\\Packages\\Microsoft.WidgetsPlatformRuntime_8wekyb3d8bbwe\\SystemAppData\\Helium\\UserClasses.dat",
                                                 "KeysUpdated":  "15",
                                                 "DirtyPages":  "7"
                                             }
                          },
                          {
                              "time_created":  "2026-08-31T20:26:37.3602407-04:00",
                              "time_created_utc":  "2026-09-01T00:26:37.3602407Z",
                              "provider":  "Microsoft-Windows-Kernel-General",
                              "log_name":  "System",
                              "event_id":  16,
                              "record_id":  45684,
                              "level":  "Information",
                              "task":  "",
                              "opcode":  "Info",
                              "message":  "The access history in hive \\??\\C:\\Users\\Daniel\\AppData\\Local\\Packages\\Microsoft.WidgetsPlatformRuntime_8wekyb3d8bbwe\\SystemAppData\\Helium\\User.dat was cleared updating 1 keys and creating 1 modified pages.",
                              "event_data":  {
                                                 "HiveNameLength":  "119",
                                                 "HiveName":  "\\??\\C:\\Users\\Daniel\\AppData\\Local\\Packages\\Microsoft.WidgetsPlatformRuntime_8wekyb3d8bbwe\\SystemAppData\\Helium\\User.dat",
                                                 "KeysUpdated":  "1",
                                                 "DirtyPages":  "1"
                                             }
                          },
                          {
                              "time_created":  "2026-08-31T20:26:37.0326130-04:00",
                              "time_created_utc":  "2026-09-01T00:26:37.0326130Z",
                              "provider":  "Microsoft-Windows-Kernel-Power",
                              "log_name":  "System",
                              "event_id":  566,
                              "record_id":  45683,
                              "level":  "Information",
                              "task":  "",
                              "opcode":  "Info",
                              "message":  "The system session has transitioned from 0 to 1.\r\n\r\nReason ScreenOffGracePeriod \r\n\r\nBootId: 205",
                              "event_data":  {
                                                 "BootId":  "205",
                                                 "Reason":  "17",
                                                 "PreviousSessionId":  "0",
                                                 "PreviousSessionType":  "0",
                                                 "PreviousSessionDurationInUs":  "1108532667",
                                                 "PreviousEnergyCapacityAtStart":  "0",
                                                 "PreviousFullEnergyCapacityAtStart":  "0",
                                                 "PreviousEnergyCapacityAtEnd":  "0",
                                                 "PreviousFullEnergyCapacityAtEnd":  "0",
                                                 "NextSessionId":  "1",
                                                 "NextSessionType":  "3",
                                                 "PowerStateAc":  "true",
                                                 "MonitorReason":  "17"
                                             }
                          },
                          {
                              "time_created":  "2026-08-31T20:26:37.0322597-04:00",
                              "time_created_utc":  "2026-09-01T00:26:37.0322597Z",
                              "provider":  "Microsoft-Windows-Kernel-Power",
                              "log_name":  "System",
                              "event_id":  187,
                              "record_id":  45682,
                              "level":  "Information",
                              "task":  "",
                              "opcode":  "Info",
                              "message":  "User-mode process attempted to change the system state by calling SetSuspendState or SetSystemPowerState APIs.",
                              "event_data":  {
                                                 "ApiCallerNameLength":  "78",
                                                 "ApiCallerName":  "\\Device\\HarddiskVolume5\\Windows\\System32\\WindowsPowerShell\\v1.0\\powershell.exe",
                                                 "SystemAction":  "2",
                                                 "LightestSystemState":  "2"
                                             }
                          },
                          {
                              "time_created":  "2026-08-31T20:19:19.8538934-04:00",
                              "time_created_utc":  "2026-09-01T00:19:19.8538934Z",
                              "provider":  "Microsoft-Windows-Kernel-General",
                              "log_name":  "System",
                              "event_id":  16,
                              "record_id":  45676,
                              "level":  "Information",
                              "task":  "",
                              "opcode":  "Info",
                              "message":  "The access history in hive \\??\\C:\\ProgramData\\Microsoft\\Provisioning\\Microsoft-Desktop-Provisioning-Sequence.dat was cleared updating 0 keys and creating 0 modified pages.",
                              "event_data":  {
                                                 "HiveNameLength":  "85",
                                                 "HiveName":  "\\??\\C:\\ProgramData\\Microsoft\\Provisioning\\Microsoft-Desktop-Provisioning-Sequence.dat",
                                                 "KeysUpdated":  "0",
                                                 "DirtyPages":  "0"
                                             }
                          },
                          {
                              "time_created":  "2026-08-31T20:19:15.9026100-04:00",
                              "time_created_utc":  "2026-09-01T00:19:15.9026100Z",
                              "provider":  "Microsoft-Windows-Kernel-General",
                              "log_name":  "System",
                              "event_id":  16,
                              "record_id":  45675,
                              "level":  "Information",
                              "task":  "",
                              "opcode":  "Info",
                              "message":  "The access history in hive \\??\\C:\\Users\\Daniel\\AppData\\Local\\Packages\\Microsoft.Copilot_8wekyb3d8bbwe\\Settings\\settings.dat was cleared updating 1 keys and creating 1 modified pages.",
                              "event_data":  {
                                                 "HiveNameLength":  "96",
                                                 "HiveName":  "\\??\\C:\\Users\\Daniel\\AppData\\Local\\Packages\\Microsoft.Copilot_8wekyb3d8bbwe\\Settings\\settings.dat",
                                                 "KeysUpdated":  "1",
                                                 "DirtyPages":  "1"
                                             }
                          },
                          {
                              "time_created":  "2026-08-31T20:19:15.6753628-04:00",
                              "time_created_utc":  "2026-09-01T00:19:15.6753628Z",
                              "provider":  "Microsoft-Windows-Kernel-General",
                              "log_name":  "System",
                              "event_id":  16,
                              "record_id":  45674,
                              "level":  "Information",
                              "task":  "",
                              "opcode":  "Info",
                              "message":  "The access history in hive \\??\\C:\\ProgramData\\Microsoft\\Windows\\AppRepository\\Packages\\Microsoft.Copilot_152.0.4191.53_neutral__8wekyb3d8bbwe\\ActivationStore.dat was cleared updating 0 keys and creating 0 modified pages.",
                              "event_data":  {
                                                 "HiveNameLength":  "134",
                                                 "HiveName":  "\\??\\C:\\ProgramData\\Microsoft\\Windows\\AppRepository\\Packages\\Microsoft.Copilot_152.0.4191.53_neutral__8wekyb3d8bbwe\\ActivationStore.dat",
                                                 "KeysUpdated":  "0",
                                                 "DirtyPages":  "0"
                                             }
                          },
                          {
                              "time_created":  "2026-08-31T20:18:46.0583558-04:00",
                              "time_created_utc":  "2026-09-01T00:18:46.0583558Z",
                              "provider":  "Microsoft-Windows-WindowsUpdateClient",
                              "log_name":  "System",
                              "event_id":  19,
                              "record_id":  45673,
                              "level":  "Information",
                              "task":  "Windows Update Agent",
                              "opcode":  "Installation",
                              "message":  "Installation Successful: Windows successfully installed the following update: Security Intelligence Update for Microsoft Defender Antivirus - KB2267602 (Version 1.457.433.0) - Current Channel (Broad)",
                              "event_data":  {
                                                 "updateTitle":  "Security Intelligence Update for Microsoft Defender Antivirus - KB2267602 (Version 1.457.433.0) - Current Channel (Broad)",
                                                 "updateGuid":  "{393b3e02-bdfa-44ab-9468-45b0877ca314}",
                                                 "updateRevisionNumber":  "200",
                                                 "serviceGuid":  "{9482f4b4-e343-43b6-b170-9a65bc822c77}"
                                             }
                          },
                          {
                              "time_created":  "2026-08-31T20:18:39.2390467-04:00",
                              "time_created_utc":  "2026-09-01T00:18:39.2390467Z",
                              "provider":  "Microsoft-Windows-WindowsUpdateClient",
                              "log_name":  "System",
                              "event_id":  43,
                              "record_id":  45672,
                              "level":  "Information",
                              "task":  "Windows Update Agent",
                              "opcode":  "Installation",
                              "message":  "Installation Started: Windows has started installing the following update: Security Intelligence Update for Microsoft Defender Antivirus - KB2267602 (Version 1.457.433.0) - Current Channel (Broad)",
                              "event_data":  {
                                                 "updateTitle":  "Security Intelligence Update for Microsoft Defender Antivirus - KB2267602 (Version 1.457.433.0) - Current Channel (Broad)",
                                                 "updateGuid":  "{393b3e02-bdfa-44ab-9468-45b0877ca314}",
                                                 "updateRevisionNumber":  "200"
                                             }
                          },
                          {
                              "time_created":  "2026-08-31T20:18:37.7580667-04:00",
                              "time_created_utc":  "2026-09-01T00:18:37.7580667Z",
                              "provider":  "Microsoft-Windows-WindowsUpdateClient",
                              "log_name":  "System",
                              "event_id":  44,
                              "record_id":  45671,
                              "level":  "Information",
                              "task":  "Windows Update Agent",
                              "opcode":  "Installation",
                              "message":  "Windows Update started downloading an update.",
                              "event_data":  {
                                                 "updateTitle":  "Security Intelligence Update for Microsoft Defender Antivirus - KB2267602 (Version 1.457.433.0) - Current Channel (Broad)",
                                                 "updateGuid":  "{393b3e02-bdfa-44ab-9468-45b0877ca314}",
                                                 "updateRevisionNumber":  "200"
                                             }
                          },
                          {
                              "time_created":  "2026-08-31T20:18:29.8144926-04:00",
                              "time_created_utc":  "2026-09-01T00:18:29.8144926Z",
                              "provider":  "Microsoft-Windows-Kernel-General",
                              "log_name":  "System",
                              "event_id":  16,
                              "record_id":  45670,
                              "level":  "Information",
                              "task":  "",
                              "opcode":  "Info",
                              "message":  "The access history in hive \\??\\C:\\Users\\Daniel\\AppData\\Local\\Packages\\Microsoft.MicrosoftEdge.Stable_8wekyb3d8bbwe\\Settings\\settings.dat was cleared updating 1 keys and creating 1 modified pages.",
                              "event_data":  {
                                                 "HiveNameLength":  "109",
                                                 "HiveName":  "\\??\\C:\\Users\\Daniel\\AppData\\Local\\Packages\\Microsoft.MicrosoftEdge.Stable_8wekyb3d8bbwe\\Settings\\settings.dat",
                                                 "KeysUpdated":  "1",
                                                 "DirtyPages":  "1"
                                             }
                          },
                          {
                              "time_created":  "2026-08-31T20:17:28.7998161-04:00",
                              "time_created_utc":  "2026-09-01T00:17:28.7998161Z",
                              "provider":  "Microsoft-Windows-Kernel-General",
                              "log_name":  "System",
                              "event_id":  16,
                              "record_id":  45669,
                              "level":  "Information",
                              "task":  "",
                              "opcode":  "Info",
                              "message":  "The access history in hive \\??\\C:\\WINDOWS\\System32\\SMI\\Store\\Machine\\schema.dat was cleared updating 14934 keys and creating 2520 modified pages.",
                              "event_data":  {
                                                 "HiveNameLength":  "52",
                                                 "HiveName":  "\\??\\C:\\WINDOWS\\System32\\SMI\\Store\\Machine\\schema.dat",
                                                 "KeysUpdated":  "14934",
                                                 "DirtyPages":  "2520"
                                             }
                          },
                          {
                              "time_created":  "2026-08-31T20:10:55.4654246-04:00",
                              "time_created_utc":  "2026-09-01T00:10:55.4654246Z",
                              "provider":  "Microsoft-Windows-Kernel-General",
                              "log_name":  "System",
                              "event_id":  16,
                              "record_id":  45666,
                              "level":  "Information",
                              "task":  "",
                              "opcode":  "Info",
                              "message":  "The access history in hive \\??\\C:\\Users\\Daniel\\AppData\\Local\\Packages\\MSTeams_8wekyb3d8bbwe\\Settings\\settings.dat was cleared updating 2 keys and creating 1 modified pages.",
                              "event_data":  {
                                                 "HiveNameLength":  "86",
                                                 "HiveName":  "\\??\\C:\\Users\\Daniel\\AppData\\Local\\Packages\\MSTeams_8wekyb3d8bbwe\\Settings\\settings.dat",
                                                 "KeysUpdated":  "2",
                                                 "DirtyPages":  "1"
                                             }
                          },
                          {
                              "time_created":  "2026-08-31T20:10:55.3231615-04:00",
                              "time_created_utc":  "2026-09-01T00:10:55.3231615Z",
                              "provider":  "Microsoft-Windows-Kernel-General",
                              "log_name":  "System",
                              "event_id":  16,
                              "record_id":  45665,
                              "level":  "Information",
                              "task":  "",
                              "opcode":  "Info",
                              "message":  "The access history in hive \\??\\C:\\ProgramData\\Packages\\MSTeams_8wekyb3d8bbwe\\S-1-5-21-2124357560-3435360735-3559141877-1001\\SystemAppData\\Helium\\Cache\\f6283300a796d07f_COM15.dat was cleared updating 1 keys and creating 1 modified pages.",
                              "event_data":  {
                                                 "HiveNameLength":  "150",
                                                 "HiveName":  "\\??\\C:\\ProgramData\\Packages\\MSTeams_8wekyb3d8bbwe\\S-1-5-21-2124357560-3435360735-3559141877-1001\\SystemAppData\\Helium\\Cache\\f6283300a796d07f_COM15.dat",
                                                 "KeysUpdated":  "1",
                                                 "DirtyPages":  "1"
                                             }
                          },
                          {
                              "time_created":  "2026-08-31T20:10:55.3204043-04:00",
                              "time_created_utc":  "2026-09-01T00:10:55.3204043Z",
                              "provider":  "Microsoft-Windows-Kernel-General",
                              "log_name":  "System",
                              "event_id":  16,
                              "record_id":  45664,
                              "level":  "Information",
                              "task":  "",
                              "opcode":  "Info",
                              "message":  "The access history in hive \\??\\C:\\Users\\Daniel\\AppData\\Local\\Packages\\MSTeams_8wekyb3d8bbwe\\SystemAppData\\Helium\\User.dat was cleared updating 4 keys and creating 1 modified pages.",
                              "event_data":  {
                                                 "HiveNameLength":  "94",
                                                 "HiveName":  "\\??\\C:\\Users\\Daniel\\AppData\\Local\\Packages\\MSTeams_8wekyb3d8bbwe\\SystemAppData\\Helium\\User.dat",
                                                 "KeysUpdated":  "4",
                                                 "DirtyPages":  "1"
                                             }
                          },
