                          {
                              "time_created":  "2026-08-31T20:08:16.4682461-04:00",
                              "time_created_utc":  "2026-09-01T00:08:16.4682461Z",
                              "provider":  "Microsoft-Windows-Kernel-General",
                              "log_name":  "System",
                              "event_id":  24,
                              "record_id":  45555,
                              "level":  "Information",
                              "task":  "",
                              "opcode":  "Info",
                              "message":  "The time zone information was refreshed with exit reason 0. Current time zone bias is 240.",
                              "event_data":  {
                                                 "ExitReason":  "0",
                                                 "CurrentBias":  "240",
                                                 "CurrentTimeZoneID":  "2",
                                                 "TimeZoneInfoCacheUpdated":  "0",
                                                 "FirstRefresh":  "0"
                                             }
                          },
                          {
                              "time_created":  "2026-08-31T20:08:16.4577012-04:00",
                              "time_created_utc":  "2026-09-01T00:08:16.4577012Z",
                              "provider":  "Microsoft-Windows-Kernel-General",
                              "log_name":  "System",
                              "event_id":  16,
                              "record_id":  45554,
                              "level":  "Information",
                              "task":  "",
                              "opcode":  "Info",
                              "message":  "The access history in hive \\Device\\HarddiskVolume3\\EFI\\Microsoft\\Boot\\BCD was cleared updating 71 keys and creating 8 modified pages.",
                              "event_data":  {
                                                 "HiveNameLength":  "46",
                                                 "HiveName":  "\\Device\\HarddiskVolume3\\EFI\\Microsoft\\Boot\\BCD",
                                                 "KeysUpdated":  "71",
                                                 "DirtyPages":  "8"
                                             }
                          },
                          {
                              "time_created":  "2026-08-31T20:08:16.3911430-04:00",
                              "time_created_utc":  "2026-09-01T00:08:16.3911430Z",
                              "provider":  "Microsoft-Windows-Kernel-General",
                              "log_name":  "System",
                              "event_id":  16,
                              "record_id":  45552,
                              "level":  "Information",
                              "task":  "",
                              "opcode":  "Info",
                              "message":  "The access history in hive \\Device\\HarddiskVolume3\\EFI\\Microsoft\\Boot\\BCD was cleared updating 71 keys and creating 8 modified pages.",
                              "event_data":  {
                                                 "HiveNameLength":  "46",
                                                 "HiveName":  "\\Device\\HarddiskVolume3\\EFI\\Microsoft\\Boot\\BCD",
                                                 "KeysUpdated":  "71",
                                                 "DirtyPages":  "8"
                                             }
                          },
                          {
                              "time_created":  "2026-08-31T20:08:16.3753514-04:00",
                              "time_created_utc":  "2026-09-01T00:08:16.3753514Z",
                              "provider":  "Microsoft-Windows-Kernel-General",
                              "log_name":  "System",
                              "event_id":  16,
                              "record_id":  45550,
                              "level":  "Information",
                              "task":  "",
                              "opcode":  "Info",
                              "message":  "The access history in hive \\Device\\HarddiskVolume3\\EFI\\Microsoft\\Boot\\BCD was cleared updating 71 keys and creating 8 modified pages.",
                              "event_data":  {
                                                 "HiveNameLength":  "46",
                                                 "HiveName":  "\\Device\\HarddiskVolume3\\EFI\\Microsoft\\Boot\\BCD",
                                                 "KeysUpdated":  "71",
                                                 "DirtyPages":  "8"
                                             }
                          },
                          {
                              "time_created":  "2026-08-31T20:08:16.3739106-04:00",
                              "time_created_utc":  "2026-09-01T00:08:16.3739106Z",
                              "provider":  "Microsoft-Windows-Kernel-General",
                              "log_name":  "System",
                              "event_id":  16,
                              "record_id":  45549,
                              "level":  "Information",
                              "task":  "",
                              "opcode":  "Info",
                              "message":  "The access history in hive \\Device\\HarddiskVolume3\\EFI\\Microsoft\\Boot\\BCD was cleared updating 71 keys and creating 8 modified pages.",
                              "event_data":  {
                                                 "HiveNameLength":  "46",
                                                 "HiveName":  "\\Device\\HarddiskVolume3\\EFI\\Microsoft\\Boot\\BCD",
                                                 "KeysUpdated":  "71",
                                                 "DirtyPages":  "8"
                                             }
                          },
                          {
                              "time_created":  "2026-08-31T20:08:15.7663625-04:00",
                              "time_created_utc":  "2026-09-01T00:08:15.7663625Z",
                              "provider":  "Microsoft-Windows-Kernel-General",
                              "log_name":  "System",
                              "event_id":  15,
                              "record_id":  45547,
                              "level":  "Information",
                              "task":  "",
                              "opcode":  "Info",
                              "message":  "Hive \\SystemRoot\\System32\\Config\\SOFTWARE was reorganized with a starting size of 101740544 bytes and an ending size of 98713600 bytes.",
                              "event_data":  {
                                                 "HiveNameLength":  "36",
                                                 "HiveName":  "\\SystemRoot\\System32\\Config\\SOFTWARE",
                                                 "OriginalSize":  "101740544",
                                                 "NewSize":  "98713600"
                                             }
                          },
                          {
                              "time_created":  "2026-08-31T20:08:15.7038245-04:00",
                              "time_created_utc":  "2026-09-01T00:08:15.7038245Z",
                              "provider":  "Microsoft-Windows-Kernel-General",
                              "log_name":  "System",
                              "event_id":  16,
                              "record_id":  45546,
                              "level":  "Information",
                              "task":  "",
                              "opcode":  "Info",
                              "message":  "The access history in hive \\Device\\HarddiskVolume3\\EFI\\Microsoft\\Boot\\BCD was cleared updating 71 keys and creating 8 modified pages.",
                              "event_data":  {
                                                 "HiveNameLength":  "46",
                                                 "HiveName":  "\\Device\\HarddiskVolume3\\EFI\\Microsoft\\Boot\\BCD",
                                                 "KeysUpdated":  "71",
                                                 "DirtyPages":  "8"
                                             }
                          },
                          {
                              "time_created":  "2026-08-31T20:08:15.7021542-04:00",
                              "time_created_utc":  "2026-09-01T00:08:15.7021542Z",
                              "provider":  "Microsoft-Windows-Kernel-General",
                              "log_name":  "System",
                              "event_id":  16,
                              "record_id":  45545,
                              "level":  "Information",
                              "task":  "",
                              "opcode":  "Info",
                              "message":  "The access history in hive \\Device\\HarddiskVolume3\\EFI\\Microsoft\\Boot\\BCD was cleared updating 71 keys and creating 8 modified pages.",
                              "event_data":  {
                                                 "HiveNameLength":  "46",
                                                 "HiveName":  "\\Device\\HarddiskVolume3\\EFI\\Microsoft\\Boot\\BCD",
                                                 "KeysUpdated":  "71",
                                                 "DirtyPages":  "8"
                                             }
                          },
                          {
                              "time_created":  "2026-08-31T20:08:15.2237176-04:00",
                              "time_created_utc":  "2026-09-01T00:08:15.2237176Z",
                              "provider":  "Microsoft-Windows-Kernel-General",
                              "log_name":  "System",
                              "event_id":  16,
                              "record_id":  45511,
                              "level":  "Information",
                              "task":  "",
                              "opcode":  "Info",
                              "message":  "The access history in hive \\Device\\HarddiskVolume3\\EFI\\Microsoft\\Boot\\BCD was cleared updating 71 keys and creating 8 modified pages.",
                              "event_data":  {
                                                 "HiveNameLength":  "46",
                                                 "HiveName":  "\\Device\\HarddiskVolume3\\EFI\\Microsoft\\Boot\\BCD",
                                                 "KeysUpdated":  "71",
                                                 "DirtyPages":  "8"
                                             }
                          },
                          {
                              "time_created":  "2026-08-31T20:08:15.0887034-04:00",
                              "time_created_utc":  "2026-09-01T00:08:15.0887034Z",
                              "provider":  "Microsoft-Windows-Kernel-General",
                              "log_name":  "System",
                              "event_id":  16,
                              "record_id":  45509,
                              "level":  "Information",
                              "task":  "",
                              "opcode":  "Info",
                              "message":  "The access history in hive \\Device\\HarddiskVolume3\\EFI\\Microsoft\\Boot\\BCD was cleared updating 71 keys and creating 8 modified pages.",
                              "event_data":  {
                                                 "HiveNameLength":  "46",
                                                 "HiveName":  "\\Device\\HarddiskVolume3\\EFI\\Microsoft\\Boot\\BCD",
                                                 "KeysUpdated":  "71",
                                                 "DirtyPages":  "8"
                                             }
                          },
                          {
                              "time_created":  "2026-08-31T20:08:15.0169771-04:00",
                              "time_created_utc":  "2026-09-01T00:08:15.0169771Z",
                              "provider":  "Microsoft-Windows-Kernel-General",
                              "log_name":  "System",
                              "event_id":  16,
                              "record_id":  45507,
                              "level":  "Information",
                              "task":  "",
                              "opcode":  "Info",
                              "message":  "The access history in hive \\Device\\HarddiskVolume3\\EFI\\Microsoft\\Boot\\BCD was cleared updating 71 keys and creating 8 modified pages.",
                              "event_data":  {
                                                 "HiveNameLength":  "46",
                                                 "HiveName":  "\\Device\\HarddiskVolume3\\EFI\\Microsoft\\Boot\\BCD",
                                                 "KeysUpdated":  "71",
                                                 "DirtyPages":  "8"
                                             }
                          },
                          {
                              "time_created":  "2026-08-31T20:08:15.0156814-04:00",
                              "time_created_utc":  "2026-09-01T00:08:15.0156814Z",
                              "provider":  "Microsoft-Windows-Kernel-General",
                              "log_name":  "System",
                              "event_id":  16,
                              "record_id":  45506,
                              "level":  "Information",
                              "task":  "",
                              "opcode":  "Info",
                              "message":  "The access history in hive \\Device\\HarddiskVolume3\\EFI\\Microsoft\\Boot\\BCD was cleared updating 71 keys and creating 8 modified pages.",
                              "event_data":  {
                                                 "HiveNameLength":  "46",
                                                 "HiveName":  "\\Device\\HarddiskVolume3\\EFI\\Microsoft\\Boot\\BCD",
                                                 "KeysUpdated":  "71",
                                                 "DirtyPages":  "8"
                                             }
                          },
                          {
                              "time_created":  "2026-08-31T20:08:14.9280098-04:00",
                              "time_created_utc":  "2026-09-01T00:08:14.9280098Z",
                              "provider":  "Microsoft-Windows-Kernel-General",
                              "log_name":  "System",
                              "event_id":  16,
                              "record_id":  45504,
                              "level":  "Information",
                              "task":  "",
                              "opcode":  "Info",
                              "message":  "The access history in hive \\Device\\HarddiskVolume3\\EFI\\Microsoft\\Boot\\BCD was cleared updating 71 keys and creating 8 modified pages.",
                              "event_data":  {
                                                 "HiveNameLength":  "46",
                                                 "HiveName":  "\\Device\\HarddiskVolume3\\EFI\\Microsoft\\Boot\\BCD",
                                                 "KeysUpdated":  "71",
                                                 "DirtyPages":  "8"
                                             }
                          },
                          {
                              "time_created":  "2026-08-31T20:08:14.7181392-04:00",
                              "time_created_utc":  "2026-09-01T00:08:14.7181392Z",
                              "provider":  "Microsoft-Windows-Kernel-General",
                              "log_name":  "System",
                              "event_id":  16,
                              "record_id":  45503,
                              "level":  "Information",
                              "task":  "",
                              "opcode":  "Info",
                              "message":  "The access history in hive \\SystemRoot\\System32\\Config\\DEFAULT was cleared updating 888 keys and creating 115 modified pages.",
                              "event_data":  {
                                                 "HiveNameLength":  "35",
                                                 "HiveName":  "\\SystemRoot\\System32\\Config\\DEFAULT",
                                                 "KeysUpdated":  "888",
                                                 "DirtyPages":  "115"
                                             }
                          },
                          {
                              "time_created":  "2026-08-31T20:08:14.7162445-04:00",
                              "time_created_utc":  "2026-09-01T00:08:14.7162445Z",
                              "provider":  "Microsoft-Windows-Kernel-General",
                              "log_name":  "System",
                              "event_id":  16,
                              "record_id":  45502,
                              "level":  "Information",
                              "task":  "",
                              "opcode":  "Info",
                              "message":  "The access history in hive \\SystemRoot\\System32\\Config\\SAM was cleared updating 63 keys and creating 7 modified pages.",
                              "event_data":  {
                                                 "HiveNameLength":  "31",
                                                 "HiveName":  "\\SystemRoot\\System32\\Config\\SAM",
                                                 "KeysUpdated":  "63",
                                                 "DirtyPages":  "7"
                                             }
                          },
                          {
                              "time_created":  "2026-08-31T20:08:14.7162068-04:00",
                              "time_created_utc":  "2026-09-01T00:08:14.7162068Z",
                              "provider":  "Microsoft-Windows-Kernel-General",
                              "log_name":  "System",
                              "event_id":  16,
                              "record_id":  45501,
                              "level":  "Information",
                              "task":  "",
                              "opcode":  "Info",
                              "message":  "The access history in hive \\SystemRoot\\System32\\Config\\SECURITY was cleared updating 82 keys and creating 3 modified pages.",
                              "event_data":  {
                                                 "HiveNameLength":  "36",
                                                 "HiveName":  "\\SystemRoot\\System32\\Config\\SECURITY",
                                                 "KeysUpdated":  "82",
                                                 "DirtyPages":  "3"
                                             }
                          },
                          {
                              "time_created":  "2026-08-31T20:08:14.7152907-04:00",
                              "time_created_utc":  "2026-09-01T00:08:14.7152907Z",
                              "provider":  "Microsoft-Windows-Kernel-PnP",
                              "log_name":  "System",
                              "event_id":  219,
                              "record_id":  45500,
                              "level":  "Warning",
                              "task":  "",
                              "opcode":  "Info",
                              "message":  "The driver \\Driver\\WUDFRd failed to load.\r\nDevice: ROOT\\DISPLAY\\0000\r\nStatus: 0xC0000365",
                              "event_data":  {
                                                 "DriverNameLength":  "17",
                                                 "DriverName":  "ROOT\\DISPLAY\\0000",
                                                 "Status":  "3221226341",
                                                 "FailureNameLength":  "14",
                                                 "FailureName":  "\\Driver\\WUDFRd",
                                                 "Version":  "0"
                                             }
                          },
                          {
                              "time_created":  "2026-08-31T20:08:14.7134887-04:00",
                              "time_created_utc":  "2026-09-01T00:08:14.7134887Z",
                              "provider":  "Microsoft-Windows-Kernel-Power",
                              "log_name":  "System",
                              "event_id":  172,
                              "record_id":  45498,
                              "level":  "Information",
                              "task":  "",
                              "opcode":  "Info",
                              "message":  "Connectivity state in standby: Disconnected, Reason: NIC compliance",
                              "event_data":  {
                                                 "State":  "2",
                                                 "Reason":  "6"
                                             }
                          },
                          {
                              "time_created":  "2026-08-31T20:08:08.9340190-04:00",
                              "time_created_utc":  "2026-09-01T00:08:08.9340190Z",
                              "provider":  "Microsoft-Windows-Kernel-General",
                              "log_name":  "System",
                              "event_id":  20,
                              "record_id":  45452,
                              "level":  "Information",
                              "task":  "",
                              "opcode":  "Info",
                              "message":  "The leap second configuration has been updated.\r\nReason: Leap second data initialized from registry during boot\r\nLeap seconds enabled: true\r\nNew leap second count: 0\r\nOld leap second count: 0",
                              "event_data":  {
                                                 "UpdateReason":  "0",
                                                 "EnabledNew":  "true",
                                                 "CountNew":  "0",
                                                 "CountOld":  "0"
                                             }
                          },
                          {
                              "time_created":  "2026-08-31T20:08:08.9317161-04:00",
                              "time_created_utc":  "2026-09-01T00:08:08.9317161Z",
                              "provider":  "Microsoft-Windows-Kernel-General",
                              "log_name":  "System",
                              "event_id":  25,
                              "record_id":  45443,
                              "level":  "Information",
                              "task":  "",
                              "opcode":  "Info",
                              "message":  "The system time was initialized to ‎2026‎-‎09‎-‎01T00:08:08.500000000Z. \r\n\r\nLoader time: ‎2026‎-‎09‎-‎01T00:08:07.000000000Z\r\nInternal boot flags: 0x2\r\nHAL RTC error code: 0x0\r\nRTC time is in UTC: false\r\nSoft boot: false\r\nSuccess: true\r\nPhase: 0",
                              "event_data":  {
                                                 "SystemTime":  "2026-09-01T00:08:08.5000000Z",
                                                 "LoaderTime":  "2026-09-01T00:08:07.0000000Z",
                                                 "InternalBootFlags":  "2",
                                                 "HalRtcErrorCode":  "0",
                                                 "RealTimeIsUniversal":  "false",
                                                 "IsSoftBoot":  "false",
                                                 "Success":  "true",
                                                 "Phase":  "0"
                                             }
                          },
                          {
                              "time_created":  "2026-08-31T20:08:08.9317152-04:00",
                              "time_created_utc":  "2026-09-01T00:08:08.9317152Z",
                              "provider":  "Microsoft-Windows-Kernel-General",
                              "log_name":  "System",
                              "event_id":  12,
                              "record_id":  45442,
                              "level":  "Information",
                              "task":  "",
                              "opcode":  "Info",
                              "message":  "The operating system started at system time ‎2026‎-‎09‎-‎01T00:08:08.500000000Z.",
                              "event_data":  {
                                                 "MajorVersion":  "10",
                                                 "MinorVersion":  "0",
                                                 "BuildVersion":  "26100",
                                                 "QfeVersion":  "9168",
                                                 "ServiceVersion":  "0",
                                                 "BootMode":  "0",
                                                 "StartTime":  "2026-09-01T00:08:08.5000000Z"
                                             }
                          },
                          {
                              "time_created":  "2026-08-28T00:00:29.1284812-04:00",
                              "time_created_utc":  "2026-08-28T04:00:29.1284812Z",
                              "provider":  "Microsoft-Windows-Kernel-General",
                              "log_name":  "System",
                              "event_id":  13,
                              "record_id":  45441,
                              "level":  "Information",
                              "task":  "",
                              "opcode":  "Info",
                              "message":  "The operating system is shutting down at system time ‎2026‎-‎08‎-‎28T04:00:29.128480100Z.",
                              "event_data":  {
                                                 "StopTime":  "2026-08-28T04:00:29.1284801Z"
                                             }
                          },
                          {
                              "time_created":  "2026-08-28T00:00:28.9655600-04:00",
                              "time_created_utc":  "2026-08-28T04:00:28.9655600Z",
                              "provider":  "Microsoft-Windows-Kernel-Power",
                              "log_name":  "System",
                              "event_id":  577,
                              "record_id":  45435,
                              "level":  "Information",
                              "task":  "",
                              "opcode":  "Info",
                              "message":  "The system has prepared for a system initiated reboot from Active.",
                              "event_data":  {
                                                 "AdaptiveTargetState":  "0",
                                                 "IsUnattended":  "false",
                                                 "Status":  "279"
                                             }
                          },
                          {
                              "time_created":  "2026-08-28T00:00:26.9804069-04:00",
                              "time_created_utc":  "2026-08-28T04:00:26.9804069Z",
                              "provider":  "Microsoft-Windows-Kernel-Power",
                              "log_name":  "System",
                              "event_id":  109,
                              "record_id":  45429,
                              "level":  "Information",
                              "task":  "",
                              "opcode":  "Info",
                              "message":  "The kernel power manager has initiated a shutdown transition.\r\n\r\nAction: Power Action Shutdown Off \r\nEvent Code: 0x0 \r\nReason: Kernel API",
                              "event_data":  {
                                                 "ShutdownActionType":  "6",
                                                 "ShutdownEventCode":  "0",
                                                 "ShutdownReason":  "5"
                                             }
                          },
                          {
                              "time_created":  "2026-08-28T00:00:23.5922936-04:00",
                              "time_created_utc":  "2026-08-28T04:00:23.5922936Z",
                              "provider":  "rt640x64",
                              "log_name":  "System",
                              "event_id":  2,
                              "record_id":  45428,
                              "level":  "Error",
                              "task":  "None",
                              "opcode":  "",
                              "message":  "Realtek PCIe 5GbE Family Controller has a Hardware IO error.",
                              "event_data":  {
                                                 "index_0":  "",
                                                 "index_1":  ""
                                             }
                          },
                          {
                              "time_created":  "2026-08-27T23:41:49.0761492-04:00",
                              "time_created_utc":  "2026-08-28T03:41:49.0761492Z",
                              "provider":  "Microsoft-Windows-Power-Troubleshooter",
                              "log_name":  "System",
                              "event_id":  1,
                              "record_id":  45341,
                              "level":  "Information",
                              "task":  "",
                              "opcode":  "Info",
                              "message":  "The system has returned from a low power state.\r\n\r\nSleep Time: ‎2026‎-‎08‎-‎28T03:41:24.458544400Z\r\nWake Time: ‎2026‎-‎08‎-‎28T03:41:48.052659300Z\r\n\r\nWake Source: Unknown",
                              "event_data":  {
                                                 "SleepTime":  "2026-08-28T03:41:24.4585444Z",
                                                 "WakeTime":  "2026-08-28T03:41:48.0526593Z",
                                                 "SleepDuration":  "2816",
                                                 "WakeDuration":  "4552",
                                                 "DriverInitDuration":  "4431",
                                                 "BiosInitDuration":  "4162",
                                                 "HiberWriteDuration":  "1406",
                                                 "HiberReadDuration":  "0",
                                                 "HiberPagesWritten":  "495303",
                                                 "Attributes":  "1979728129",
                                                 "TargetState":  "4",
                                                 "EffectiveState":  "5",
                                                 "WakeSourceType":  "0",
                                                 "WakeSourceTextLength":  "0",
                                                 "WakeSourceText":  "",
                                                 "WakeTimerOwnerLength":  "0",
                                                 "WakeTimerContextLength":  "0",
                                                 "NoMultiStageResumeReason":  "0",
                                                 "WakeTimerOwner":  "",
                                                 "WakeTimerContext":  "",
                                                 "CheckpointDuration":  "51"
                                             }
                          },
                          {
                              "time_created":  "2026-08-27T23:41:48.0678236-04:00",
                              "time_created_utc":  "2026-08-28T03:41:48.0678236Z",
                              "provider":  "Microsoft-Windows-Kernel-Power",
                              "log_name":  "System",
                              "event_id":  566,
                              "record_id":  45340,
                              "level":  "Information",
                              "task":  "",
                              "opcode":  "Info",
                              "message":  "The system session has transitioned from 2 to 4.\r\n\r\nReason Unknown \r\n\r\nBootId: 204",
                              "event_data":  {
                                                 "BootId":  "204",
                                                 "Reason":  "1",
                                                 "PreviousSessionId":  "2",
                                                 "PreviousSessionType":  "1",
                                                 "PreviousSessionDurationInUs":  "135437",
                                                 "PreviousEnergyCapacityAtStart":  "0",
                                                 "PreviousFullEnergyCapacityAtStart":  "0",
                                                 "PreviousEnergyCapacityAtEnd":  "0",
                                                 "PreviousFullEnergyCapacityAtEnd":  "0",
                                                 "NextSessionId":  "4",
                                                 "NextSessionType":  "0",
                                                 "PowerStateAc":  "true",
                                                 "MonitorReason":  "1"
                                             }
                          },
                          {
                              "time_created":  "2026-08-27T23:41:47.9322108-04:00",
                              "time_created_utc":  "2026-08-28T03:41:47.9322108Z",
                              "provider":  "Microsoft-Windows-Kernel-Power",
                              "log_name":  "System",
                              "event_id":  566,
                              "record_id":  45339,
                              "level":  "Information",
                              "task":  "",
                              "opcode":  "Info",
                              "message":  "The system session has transitioned from 1 to 2.\r\n\r\nReason SxTransition \r\n\r\nBootId: 204",
                              "event_data":  {
                                                 "BootId":  "204",
                                                 "Reason":  "20",
                                                 "PreviousSessionId":  "1",
                                                 "PreviousSessionType":  "3",
                                                 "PreviousSessionDurationInUs":  "23473466",
                                                 "PreviousEnergyCapacityAtStart":  "0",
                                                 "PreviousFullEnergyCapacityAtStart":  "0",
                                                 "PreviousEnergyCapacityAtEnd":  "0",
                                                 "PreviousFullEnergyCapacityAtEnd":  "0",
                                                 "NextSessionId":  "2",
                                                 "NextSessionType":  "1",
                                                 "PowerStateAc":  "true",
                                                 "MonitorReason":  "20"
                                             }
                          },
                          {
                              "time_created":  "2026-08-27T23:41:46.1358281-04:00",
                              "time_created_utc":  "2026-08-28T03:41:46.1358281Z",
                              "provider":  "BTHUSB",
                              "log_name":  "System",
                              "event_id":  17,
                              "record_id":  45338,
                              "level":  "Error",
                              "task":  "None",
                              "opcode":  "",
                              "message":  "The local Bluetooth adapter has failed in an undetermined manner and will not be used. The driver has been unloaded.",
                              "event_data":  {
                                                 "index_0":  ""
                                             }
                          },
                          {
                              "time_created":  "2026-08-27T23:41:45.8742776-04:00",
                              "time_created_utc":  "2026-08-28T03:41:45.8742776Z",
                              "provider":  "rt640x64",
                              "log_name":  "System",
                              "event_id":  2,
                              "record_id":  45337,
                              "level":  "Error",
                              "task":  "None",
                              "opcode":  "",
                              "message":  "Realtek PCIe 5GbE Family Controller has a Hardware IO error.",
                              "event_data":  {
                                                 "index_0":  "",
                                                 "index_1":  ""
                                             }
                          },
                          {
                              "time_created":  "2026-08-27T23:41:45.7529099-04:00",
                              "time_created_utc":  "2026-08-28T03:41:45.7529099Z",
                              "provider":  "rt640x64",
                              "log_name":  "System",
                              "event_id":  2,
                              "record_id":  45336,
                              "level":  "Error",
                              "task":  "None",
                              "opcode":  "",
                              "message":  "Realtek PCIe 5GbE Family Controller has a Hardware IO error.",
                              "event_data":  {
                                                 "index_0":  "",
                                                 "index_1":  ""
                                             }
                          },
                          {
                              "time_created":  "2026-08-27T23:41:45.6098389-04:00",
                              "time_created_utc":  "2026-08-28T03:41:45.6098389Z",
                              "provider":  "rt640x64",
                              "log_name":  "System",
                              "event_id":  2,
                              "record_id":  45335,
                              "level":  "Error",
                              "task":  "None",
                              "opcode":  "",
                              "message":  "Realtek PCIe 5GbE Family Controller has a Hardware IO error.",
                              "event_data":  {
                                                 "index_0":  "",
                                                 "index_1":  ""
                                             }
                          },
                          {
                              "time_created":  "2026-08-27T23:41:43.5002447-04:00",
                              "time_created_utc":  "2026-08-28T03:41:43.5002447Z",
                              "provider":  "Microsoft-Windows-Kernel-Power",
                              "log_name":  "System",
                              "event_id":  130,
                              "record_id":  45332,
                              "level":  "Information",
                              "task":  "",
                              "opcode":  "Info",
                              "message":  "Firmware S3 times. SuspendStart: 2137797, SuspendEnd: 2137799",
                              "event_data":  {
                                                 "SuspendStart":  "2137797",
                                                 "SuspendEnd":  "2137799"
                                             }
                          },
                          {
                              "time_created":  "2026-08-27T23:41:43.5002443-04:00",
                              "time_created_utc":  "2026-08-28T03:41:43.5002443Z",
                              "provider":  "Microsoft-Windows-Kernel-Power",
                              "log_name":  "System",
                              "event_id":  131,
                              "record_id":  45331,
                              "level":  "Information",
                              "task":  "",
                              "opcode":  "Info",
                              "message":  "Firmware S3 times. ResumeCount: 1, FullResume: 3938, AverageResume: 3938",
                              "event_data":  {
                                                 "ResumeCount":  "1",
                                                 "FullResume":  "3938",
                                                 "AverageResume":  "3938"
                                             }
                          },
                          {
                              "time_created":  "2026-08-27T23:41:43.5002338-04:00",
                              "time_created_utc":  "2026-08-28T03:41:43.5002338Z",
                              "provider":  "Microsoft-Windows-Kernel-General",
                              "log_name":  "System",
                              "event_id":  1,
                              "record_id":  45330,
                              "level":  "Information",
                              "task":  "",
                              "opcode":  "Info",
                              "message":  "The system time has changed to ‎2026‎-‎08‎-‎28T03:41:43.500000000Z from ‎2026‎-‎08‎-‎28T03:41:30.065512800Z.\r\nTime Delta: 13434 ms\r\n\r\nChange Reason: System time synchronized with the hardware clock.\r\nProcess: \u0027\u0027 (PID 4).\r\n\r\nRTC time: ‎2026‎-‎08‎-‎27T23:41:43.500000000Z\r\nCurrent time zone bias: 240\r\nRTC time is in UTC: false\r\nSystem time was based on RTC time: false",
                              "event_data":  {
                                                 "NewTime":  "2026-08-28T03:41:43.5000000Z",
                                                 "OldTime":  "2026-08-28T03:41:30.0655128Z",
                                                 "TimeDeltaInMs":  "13434",
                                                 "Reason":  "2",
                                                 "ProcessName":  "",
                                                 "ProcessID":  "4",
                                                 "CmosTime":  "2026-08-27T23:41:43.5000000Z",
                                                 "TimeZoneBias":  "240",
                                                 "RealTimeIsUniversal":  "false",
                                                 "SystemInCmosMode":  "false"
                                             }
                          },
                          {
                              "time_created":  "2026-08-27T23:41:30.0657667-04:00",
                              "time_created_utc":  "2026-08-28T03:41:30.0657667Z",
                              "provider":  "Microsoft-Windows-Kernel-Power",
                              "log_name":  "System",
                              "event_id":  107,
                              "record_id":  45329,
                              "level":  "Information",
                              "task":  "",
                              "opcode":  "Info",
                              "message":  "The system has resumed from sleep.",
                              "event_data":  {
                                                 "TargetState":  "4",
                                                 "EffectiveState":  "5",
                                                 "WakeFromState":  "4",
                                                 "ProgrammedWakeTimeAc":  "1601-01-01T00:00:00.0000000Z",
                                                 "ProgrammedWakeTimeDc":  "1601-01-01T00:00:00.0000000Z",
                                                 "WakeRequesterTypeAc":  "0",
                                                 "WakeRequesterTypeDc":  "0"
                                             }
                          },
                          {
                              "time_created":  "2026-08-27T23:41:26.6103452-04:00",
                              "time_created_utc":  "2026-08-28T03:41:26.6103452Z",
                              "provider":  "Microsoft-Windows-Kernel-Power",
                              "log_name":  "System",
                              "event_id":  42,
                              "record_id":  45326,
                              "level":  "Information",
                              "task":  "",
                              "opcode":  "Info",
                              "message":  "The system is entering sleep.\r\n\r\nSleep Reason: Application API",
                              "event_data":  {
                                                 "TargetState":  "4",
                                                 "EffectiveState":  "5",
                                                 "Reason":  "4",
                                                 "Flags":  "0",
                                                 "TransitionsToOn":  "1"
                                             }
                          },
                          {
                              "time_created":  "2026-08-27T23:41:24.4587595-04:00",
                              "time_created_utc":  "2026-08-28T03:41:24.4587595Z",
                              "provider":  "Microsoft-Windows-Kernel-Power",
                              "log_name":  "System",
                              "event_id":  566,
                              "record_id":  45324,
                              "level":  "Information",
                              "task":  "",
                              "opcode":  "Info",
                              "message":  "The system session has transitioned from 0 to 1.\r\n\r\nReason ScreenOffGracePeriod \r\n\r\nBootId: 204",
                              "event_data":  {
                                                 "BootId":  "204",
                                                 "Reason":  "17",
                                                 "PreviousSessionId":  "0",
                                                 "PreviousSessionType":  "0",
                                                 "PreviousSessionDurationInUs":  "2058958813",
                                                 "PreviousEnergyCapacityAtStart":  "0",
                                                 "PreviousFullEnergyCapacityAtStart":  "0",
                                                 "PreviousEnergyCapacityAtEnd":  "0",
                                                 "PreviousFullEnergyCapacityAtEnd":  "0",
                                                 "NextSessionId":  "1",
                                                 "NextSessionType":  "3",
                                                 "PowerStateAc":  "true",
                                                 "MonitorReason":  "17"
                                             }
                          },
                          {
                              "time_created":  "2026-08-27T23:41:24.4584055-04:00",
                              "time_created_utc":  "2026-08-28T03:41:24.4584055Z",
                              "provider":  "Microsoft-Windows-Kernel-Power",
                              "log_name":  "System",
                              "event_id":  187,
                              "record_id":  45323,
                              "level":  "Information",
                              "task":  "",
                              "opcode":  "Info",
                              "message":  "User-mode process attempted to change the system state by calling SetSuspendState or SetSystemPowerState APIs.",
                              "event_data":  {
                                                 "ApiCallerNameLength":  "78",
                                                 "ApiCallerName":  "\\Device\\HarddiskVolume5\\Windows\\System32\\WindowsPowerShell\\v1.0\\powershell.exe",
                                                 "SystemAction":  "2",
                                                 "LightestSystemState":  "2"
                                             }
                          },
