                          {
                              "time_created":  "2026-08-22T21:41:00.8613682-04:00",
                              "time_created_utc":  "2026-08-23T01:41:00.8613682Z",
                              "provider":  "Microsoft-Windows-Kernel-General",
                              "log_name":  "System",
                              "event_id":  25,
                              "record_id":  43546,
                              "level":  "Information",
                              "task":  "",
                              "opcode":  "Info",
                              "message":  "The system time was initialized to ‎2026‎-‎08‎-‎23T01:41:00.500000000Z. \r\n\r\nLoader time: ‎2026‎-‎08‎-‎23T01:40:59.000000000Z\r\nInternal boot flags: 0x2\r\nHAL RTC error code: 0x0\r\nRTC time is in UTC: false\r\nSoft boot: false\r\nSuccess: true\r\nPhase: 0",
                              "event_data":  {
                                                 "SystemTime":  "2026-08-23T01:41:00.5000000Z",
                                                 "LoaderTime":  "2026-08-23T01:40:59.0000000Z",
                                                 "InternalBootFlags":  "2",
                                                 "HalRtcErrorCode":  "0",
                                                 "RealTimeIsUniversal":  "false",
                                                 "IsSoftBoot":  "false",
                                                 "Success":  "true",
                                                 "Phase":  "0"
                                             }
                          },
                          {
                              "time_created":  "2026-08-22T21:41:00.8613673-04:00",
                              "time_created_utc":  "2026-08-23T01:41:00.8613673Z",
                              "provider":  "Microsoft-Windows-Kernel-General",
                              "log_name":  "System",
                              "event_id":  12,
                              "record_id":  43545,
                              "level":  "Information",
                              "task":  "",
                              "opcode":  "Info",
                              "message":  "The operating system started at system time ‎2026‎-‎08‎-‎23T01:41:00.500000000Z.",
                              "event_data":  {
                                                 "MajorVersion":  "10",
                                                 "MinorVersion":  "0",
                                                 "BuildVersion":  "26100",
                                                 "QfeVersion":  "9168",
                                                 "ServiceVersion":  "0",
                                                 "BootMode":  "0",
                                                 "StartTime":  "2026-08-23T01:41:00.5000000Z"
                                             }
                          },
                          {
                              "time_created":  "2026-08-22T20:56:17.2482818-04:00",
                              "time_created_utc":  "2026-08-23T00:56:17.2482818Z",
                              "provider":  "Microsoft-Windows-Kernel-General",
                              "log_name":  "System",
                              "event_id":  13,
                              "record_id":  43544,
                              "level":  "Information",
                              "task":  "",
                              "opcode":  "Info",
                              "message":  "The operating system is shutting down at system time ‎2026‎-‎08‎-‎23T00:56:17.248280700Z.",
                              "event_data":  {
                                                 "StopTime":  "2026-08-23T00:56:17.2482807Z"
                                             }
                          },
                          {
                              "time_created":  "2026-08-22T20:56:17.0712847-04:00",
                              "time_created_utc":  "2026-08-23T00:56:17.0712847Z",
                              "provider":  "Microsoft-Windows-Kernel-Power",
                              "log_name":  "System",
                              "event_id":  577,
                              "record_id":  43543,
                              "level":  "Information",
                              "task":  "",
                              "opcode":  "Info",
                              "message":  "The system has prepared for a system initiated reboot from Active.",
                              "event_data":  {
                                                 "AdaptiveTargetState":  "0",
                                                 "IsUnattended":  "false",
                                                 "Status":  "279"
                                             }
                          },
                          {
                              "time_created":  "2026-08-22T20:56:15.3270245-04:00",
                              "time_created_utc":  "2026-08-23T00:56:15.3270245Z",
                              "provider":  "Microsoft-Windows-Kernel-Power",
                              "log_name":  "System",
                              "event_id":  109,
                              "record_id":  43541,
                              "level":  "Information",
                              "task":  "",
                              "opcode":  "Info",
                              "message":  "The kernel power manager has initiated a shutdown transition.\r\n\r\nAction: Power Action Shutdown Off \r\nEvent Code: 0x0 \r\nReason: Kernel API",
                              "event_data":  {
                                                 "ShutdownActionType":  "6",
                                                 "ShutdownEventCode":  "0",
                                                 "ShutdownReason":  "5"
                                             }
                          },
                          {
                              "time_created":  "2026-08-22T20:56:06.3061040-04:00",
                              "time_created_utc":  "2026-08-23T00:56:06.3061040Z",
                              "provider":  "Microsoft-Windows-Kernel-General",
                              "log_name":  "System",
                              "event_id":  16,
                              "record_id":  43522,
                              "level":  "Information",
                              "task":  "",
                              "opcode":  "Info",
                              "message":  "The access history in hive \\??\\C:\\ProgramData\\Packages\\AppleInc.iCloud_nzyj5cx40ttqa\\S-1-5-21-2124357560-3435360735-3559141877-1001\\SystemAppData\\Helium\\Cache\\33bc6b963cc17e42_COM15.dat was cleared updating 1 keys and creating 1 modified pages.",
                              "event_data":  {
                                                 "HiveNameLength":  "158",
                                                 "HiveName":  "\\??\\C:\\ProgramData\\Packages\\AppleInc.iCloud_nzyj5cx40ttqa\\S-1-5-21-2124357560-3435360735-3559141877-1001\\SystemAppData\\Helium\\Cache\\33bc6b963cc17e42_COM15.dat",
                                                 "KeysUpdated":  "1",
                                                 "DirtyPages":  "1"
                                             }
                          },
                          {
                              "time_created":  "2026-08-22T20:56:06.3011884-04:00",
                              "time_created_utc":  "2026-08-23T00:56:06.3011884Z",
                              "provider":  "Microsoft-Windows-Kernel-General",
                              "log_name":  "System",
                              "event_id":  16,
                              "record_id":  43521,
                              "level":  "Information",
                              "task":  "",
                              "opcode":  "Info",
                              "message":  "The access history in hive \\??\\C:\\Users\\Daniel\\AppData\\Local\\Packages\\AppleInc.iCloud_nzyj5cx40ttqa\\SystemAppData\\Helium\\UserClasses.dat was cleared updating 78 keys and creating 29 modified pages.",
                              "event_data":  {
                                                 "HiveNameLength":  "109",
                                                 "HiveName":  "\\??\\C:\\Users\\Daniel\\AppData\\Local\\Packages\\AppleInc.iCloud_nzyj5cx40ttqa\\SystemAppData\\Helium\\UserClasses.dat",
                                                 "KeysUpdated":  "78",
                                                 "DirtyPages":  "29"
                                             }
                          },
                          {
                              "time_created":  "2026-08-22T20:56:06.2969200-04:00",
                              "time_created_utc":  "2026-08-23T00:56:06.2969200Z",
                              "provider":  "Microsoft-Windows-Kernel-General",
                              "log_name":  "System",
                              "event_id":  16,
                              "record_id":  43520,
                              "level":  "Information",
                              "task":  "",
                              "opcode":  "Info",
                              "message":  "The access history in hive \\??\\C:\\Users\\Daniel\\AppData\\Local\\Packages\\AppleInc.iCloud_nzyj5cx40ttqa\\SystemAppData\\Helium\\User.dat was cleared updating 49 keys and creating 7 modified pages.",
                              "event_data":  {
                                                 "HiveNameLength":  "102",
                                                 "HiveName":  "\\??\\C:\\Users\\Daniel\\AppData\\Local\\Packages\\AppleInc.iCloud_nzyj5cx40ttqa\\SystemAppData\\Helium\\User.dat",
                                                 "KeysUpdated":  "49",
                                                 "DirtyPages":  "7"
                                             }
                          },
                          {
                              "time_created":  "2026-08-22T20:56:03.9636361-04:00",
                              "time_created_utc":  "2026-08-23T00:56:03.9636361Z",
                              "provider":  "Microsoft-Windows-Kernel-General",
                              "log_name":  "System",
                              "event_id":  16,
                              "record_id":  43516,
                              "level":  "Information",
                              "task":  "",
                              "opcode":  "Info",
                              "message":  "The access history in hive \\??\\C:\\Users\\Daniel\\AppData\\Local\\Packages\\SignalRGB_4n6rtbnm9e9y2\\Settings\\settings.dat was cleared updating 3 keys and creating 1 modified pages.",
                              "event_data":  {
                                                 "HiveNameLength":  "88",
                                                 "HiveName":  "\\??\\C:\\Users\\Daniel\\AppData\\Local\\Packages\\SignalRGB_4n6rtbnm9e9y2\\Settings\\settings.dat",
                                                 "KeysUpdated":  "3",
                                                 "DirtyPages":  "1"
                                             }
                          },
                          {
                              "time_created":  "2026-08-22T20:55:43.9193531-04:00",
                              "time_created_utc":  "2026-08-23T00:55:43.9193531Z",
                              "provider":  "Microsoft-Windows-Kernel-General",
                              "log_name":  "System",
                              "event_id":  16,
                              "record_id":  43511,
                              "level":  "Information",
                              "task":  "",
                              "opcode":  "Info",
                              "message":  "The access history in hive \\??\\C:\\Users\\Daniel\\AppData\\Local\\Packages\\Microsoft.DesktopAppInstaller_8wekyb3d8bbwe\\Settings\\settings.dat was cleared updating 2 keys and creating 1 modified pages.",
                              "event_data":  {
                                                 "HiveNameLength":  "108",
                                                 "HiveName":  "\\??\\C:\\Users\\Daniel\\AppData\\Local\\Packages\\Microsoft.DesktopAppInstaller_8wekyb3d8bbwe\\Settings\\settings.dat",
                                                 "KeysUpdated":  "2",
                                                 "DirtyPages":  "1"
                                             }
                          },
                          {
                              "time_created":  "2026-08-22T20:55:40.8303062-04:00",
                              "time_created_utc":  "2026-08-23T00:55:40.8303062Z",
                              "provider":  "Microsoft-Windows-Kernel-General",
                              "log_name":  "System",
                              "event_id":  16,
                              "record_id":  43507,
                              "level":  "Information",
                              "task":  "",
                              "opcode":  "Info",
                              "message":  "The access history in hive \\??\\C:\\Users\\Daniel\\AppData\\Local\\Packages\\Microsoft.YourPhone_8wekyb3d8bbwe\\SystemAppData\\Helium\\User.dat was cleared updating 7 keys and creating 1 modified pages.",
                              "event_data":  {
                                                 "HiveNameLength":  "106",
                                                 "HiveName":  "\\??\\C:\\Users\\Daniel\\AppData\\Local\\Packages\\Microsoft.YourPhone_8wekyb3d8bbwe\\SystemAppData\\Helium\\User.dat",
                                                 "KeysUpdated":  "7",
                                                 "DirtyPages":  "1"
                                             }
                          },
                          {
                              "time_created":  "2026-08-22T20:55:40.5486397-04:00",
                              "time_created_utc":  "2026-08-23T00:55:40.5486397Z",
                              "provider":  "Microsoft-Windows-Kernel-General",
                              "log_name":  "System",
                              "event_id":  16,
                              "record_id":  43506,
                              "level":  "Information",
                              "task":  "",
                              "opcode":  "Info",
                              "message":  "The access history in hive \\??\\C:\\Users\\Daniel\\AppData\\Local\\Packages\\Microsoft.YourPhone_8wekyb3d8bbwe\\Settings\\settings.dat was cleared updating 47 keys and creating 6 modified pages.",
                              "event_data":  {
                                                 "HiveNameLength":  "98",
                                                 "HiveName":  "\\??\\C:\\Users\\Daniel\\AppData\\Local\\Packages\\Microsoft.YourPhone_8wekyb3d8bbwe\\Settings\\settings.dat",
                                                 "KeysUpdated":  "47",
                                                 "DirtyPages":  "6"
                                             }
                          },
                          {
                              "time_created":  "2026-08-22T20:55:39.4408356-04:00",
                              "time_created_utc":  "2026-08-23T00:55:39.4408356Z",
                              "provider":  "Microsoft-Windows-Kernel-General",
                              "log_name":  "System",
                              "event_id":  16,
                              "record_id":  43502,
                              "level":  "Information",
                              "task":  "",
                              "opcode":  "Info",
                              "message":  "The access history in hive \\??\\C:\\Users\\Daniel\\AppData\\Local\\Packages\\Microsoft.WindowsStore_8wekyb3d8bbwe\\Settings\\settings.dat was cleared updating 22 keys and creating 8 modified pages.",
                              "event_data":  {
                                                 "HiveNameLength":  "101",
                                                 "HiveName":  "\\??\\C:\\Users\\Daniel\\AppData\\Local\\Packages\\Microsoft.WindowsStore_8wekyb3d8bbwe\\Settings\\settings.dat",
                                                 "KeysUpdated":  "22",
                                                 "DirtyPages":  "8"
                                             }
                          },
                          {
                              "time_created":  "2026-08-22T20:55:37.5950686-04:00",
                              "time_created_utc":  "2026-08-23T00:55:37.5950686Z",
                              "provider":  "Microsoft-Windows-Kernel-General",
                              "log_name":  "System",
                              "event_id":  15,
                              "record_id":  43501,
                              "level":  "Information",
                              "task":  "",
                              "opcode":  "Info",
                              "message":  "Hive \\??\\C:\\WINDOWS\\System32\\config\\COMPONENTS was reorganized with a starting size of 67428352 bytes and an ending size of 65470464 bytes.",
                              "event_data":  {
                                                 "HiveNameLength":  "41",
                                                 "HiveName":  "\\??\\C:\\WINDOWS\\System32\\config\\COMPONENTS",
                                                 "OriginalSize":  "67428352",
                                                 "NewSize":  "65470464"
                                             }
                          },
                          {
                              "time_created":  "2026-08-22T20:55:32.4885107-04:00",
                              "time_created_utc":  "2026-08-23T00:55:32.4885107Z",
                              "provider":  "Microsoft-Windows-Kernel-General",
                              "log_name":  "System",
                              "event_id":  16,
                              "record_id":  43496,
                              "level":  "Information",
                              "task":  "",
                              "opcode":  "Info",
                              "message":  "The access history in hive \\??\\C:\\WINDOWS\\ServiceProfiles\\NetworkService\\AppData\\Local\\Microsoft\\Windows\\DeliveryOptimization\\State\\dosvcState.dat was cleared updating 62 keys and creating 12 modified pages.",
                              "event_data":  {
                                                 "HiveNameLength":  "119",
                                                 "HiveName":  "\\??\\C:\\WINDOWS\\ServiceProfiles\\NetworkService\\AppData\\Local\\Microsoft\\Windows\\DeliveryOptimization\\State\\dosvcState.dat",
                                                 "KeysUpdated":  "62",
                                                 "DirtyPages":  "12"
                                             }
                          },
                          {
                              "time_created":  "2026-08-22T20:55:30.0669422-04:00",
                              "time_created_utc":  "2026-08-23T00:55:30.0669422Z",
                              "provider":  "Microsoft-Windows-Kernel-General",
                              "log_name":  "System",
                              "event_id":  16,
                              "record_id":  43490,
                              "level":  "Information",
                              "task":  "",
                              "opcode":  "Info",
                              "message":  "The access history in hive \\??\\C:\\Users\\Daniel\\AppData\\Local\\Packages\\Microsoft.Windows.StartMenuExperienceHost_cw5n1h2txyewy\\Settings\\settings.dat was cleared updating 10 keys and creating 1 modified pages.",
                              "event_data":  {
                                                 "HiveNameLength":  "120",
                                                 "HiveName":  "\\??\\C:\\Users\\Daniel\\AppData\\Local\\Packages\\Microsoft.Windows.StartMenuExperienceHost_cw5n1h2txyewy\\Settings\\settings.dat",
                                                 "KeysUpdated":  "10",
                                                 "DirtyPages":  "1"
                                             }
                          },
                          {
                              "time_created":  "2026-08-22T20:55:29.8373658-04:00",
                              "time_created_utc":  "2026-08-23T00:55:29.8373658Z",
                              "provider":  "Microsoft-Windows-Kernel-General",
                              "log_name":  "System",
                              "event_id":  16,
                              "record_id":  43489,
                              "level":  "Information",
                              "task":  "",
                              "opcode":  "Info",
                              "message":  "The access history in hive \\??\\C:\\Users\\Daniel\\AppData\\Local\\Packages\\Microsoft.AAD.BrokerPlugin_cw5n1h2txyewy\\Settings\\settings.dat was cleared updating 5 keys and creating 1 modified pages.",
                              "event_data":  {
                                                 "HiveNameLength":  "105",
                                                 "HiveName":  "\\??\\C:\\Users\\Daniel\\AppData\\Local\\Packages\\Microsoft.AAD.BrokerPlugin_cw5n1h2txyewy\\Settings\\settings.dat",
                                                 "KeysUpdated":  "5",
                                                 "DirtyPages":  "1"
                                             }
                          },
                          {
                              "time_created":  "2026-08-22T20:55:29.6814316-04:00",
                              "time_created_utc":  "2026-08-23T00:55:29.6814316Z",
                              "provider":  "Microsoft-Windows-Kernel-General",
                              "log_name":  "System",
                              "event_id":  16,
                              "record_id":  43488,
                              "level":  "Information",
                              "task":  "",
                              "opcode":  "Info",
                              "message":  "The access history in hive \\??\\C:\\Users\\Daniel\\AppData\\Local\\Packages\\MicrosoftWindows.Client.CBS_cw5n1h2txyewy\\Settings\\settings.dat was cleared updating 90 keys and creating 10 modified pages.",
                              "event_data":  {
                                                 "HiveNameLength":  "106",
                                                 "HiveName":  "\\??\\C:\\Users\\Daniel\\AppData\\Local\\Packages\\MicrosoftWindows.Client.CBS_cw5n1h2txyewy\\Settings\\settings.dat",
                                                 "KeysUpdated":  "90",
                                                 "DirtyPages":  "10"
                                             }
                          },
                          {
                              "time_created":  "2026-08-22T20:55:29.6289510-04:00",
                              "time_created_utc":  "2026-08-23T00:55:29.6289510Z",
                              "provider":  "Microsoft-Windows-Kernel-General",
                              "log_name":  "System",
                              "event_id":  16,
                              "record_id":  43487,
                              "level":  "Information",
                              "task":  "",
                              "opcode":  "Info",
                              "message":  "The access history in hive \\??\\C:\\Users\\Daniel\\AppData\\Local\\Packages\\MicrosoftWindows.Client.WebExperience_cw5n1h2txyewy\\SystemAppData\\Helium\\UserClasses.dat was cleared updating 13 keys and creating 1 modified pages.",
                              "event_data":  {
                                                 "HiveNameLength":  "131",
                                                 "HiveName":  "\\??\\C:\\Users\\Daniel\\AppData\\Local\\Packages\\MicrosoftWindows.Client.WebExperience_cw5n1h2txyewy\\SystemAppData\\Helium\\UserClasses.dat",
                                                 "KeysUpdated":  "13",
                                                 "DirtyPages":  "1"
                                             }
                          },
                          {
                              "time_created":  "2026-08-22T20:55:29.6264477-04:00",
                              "time_created_utc":  "2026-08-23T00:55:29.6264477Z",
                              "provider":  "Microsoft-Windows-Kernel-General",
                              "log_name":  "System",
                              "event_id":  16,
                              "record_id":  43486,
                              "level":  "Information",
                              "task":  "",
                              "opcode":  "Info",
                              "message":  "The access history in hive \\??\\C:\\Users\\Daniel\\AppData\\Local\\Packages\\MicrosoftWindows.Client.WebExperience_cw5n1h2txyewy\\SystemAppData\\Helium\\User.dat was cleared updating 37 keys and creating 5 modified pages.",
                              "event_data":  {
                                                 "HiveNameLength":  "124",
                                                 "HiveName":  "\\??\\C:\\Users\\Daniel\\AppData\\Local\\Packages\\MicrosoftWindows.Client.WebExperience_cw5n1h2txyewy\\SystemAppData\\Helium\\User.dat",
                                                 "KeysUpdated":  "37",
                                                 "DirtyPages":  "5"
                                             }
                          },
                          {
                              "time_created":  "2026-08-22T20:55:28.1299783-04:00",
                              "time_created_utc":  "2026-08-23T00:55:28.1299783Z",
                              "provider":  "Microsoft-Windows-Kernel-General",
                              "log_name":  "System",
                              "event_id":  16,
                              "record_id":  43483,
                              "level":  "Information",
                              "task":  "",
                              "opcode":  "Info",
                              "message":  "The access history in hive \\??\\C:\\WINDOWS\\AppCompat\\Programs\\Amcache.hve was cleared updating 4260 keys and creating 1478 modified pages.",
                              "event_data":  {
                                                 "HiveNameLength":  "45",
                                                 "HiveName":  "\\??\\C:\\WINDOWS\\AppCompat\\Programs\\Amcache.hve",
                                                 "KeysUpdated":  "4260",
                                                 "DirtyPages":  "1478"
                                             }
                          },
                          {
                              "time_created":  "2026-08-22T20:55:28.0706191-04:00",
                              "time_created_utc":  "2026-08-23T00:55:28.0706191Z",
                              "provider":  "Microsoft-Windows-Kernel-General",
                              "log_name":  "System",
                              "event_id":  16,
                              "record_id":  43480,
                              "level":  "Information",
                              "task":  "",
                              "opcode":  "Info",
                              "message":  "The access history in hive \\??\\C:\\ProgramData\\Microsoft\\Windows\\WindowsApps\\Microsoft.GamingServices_38.116.6003.0_x64__8wekyb3d8bbwe\\Cache\\8e5f590b2d731ff4_COM15.dat was cleared updating 1 keys and creating 1 modified pages.",
                              "event_data":  {
                                                 "HiveNameLength":  "139",
                                                 "HiveName":  "\\??\\C:\\ProgramData\\Microsoft\\Windows\\WindowsApps\\Microsoft.GamingServices_38.116.6003.0_x64__8wekyb3d8bbwe\\Cache\\8e5f590b2d731ff4_COM15.dat",
                                                 "KeysUpdated":  "1",
                                                 "DirtyPages":  "1"
                                             }
                          },
                          {
                              "time_created":  "2026-08-22T20:55:27.6399521-04:00",
                              "time_created_utc":  "2026-08-23T00:55:27.6399521Z",
                              "provider":  "Microsoft-Windows-Kernel-General",
                              "log_name":  "System",
                              "event_id":  16,
                              "record_id":  43479,
                              "level":  "Information",
                              "task":  "",
                              "opcode":  "Info",
                              "message":  "The access history in hive \\??\\C:\\Users\\Daniel\\AppData\\Local\\Microsoft\\Windows\\UsrClass.dat was cleared updating 16126 keys and creating 1373 modified pages.",
                              "event_data":  {
                                                 "HiveNameLength":  "64",
                                                 "HiveName":  "\\??\\C:\\Users\\Daniel\\AppData\\Local\\Microsoft\\Windows\\UsrClass.dat",
                                                 "KeysUpdated":  "16126",
                                                 "DirtyPages":  "1373"
                                             }
                          },
                          {
                              "time_created":  "2026-08-22T20:55:27.6087546-04:00",
                              "time_created_utc":  "2026-08-23T00:55:27.6087546Z",
                              "provider":  "Microsoft-Windows-Kernel-General",
                              "log_name":  "System",
                              "event_id":  16,
                              "record_id":  43478,
                              "level":  "Information",
                              "task":  "",
                              "opcode":  "Info",
                              "message":  "The access history in hive \\??\\C:\\Users\\Daniel\\ntuser.dat was cleared updating 9170 keys and creating 824 modified pages.",
                              "event_data":  {
                                                 "HiveNameLength":  "30",
                                                 "HiveName":  "\\??\\C:\\Users\\Daniel\\ntuser.dat",
                                                 "KeysUpdated":  "9170",
                                                 "DirtyPages":  "824"
                                             }
                          },
                          {
                              "time_created":  "2026-08-22T20:55:26.5891506-04:00",
                              "time_created_utc":  "2026-08-23T00:55:26.5891506Z",
                              "provider":  "Microsoft-Windows-UserModePowerService",
                              "log_name":  "System",
                              "event_id":  12,
                              "record_id":  43475,
                              "level":  "Information",
                              "task":  "",
                              "opcode":  "Info",
                              "message":  "Process C:\\Windows\\System32\\DriverStore\\FileRepository\\u0196283.inf_amd64_3979d16563294d92\\B025522\\atieclxx.exe (process ID:4252) reset policy scheme from {8c5e7fda-e8bf-4a96-9a85-a6e23a8c635c} to {8c5e7fda-e8bf-4a96-9a85-a6e23a8c635c}",
                              "event_data":  {
                                                 "ProcessPath":  "C:\\Windows\\System32\\DriverStore\\FileRepository\\u0196283.inf_amd64_3979d16563294d92\\B025522\\atieclxx.exe",
                                                 "ProcessPid":  "4252",
                                                 "OldSchemeGuid":  "{8c5e7fda-e8bf-4a96-9a85-a6e23a8c635c}",
                                                 "NewSchemeGuid":  "{8c5e7fda-e8bf-4a96-9a85-a6e23a8c635c}"
                                             }
                          },
                          {
                              "time_created":  "2026-08-22T20:55:26.3621616-04:00",
                              "time_created_utc":  "2026-08-23T00:55:26.3621616Z",
                              "provider":  "Microsoft-Windows-Kernel-General",
                              "log_name":  "System",
                              "event_id":  16,
                              "record_id":  43473,
                              "level":  "Information",
                              "task":  "",
                              "opcode":  "Info",
                              "message":  "The access history in hive \\??\\C:\\WINDOWS\\ServiceProfiles\\niLXIDiscovery\\AppData\\Local\\Microsoft\\Windows\\UsrClass.dat was cleared updating 76 keys and creating 4 modified pages.",
                              "event_data":  {
                                                 "HiveNameLength":  "90",
                                                 "HiveName":  "\\??\\C:\\WINDOWS\\ServiceProfiles\\niLXIDiscovery\\AppData\\Local\\Microsoft\\Windows\\UsrClass.dat",
                                                 "KeysUpdated":  "76",
                                                 "DirtyPages":  "4"
                                             }
                          },
                          {
                              "time_created":  "2026-08-22T20:55:26.3554709-04:00",
                              "time_created_utc":  "2026-08-23T00:55:26.3554709Z",
                              "provider":  "Microsoft-Windows-Kernel-General",
                              "log_name":  "System",
                              "event_id":  16,
                              "record_id":  43472,
                              "level":  "Information",
                              "task":  "",
                              "opcode":  "Info",
                              "message":  "The access history in hive \\??\\C:\\WINDOWS\\ServiceProfiles\\niLXIDiscovery\\ntuser.dat was cleared updating 49 keys and creating 15 modified pages.",
                              "event_data":  {
                                                 "HiveNameLength":  "56",
                                                 "HiveName":  "\\??\\C:\\WINDOWS\\ServiceProfiles\\niLXIDiscovery\\ntuser.dat",
                                                 "KeysUpdated":  "49",
                                                 "DirtyPages":  "15"
                                             }
                          },
                          {
                              "time_created":  "2026-08-22T20:55:26.2793532-04:00",
                              "time_created_utc":  "2026-08-23T00:55:26.2793532Z",
                              "provider":  "Microsoft-Windows-Kernel-General",
                              "log_name":  "System",
                              "event_id":  16,
                              "record_id":  43471,
                              "level":  "Information",
                              "task":  "",
                              "opcode":  "Info",
                              "message":  "The access history in hive \\??\\C:\\WINDOWS\\ServiceProfiles\\niroco\\AppData\\Local\\Microsoft\\Windows\\UsrClass.dat was cleared updating 76 keys and creating 4 modified pages.",
                              "event_data":  {
                                                 "HiveNameLength":  "82",
                                                 "HiveName":  "\\??\\C:\\WINDOWS\\ServiceProfiles\\niroco\\AppData\\Local\\Microsoft\\Windows\\UsrClass.dat",
                                                 "KeysUpdated":  "76",
                                                 "DirtyPages":  "4"
                                             }
                          },
                          {
                              "time_created":  "2026-08-22T20:55:26.2792558-04:00",
                              "time_created_utc":  "2026-08-23T00:55:26.2792558Z",
                              "provider":  "Microsoft-Windows-Kernel-General",
                              "log_name":  "System",
                              "event_id":  16,
                              "record_id":  43470,
                              "level":  "Information",
                              "task":  "",
                              "opcode":  "Info",
                              "message":  "The access history in hive \\??\\C:\\WINDOWS\\ServiceProfiles\\lkClassAds\\AppData\\Local\\Microsoft\\Windows\\UsrClass.dat was cleared updating 76 keys and creating 4 modified pages.",
                              "event_data":  {
                                                 "HiveNameLength":  "86",
                                                 "HiveName":  "\\??\\C:\\WINDOWS\\ServiceProfiles\\lkClassAds\\AppData\\Local\\Microsoft\\Windows\\UsrClass.dat",
                                                 "KeysUpdated":  "76",
                                                 "DirtyPages":  "4"
                                             }
                          },
                          {
                              "time_created":  "2026-08-22T20:55:26.2676606-04:00",
                              "time_created_utc":  "2026-08-23T00:55:26.2676606Z",
                              "provider":  "Microsoft-Windows-Kernel-General",
                              "log_name":  "System",
                              "event_id":  16,
                              "record_id":  43469,
                              "level":  "Information",
                              "task":  "",
                              "opcode":  "Info",
                              "message":  "The access history in hive \\??\\C:\\WINDOWS\\ServiceProfiles\\lkClassAds\\ntuser.dat was cleared updating 49 keys and creating 15 modified pages.",
                              "event_data":  {
                                                 "HiveNameLength":  "52",
                                                 "HiveName":  "\\??\\C:\\WINDOWS\\ServiceProfiles\\lkClassAds\\ntuser.dat",
                                                 "KeysUpdated":  "49",
                                                 "DirtyPages":  "15"
                                             }
                          },
                          {
                              "time_created":  "2026-08-22T20:55:26.2674091-04:00",
                              "time_created_utc":  "2026-08-23T00:55:26.2674091Z",
                              "provider":  "Microsoft-Windows-Kernel-General",
                              "log_name":  "System",
                              "event_id":  16,
                              "record_id":  43468,
                              "level":  "Information",
                              "task":  "",
                              "opcode":  "Info",
                              "message":  "The access history in hive \\??\\C:\\WINDOWS\\ServiceProfiles\\niroco\\ntuser.dat was cleared updating 50 keys and creating 15 modified pages.",
                              "event_data":  {
                                                 "HiveNameLength":  "48",
                                                 "HiveName":  "\\??\\C:\\WINDOWS\\ServiceProfiles\\niroco\\ntuser.dat",
                                                 "KeysUpdated":  "50",
                                                 "DirtyPages":  "15"
                                             }
                          },
                          {
                              "time_created":  "2026-08-22T20:55:25.9344804-04:00",
                              "time_created_utc":  "2026-08-23T00:55:25.9344804Z",
                              "provider":  "Microsoft-Windows-Kernel-General",
                              "log_name":  "System",
                              "event_id":  16,
                              "record_id":  43450,
                              "level":  "Information",
                              "task":  "",
                              "opcode":  "Info",
                              "message":  "The access history in hive \\SystemRoot\\System32\\Config\\bbimigrate\\BBI was cleared updating 1 keys and creating 1 modified pages.",
                              "event_data":  {
                                                 "HiveNameLength":  "42",
                                                 "HiveName":  "\\SystemRoot\\System32\\Config\\bbimigrate\\BBI",
                                                 "KeysUpdated":  "1",
                                                 "DirtyPages":  "1"
                                             }
                          },
                          {
                              "time_created":  "2026-08-22T20:55:25.8060045-04:00",
                              "time_created_utc":  "2026-08-23T00:55:25.8060045Z",
                              "provider":  "Microsoft-Windows-Kernel-General",
                              "log_name":  "System",
                              "event_id":  16,
                              "record_id":  43440,
                              "level":  "Information",
                              "task":  "",
                              "opcode":  "Info",
                              "message":  "The access history in hive \\SystemRoot\\System32\\Config\\BBI was cleared updating 277 keys and creating 74 modified pages.",
                              "event_data":  {
                                                 "HiveNameLength":  "31",
                                                 "HiveName":  "\\SystemRoot\\System32\\Config\\BBI",
                                                 "KeysUpdated":  "277",
                                                 "DirtyPages":  "74"
                                             }
                          },
                          {
                              "time_created":  "2026-08-22T20:55:25.4785880-04:00",
                              "time_created_utc":  "2026-08-23T00:55:25.4785880Z",
                              "provider":  "Microsoft-Windows-Kernel-General",
                              "log_name":  "System",
                              "event_id":  16,
                              "record_id":  43438,
                              "level":  "Information",
                              "task":  "",
                              "opcode":  "Info",
                              "message":  "The access history in hive \\??\\C:\\WINDOWS\\ServiceProfiles\\NetworkService\\NTUSER.DAT was cleared updating 192 keys and creating 22 modified pages.",
                              "event_data":  {
                                                 "HiveNameLength":  "56",
                                                 "HiveName":  "\\??\\C:\\WINDOWS\\ServiceProfiles\\NetworkService\\NTUSER.DAT",
                                                 "KeysUpdated":  "192",
                                                 "DirtyPages":  "22"
                                             }
                          },
                          {
                              "time_created":  "2026-08-22T20:55:25.4401402-04:00",
                              "time_created_utc":  "2026-08-23T00:55:25.4401402Z",
                              "provider":  "Microsoft-Windows-Kernel-General",
                              "log_name":  "System",
                              "event_id":  16,
                              "record_id":  43437,
                              "level":  "Information",
                              "task":  "",
                              "opcode":  "Info",
                              "message":  "The access history in hive \\??\\C:\\WINDOWS\\ServiceProfiles\\LocalService\\NTUSER.DAT was cleared updating 172 keys and creating 22 modified pages.",
                              "event_data":  {
                                                 "HiveNameLength":  "54",
                                                 "HiveName":  "\\??\\C:\\WINDOWS\\ServiceProfiles\\LocalService\\NTUSER.DAT",
                                                 "KeysUpdated":  "172",
                                                 "DirtyPages":  "22"
                                             }
                          },
                          {
                              "time_created":  "2026-08-22T20:55:19.2766367-04:00",
                              "time_created_utc":  "2026-08-23T00:55:19.2766367Z",
                              "provider":  "BTHUSB",
                              "log_name":  "System",
                              "event_id":  18,
                              "record_id":  43426,
                              "level":  "Information",
                              "task":  "None",
                              "opcode":  "",
                              "message":  "Windows cannot store Bluetooth authentication codes (link keys) on the local adapter. Bluetooth keyboards might not work in the system BIOS during startup.",
                              "event_data":  {
                                                 "index_0":  ""
                                             }
                          },
                          {
                              "time_created":  "2026-08-22T20:55:17.8632706-04:00",
                              "time_created_utc":  "2026-08-23T00:55:17.8632706Z",
                              "provider":  "Microsoft-Windows-Kernel-General",
                              "log_name":  "System",
                              "event_id":  15,
                              "record_id":  43425,
                              "level":  "Information",
                              "task":  "",
                              "opcode":  "Info",
                              "message":  "Hive \\SystemRoot\\System32\\config\\DRIVERS was reorganized with a starting size of 12619776 bytes and an ending size of 11026432 bytes.",
                              "event_data":  {
                                                 "HiveNameLength":  "35",
                                                 "HiveName":  "\\SystemRoot\\System32\\config\\DRIVERS",
                                                 "OriginalSize":  "12619776",
                                                 "NewSize":  "11026432"
                                             }
                          },
                          {
                              "time_created":  "2026-08-22T20:55:16.2482942-04:00",
                              "time_created_utc":  "2026-08-23T00:55:16.2482942Z",
                              "provider":  "Microsoft-Windows-Kernel-General",
                              "log_name":  "System",
                              "event_id":  16,
                              "record_id":  43422,
                              "level":  "Information",
                              "task":  "",
                              "opcode":  "Info",
                              "message":  "The access history in hive \\Device\\HarddiskVolume3\\EFI\\Microsoft\\Boot\\BCD was cleared updating 73 keys and creating 8 modified pages.",
                              "event_data":  {
                                                 "HiveNameLength":  "46",
                                                 "HiveName":  "\\Device\\HarddiskVolume3\\EFI\\Microsoft\\Boot\\BCD",
                                                 "KeysUpdated":  "73",
                                                 "DirtyPages":  "8"
                                             }
                          },
