                          {
                              "time_created":  "2026-08-22T23:14:00.6656909-04:00",
                              "time_created_utc":  "2026-08-23T03:14:00.6656909Z",
                              "provider":  "Microsoft-Windows-Kernel-Power",
                              "log_name":  "System",
                              "event_id":  109,
                              "record_id":  43811,
                              "level":  "Information",
                              "task":  "",
                              "opcode":  "Info",
                              "message":  "The kernel power manager has initiated a shutdown transition.\r\n\r\nAction: Power Action Shutdown Off \r\nEvent Code: 0x0 \r\nReason: Kernel API",
                              "event_data":  {
                                                 "ShutdownActionType":  "6",
                                                 "ShutdownEventCode":  "0",
                                                 "ShutdownReason":  "5"
                                             }
                          },
                          {
                              "time_created":  "2026-08-22T23:01:41.3532910-04:00",
                              "time_created_utc":  "2026-08-23T03:01:41.3532910Z",
                              "provider":  "Microsoft-Windows-Kernel-General",
                              "log_name":  "System",
                              "event_id":  16,
                              "record_id":  43787,
                              "level":  "Information",
                              "task":  "",
                              "opcode":  "Info",
                              "message":  "The access history in hive \\??\\C:\\Users\\Daniel\\AppData\\Local\\Packages\\microsoft.windowscommunicationsapps_8wekyb3d8bbwe\\Settings\\settings.dat was cleared updating 58 keys and creating 8 modified pages.",
                              "event_data":  {
                                                 "HiveNameLength":  "114",
                                                 "HiveName":  "\\??\\C:\\Users\\Daniel\\AppData\\Local\\Packages\\microsoft.windowscommunicationsapps_8wekyb3d8bbwe\\Settings\\settings.dat",
                                                 "KeysUpdated":  "58",
                                                 "DirtyPages":  "8"
                                             }
                          },
                          {
                              "time_created":  "2026-08-22T22:03:15.4416087-04:00",
                              "time_created_utc":  "2026-08-23T02:03:15.4416087Z",
                              "provider":  "Microsoft-Windows-Kernel-General",
                              "log_name":  "System",
                              "event_id":  16,
                              "record_id":  43760,
                              "level":  "Information",
                              "task":  "",
                              "opcode":  "Info",
                              "message":  "The access history in hive \\??\\C:\\Users\\Daniel\\AppData\\Local\\Packages\\Microsoft.GamingApp_8wekyb3d8bbwe\\Settings\\settings.dat was cleared updating 3 keys and creating 1 modified pages.",
                              "event_data":  {
                                                 "HiveNameLength":  "98",
                                                 "HiveName":  "\\??\\C:\\Users\\Daniel\\AppData\\Local\\Packages\\Microsoft.GamingApp_8wekyb3d8bbwe\\Settings\\settings.dat",
                                                 "KeysUpdated":  "3",
                                                 "DirtyPages":  "1"
                                             }
                          },
                          {
                              "time_created":  "2026-08-22T22:03:14.4359335-04:00",
                              "time_created_utc":  "2026-08-23T02:03:14.4359335Z",
                              "provider":  "Microsoft-Windows-Kernel-General",
                              "log_name":  "System",
                              "event_id":  16,
                              "record_id":  43759,
                              "level":  "Information",
                              "task":  "",
                              "opcode":  "Info",
                              "message":  "The access history in hive \\??\\C:\\ProgramData\\Packages\\Microsoft.XboxGamingOverlay_8wekyb3d8bbwe\\S-1-5-21-2124357560-3435360735-3559141877-1001\\SystemAppData\\Helium\\Cache\\99370a721526d66b_COM15.dat was cleared updating 1 keys and creating 1 modified pages.",
                              "event_data":  {
                                                 "HiveNameLength":  "170",
                                                 "HiveName":  "\\??\\C:\\ProgramData\\Packages\\Microsoft.XboxGamingOverlay_8wekyb3d8bbwe\\S-1-5-21-2124357560-3435360735-3559141877-1001\\SystemAppData\\Helium\\Cache\\99370a721526d66b_COM15.dat",
                                                 "KeysUpdated":  "1",
                                                 "DirtyPages":  "1"
                                             }
                          },
                          {
                              "time_created":  "2026-08-22T22:03:14.3303720-04:00",
                              "time_created_utc":  "2026-08-23T02:03:14.3303720Z",
                              "provider":  "Microsoft-Windows-Kernel-General",
                              "log_name":  "System",
                              "event_id":  16,
                              "record_id":  43758,
                              "level":  "Information",
                              "task":  "",
                              "opcode":  "Info",
                              "message":  "The access history in hive \\??\\C:\\Users\\Daniel\\AppData\\Local\\Packages\\Microsoft.XboxGamingOverlay_8wekyb3d8bbwe\\Settings\\settings.dat was cleared updating 5 keys and creating 1 modified pages.",
                              "event_data":  {
                                                 "HiveNameLength":  "106",
                                                 "HiveName":  "\\??\\C:\\Users\\Daniel\\AppData\\Local\\Packages\\Microsoft.XboxGamingOverlay_8wekyb3d8bbwe\\Settings\\settings.dat",
                                                 "KeysUpdated":  "5",
                                                 "DirtyPages":  "1"
                                             }
                          },
                          {
                              "time_created":  "2026-08-22T21:57:22.1201581-04:00",
                              "time_created_utc":  "2026-08-23T01:57:22.1201581Z",
                              "provider":  "Microsoft-Windows-WindowsUpdateClient",
                              "log_name":  "System",
                              "event_id":  19,
                              "record_id":  43753,
                              "level":  "Information",
                              "task":  "Windows Update Agent",
                              "opcode":  "Installation",
                              "message":  "Installation Successful: Windows successfully installed the following update: 9NBLGGH4NNS1-Microsoft.DesktopAppInstaller",
                              "event_data":  {
                                                 "updateTitle":  "9NBLGGH4NNS1-Microsoft.DesktopAppInstaller",
                                                 "updateGuid":  "{f66e6ac6-3e05-449e-8911-9e305d0e6056}",
                                                 "updateRevisionNumber":  "1",
                                                 "serviceGuid":  "{855e8a7c-ecb4-4ca3-b045-1dfa50104289}"
                                             }
                          },
                          {
                              "time_created":  "2026-08-22T21:57:21.4817851-04:00",
                              "time_created_utc":  "2026-08-23T01:57:21.4817851Z",
                              "provider":  "Microsoft-Windows-WindowsUpdateClient",
                              "log_name":  "System",
                              "event_id":  43,
                              "record_id":  43752,
                              "level":  "Information",
                              "task":  "Windows Update Agent",
                              "opcode":  "Installation",
                              "message":  "Installation Started: Windows has started installing the following update: 9NBLGGH4NNS1-Microsoft.DesktopAppInstaller",
                              "event_data":  {
                                                 "updateTitle":  "9NBLGGH4NNS1-Microsoft.DesktopAppInstaller",
                                                 "updateGuid":  "{f66e6ac6-3e05-449e-8911-9e305d0e6056}",
                                                 "updateRevisionNumber":  "1"
                                             }
                          },
                          {
                              "time_created":  "2026-08-22T21:57:21.4716191-04:00",
                              "time_created_utc":  "2026-08-23T01:57:21.4716191Z",
                              "provider":  "Microsoft-Windows-WindowsUpdateClient",
                              "log_name":  "System",
                              "event_id":  19,
                              "record_id":  43751,
                              "level":  "Information",
                              "task":  "Windows Update Agent",
                              "opcode":  "Installation",
                              "message":  "Installation Successful: Windows successfully installed the following update: 9NKRJ3SJ9SDG-Microsoft.WindowsAppRuntime.1.8",
                              "event_data":  {
                                                 "updateTitle":  "9NKRJ3SJ9SDG-Microsoft.WindowsAppRuntime.1.8",
                                                 "updateGuid":  "{d190066d-4688-4f38-88d8-51ce7670e87e}",
                                                 "updateRevisionNumber":  "1",
                                                 "serviceGuid":  "{855e8a7c-ecb4-4ca3-b045-1dfa50104289}"
                                             }
                          },
                          {
                              "time_created":  "2026-08-22T21:57:21.0968550-04:00",
                              "time_created_utc":  "2026-08-23T01:57:21.0968550Z",
                              "provider":  "Microsoft-Windows-WindowsUpdateClient",
                              "log_name":  "System",
                              "event_id":  43,
                              "record_id":  43750,
                              "level":  "Information",
                              "task":  "Windows Update Agent",
                              "opcode":  "Installation",
                              "message":  "Installation Started: Windows has started installing the following update: 9NKRJ3SJ9SDG-Microsoft.WindowsAppRuntime.1.8",
                              "event_data":  {
                                                 "updateTitle":  "9NKRJ3SJ9SDG-Microsoft.WindowsAppRuntime.1.8",
                                                 "updateGuid":  "{d190066d-4688-4f38-88d8-51ce7670e87e}",
                                                 "updateRevisionNumber":  "1"
                                             }
                          },
                          {
                              "time_created":  "2026-08-22T21:57:21.0968529-04:00",
                              "time_created_utc":  "2026-08-23T01:57:21.0968529Z",
                              "provider":  "Microsoft-Windows-WindowsUpdateClient",
                              "log_name":  "System",
                              "event_id":  44,
                              "record_id":  43749,
                              "level":  "Information",
                              "task":  "Windows Update Agent",
                              "opcode":  "Installation",
                              "message":  "Windows Update started downloading an update.",
                              "event_data":  {
                                                 "updateTitle":  "9NKRJ3SJ9SDG-Microsoft.WindowsAppRuntime.1.8",
                                                 "updateGuid":  "{d190066d-4688-4f38-88d8-51ce7670e87e}",
                                                 "updateRevisionNumber":  "1"
                                             }
                          },
                          {
                              "time_created":  "2026-08-22T21:57:13.1071207-04:00",
                              "time_created_utc":  "2026-08-23T01:57:13.1071207Z",
                              "provider":  "Microsoft-Windows-Kernel-General",
                              "log_name":  "System",
                              "event_id":  16,
                              "record_id":  43748,
                              "level":  "Information",
                              "task":  "",
                              "opcode":  "Info",
                              "message":  "The access history in hive \\??\\C:\\ProgramData\\Microsoft\\Windows\\AppRepository\\Packages\\Microsoft.DesktopAppInstaller_1.29.290.0_x64__8wekyb3d8bbwe\\ActivationStore.dat was cleared updating 0 keys and creating 0 modified pages.",
                              "event_data":  {
                                                 "HiveNameLength":  "139",
                                                 "HiveName":  "\\??\\C:\\ProgramData\\Microsoft\\Windows\\AppRepository\\Packages\\Microsoft.DesktopAppInstaller_1.29.290.0_x64__8wekyb3d8bbwe\\ActivationStore.dat",
                                                 "KeysUpdated":  "0",
                                                 "DirtyPages":  "0"
                                             }
                          },
                          {
                              "time_created":  "2026-08-22T21:57:07.4199238-04:00",
                              "time_created_utc":  "2026-08-23T01:57:07.4199238Z",
                              "provider":  "Microsoft-Windows-WindowsUpdateClient",
                              "log_name":  "System",
                              "event_id":  44,
                              "record_id":  43747,
                              "level":  "Information",
                              "task":  "Windows Update Agent",
                              "opcode":  "Installation",
                              "message":  "Windows Update started downloading an update.",
                              "event_data":  {
                                                 "updateTitle":  "9NBLGGH4NNS1-Microsoft.DesktopAppInstaller",
                                                 "updateGuid":  "{f66e6ac6-3e05-449e-8911-9e305d0e6056}",
                                                 "updateRevisionNumber":  "1"
                                             }
                          },
                          {
                              "time_created":  "2026-08-22T21:57:07.4199230-04:00",
                              "time_created_utc":  "2026-08-23T01:57:07.4199230Z",
                              "provider":  "Microsoft-Windows-WindowsUpdateClient",
                              "log_name":  "System",
                              "event_id":  44,
                              "record_id":  43746,
                              "level":  "Information",
                              "task":  "Windows Update Agent",
                              "opcode":  "Installation",
                              "message":  "Windows Update started downloading an update.",
                              "event_data":  {
                                                 "updateTitle":  "9NKRJ3SJ9SDG-Microsoft.WindowsAppRuntime.1.8",
                                                 "updateGuid":  "{d190066d-4688-4f38-88d8-51ce7670e87e}",
                                                 "updateRevisionNumber":  "1"
                                             }
                          },
                          {
                              "time_created":  "2026-08-22T21:57:07.4199216-04:00",
                              "time_created_utc":  "2026-08-23T01:57:07.4199216Z",
                              "provider":  "Microsoft-Windows-WindowsUpdateClient",
                              "log_name":  "System",
                              "event_id":  44,
                              "record_id":  43745,
                              "level":  "Information",
                              "task":  "Windows Update Agent",
                              "opcode":  "Installation",
                              "message":  "Windows Update started downloading an update.",
                              "event_data":  {
                                                 "updateTitle":  "9NBLGGH4NNS1-Microsoft.DesktopAppInstaller",
                                                 "updateGuid":  "{f66e6ac6-3e05-449e-8911-9e305d0e6056}",
                                                 "updateRevisionNumber":  "1"
                                             }
                          },
                          {
                              "time_created":  "2026-08-22T21:56:43.7203036-04:00",
                              "time_created_utc":  "2026-08-23T01:56:43.7203036Z",
                              "provider":  "Microsoft-Windows-Kernel-General",
                              "log_name":  "System",
                              "event_id":  16,
                              "record_id":  43744,
                              "level":  "Information",
                              "task":  "",
                              "opcode":  "Info",
                              "message":  "The access history in hive \\??\\C:\\ProgramData\\Microsoft\\Windows\\AppRepository\\Packages\\Microsoft.Copilot_152.0.4191.34_neutral__8wekyb3d8bbwe\\ActivationStore.dat was cleared updating 0 keys and creating 0 modified pages.",
                              "event_data":  {
                                                 "HiveNameLength":  "134",
                                                 "HiveName":  "\\??\\C:\\ProgramData\\Microsoft\\Windows\\AppRepository\\Packages\\Microsoft.Copilot_152.0.4191.34_neutral__8wekyb3d8bbwe\\ActivationStore.dat",
                                                 "KeysUpdated":  "0",
                                                 "DirtyPages":  "0"
                                             }
                          },
                          {
                              "time_created":  "2026-08-22T21:56:33.3690003-04:00",
                              "time_created_utc":  "2026-08-23T01:56:33.3690003Z",
                              "provider":  "Microsoft-Windows-WindowsUpdateClient",
                              "log_name":  "System",
                              "event_id":  19,
                              "record_id":  43743,
                              "level":  "Information",
                              "task":  "Windows Update Agent",
                              "opcode":  "Installation",
                              "message":  "Installation Successful: Windows successfully installed the following update: Micro-Star INT\u0027L CO., LTD. System Driver Update (1.0.0.16)",
                              "event_data":  {
                                                 "updateTitle":  "Micro-Star INT\u0027L CO., LTD. System Driver Update (1.0.0.16)",
                                                 "updateGuid":  "{d6a55602-e605-479d-b02c-db438e627a0a}",
                                                 "updateRevisionNumber":  "1",
                                                 "serviceGuid":  "{8b24b027-1dee-babb-9a95-3517dfb9c552}"
                                             }
                          },
                          {
                              "time_created":  "2026-08-22T21:56:32.3456831-04:00",
                              "time_created_utc":  "2026-08-23T01:56:32.3456831Z",
                              "provider":  "Microsoft-Windows-WindowsUpdateClient",
                              "log_name":  "System",
                              "event_id":  43,
                              "record_id":  43741,
                              "level":  "Information",
                              "task":  "Windows Update Agent",
                              "opcode":  "Installation",
                              "message":  "Installation Started: Windows has started installing the following update: Micro-Star INT\u0027L CO., LTD. System Driver Update (1.0.0.16)",
                              "event_data":  {
                                                 "updateTitle":  "Micro-Star INT\u0027L CO., LTD. System Driver Update (1.0.0.16)",
                                                 "updateGuid":  "{d6a55602-e605-479d-b02c-db438e627a0a}",
                                                 "updateRevisionNumber":  "1"
                                             }
                          },
                          {
                              "time_created":  "2026-08-22T21:56:27.0598642-04:00",
                              "time_created_utc":  "2026-08-23T01:56:27.0598642Z",
                              "provider":  "Microsoft-Windows-WindowsUpdateClient",
                              "log_name":  "System",
                              "event_id":  44,
                              "record_id":  43740,
                              "level":  "Information",
                              "task":  "Windows Update Agent",
                              "opcode":  "Installation",
                              "message":  "Windows Update started downloading an update.",
                              "event_data":  {
                                                 "updateTitle":  "Micro-Star INT\u0027L CO., LTD. System Driver Update (1.0.0.16)",
                                                 "updateGuid":  "{d6a55602-e605-479d-b02c-db438e627a0a}",
                                                 "updateRevisionNumber":  "1"
                                             }
                          },
                          {
                              "time_created":  "2026-08-22T21:55:30.1409812-04:00",
                              "time_created_utc":  "2026-08-23T01:55:30.1409812Z",
                              "provider":  "Microsoft-Windows-Kernel-General",
                              "log_name":  "System",
                              "event_id":  16,
                              "record_id":  43738,
                              "level":  "Information",
                              "task":  "",
                              "opcode":  "Info",
                              "message":  "The access history in hive \\??\\C:\\Users\\Daniel\\AppData\\Local\\Packages\\Microsoft.MicrosoftEdge.Stable_8wekyb3d8bbwe\\Settings\\settings.dat was cleared updating 1 keys and creating 1 modified pages.",
                              "event_data":  {
                                                 "HiveNameLength":  "109",
                                                 "HiveName":  "\\??\\C:\\Users\\Daniel\\AppData\\Local\\Packages\\Microsoft.MicrosoftEdge.Stable_8wekyb3d8bbwe\\Settings\\settings.dat",
                                                 "KeysUpdated":  "1",
                                                 "DirtyPages":  "1"
                                             }
                          },
                          {
                              "time_created":  "2026-08-22T21:52:04.2501267-04:00",
                              "time_created_utc":  "2026-08-23T01:52:04.2501267Z",
                              "provider":  "Microsoft-Windows-Kernel-General",
                              "log_name":  "System",
                              "event_id":  16,
                              "record_id":  43730,
                              "level":  "Information",
                              "task":  "",
                              "opcode":  "Info",
                              "message":  "The access history in hive \\??\\C:\\ProgramData\\Microsoft\\Provisioning\\Microsoft-Desktop-Provisioning-Sequence.dat was cleared updating 0 keys and creating 0 modified pages.",
                              "event_data":  {
                                                 "HiveNameLength":  "85",
                                                 "HiveName":  "\\??\\C:\\ProgramData\\Microsoft\\Provisioning\\Microsoft-Desktop-Provisioning-Sequence.dat",
                                                 "KeysUpdated":  "0",
                                                 "DirtyPages":  "0"
                                             }
                          },
                          {
                              "time_created":  "2026-08-22T21:51:41.2622776-04:00",
                              "time_created_utc":  "2026-08-23T01:51:41.2622776Z",
                              "provider":  "Microsoft-Windows-WindowsUpdateClient",
                              "log_name":  "System",
                              "event_id":  19,
                              "record_id":  43729,
                              "level":  "Information",
                              "task":  "Windows Update Agent",
                              "opcode":  "Installation",
                              "message":  "Installation Successful: Windows successfully installed the following update: Security Intelligence Update for Microsoft Defender Antivirus - KB2267602 (Version 1.457.297.0) - Current Channel (Broad)",
                              "event_data":  {
                                                 "updateTitle":  "Security Intelligence Update for Microsoft Defender Antivirus - KB2267602 (Version 1.457.297.0) - Current Channel (Broad)",
                                                 "updateGuid":  "{bb5fb4bd-951a-453e-aa30-218174bc4e42}",
                                                 "updateRevisionNumber":  "200",
                                                 "serviceGuid":  "{9482f4b4-e343-43b6-b170-9a65bc822c77}"
                                             }
                          },
                          {
                              "time_created":  "2026-08-22T21:51:37.0987870-04:00",
                              "time_created_utc":  "2026-08-23T01:51:37.0987870Z",
                              "provider":  "Microsoft-Windows-WindowsUpdateClient",
                              "log_name":  "System",
                              "event_id":  43,
                              "record_id":  43728,
                              "level":  "Information",
                              "task":  "Windows Update Agent",
                              "opcode":  "Installation",
                              "message":  "Installation Started: Windows has started installing the following update: Security Intelligence Update for Microsoft Defender Antivirus - KB2267602 (Version 1.457.297.0) - Current Channel (Broad)",
                              "event_data":  {
                                                 "updateTitle":  "Security Intelligence Update for Microsoft Defender Antivirus - KB2267602 (Version 1.457.297.0) - Current Channel (Broad)",
                                                 "updateGuid":  "{bb5fb4bd-951a-453e-aa30-218174bc4e42}",
                                                 "updateRevisionNumber":  "200"
                                             }
                          },
                          {
                              "time_created":  "2026-08-22T21:51:37.0987315-04:00",
                              "time_created_utc":  "2026-08-23T01:51:37.0987315Z",
                              "provider":  "Microsoft-Windows-WindowsUpdateClient",
                              "log_name":  "System",
                              "event_id":  44,
                              "record_id":  43727,
                              "level":  "Information",
                              "task":  "Windows Update Agent",
                              "opcode":  "Installation",
                              "message":  "Windows Update started downloading an update.",
                              "event_data":  {
                                                 "updateTitle":  "Security Intelligence Update for Microsoft Defender Antivirus - KB2267602 (Version 1.457.297.0) - Current Channel (Broad)",
                                                 "updateGuid":  "{bb5fb4bd-951a-453e-aa30-218174bc4e42}",
                                                 "updateRevisionNumber":  "200"
                                             }
                          },
                          {
                              "time_created":  "2026-08-22T21:48:50.6319747-04:00",
                              "time_created_utc":  "2026-08-23T01:48:50.6319747Z",
                              "provider":  "Microsoft-Windows-Kernel-General",
                              "log_name":  "System",
                              "event_id":  15,
                              "record_id":  43726,
                              "level":  "Information",
                              "task":  "",
                              "opcode":  "Info",
                              "message":  "Hive \\??\\C:\\WINDOWS\\System32\\SMI\\Store\\Machine\\schema.dat was reorganized with a starting size of 16113664 bytes and an ending size of 10883072 bytes.",
                              "event_data":  {
                                                 "HiveNameLength":  "52",
                                                 "HiveName":  "\\??\\C:\\WINDOWS\\System32\\SMI\\Store\\Machine\\schema.dat",
                                                 "OriginalSize":  "16113664",
                                                 "NewSize":  "10883072"
                                             }
                          },
                          {
                              "time_created":  "2026-08-22T21:43:43.0171564-04:00",
                              "time_created_utc":  "2026-08-23T01:43:43.0171564Z",
                              "provider":  "Microsoft-Windows-Kernel-General",
                              "log_name":  "System",
                              "event_id":  16,
                              "record_id":  43722,
                              "level":  "Information",
                              "task":  "",
                              "opcode":  "Info",
                              "message":  "The access history in hive \\??\\C:\\Users\\Daniel\\AppData\\Local\\Packages\\AppleInc.iCloud_nzyj5cx40ttqa\\Settings\\settings.dat was cleared updating 2 keys and creating 1 modified pages.",
                              "event_data":  {
                                                 "HiveNameLength":  "94",
                                                 "HiveName":  "\\??\\C:\\Users\\Daniel\\AppData\\Local\\Packages\\AppleInc.iCloud_nzyj5cx40ttqa\\Settings\\settings.dat",
                                                 "KeysUpdated":  "2",
                                                 "DirtyPages":  "1"
                                             }
                          },
                          {
                              "time_created":  "2026-08-22T21:43:25.2059324-04:00",
                              "time_created_utc":  "2026-08-23T01:43:25.2059324Z",
                              "provider":  "Microsoft-Windows-Kernel-General",
                              "log_name":  "System",
                              "event_id":  16,
                              "record_id":  43719,
                              "level":  "Information",
                              "task":  "",
                              "opcode":  "Info",
                              "message":  "The access history in hive \\??\\C:\\Users\\Daniel\\AppData\\Local\\Packages\\MSTeams_8wekyb3d8bbwe\\Settings\\settings.dat was cleared updating 2 keys and creating 1 modified pages.",
                              "event_data":  {
                                                 "HiveNameLength":  "86",
                                                 "HiveName":  "\\??\\C:\\Users\\Daniel\\AppData\\Local\\Packages\\MSTeams_8wekyb3d8bbwe\\Settings\\settings.dat",
                                                 "KeysUpdated":  "2",
                                                 "DirtyPages":  "1"
                                             }
                          },
                          {
                              "time_created":  "2026-08-22T21:43:25.0793073-04:00",
                              "time_created_utc":  "2026-08-23T01:43:25.0793073Z",
                              "provider":  "Microsoft-Windows-Kernel-General",
                              "log_name":  "System",
                              "event_id":  16,
                              "record_id":  43718,
                              "level":  "Information",
                              "task":  "",
                              "opcode":  "Info",
                              "message":  "The access history in hive \\??\\C:\\ProgramData\\Packages\\MSTeams_8wekyb3d8bbwe\\S-1-5-21-2124357560-3435360735-3559141877-1001\\SystemAppData\\Helium\\Cache\\b95d8487e34b6720_COM15.dat was cleared updating 1 keys and creating 1 modified pages.",
                              "event_data":  {
                                                 "HiveNameLength":  "150",
                                                 "HiveName":  "\\??\\C:\\ProgramData\\Packages\\MSTeams_8wekyb3d8bbwe\\S-1-5-21-2124357560-3435360735-3559141877-1001\\SystemAppData\\Helium\\Cache\\b95d8487e34b6720_COM15.dat",
                                                 "KeysUpdated":  "1",
                                                 "DirtyPages":  "1"
                                             }
                          },
                          {
                              "time_created":  "2026-08-22T21:43:25.0766948-04:00",
                              "time_created_utc":  "2026-08-23T01:43:25.0766948Z",
                              "provider":  "Microsoft-Windows-Kernel-General",
                              "log_name":  "System",
                              "event_id":  16,
                              "record_id":  43717,
                              "level":  "Information",
                              "task":  "",
                              "opcode":  "Info",
                              "message":  "The access history in hive \\??\\C:\\Users\\Daniel\\AppData\\Local\\Packages\\MSTeams_8wekyb3d8bbwe\\SystemAppData\\Helium\\User.dat was cleared updating 4 keys and creating 1 modified pages.",
                              "event_data":  {
                                                 "HiveNameLength":  "94",
                                                 "HiveName":  "\\??\\C:\\Users\\Daniel\\AppData\\Local\\Packages\\MSTeams_8wekyb3d8bbwe\\SystemAppData\\Helium\\User.dat",
                                                 "KeysUpdated":  "4",
                                                 "DirtyPages":  "1"
                                             }
                          },
                          {
                              "time_created":  "2026-08-22T21:41:23.4929268-04:00",
                              "time_created_utc":  "2026-08-23T01:41:23.4929268Z",
                              "provider":  "Microsoft-Windows-Kernel-General",
                              "log_name":  "System",
                              "event_id":  16,
                              "record_id":  43698,
                              "level":  "Information",
                              "task":  "",
                              "opcode":  "Info",
                              "message":  "The access history in hive \\??\\C:\\Users\\Daniel\\AppData\\Local\\Packages\\MicrosoftWindows.Client.WebExperience_cw5n1h2txyewy\\Settings\\settings.dat was cleared updating 6 keys and creating 1 modified pages.",
                              "event_data":  {
                                                 "HiveNameLength":  "116",
                                                 "HiveName":  "\\??\\C:\\Users\\Daniel\\AppData\\Local\\Packages\\MicrosoftWindows.Client.WebExperience_cw5n1h2txyewy\\Settings\\settings.dat",
                                                 "KeysUpdated":  "6",
                                                 "DirtyPages":  "1"
                                             }
                          },
                          {
                              "time_created":  "2026-08-22T21:41:23.1191337-04:00",
                              "time_created_utc":  "2026-08-23T01:41:23.1191337Z",
                              "provider":  "Microsoft-Windows-Kernel-General",
                              "log_name":  "System",
                              "event_id":  16,
                              "record_id":  43697,
                              "level":  "Information",
                              "task":  "",
                              "opcode":  "Info",
                              "message":  "The access history in hive \\??\\C:\\ProgramData\\Packages\\Microsoft.WidgetsPlatformRuntime_8wekyb3d8bbwe\\S-1-5-21-2124357560-3435360735-3559141877-1001\\SystemAppData\\Helium\\Cache\\2885a5535f1228d9_COM15.dat was cleared updating 1 keys and creating 1 modified pages.",
                              "event_data":  {
                                                 "HiveNameLength":  "175",
                                                 "HiveName":  "\\??\\C:\\ProgramData\\Packages\\Microsoft.WidgetsPlatformRuntime_8wekyb3d8bbwe\\S-1-5-21-2124357560-3435360735-3559141877-1001\\SystemAppData\\Helium\\Cache\\2885a5535f1228d9_COM15.dat",
                                                 "KeysUpdated":  "1",
                                                 "DirtyPages":  "1"
                                             }
                          },
                          {
                              "time_created":  "2026-08-22T21:41:23.1167489-04:00",
                              "time_created_utc":  "2026-08-23T01:41:23.1167489Z",
                              "provider":  "Microsoft-Windows-Kernel-General",
                              "log_name":  "System",
                              "event_id":  16,
                              "record_id":  43696,
                              "level":  "Information",
                              "task":  "",
                              "opcode":  "Info",
                              "message":  "The access history in hive \\??\\C:\\Users\\Daniel\\AppData\\Local\\Packages\\Microsoft.WidgetsPlatformRuntime_8wekyb3d8bbwe\\SystemAppData\\Helium\\UserClasses.dat was cleared updating 12 keys and creating 7 modified pages.",
                              "event_data":  {
                                                 "HiveNameLength":  "126",
                                                 "HiveName":  "\\??\\C:\\Users\\Daniel\\AppData\\Local\\Packages\\Microsoft.WidgetsPlatformRuntime_8wekyb3d8bbwe\\SystemAppData\\Helium\\UserClasses.dat",
                                                 "KeysUpdated":  "12",
                                                 "DirtyPages":  "7"
                                             }
                          },
                          {
                              "time_created":  "2026-08-22T21:41:23.1132468-04:00",
                              "time_created_utc":  "2026-08-23T01:41:23.1132468Z",
                              "provider":  "Microsoft-Windows-Kernel-General",
                              "log_name":  "System",
                              "event_id":  16,
                              "record_id":  43695,
                              "level":  "Information",
                              "task":  "",
                              "opcode":  "Info",
                              "message":  "The access history in hive \\??\\C:\\Users\\Daniel\\AppData\\Local\\Packages\\Microsoft.WidgetsPlatformRuntime_8wekyb3d8bbwe\\SystemAppData\\Helium\\User.dat was cleared updating 1 keys and creating 1 modified pages.",
                              "event_data":  {
                                                 "HiveNameLength":  "119",
                                                 "HiveName":  "\\??\\C:\\Users\\Daniel\\AppData\\Local\\Packages\\Microsoft.WidgetsPlatformRuntime_8wekyb3d8bbwe\\SystemAppData\\Helium\\User.dat",
                                                 "KeysUpdated":  "1",
                                                 "DirtyPages":  "1"
                                             }
                          },
                          {
                              "time_created":  "2026-08-22T21:41:21.1143947-04:00",
                              "time_created_utc":  "2026-08-23T01:41:21.1143947Z",
                              "provider":  "Microsoft-Windows-UserModePowerService",
                              "log_name":  "System",
                              "event_id":  12,
                              "record_id":  43687,
                              "level":  "Information",
                              "task":  "",
                              "opcode":  "Info",
                              "message":  "Process C:\\Windows\\System32\\DriverStore\\FileRepository\\u0196283.inf_amd64_3979d16563294d92\\B025522\\atieclxx.exe (process ID:4076) reset policy scheme from {8c5e7fda-e8bf-4a96-9a85-a6e23a8c635c} to {8c5e7fda-e8bf-4a96-9a85-a6e23a8c635c}",
                              "event_data":  {
                                                 "ProcessPath":  "C:\\Windows\\System32\\DriverStore\\FileRepository\\u0196283.inf_amd64_3979d16563294d92\\B025522\\atieclxx.exe",
                                                 "ProcessPid":  "4076",
                                                 "OldSchemeGuid":  "{8c5e7fda-e8bf-4a96-9a85-a6e23a8c635c}",
                                                 "NewSchemeGuid":  "{8c5e7fda-e8bf-4a96-9a85-a6e23a8c635c}"
                                             }
                          },
                          {
                              "time_created":  "2026-08-22T21:41:13.0426308-04:00",
                              "time_created_utc":  "2026-08-23T01:41:13.0426308Z",
                              "provider":  "BTHUSB",
                              "log_name":  "System",
                              "event_id":  18,
                              "record_id":  43646,
                              "level":  "Information",
                              "task":  "None",
                              "opcode":  "",
                              "message":  "Windows cannot store Bluetooth authentication codes (link keys) on the local adapter. Bluetooth keyboards might not work in the system BIOS during startup.",
                              "event_data":  {
                                                 "index_0":  ""
                                             }
                          },
                          {
                              "time_created":  "2026-08-22T21:41:11.2249466-04:00",
                              "time_created_utc":  "2026-08-23T01:41:11.2249466Z",
                              "provider":  "Microsoft-Windows-Kernel-General",
                              "log_name":  "System",
                              "event_id":  24,
                              "record_id":  43643,
                              "level":  "Information",
                              "task":  "",
                              "opcode":  "Info",
                              "message":  "The time zone information was refreshed with exit reason 0. Current time zone bias is 240.",
                              "event_data":  {
                                                 "ExitReason":  "0",
                                                 "CurrentBias":  "240",
                                                 "CurrentTimeZoneID":  "2",
                                                 "TimeZoneInfoCacheUpdated":  "0",
                                                 "FirstRefresh":  "0"
                                             }
                          },
                          {
                              "time_created":  "2026-08-22T21:41:09.4737958-04:00",
                              "time_created_utc":  "2026-08-23T01:41:09.4737958Z",
                              "provider":  "Microsoft-Windows-Kernel-Power",
                              "log_name":  "System",
                              "event_id":  172,
                              "record_id":  43603,
                              "level":  "Information",
                              "task":  "",
                              "opcode":  "Info",
                              "message":  "Connectivity state in standby: Disconnected, Reason: NIC compliance",
                              "event_data":  {
                                                 "State":  "2",
                                                 "Reason":  "6"
                                             }
                          },
                          {
                              "time_created":  "2026-08-22T21:41:09.4735273-04:00",
                              "time_created_utc":  "2026-08-23T01:41:09.4735273Z",
                              "provider":  "Microsoft-Windows-Kernel-PnP",
                              "log_name":  "System",
                              "event_id":  219,
                              "record_id":  43602,
                              "level":  "Warning",
                              "task":  "",
                              "opcode":  "Info",
                              "message":  "The driver \\Driver\\WUDFRd failed to load.\r\nDevice: ROOT\\DISPLAY\\0000\r\nStatus: 0xC0000365",
                              "event_data":  {
                                                 "DriverNameLength":  "17",
                                                 "DriverName":  "ROOT\\DISPLAY\\0000",
                                                 "Status":  "3221226341",
                                                 "FailureNameLength":  "14",
                                                 "FailureName":  "\\Driver\\WUDFRd",
                                                 "Version":  "0"
                                             }
                          },
                          {
                              "time_created":  "2026-08-22T21:41:00.8636819-04:00",
                              "time_created_utc":  "2026-08-23T01:41:00.8636819Z",
                              "provider":  "Microsoft-Windows-Kernel-General",
                              "log_name":  "System",
                              "event_id":  20,
                              "record_id":  43555,
                              "level":  "Information",
                              "task":  "",
                              "opcode":  "Info",
                              "message":  "The leap second configuration has been updated.\r\nReason: Leap second data initialized from registry during boot\r\nLeap seconds enabled: true\r\nNew leap second count: 0\r\nOld leap second count: 0",
                              "event_data":  {
                                                 "UpdateReason":  "0",
                                                 "EnabledNew":  "true",
                                                 "CountNew":  "0",
                                                 "CountOld":  "0"
                                             }
                          },
