                          {
                              "time_created":  "2026-08-22T20:55:16.2446176-04:00",
                              "time_created_utc":  "2026-08-23T00:55:16.2446176Z",
                              "provider":  "Microsoft-Windows-Kernel-General",
                              "log_name":  "System",
                              "event_id":  24,
                              "record_id":  43421,
                              "level":  "Information",
                              "task":  "",
                              "opcode":  "Info",
                              "message":  "The time zone information was refreshed with exit reason 0. Current time zone bias is 240.",
                              "event_data":  {
                                                 "ExitReason":  "0",
                                                 "CurrentBias":  "240",
                                                 "CurrentTimeZoneID":  "2",
                                                 "TimeZoneInfoCacheUpdated":  "0",
                                                 "FirstRefresh":  "0"
                                             }
                          },
                          {
                              "time_created":  "2026-08-22T20:55:16.2339083-04:00",
                              "time_created_utc":  "2026-08-23T00:55:16.2339083Z",
                              "provider":  "Microsoft-Windows-Kernel-General",
                              "log_name":  "System",
                              "event_id":  16,
                              "record_id":  43420,
                              "level":  "Information",
                              "task":  "",
                              "opcode":  "Info",
                              "message":  "The access history in hive \\Device\\HarddiskVolume3\\EFI\\Microsoft\\Boot\\BCD was cleared updating 73 keys and creating 8 modified pages.",
                              "event_data":  {
                                                 "HiveNameLength":  "46",
                                                 "HiveName":  "\\Device\\HarddiskVolume3\\EFI\\Microsoft\\Boot\\BCD",
                                                 "KeysUpdated":  "73",
                                                 "DirtyPages":  "8"
                                             }
                          },
                          {
                              "time_created":  "2026-08-22T20:55:16.1629511-04:00",
                              "time_created_utc":  "2026-08-23T00:55:16.1629511Z",
                              "provider":  "Microsoft-Windows-Kernel-General",
                              "log_name":  "System",
                              "event_id":  16,
                              "record_id":  43418,
                              "level":  "Information",
                              "task":  "",
                              "opcode":  "Info",
                              "message":  "The access history in hive \\Device\\HarddiskVolume3\\EFI\\Microsoft\\Boot\\BCD was cleared updating 73 keys and creating 8 modified pages.",
                              "event_data":  {
                                                 "HiveNameLength":  "46",
                                                 "HiveName":  "\\Device\\HarddiskVolume3\\EFI\\Microsoft\\Boot\\BCD",
                                                 "KeysUpdated":  "73",
                                                 "DirtyPages":  "8"
                                             }
                          },
                          {
                              "time_created":  "2026-08-22T20:55:16.1475983-04:00",
                              "time_created_utc":  "2026-08-23T00:55:16.1475983Z",
                              "provider":  "Microsoft-Windows-Kernel-General",
                              "log_name":  "System",
                              "event_id":  16,
                              "record_id":  43416,
                              "level":  "Information",
                              "task":  "",
                              "opcode":  "Info",
                              "message":  "The access history in hive \\Device\\HarddiskVolume3\\EFI\\Microsoft\\Boot\\BCD was cleared updating 73 keys and creating 8 modified pages.",
                              "event_data":  {
                                                 "HiveNameLength":  "46",
                                                 "HiveName":  "\\Device\\HarddiskVolume3\\EFI\\Microsoft\\Boot\\BCD",
                                                 "KeysUpdated":  "73",
                                                 "DirtyPages":  "8"
                                             }
                          },
                          {
                              "time_created":  "2026-08-22T20:55:16.1462265-04:00",
                              "time_created_utc":  "2026-08-23T00:55:16.1462265Z",
                              "provider":  "Microsoft-Windows-Kernel-General",
                              "log_name":  "System",
                              "event_id":  16,
                              "record_id":  43415,
                              "level":  "Information",
                              "task":  "",
                              "opcode":  "Info",
                              "message":  "The access history in hive \\Device\\HarddiskVolume3\\EFI\\Microsoft\\Boot\\BCD was cleared updating 73 keys and creating 8 modified pages.",
                              "event_data":  {
                                                 "HiveNameLength":  "46",
                                                 "HiveName":  "\\Device\\HarddiskVolume3\\EFI\\Microsoft\\Boot\\BCD",
                                                 "KeysUpdated":  "73",
                                                 "DirtyPages":  "8"
                                             }
                          },
                          {
                              "time_created":  "2026-08-22T20:55:15.5583429-04:00",
                              "time_created_utc":  "2026-08-23T00:55:15.5583429Z",
                              "provider":  "Microsoft-Windows-Kernel-General",
                              "log_name":  "System",
                              "event_id":  15,
                              "record_id":  43413,
                              "level":  "Information",
                              "task":  "",
                              "opcode":  "Info",
                              "message":  "Hive \\SystemRoot\\System32\\Config\\SOFTWARE was reorganized with a starting size of 114098176 bytes and an ending size of 100163584 bytes.",
                              "event_data":  {
                                                 "HiveNameLength":  "36",
                                                 "HiveName":  "\\SystemRoot\\System32\\Config\\SOFTWARE",
                                                 "OriginalSize":  "114098176",
                                                 "NewSize":  "100163584"
                                             }
                          },
                          {
                              "time_created":  "2026-08-22T20:55:15.4843419-04:00",
                              "time_created_utc":  "2026-08-23T00:55:15.4843419Z",
                              "provider":  "Microsoft-Windows-Kernel-General",
                              "log_name":  "System",
                              "event_id":  16,
                              "record_id":  43412,
                              "level":  "Information",
                              "task":  "",
                              "opcode":  "Info",
                              "message":  "The access history in hive \\Device\\HarddiskVolume3\\EFI\\Microsoft\\Boot\\BCD was cleared updating 73 keys and creating 8 modified pages.",
                              "event_data":  {
                                                 "HiveNameLength":  "46",
                                                 "HiveName":  "\\Device\\HarddiskVolume3\\EFI\\Microsoft\\Boot\\BCD",
                                                 "KeysUpdated":  "73",
                                                 "DirtyPages":  "8"
                                             }
                          },
                          {
                              "time_created":  "2026-08-22T20:55:15.4827488-04:00",
                              "time_created_utc":  "2026-08-23T00:55:15.4827488Z",
                              "provider":  "Microsoft-Windows-Kernel-General",
                              "log_name":  "System",
                              "event_id":  16,
                              "record_id":  43411,
                              "level":  "Information",
                              "task":  "",
                              "opcode":  "Info",
                              "message":  "The access history in hive \\Device\\HarddiskVolume3\\EFI\\Microsoft\\Boot\\BCD was cleared updating 73 keys and creating 8 modified pages.",
                              "event_data":  {
                                                 "HiveNameLength":  "46",
                                                 "HiveName":  "\\Device\\HarddiskVolume3\\EFI\\Microsoft\\Boot\\BCD",
                                                 "KeysUpdated":  "73",
                                                 "DirtyPages":  "8"
                                             }
                          },
                          {
                              "time_created":  "2026-08-22T20:55:14.9917204-04:00",
                              "time_created_utc":  "2026-08-23T00:55:14.9917204Z",
                              "provider":  "Microsoft-Windows-Kernel-General",
                              "log_name":  "System",
                              "event_id":  16,
                              "record_id":  43377,
                              "level":  "Information",
                              "task":  "",
                              "opcode":  "Info",
                              "message":  "The access history in hive \\Device\\HarddiskVolume3\\EFI\\Microsoft\\Boot\\BCD was cleared updating 73 keys and creating 8 modified pages.",
                              "event_data":  {
                                                 "HiveNameLength":  "46",
                                                 "HiveName":  "\\Device\\HarddiskVolume3\\EFI\\Microsoft\\Boot\\BCD",
                                                 "KeysUpdated":  "73",
                                                 "DirtyPages":  "8"
                                             }
                          },
                          {
                              "time_created":  "2026-08-22T20:55:14.8724590-04:00",
                              "time_created_utc":  "2026-08-23T00:55:14.8724590Z",
                              "provider":  "Microsoft-Windows-Kernel-General",
                              "log_name":  "System",
                              "event_id":  16,
                              "record_id":  43375,
                              "level":  "Information",
                              "task":  "",
                              "opcode":  "Info",
                              "message":  "The access history in hive \\Device\\HarddiskVolume3\\EFI\\Microsoft\\Boot\\BCD was cleared updating 73 keys and creating 8 modified pages.",
                              "event_data":  {
                                                 "HiveNameLength":  "46",
                                                 "HiveName":  "\\Device\\HarddiskVolume3\\EFI\\Microsoft\\Boot\\BCD",
                                                 "KeysUpdated":  "73",
                                                 "DirtyPages":  "8"
                                             }
                          },
                          {
                              "time_created":  "2026-08-22T20:55:14.7999226-04:00",
                              "time_created_utc":  "2026-08-23T00:55:14.7999226Z",
                              "provider":  "Microsoft-Windows-Kernel-General",
                              "log_name":  "System",
                              "event_id":  16,
                              "record_id":  43373,
                              "level":  "Information",
                              "task":  "",
                              "opcode":  "Info",
                              "message":  "The access history in hive \\Device\\HarddiskVolume3\\EFI\\Microsoft\\Boot\\BCD was cleared updating 73 keys and creating 8 modified pages.",
                              "event_data":  {
                                                 "HiveNameLength":  "46",
                                                 "HiveName":  "\\Device\\HarddiskVolume3\\EFI\\Microsoft\\Boot\\BCD",
                                                 "KeysUpdated":  "73",
                                                 "DirtyPages":  "8"
                                             }
                          },
                          {
                              "time_created":  "2026-08-22T20:55:14.7986275-04:00",
                              "time_created_utc":  "2026-08-23T00:55:14.7986275Z",
                              "provider":  "Microsoft-Windows-Kernel-General",
                              "log_name":  "System",
                              "event_id":  16,
                              "record_id":  43372,
                              "level":  "Information",
                              "task":  "",
                              "opcode":  "Info",
                              "message":  "The access history in hive \\Device\\HarddiskVolume3\\EFI\\Microsoft\\Boot\\BCD was cleared updating 73 keys and creating 8 modified pages.",
                              "event_data":  {
                                                 "HiveNameLength":  "46",
                                                 "HiveName":  "\\Device\\HarddiskVolume3\\EFI\\Microsoft\\Boot\\BCD",
                                                 "KeysUpdated":  "73",
                                                 "DirtyPages":  "8"
                                             }
                          },
                          {
                              "time_created":  "2026-08-22T20:55:14.6714467-04:00",
                              "time_created_utc":  "2026-08-23T00:55:14.6714467Z",
                              "provider":  "Microsoft-Windows-Kernel-General",
                              "log_name":  "System",
                              "event_id":  16,
                              "record_id":  43370,
                              "level":  "Information",
                              "task":  "",
                              "opcode":  "Info",
                              "message":  "The access history in hive \\Device\\HarddiskVolume3\\EFI\\Microsoft\\Boot\\BCD was cleared updating 73 keys and creating 8 modified pages.",
                              "event_data":  {
                                                 "HiveNameLength":  "46",
                                                 "HiveName":  "\\Device\\HarddiskVolume3\\EFI\\Microsoft\\Boot\\BCD",
                                                 "KeysUpdated":  "73",
                                                 "DirtyPages":  "8"
                                             }
                          },
                          {
                              "time_created":  "2026-08-22T20:55:14.4810527-04:00",
                              "time_created_utc":  "2026-08-23T00:55:14.4810527Z",
                              "provider":  "Microsoft-Windows-Kernel-General",
                              "log_name":  "System",
                              "event_id":  16,
                              "record_id":  43369,
                              "level":  "Information",
                              "task":  "",
                              "opcode":  "Info",
                              "message":  "The access history in hive \\SystemRoot\\System32\\Config\\DEFAULT was cleared updating 891 keys and creating 117 modified pages.",
                              "event_data":  {
                                                 "HiveNameLength":  "35",
                                                 "HiveName":  "\\SystemRoot\\System32\\Config\\DEFAULT",
                                                 "KeysUpdated":  "891",
                                                 "DirtyPages":  "117"
                                             }
                          },
                          {
                              "time_created":  "2026-08-22T20:55:14.4790971-04:00",
                              "time_created_utc":  "2026-08-23T00:55:14.4790971Z",
                              "provider":  "Microsoft-Windows-Kernel-General",
                              "log_name":  "System",
                              "event_id":  16,
                              "record_id":  43368,
                              "level":  "Information",
                              "task":  "",
                              "opcode":  "Info",
                              "message":  "The access history in hive \\SystemRoot\\System32\\Config\\SAM was cleared updating 63 keys and creating 7 modified pages.",
                              "event_data":  {
                                                 "HiveNameLength":  "31",
                                                 "HiveName":  "\\SystemRoot\\System32\\Config\\SAM",
                                                 "KeysUpdated":  "63",
                                                 "DirtyPages":  "7"
                                             }
                          },
                          {
                              "time_created":  "2026-08-22T20:55:14.4789417-04:00",
                              "time_created_utc":  "2026-08-23T00:55:14.4789417Z",
                              "provider":  "Microsoft-Windows-Kernel-General",
                              "log_name":  "System",
                              "event_id":  16,
                              "record_id":  43367,
                              "level":  "Information",
                              "task":  "",
                              "opcode":  "Info",
                              "message":  "The access history in hive \\SystemRoot\\System32\\Config\\SECURITY was cleared updating 82 keys and creating 4 modified pages.",
                              "event_data":  {
                                                 "HiveNameLength":  "36",
                                                 "HiveName":  "\\SystemRoot\\System32\\Config\\SECURITY",
                                                 "KeysUpdated":  "82",
                                                 "DirtyPages":  "4"
                                             }
                          },
                          {
                              "time_created":  "2026-08-22T20:55:14.4770164-04:00",
                              "time_created_utc":  "2026-08-23T00:55:14.4770164Z",
                              "provider":  "Microsoft-Windows-Kernel-PnP",
                              "log_name":  "System",
                              "event_id":  219,
                              "record_id":  43366,
                              "level":  "Warning",
                              "task":  "",
                              "opcode":  "Info",
                              "message":  "The driver \\Driver\\WUDFRd failed to load.\r\nDevice: ROOT\\DISPLAY\\0000\r\nStatus: 0xC0000365",
                              "event_data":  {
                                                 "DriverNameLength":  "17",
                                                 "DriverName":  "ROOT\\DISPLAY\\0000",
                                                 "Status":  "3221226341",
                                                 "FailureNameLength":  "14",
                                                 "FailureName":  "\\Driver\\WUDFRd",
                                                 "Version":  "0"
                                             }
                          },
                          {
                              "time_created":  "2026-08-22T20:55:14.4752988-04:00",
                              "time_created_utc":  "2026-08-23T00:55:14.4752988Z",
                              "provider":  "Microsoft-Windows-Kernel-Power",
                              "log_name":  "System",
                              "event_id":  172,
                              "record_id":  43365,
                              "level":  "Information",
                              "task":  "",
                              "opcode":  "Info",
                              "message":  "Connectivity state in standby: Disconnected, Reason: NIC compliance",
                              "event_data":  {
                                                 "State":  "2",
                                                 "Reason":  "6"
                                             }
                          },
                          {
                              "time_created":  "2026-08-22T20:55:05.9406003-04:00",
                              "time_created_utc":  "2026-08-23T00:55:05.9406003Z",
                              "provider":  "Microsoft-Windows-Kernel-General",
                              "log_name":  "System",
                              "event_id":  20,
                              "record_id":  43318,
                              "level":  "Information",
                              "task":  "",
                              "opcode":  "Info",
                              "message":  "The leap second configuration has been updated.\r\nReason: Leap second data initialized from registry during boot\r\nLeap seconds enabled: true\r\nNew leap second count: 0\r\nOld leap second count: 0",
                              "event_data":  {
                                                 "UpdateReason":  "0",
                                                 "EnabledNew":  "true",
                                                 "CountNew":  "0",
                                                 "CountOld":  "0"
                                             }
                          },
                          {
                              "time_created":  "2026-08-22T20:55:05.9383435-04:00",
                              "time_created_utc":  "2026-08-23T00:55:05.9383435Z",
                              "provider":  "Microsoft-Windows-Kernel-General",
                              "log_name":  "System",
                              "event_id":  25,
                              "record_id":  43309,
                              "level":  "Information",
                              "task":  "",
                              "opcode":  "Info",
                              "message":  "The system time was initialized to ‎2026‎-‎08‎-‎23T00:55:05.500000000Z. \r\n\r\nLoader time: ‎2026‎-‎08‎-‎23T00:55:04.000000000Z\r\nInternal boot flags: 0x2\r\nHAL RTC error code: 0x0\r\nRTC time is in UTC: false\r\nSoft boot: false\r\nSuccess: true\r\nPhase: 0",
                              "event_data":  {
                                                 "SystemTime":  "2026-08-23T00:55:05.5000000Z",
                                                 "LoaderTime":  "2026-08-23T00:55:04.0000000Z",
                                                 "InternalBootFlags":  "2",
                                                 "HalRtcErrorCode":  "0",
                                                 "RealTimeIsUniversal":  "false",
                                                 "IsSoftBoot":  "false",
                                                 "Success":  "true",
                                                 "Phase":  "0"
                                             }
                          },
                          {
                              "time_created":  "2026-08-22T20:55:05.9383426-04:00",
                              "time_created_utc":  "2026-08-23T00:55:05.9383426Z",
                              "provider":  "Microsoft-Windows-Kernel-General",
                              "log_name":  "System",
                              "event_id":  12,
                              "record_id":  43308,
                              "level":  "Information",
                              "task":  "",
                              "opcode":  "Info",
                              "message":  "The operating system started at system time ‎2026‎-‎08‎-‎23T00:55:05.500000000Z.",
                              "event_data":  {
                                                 "MajorVersion":  "10",
                                                 "MinorVersion":  "0",
                                                 "BuildVersion":  "26100",
                                                 "QfeVersion":  "9168",
                                                 "ServiceVersion":  "0",
                                                 "BootMode":  "0",
                                                 "StartTime":  "2026-08-23T00:55:05.5000000Z"
                                             }
                          }
                      ],
    "resume_times":  [
                         "2026-08-31T20:26:57.8951283-04:00",
                         "2026-08-27T23:41:49.0761492-04:00"
                     ],
    "correlated_logs":  {
                            "Microsoft-Windows-TaskScheduler/Operational":  {
                                                                                "supported":  true,
                                                                                "enabled":  false,
                                                                                "error":  "log_disabled",
                                                                                "events":  [

                                                                                           ]
                                                                            },
                            "Microsoft-Windows-WindowsUpdateClient/Operational":  {
                                                                                      "supported":  true,
                                                                                      "enabled":  true,
                                                                                      "error":  null,
                                                                                      "events":  [
                                                                                                     {
                                                                                                         "time_created":  "2026-08-31T20:24:29.4300502-04:00",
                                                                                                         "time_created_utc":  "2026-09-01T00:24:29.4300502Z",
                                                                                                         "provider":  "Microsoft-Windows-WindowsUpdateClient",
                                                                                                         "log_name":  "Microsoft-Windows-WindowsUpdateClient/Operational",
                                                                                                         "event_id":  26,
                                                                                                         "record_id":  1361,
                                                                                                         "level":  "Information",
                                                                                                         "task":  "Windows Update Agent",
                                                                                                         "opcode":  "Check for Updates",
                                                                                                         "message":  "Windows Update successfully found 42 updates.",
                                                                                                         "event_data":  {
                                                                                                                            "updateCount":  "42",
                                                                                                                            "serviceGuid":  "{855e8a7c-ecb4-4ca3-b045-1dfa50104289}"
                                                                                                                        }
                                                                                                     },
                                                                                                     {
                                                                                                         "time_created":  "2026-08-31T20:23:52.2823945-04:00",
                                                                                                         "time_created_utc":  "2026-09-01T00:23:52.2823945Z",
                                                                                                         "provider":  "Microsoft-Windows-WindowsUpdateClient",
                                                                                                         "log_name":  "Microsoft-Windows-WindowsUpdateClient/Operational",
                                                                                                         "event_id":  26,
                                                                                                         "record_id":  1360,
                                                                                                         "level":  "Information",
                                                                                                         "task":  "Windows Update Agent",
                                                                                                         "opcode":  "Check for Updates",
                                                                                                         "message":  "Windows Update successfully found 42 updates.",
                                                                                                         "event_data":  {
                                                                                                                            "updateCount":  "42",
                                                                                                                            "serviceGuid":  "{855e8a7c-ecb4-4ca3-b045-1dfa50104289}"
                                                                                                                        }
                                                                                                     },
                                                                                                     {
                                                                                                         "time_created":  "2026-08-31T20:23:52.2823917-04:00",
                                                                                                         "time_created_utc":  "2026-09-01T00:23:52.2823917Z",
                                                                                                         "provider":  "Microsoft-Windows-WindowsUpdateClient",
                                                                                                         "log_name":  "Microsoft-Windows-WindowsUpdateClient/Operational",
                                                                                                         "event_id":  26,
                                                                                                         "record_id":  1359,
                                                                                                         "level":  "Information",
                                                                                                         "task":  "Windows Update Agent",
                                                                                                         "opcode":  "Check for Updates",
                                                                                                         "message":  "Windows Update successfully found 3 updates.",
                                                                                                         "event_data":  {
                                                                                                                            "updateCount":  "3",
                                                                                                                            "serviceGuid":  "{8b24b027-1dee-babb-9a95-3517dfb9c552}"
                                                                                                                        }
                                                                                                     },
                                                                                                     {
                                                                                                         "time_created":  "2026-08-31T20:23:44.7143681-04:00",
                                                                                                         "time_created_utc":  "2026-09-01T00:23:44.7143681Z",
                                                                                                         "provider":  "Microsoft-Windows-WindowsUpdateClient",
                                                                                                         "log_name":  "Microsoft-Windows-WindowsUpdateClient/Operational",
                                                                                                         "event_id":  26,
                                                                                                         "record_id":  1358,
                                                                                                         "level":  "Information",
                                                                                                         "task":  "Windows Update Agent",
                                                                                                         "opcode":  "Check for Updates",
                                                                                                         "message":  "Windows Update successfully found 42 updates.",
                                                                                                         "event_data":  {
                                                                                                                            "updateCount":  "42",
                                                                                                                            "serviceGuid":  "{855e8a7c-ecb4-4ca3-b045-1dfa50104289}"
                                                                                                                        }
                                                                                                     },
                                                                                                     {
                                                                                                         "time_created":  "2026-08-31T20:23:44.7143653-04:00",
                                                                                                         "time_created_utc":  "2026-09-01T00:23:44.7143653Z",
                                                                                                         "provider":  "Microsoft-Windows-WindowsUpdateClient",
                                                                                                         "log_name":  "Microsoft-Windows-WindowsUpdateClient/Operational",
                                                                                                         "event_id":  26,
                                                                                                         "record_id":  1357,
                                                                                                         "level":  "Information",
                                                                                                         "task":  "Windows Update Agent",
                                                                                                         "opcode":  "Check for Updates",
                                                                                                         "message":  "Windows Update successfully found 0 updates.",
                                                                                                         "event_data":  {
                                                                                                                            "updateCount":  "0",
                                                                                                                            "serviceGuid":  "{9482f4b4-e343-43b6-b170-9a65bc822c77}"
                                                                                                                        }
                                                                                                     }
                                                                                                 ]
                                                                                  },
                            "Microsoft-Windows-USB-USBHUB3/Operational":  {
                                                                              "supported":  false,
                                                                              "enabled":  false,
                                                                              "error":  "log_not_found",
                                                                              "events":  [

                                                                                         ]
                                                                          },
                            "Microsoft-Windows-USB-UCX/Operational":  {
                                                                          "supported":  false,
                                                                          "enabled":  false,
                                                                          "error":  "log_not_found",
                                                                          "events":  [

                                                                                     ]
                                                                      },
                            "Microsoft-Windows-Kernel-PnP/Configuration":  {
                                                                               "supported":  true,
                                                                               "enabled":  true,
                                                                               "error":  null,
                                                                               "events":  [
                                                                                              {
                                                                                                  "time_created":  "2026-08-31T20:31:05.0662508-04:00",
                                                                                                  "time_created_utc":  "2026-09-01T00:31:05.0662508Z",
                                                                                                  "provider":  "Microsoft-Windows-Kernel-PnP",
                                                                                                  "log_name":  "Microsoft-Windows-Kernel-PnP/Configuration",
                                                                                                  "event_id":  410,
                                                                                                  "record_id":  2811,
                                                                                                  "level":  "Information",
                                                                                                  "task":  "",
                                                                                                  "opcode":  "Info",
                                                                                                  "message":  "Device SWD\\XvddEnum\\XvddRootDevice_Instance was started.\r\n\r\nDriver Name: oem65.inf\r\nClass GUID: {4d36e97b-e325-11ce-bfc1-08002be10318}\r\nService: Xvdd\r\nLower Filters: \r\nUpper Filters: ",
                                                                                                  "event_data":  {
                                                                                                                     "DeviceInstanceId":  "SWD\\XvddEnum\\XvddRootDevice_Instance",
                                                                                                                     "DriverName":  "oem65.inf",
                                                                                                                     "ClassGuid":  "{4d36e97b-e325-11ce-bfc1-08002be10318}",
                                                                                                                     "ServiceName":  "Xvdd",
                                                                                                                     "LowerFilters":  "",
                                                                                                                     "UpperFilters":  "",
                                                                                                                     "Problem":  "0x0",
                                                                                                                     "Status":  "0x0"
                                                                                                                 }
                                                                                              },
                                                                                              {
                                                                                                  "time_created":  "2026-08-31T20:31:05.0567821-04:00",
                                                                                                  "time_created_utc":  "2026-09-01T00:31:05.0567821Z",
                                                                                                  "provider":  "Microsoft-Windows-Kernel-PnP",
                                                                                                  "log_name":  "Microsoft-Windows-Kernel-PnP/Configuration",
                                                                                                  "event_id":  400,
                                                                                                  "record_id":  2810,
                                                                                                  "level":  "Information",
                                                                                                  "task":  "",
                                                                                                  "opcode":  "Info",
                                                                                                  "message":  "Device SWD\\XvddEnum\\XvddRootDevice_Instance was configured.\r\n\r\nDriver Name: oem65.inf\r\nDriver Package ID: xvdd.inf_amd64_1e22073ba7136f03\r\nClass GUID: {4d36e97b-e325-11ce-bfc1-08002be10318}\r\nDriver Date: 07/16/2026\r\nDriver Version: 10.0.22029.3\r\nDriver Provider: Xbox\r\nDriver Section: xvdd_Install_Control\r\nDriver Rank: 0xFF0000\r\nMatching Device ID: XvddRootDevice\r\nOutranked Drivers: oem65.inf:XvddRootDevice:00FF2000\r\nDevice Updated: true\r\nParent Device: HTREE\\ROOT\\0",
                                                                                                  "event_data":  {
                                                                                                                     "DeviceInstanceId":  "SWD\\XvddEnum\\XvddRootDevice_Instance",
                                                                                                                     "DriverName":  "oem65.inf",
                                                                                                                     "ClassGuid":  "{4d36e97b-e325-11ce-bfc1-08002be10318}",
                                                                                                                     "DriverDate":  "07/16/2026",
                                                                                                                     "DriverVersion":  "10.0.22029.3",
                                                                                                                     "DriverProvider":  "Xbox",
                                                                                                                     "DriverInbox":  "false",
                                                                                                                     "DriverSection":  "xvdd_Install_Control",
                                                                                                                     "DriverRank":  "0xff0000",
                                                                                                                     "MatchingDeviceId":  "XvddRootDevice",
                                                                                                                     "OutrankedDrivers":  "oem65.inf:XvddRootDevice:00FF2000",
                                                                                                                     "DeviceUpdated":  "true",
                                                                                                                     "Status":  "0x0",
                                                                                                                     "ParentDeviceInstanceId":  "HTREE\\ROOT\\0",
                                                                                                                     "DriverPackageId":  "xvdd.inf_amd64_1e22073ba7136f03"
                                                                                                                 }
                                                                                              }
                                                                                          ]
                                                                           },
                            "Microsoft-Windows-Kernel-Power/Thermal-Operational":  {
                                                                                       "supported":  true,
                                                                                       "enabled":  true,
                                                                                       "error":  "No events were found that match the specified selection criteria.",
                                                                                       "events":  [

                                                                                                  ]
                                                                                   }
                        }
}
