                          {
                              "time_created":  "2026-08-31T20:09:13.4229631-04:00",
                              "time_created_utc":  "2026-09-01T00:09:13.4229631Z",
                              "provider":  "Microsoft-Windows-Kernel-General",
                              "log_name":  "System",
                              "event_id":  16,
                              "record_id":  45658,
                              "level":  "Information",
                              "task":  "",
                              "opcode":  "Info",
                              "message":  "The access history in hive \\??\\C:\\Users\\Daniel\\AppData\\Local\\Packages\\AppleInc.iCloud_nzyj5cx40ttqa\\Settings\\settings.dat was cleared updating 2 keys and creating 1 modified pages.",
                              "event_data":  {
                                                 "HiveNameLength":  "94",
                                                 "HiveName":  "\\??\\C:\\Users\\Daniel\\AppData\\Local\\Packages\\AppleInc.iCloud_nzyj5cx40ttqa\\Settings\\settings.dat",
                                                 "KeysUpdated":  "2",
                                                 "DirtyPages":  "1"
                                             }
                          },
                          {
                              "time_created":  "2026-08-31T20:09:13.0249374-04:00",
                              "time_created_utc":  "2026-09-01T00:09:13.0249374Z",
                              "provider":  "Microsoft-Windows-Kernel-General",
                              "log_name":  "System",
                              "event_id":  16,
                              "record_id":  45657,
                              "level":  "Information",
                              "task":  "",
                              "opcode":  "Info",
                              "message":  "The access history in hive \\??\\C:\\ProgramData\\Packages\\AppleInc.iCloud_nzyj5cx40ttqa\\S-1-5-21-2124357560-3435360735-3559141877-1001\\SystemAppData\\Helium\\Cache\\33bc6b963cc17e42_COM15.dat was cleared updating 1 keys and creating 1 modified pages.",
                              "event_data":  {
                                                 "HiveNameLength":  "158",
                                                 "HiveName":  "\\??\\C:\\ProgramData\\Packages\\AppleInc.iCloud_nzyj5cx40ttqa\\S-1-5-21-2124357560-3435360735-3559141877-1001\\SystemAppData\\Helium\\Cache\\33bc6b963cc17e42_COM15.dat",
                                                 "KeysUpdated":  "1",
                                                 "DirtyPages":  "1"
                                             }
                          },
                          {
                              "time_created":  "2026-08-31T20:09:13.0209606-04:00",
                              "time_created_utc":  "2026-09-01T00:09:13.0209606Z",
                              "provider":  "Microsoft-Windows-Kernel-General",
                              "log_name":  "System",
                              "event_id":  16,
                              "record_id":  45656,
                              "level":  "Information",
                              "task":  "",
                              "opcode":  "Info",
                              "message":  "The access history in hive \\??\\C:\\Users\\Daniel\\AppData\\Local\\Packages\\AppleInc.iCloud_nzyj5cx40ttqa\\SystemAppData\\Helium\\UserClasses.dat was cleared updating 39 keys and creating 6 modified pages.",
                              "event_data":  {
                                                 "HiveNameLength":  "109",
                                                 "HiveName":  "\\??\\C:\\Users\\Daniel\\AppData\\Local\\Packages\\AppleInc.iCloud_nzyj5cx40ttqa\\SystemAppData\\Helium\\UserClasses.dat",
                                                 "KeysUpdated":  "39",
                                                 "DirtyPages":  "6"
                                             }
                          },
                          {
                              "time_created":  "2026-08-31T20:09:13.0170527-04:00",
                              "time_created_utc":  "2026-09-01T00:09:13.0170527Z",
                              "provider":  "Microsoft-Windows-Kernel-General",
                              "log_name":  "System",
                              "event_id":  16,
                              "record_id":  45655,
                              "level":  "Information",
                              "task":  "",
                              "opcode":  "Info",
                              "message":  "The access history in hive \\??\\C:\\Users\\Daniel\\AppData\\Local\\Packages\\AppleInc.iCloud_nzyj5cx40ttqa\\SystemAppData\\Helium\\User.dat was cleared updating 49 keys and creating 6 modified pages.",
                              "event_data":  {
                                                 "HiveNameLength":  "102",
                                                 "HiveName":  "\\??\\C:\\Users\\Daniel\\AppData\\Local\\Packages\\AppleInc.iCloud_nzyj5cx40ttqa\\SystemAppData\\Helium\\User.dat",
                                                 "KeysUpdated":  "49",
                                                 "DirtyPages":  "6"
                                             }
                          },
                          {
                              "time_created":  "2026-08-31T20:08:44.6355940-04:00",
                              "time_created_utc":  "2026-09-01T00:08:44.6355940Z",
                              "provider":  "Microsoft-Windows-Kernel-General",
                              "log_name":  "System",
                              "event_id":  16,
                              "record_id":  45650,
                              "level":  "Information",
                              "task":  "",
                              "opcode":  "Info",
                              "message":  "The access history in hive \\??\\C:\\Users\\Daniel\\AppData\\Local\\Packages\\Microsoft.DesktopAppInstaller_8wekyb3d8bbwe\\Settings\\settings.dat was cleared updating 2 keys and creating 1 modified pages.",
                              "event_data":  {
                                                 "HiveNameLength":  "108",
                                                 "HiveName":  "\\??\\C:\\Users\\Daniel\\AppData\\Local\\Packages\\Microsoft.DesktopAppInstaller_8wekyb3d8bbwe\\Settings\\settings.dat",
                                                 "KeysUpdated":  "2",
                                                 "DirtyPages":  "1"
                                             }
                          },
                          {
                              "time_created":  "2026-08-31T20:08:44.4915788-04:00",
                              "time_created_utc":  "2026-09-01T00:08:44.4915788Z",
                              "provider":  "Microsoft-Windows-Kernel-General",
                              "log_name":  "System",
                              "event_id":  16,
                              "record_id":  45649,
                              "level":  "Information",
                              "task":  "",
                              "opcode":  "Info",
                              "message":  "The access history in hive \\??\\C:\\ProgramData\\Packages\\Microsoft.DesktopAppInstaller_8wekyb3d8bbwe\\S-1-5-21-2124357560-3435360735-3559141877-1001\\SystemAppData\\Helium\\Cache\\f4a42d19531da4a8_COM15.dat was cleared updating 1 keys and creating 1 modified pages.",
                              "event_data":  {
                                                 "HiveNameLength":  "172",
                                                 "HiveName":  "\\??\\C:\\ProgramData\\Packages\\Microsoft.DesktopAppInstaller_8wekyb3d8bbwe\\S-1-5-21-2124357560-3435360735-3559141877-1001\\SystemAppData\\Helium\\Cache\\f4a42d19531da4a8_COM15.dat",
                                                 "KeysUpdated":  "1",
                                                 "DirtyPages":  "1"
                                             }
                          },
                          {
                              "time_created":  "2026-08-31T20:08:40.2428628-04:00",
                              "time_created_utc":  "2026-09-01T00:08:40.2428628Z",
                              "provider":  "Microsoft-Windows-Kernel-General",
                              "log_name":  "System",
                              "event_id":  16,
                              "record_id":  45645,
                              "level":  "Information",
                              "task":  "",
                              "opcode":  "Info",
                              "message":  "The access history in hive \\??\\C:\\ProgramData\\Packages\\Microsoft.YourPhone_8wekyb3d8bbwe\\S-1-5-21-2124357560-3435360735-3559141877-1001\\SystemAppData\\Helium\\Cache\\24cacccd7dafdfd2_COM15.dat was cleared updating 1 keys and creating 1 modified pages.",
                              "event_data":  {
                                                 "HiveNameLength":  "162",
                                                 "HiveName":  "\\??\\C:\\ProgramData\\Packages\\Microsoft.YourPhone_8wekyb3d8bbwe\\S-1-5-21-2124357560-3435360735-3559141877-1001\\SystemAppData\\Helium\\Cache\\24cacccd7dafdfd2_COM15.dat",
                                                 "KeysUpdated":  "1",
                                                 "DirtyPages":  "1"
                                             }
                          },
                          {
                              "time_created":  "2026-08-31T20:08:40.2390882-04:00",
                              "time_created_utc":  "2026-09-01T00:08:40.2390882Z",
                              "provider":  "Microsoft-Windows-Kernel-General",
                              "log_name":  "System",
                              "event_id":  16,
                              "record_id":  45644,
                              "level":  "Information",
                              "task":  "",
                              "opcode":  "Info",
                              "message":  "The access history in hive \\??\\C:\\Users\\Daniel\\AppData\\Local\\Packages\\Microsoft.YourPhone_8wekyb3d8bbwe\\SystemAppData\\Helium\\User.dat was cleared updating 7 keys and creating 1 modified pages.",
                              "event_data":  {
                                                 "HiveNameLength":  "106",
                                                 "HiveName":  "\\??\\C:\\Users\\Daniel\\AppData\\Local\\Packages\\Microsoft.YourPhone_8wekyb3d8bbwe\\SystemAppData\\Helium\\User.dat",
                                                 "KeysUpdated":  "7",
                                                 "DirtyPages":  "1"
                                             }
                          },
                          {
                              "time_created":  "2026-08-31T20:08:39.9350355-04:00",
                              "time_created_utc":  "2026-09-01T00:08:39.9350355Z",
                              "provider":  "Microsoft-Windows-Kernel-General",
                              "log_name":  "System",
                              "event_id":  16,
                              "record_id":  45643,
                              "level":  "Information",
                              "task":  "",
                              "opcode":  "Info",
                              "message":  "The access history in hive \\??\\C:\\Users\\Daniel\\AppData\\Local\\Packages\\Microsoft.YourPhone_8wekyb3d8bbwe\\Settings\\settings.dat was cleared updating 47 keys and creating 6 modified pages.",
                              "event_data":  {
                                                 "HiveNameLength":  "98",
                                                 "HiveName":  "\\??\\C:\\Users\\Daniel\\AppData\\Local\\Packages\\Microsoft.YourPhone_8wekyb3d8bbwe\\Settings\\settings.dat",
                                                 "KeysUpdated":  "47",
                                                 "DirtyPages":  "6"
                                             }
                          },
                          {
                              "time_created":  "2026-08-31T20:08:39.7957015-04:00",
                              "time_created_utc":  "2026-09-01T00:08:39.7957015Z",
                              "provider":  "Microsoft-Windows-Kernel-General",
                              "log_name":  "System",
                              "event_id":  16,
                              "record_id":  45642,
                              "level":  "Information",
                              "task":  "",
                              "opcode":  "Info",
                              "message":  "The access history in hive \\??\\C:\\Users\\Daniel\\AppData\\Local\\Packages\\Microsoft.WindowsStore_8wekyb3d8bbwe\\Settings\\settings.dat was cleared updating 26 keys and creating 8 modified pages.",
                              "event_data":  {
                                                 "HiveNameLength":  "101",
                                                 "HiveName":  "\\??\\C:\\Users\\Daniel\\AppData\\Local\\Packages\\Microsoft.WindowsStore_8wekyb3d8bbwe\\Settings\\settings.dat",
                                                 "KeysUpdated":  "26",
                                                 "DirtyPages":  "8"
                                             }
                          },
                          {
                              "time_created":  "2026-08-31T20:08:38.3411989-04:00",
                              "time_created_utc":  "2026-09-01T00:08:38.3411989Z",
                              "provider":  "Microsoft-Windows-Kernel-General",
                              "log_name":  "System",
                              "event_id":  15,
                              "record_id":  45637,
                              "level":  "Information",
                              "task":  "",
                              "opcode":  "Info",
                              "message":  "Hive \\??\\C:\\WINDOWS\\System32\\config\\COMPONENTS was reorganized with a starting size of 68235264 bytes and an ending size of 50466816 bytes.",
                              "event_data":  {
                                                 "HiveNameLength":  "41",
                                                 "HiveName":  "\\??\\C:\\WINDOWS\\System32\\config\\COMPONENTS",
                                                 "OriginalSize":  "68235264",
                                                 "NewSize":  "50466816"
                                             }
                          },
                          {
                              "time_created":  "2026-08-31T20:08:30.5550205-04:00",
                              "time_created_utc":  "2026-09-01T00:08:30.5550205Z",
                              "provider":  "Microsoft-Windows-Kernel-General",
                              "log_name":  "System",
                              "event_id":  16,
                              "record_id":  45632,
                              "level":  "Information",
                              "task":  "",
                              "opcode":  "Info",
                              "message":  "The access history in hive \\??\\C:\\WINDOWS\\ServiceProfiles\\NetworkService\\AppData\\Local\\Microsoft\\Windows\\DeliveryOptimization\\State\\dosvcState.dat was cleared updating 12 keys and creating 4 modified pages.",
                              "event_data":  {
                                                 "HiveNameLength":  "119",
                                                 "HiveName":  "\\??\\C:\\WINDOWS\\ServiceProfiles\\NetworkService\\AppData\\Local\\Microsoft\\Windows\\DeliveryOptimization\\State\\dosvcState.dat",
                                                 "KeysUpdated":  "12",
                                                 "DirtyPages":  "4"
                                             }
                          },
                          {
                              "time_created":  "2026-08-31T20:08:28.8786545-04:00",
                              "time_created_utc":  "2026-09-01T00:08:28.8786545Z",
                              "provider":  "Microsoft-Windows-Kernel-General",
                              "log_name":  "System",
                              "event_id":  16,
                              "record_id":  45626,
                              "level":  "Information",
                              "task":  "",
                              "opcode":  "Info",
                              "message":  "The access history in hive \\??\\C:\\Users\\Daniel\\AppData\\Local\\Packages\\Microsoft.Windows.StartMenuExperienceHost_cw5n1h2txyewy\\Settings\\settings.dat was cleared updating 10 keys and creating 1 modified pages.",
                              "event_data":  {
                                                 "HiveNameLength":  "120",
                                                 "HiveName":  "\\??\\C:\\Users\\Daniel\\AppData\\Local\\Packages\\Microsoft.Windows.StartMenuExperienceHost_cw5n1h2txyewy\\Settings\\settings.dat",
                                                 "KeysUpdated":  "10",
                                                 "DirtyPages":  "1"
                                             }
                          },
                          {
                              "time_created":  "2026-08-31T20:08:28.7821582-04:00",
                              "time_created_utc":  "2026-09-01T00:08:28.7821582Z",
                              "provider":  "Microsoft-Windows-Kernel-General",
                              "log_name":  "System",
                              "event_id":  16,
                              "record_id":  45625,
                              "level":  "Information",
                              "task":  "",
                              "opcode":  "Info",
                              "message":  "The access history in hive \\??\\C:\\Users\\Daniel\\AppData\\Local\\Packages\\Microsoft.AAD.BrokerPlugin_cw5n1h2txyewy\\Settings\\settings.dat was cleared updating 5 keys and creating 1 modified pages.",
                              "event_data":  {
                                                 "HiveNameLength":  "105",
                                                 "HiveName":  "\\??\\C:\\Users\\Daniel\\AppData\\Local\\Packages\\Microsoft.AAD.BrokerPlugin_cw5n1h2txyewy\\Settings\\settings.dat",
                                                 "KeysUpdated":  "5",
                                                 "DirtyPages":  "1"
                                             }
                          },
                          {
                              "time_created":  "2026-08-31T20:08:28.5261023-04:00",
                              "time_created_utc":  "2026-09-01T00:08:28.5261023Z",
                              "provider":  "Microsoft-Windows-Kernel-General",
                              "log_name":  "System",
                              "event_id":  16,
                              "record_id":  45624,
                              "level":  "Information",
                              "task":  "",
                              "opcode":  "Info",
                              "message":  "The access history in hive \\??\\C:\\Users\\Daniel\\AppData\\Local\\Packages\\MicrosoftWindows.Client.CBS_cw5n1h2txyewy\\Settings\\settings.dat was cleared updating 38 keys and creating 9 modified pages.",
                              "event_data":  {
                                                 "HiveNameLength":  "106",
                                                 "HiveName":  "\\??\\C:\\Users\\Daniel\\AppData\\Local\\Packages\\MicrosoftWindows.Client.CBS_cw5n1h2txyewy\\Settings\\settings.dat",
                                                 "KeysUpdated":  "38",
                                                 "DirtyPages":  "9"
                                             }
                          },
                          {
                              "time_created":  "2026-08-31T20:08:28.5100178-04:00",
                              "time_created_utc":  "2026-09-01T00:08:28.5100178Z",
                              "provider":  "Microsoft-Windows-Kernel-General",
                              "log_name":  "System",
                              "event_id":  16,
                              "record_id":  45623,
                              "level":  "Information",
                              "task":  "",
                              "opcode":  "Info",
                              "message":  "The access history in hive \\??\\C:\\ProgramData\\Packages\\MicrosoftWindows.Client.WebExperience_cw5n1h2txyewy\\S-1-5-21-2124357560-3435360735-3559141877-1001\\SystemAppData\\Helium\\Cache\\fd2a33836979856_COM15.dat was cleared updating 1 keys and creating 1 modified pages.",
                              "event_data":  {
                                                 "HiveNameLength":  "179",
                                                 "HiveName":  "\\??\\C:\\ProgramData\\Packages\\MicrosoftWindows.Client.WebExperience_cw5n1h2txyewy\\S-1-5-21-2124357560-3435360735-3559141877-1001\\SystemAppData\\Helium\\Cache\\fd2a33836979856_COM15.dat",
                                                 "KeysUpdated":  "1",
                                                 "DirtyPages":  "1"
                                             }
                          },
                          {
                              "time_created":  "2026-08-31T20:08:28.5063346-04:00",
                              "time_created_utc":  "2026-09-01T00:08:28.5063346Z",
                              "provider":  "Microsoft-Windows-Kernel-General",
                              "log_name":  "System",
                              "event_id":  16,
                              "record_id":  45622,
                              "level":  "Information",
                              "task":  "",
                              "opcode":  "Info",
                              "message":  "The access history in hive \\??\\C:\\Users\\Daniel\\AppData\\Local\\Packages\\MicrosoftWindows.Client.WebExperience_cw5n1h2txyewy\\SystemAppData\\Helium\\UserClasses.dat was cleared updating 13 keys and creating 1 modified pages.",
                              "event_data":  {
                                                 "HiveNameLength":  "131",
                                                 "HiveName":  "\\??\\C:\\Users\\Daniel\\AppData\\Local\\Packages\\MicrosoftWindows.Client.WebExperience_cw5n1h2txyewy\\SystemAppData\\Helium\\UserClasses.dat",
                                                 "KeysUpdated":  "13",
                                                 "DirtyPages":  "1"
                                             }
                          },
                          {
                              "time_created":  "2026-08-31T20:08:28.5038315-04:00",
                              "time_created_utc":  "2026-09-01T00:08:28.5038315Z",
                              "provider":  "Microsoft-Windows-Kernel-General",
                              "log_name":  "System",
                              "event_id":  16,
                              "record_id":  45621,
                              "level":  "Information",
                              "task":  "",
                              "opcode":  "Info",
                              "message":  "The access history in hive \\??\\C:\\Users\\Daniel\\AppData\\Local\\Packages\\MicrosoftWindows.Client.WebExperience_cw5n1h2txyewy\\SystemAppData\\Helium\\User.dat was cleared updating 16 keys and creating 3 modified pages.",
                              "event_data":  {
                                                 "HiveNameLength":  "124",
                                                 "HiveName":  "\\??\\C:\\Users\\Daniel\\AppData\\Local\\Packages\\MicrosoftWindows.Client.WebExperience_cw5n1h2txyewy\\SystemAppData\\Helium\\User.dat",
                                                 "KeysUpdated":  "16",
                                                 "DirtyPages":  "3"
                                             }
                          },
                          {
                              "time_created":  "2026-08-31T20:08:27.8705173-04:00",
                              "time_created_utc":  "2026-09-01T00:08:27.8705173Z",
                              "provider":  "Microsoft-Windows-Kernel-General",
                              "log_name":  "System",
                              "event_id":  16,
                              "record_id":  45620,
                              "level":  "Information",
                              "task":  "",
                              "opcode":  "Info",
                              "message":  "The access history in hive \\??\\C:\\ProgramData\\Packages\\MicrosoftWindows.Client.CBS_cw5n1h2txyewy\\S-1-5-21-2124357560-3435360735-3559141877-1001\\SystemAppData\\Helium\\Cache\\6570564f121d933c_COM15.dat was cleared updating 1 keys and creating 1 modified pages.",
                              "event_data":  {
                                                 "HiveNameLength":  "170",
                                                 "HiveName":  "\\??\\C:\\ProgramData\\Packages\\MicrosoftWindows.Client.CBS_cw5n1h2txyewy\\S-1-5-21-2124357560-3435360735-3559141877-1001\\SystemAppData\\Helium\\Cache\\6570564f121d933c_COM15.dat",
                                                 "KeysUpdated":  "1",
                                                 "DirtyPages":  "1"
                                             }
                          },
                          {
                              "time_created":  "2026-08-31T20:08:27.3946358-04:00",
                              "time_created_utc":  "2026-09-01T00:08:27.3946358Z",
                              "provider":  "Microsoft-Windows-Kernel-General",
                              "log_name":  "System",
                              "event_id":  16,
                              "record_id":  45617,
                              "level":  "Information",
                              "task":  "",
                              "opcode":  "Info",
                              "message":  "The access history in hive \\??\\C:\\WINDOWS\\AppCompat\\Programs\\Amcache.hve was cleared updating 2061 keys and creating 810 modified pages.",
                              "event_data":  {
                                                 "HiveNameLength":  "45",
                                                 "HiveName":  "\\??\\C:\\WINDOWS\\AppCompat\\Programs\\Amcache.hve",
                                                 "KeysUpdated":  "2061",
                                                 "DirtyPages":  "810"
                                             }
                          },
                          {
                              "time_created":  "2026-08-31T20:08:27.3447425-04:00",
                              "time_created_utc":  "2026-09-01T00:08:27.3447425Z",
                              "provider":  "Microsoft-Windows-Kernel-General",
                              "log_name":  "System",
                              "event_id":  16,
                              "record_id":  45615,
                              "level":  "Information",
                              "task":  "",
                              "opcode":  "Info",
                              "message":  "The access history in hive \\??\\C:\\ProgramData\\Microsoft\\Windows\\WindowsApps\\Microsoft.GamingServices_38.116.6003.0_x64__8wekyb3d8bbwe\\Cache\\8e5f590b2d731ff4_COM15.dat was cleared updating 1 keys and creating 1 modified pages.",
                              "event_data":  {
                                                 "HiveNameLength":  "139",
                                                 "HiveName":  "\\??\\C:\\ProgramData\\Microsoft\\Windows\\WindowsApps\\Microsoft.GamingServices_38.116.6003.0_x64__8wekyb3d8bbwe\\Cache\\8e5f590b2d731ff4_COM15.dat",
                                                 "KeysUpdated":  "1",
                                                 "DirtyPages":  "1"
                                             }
                          },
                          {
                              "time_created":  "2026-08-31T20:08:26.8231522-04:00",
                              "time_created_utc":  "2026-09-01T00:08:26.8231522Z",
                              "provider":  "Microsoft-Windows-Kernel-General",
                              "log_name":  "System",
                              "event_id":  15,
                              "record_id":  45614,
                              "level":  "Information",
                              "task":  "",
                              "opcode":  "Info",
                              "message":  "Hive \\??\\C:\\Users\\Daniel\\AppData\\Local\\Microsoft\\Windows\\UsrClass.dat was reorganized with a starting size of 7131136 bytes and an ending size of 7127040 bytes.",
                              "event_data":  {
                                                 "HiveNameLength":  "64",
                                                 "HiveName":  "\\??\\C:\\Users\\Daniel\\AppData\\Local\\Microsoft\\Windows\\UsrClass.dat",
                                                 "OriginalSize":  "7131136",
                                                 "NewSize":  "7127040"
                                             }
                          },
                          {
                              "time_created":  "2026-08-31T20:08:26.7458085-04:00",
                              "time_created_utc":  "2026-09-01T00:08:26.7458085Z",
                              "provider":  "Microsoft-Windows-Kernel-General",
                              "log_name":  "System",
                              "event_id":  15,
                              "record_id":  45613,
                              "level":  "Information",
                              "task":  "",
                              "opcode":  "Info",
                              "message":  "Hive \\??\\C:\\Users\\Daniel\\ntuser.dat was reorganized with a starting size of 7704576 bytes and an ending size of 6836224 bytes.",
                              "event_data":  {
                                                 "HiveNameLength":  "30",
                                                 "HiveName":  "\\??\\C:\\Users\\Daniel\\ntuser.dat",
                                                 "OriginalSize":  "7704576",
                                                 "NewSize":  "6836224"
                                             }
                          },
                          {
                              "time_created":  "2026-08-31T20:08:26.2688014-04:00",
                              "time_created_utc":  "2026-09-01T00:08:26.2688014Z",
                              "provider":  "Microsoft-Windows-Kernel-General",
                              "log_name":  "System",
                              "event_id":  15,
                              "record_id":  45611,
                              "level":  "Information",
                              "task":  "",
                              "opcode":  "Info",
                              "message":  "Hive \\SystemRoot\\System32\\config\\DRIVERS was reorganized with a starting size of 11046912 bytes and an ending size of 10989568 bytes.",
                              "event_data":  {
                                                 "HiveNameLength":  "35",
                                                 "HiveName":  "\\SystemRoot\\System32\\config\\DRIVERS",
                                                 "OriginalSize":  "11046912",
                                                 "NewSize":  "10989568"
                                             }
                          },
                          {
                              "time_created":  "2026-08-31T20:08:25.8970020-04:00",
                              "time_created_utc":  "2026-09-01T00:08:25.8970020Z",
                              "provider":  "Microsoft-Windows-UserModePowerService",
                              "log_name":  "System",
                              "event_id":  12,
                              "record_id":  45609,
                              "level":  "Information",
                              "task":  "",
                              "opcode":  "Info",
                              "message":  "Process C:\\Windows\\System32\\DriverStore\\FileRepository\\u0196283.inf_amd64_3979d16563294d92\\B025522\\atieclxx.exe (process ID:3996) reset policy scheme from {8c5e7fda-e8bf-4a96-9a85-a6e23a8c635c} to {8c5e7fda-e8bf-4a96-9a85-a6e23a8c635c}",
                              "event_data":  {
                                                 "ProcessPath":  "C:\\Windows\\System32\\DriverStore\\FileRepository\\u0196283.inf_amd64_3979d16563294d92\\B025522\\atieclxx.exe",
                                                 "ProcessPid":  "3996",
                                                 "OldSchemeGuid":  "{8c5e7fda-e8bf-4a96-9a85-a6e23a8c635c}",
                                                 "NewSchemeGuid":  "{8c5e7fda-e8bf-4a96-9a85-a6e23a8c635c}"
                                             }
                          },
                          {
                              "time_created":  "2026-08-31T20:08:25.7464830-04:00",
                              "time_created_utc":  "2026-09-01T00:08:25.7464830Z",
                              "provider":  "Microsoft-Windows-Kernel-General",
                              "log_name":  "System",
                              "event_id":  16,
                              "record_id":  45607,
                              "level":  "Information",
                              "task":  "",
                              "opcode":  "Info",
                              "message":  "The access history in hive \\??\\C:\\WINDOWS\\ServiceProfiles\\niLXIDiscovery\\AppData\\Local\\Microsoft\\Windows\\UsrClass.dat was cleared updating 76 keys and creating 4 modified pages.",
                              "event_data":  {
                                                 "HiveNameLength":  "90",
                                                 "HiveName":  "\\??\\C:\\WINDOWS\\ServiceProfiles\\niLXIDiscovery\\AppData\\Local\\Microsoft\\Windows\\UsrClass.dat",
                                                 "KeysUpdated":  "76",
                                                 "DirtyPages":  "4"
                                             }
                          },
                          {
                              "time_created":  "2026-08-31T20:08:25.7398611-04:00",
                              "time_created_utc":  "2026-09-01T00:08:25.7398611Z",
                              "provider":  "Microsoft-Windows-Kernel-General",
                              "log_name":  "System",
                              "event_id":  16,
                              "record_id":  45606,
                              "level":  "Information",
                              "task":  "",
                              "opcode":  "Info",
                              "message":  "The access history in hive \\??\\C:\\WINDOWS\\ServiceProfiles\\niLXIDiscovery\\ntuser.dat was cleared updating 49 keys and creating 15 modified pages.",
                              "event_data":  {
                                                 "HiveNameLength":  "56",
                                                 "HiveName":  "\\??\\C:\\WINDOWS\\ServiceProfiles\\niLXIDiscovery\\ntuser.dat",
                                                 "KeysUpdated":  "49",
                                                 "DirtyPages":  "15"
                                             }
                          },
                          {
                              "time_created":  "2026-08-31T20:08:25.6446255-04:00",
                              "time_created_utc":  "2026-09-01T00:08:25.6446255Z",
                              "provider":  "Microsoft-Windows-Kernel-General",
                              "log_name":  "System",
                              "event_id":  16,
                              "record_id":  45605,
                              "level":  "Information",
                              "task":  "",
                              "opcode":  "Info",
                              "message":  "The access history in hive \\??\\C:\\WINDOWS\\ServiceProfiles\\niroco\\AppData\\Local\\Microsoft\\Windows\\UsrClass.dat was cleared updating 76 keys and creating 4 modified pages.",
                              "event_data":  {
                                                 "HiveNameLength":  "82",
                                                 "HiveName":  "\\??\\C:\\WINDOWS\\ServiceProfiles\\niroco\\AppData\\Local\\Microsoft\\Windows\\UsrClass.dat",
                                                 "KeysUpdated":  "76",
                                                 "DirtyPages":  "4"
                                             }
                          },
                          {
                              "time_created":  "2026-08-31T20:08:25.6445234-04:00",
                              "time_created_utc":  "2026-09-01T00:08:25.6445234Z",
                              "provider":  "Microsoft-Windows-Kernel-General",
                              "log_name":  "System",
                              "event_id":  16,
                              "record_id":  45604,
                              "level":  "Information",
                              "task":  "",
                              "opcode":  "Info",
                              "message":  "The access history in hive \\??\\C:\\WINDOWS\\ServiceProfiles\\lkClassAds\\AppData\\Local\\Microsoft\\Windows\\UsrClass.dat was cleared updating 76 keys and creating 4 modified pages.",
                              "event_data":  {
                                                 "HiveNameLength":  "86",
                                                 "HiveName":  "\\??\\C:\\WINDOWS\\ServiceProfiles\\lkClassAds\\AppData\\Local\\Microsoft\\Windows\\UsrClass.dat",
                                                 "KeysUpdated":  "76",
                                                 "DirtyPages":  "4"
                                             }
                          },
                          {
                              "time_created":  "2026-08-31T20:08:25.6370308-04:00",
                              "time_created_utc":  "2026-09-01T00:08:25.6370308Z",
                              "provider":  "Microsoft-Windows-Kernel-General",
                              "log_name":  "System",
                              "event_id":  16,
                              "record_id":  45603,
                              "level":  "Information",
                              "task":  "",
                              "opcode":  "Info",
                              "message":  "The access history in hive \\??\\C:\\WINDOWS\\ServiceProfiles\\niroco\\ntuser.dat was cleared updating 50 keys and creating 15 modified pages.",
                              "event_data":  {
                                                 "HiveNameLength":  "48",
                                                 "HiveName":  "\\??\\C:\\WINDOWS\\ServiceProfiles\\niroco\\ntuser.dat",
                                                 "KeysUpdated":  "50",
                                                 "DirtyPages":  "15"
                                             }
                          },
                          {
                              "time_created":  "2026-08-31T20:08:25.6366773-04:00",
                              "time_created_utc":  "2026-09-01T00:08:25.6366773Z",
                              "provider":  "Microsoft-Windows-Kernel-General",
                              "log_name":  "System",
                              "event_id":  16,
                              "record_id":  45602,
                              "level":  "Information",
                              "task":  "",
                              "opcode":  "Info",
                              "message":  "The access history in hive \\??\\C:\\WINDOWS\\ServiceProfiles\\lkClassAds\\ntuser.dat was cleared updating 49 keys and creating 15 modified pages.",
                              "event_data":  {
                                                 "HiveNameLength":  "52",
                                                 "HiveName":  "\\??\\C:\\WINDOWS\\ServiceProfiles\\lkClassAds\\ntuser.dat",
                                                 "KeysUpdated":  "49",
                                                 "DirtyPages":  "15"
                                             }
                          },
                          {
                              "time_created":  "2026-08-31T20:08:25.3504264-04:00",
                              "time_created_utc":  "2026-09-01T00:08:25.3504264Z",
                              "provider":  "Microsoft-Windows-Kernel-General",
                              "log_name":  "System",
                              "event_id":  16,
                              "record_id":  45584,
                              "level":  "Information",
                              "task":  "",
                              "opcode":  "Info",
                              "message":  "The access history in hive \\SystemRoot\\System32\\Config\\bbimigrate\\BBI was cleared updating 1 keys and creating 1 modified pages.",
                              "event_data":  {
                                                 "HiveNameLength":  "42",
                                                 "HiveName":  "\\SystemRoot\\System32\\Config\\bbimigrate\\BBI",
                                                 "KeysUpdated":  "1",
                                                 "DirtyPages":  "1"
                                             }
                          },
                          {
                              "time_created":  "2026-08-31T20:08:25.0827259-04:00",
                              "time_created_utc":  "2026-09-01T00:08:25.0827259Z",
                              "provider":  "Microsoft-Windows-Kernel-General",
                              "log_name":  "System",
                              "event_id":  16,
                              "record_id":  45574,
                              "level":  "Information",
                              "task":  "",
                              "opcode":  "Info",
                              "message":  "The access history in hive \\SystemRoot\\System32\\Config\\BBI was cleared updating 287 keys and creating 74 modified pages.",
                              "event_data":  {
                                                 "HiveNameLength":  "31",
                                                 "HiveName":  "\\SystemRoot\\System32\\Config\\BBI",
                                                 "KeysUpdated":  "287",
                                                 "DirtyPages":  "74"
                                             }
                          },
                          {
                              "time_created":  "2026-08-31T20:08:24.9893548-04:00",
                              "time_created_utc":  "2026-09-01T00:08:24.9893548Z",
                              "provider":  "Microsoft-Windows-Kernel-General",
                              "log_name":  "System",
                              "event_id":  16,
                              "record_id":  45571,
                              "level":  "Information",
                              "task":  "",
                              "opcode":  "Info",
                              "message":  "The access history in hive \\??\\C:\\WINDOWS\\ServiceProfiles\\NetworkService\\NTUSER.DAT was cleared updating 192 keys and creating 23 modified pages.",
                              "event_data":  {
                                                 "HiveNameLength":  "56",
                                                 "HiveName":  "\\??\\C:\\WINDOWS\\ServiceProfiles\\NetworkService\\NTUSER.DAT",
                                                 "KeysUpdated":  "192",
                                                 "DirtyPages":  "23"
                                             }
                          },
                          {
                              "time_created":  "2026-08-31T20:08:24.9503263-04:00",
                              "time_created_utc":  "2026-09-01T00:08:24.9503263Z",
                              "provider":  "Microsoft-Windows-Kernel-General",
                              "log_name":  "System",
                              "event_id":  16,
                              "record_id":  45570,
                              "level":  "Information",
                              "task":  "",
                              "opcode":  "Info",
                              "message":  "The access history in hive \\??\\C:\\WINDOWS\\ServiceProfiles\\LocalService\\NTUSER.DAT was cleared updating 174 keys and creating 21 modified pages.",
                              "event_data":  {
                                                 "HiveNameLength":  "54",
                                                 "HiveName":  "\\??\\C:\\WINDOWS\\ServiceProfiles\\LocalService\\NTUSER.DAT",
                                                 "KeysUpdated":  "174",
                                                 "DirtyPages":  "21"
                                             }
                          },
                          {
                              "time_created":  "2026-08-31T20:08:18.4055494-04:00",
                              "time_created_utc":  "2026-09-01T00:08:18.4055494Z",
                              "provider":  "BTHUSB",
                              "log_name":  "System",
                              "event_id":  18,
                              "record_id":  45559,
                              "level":  "Information",
                              "task":  "None",
                              "opcode":  "",
                              "message":  "Windows cannot store Bluetooth authentication codes (link keys) on the local adapter. Bluetooth keyboards might not work in the system BIOS during startup.",
                              "event_data":  {
                                                 "index_0":  ""
                                             }
                          },
                          {
                              "time_created":  "2026-08-31T20:08:16.4721115-04:00",
                              "time_created_utc":  "2026-09-01T00:08:16.4721115Z",
                              "provider":  "Microsoft-Windows-Kernel-General",
                              "log_name":  "System",
                              "event_id":  16,
                              "record_id":  45556,
                              "level":  "Information",
                              "task":  "",
                              "opcode":  "Info",
                              "message":  "The access history in hive \\Device\\HarddiskVolume3\\EFI\\Microsoft\\Boot\\BCD was cleared updating 71 keys and creating 8 modified pages.",
                              "event_data":  {
                                                 "HiveNameLength":  "46",
                                                 "HiveName":  "\\Device\\HarddiskVolume3\\EFI\\Microsoft\\Boot\\BCD",
                                                 "KeysUpdated":  "71",
                                                 "DirtyPages":  "8"
                                             }
                          },
