                          {
                              "time_created":  "2026-08-27T23:38:51.3732120-04:00",
                              "time_created_utc":  "2026-08-28T03:38:51.3732120Z",
                              "provider":  "Microsoft-Windows-Kernel-General",
                              "log_name":  "System",
                              "event_id":  16,
                              "record_id":  45322,
                              "level":  "Information",
                              "task":  "",
                              "opcode":  "Info",
                              "message":  "The access history in hive \\??\\C:\\Users\\Daniel\\AppData\\Local\\Packages\\Microsoft.LockApp_cw5n1h2txyewy\\Settings\\settings.dat was cleared updating 4 keys and creating 1 modified pages.",
                              "event_data":  {
                                                 "HiveNameLength":  "96",
                                                 "HiveName":  "\\??\\C:\\Users\\Daniel\\AppData\\Local\\Packages\\Microsoft.LockApp_cw5n1h2txyewy\\Settings\\settings.dat",
                                                 "KeysUpdated":  "4",
                                                 "DirtyPages":  "1"
                                             }
                          },
                          {
                              "time_created":  "2026-08-27T23:32:59.0600097-04:00",
                              "time_created_utc":  "2026-08-28T03:32:59.0600097Z",
                              "provider":  "Microsoft-Windows-Kernel-General",
                              "log_name":  "System",
                              "event_id":  16,
                              "record_id":  45321,
                              "level":  "Information",
                              "task":  "",
                              "opcode":  "Info",
                              "message":  "The access history in hive \\??\\C:\\ProgramData\\Microsoft\\Provisioning\\Microsoft-Desktop-Provisioning-Sequence.dat was cleared updating 0 keys and creating 0 modified pages.",
                              "event_data":  {
                                                 "HiveNameLength":  "85",
                                                 "HiveName":  "\\??\\C:\\ProgramData\\Microsoft\\Provisioning\\Microsoft-Desktop-Provisioning-Sequence.dat",
                                                 "KeysUpdated":  "0",
                                                 "DirtyPages":  "0"
                                             }
                          },
                          {
                              "time_created":  "2026-08-27T23:17:41.8548183-04:00",
                              "time_created_utc":  "2026-08-28T03:17:41.8548183Z",
                              "provider":  "Microsoft-Windows-WindowsUpdateClient",
                              "log_name":  "System",
                              "event_id":  19,
                              "record_id":  45318,
                              "level":  "Information",
                              "task":  "Windows Update Agent",
                              "opcode":  "Installation",
                              "message":  "Installation Successful: Windows successfully installed the following update: Security Intelligence Update for Microsoft Defender Antivirus - KB2267602 (Version 1.457.372.0) - Current Channel (Broad)",
                              "event_data":  {
                                                 "updateTitle":  "Security Intelligence Update for Microsoft Defender Antivirus - KB2267602 (Version 1.457.372.0) - Current Channel (Broad)",
                                                 "updateGuid":  "{14269f1d-a71c-4fba-a10d-d4e740a6740a}",
                                                 "updateRevisionNumber":  "200",
                                                 "serviceGuid":  "{9482f4b4-e343-43b6-b170-9a65bc822c77}"
                                             }
                          },
                          {
                              "time_created":  "2026-08-27T23:17:37.8029223-04:00",
                              "time_created_utc":  "2026-08-28T03:17:37.8029223Z",
                              "provider":  "Microsoft-Windows-WindowsUpdateClient",
                              "log_name":  "System",
                              "event_id":  43,
                              "record_id":  45317,
                              "level":  "Information",
                              "task":  "Windows Update Agent",
                              "opcode":  "Installation",
                              "message":  "Installation Started: Windows has started installing the following update: Security Intelligence Update for Microsoft Defender Antivirus - KB2267602 (Version 1.457.372.0) - Current Channel (Broad)",
                              "event_data":  {
                                                 "updateTitle":  "Security Intelligence Update for Microsoft Defender Antivirus - KB2267602 (Version 1.457.372.0) - Current Channel (Broad)",
                                                 "updateGuid":  "{14269f1d-a71c-4fba-a10d-d4e740a6740a}",
                                                 "updateRevisionNumber":  "200"
                                             }
                          },
                          {
                              "time_created":  "2026-08-27T23:17:37.8028806-04:00",
                              "time_created_utc":  "2026-08-28T03:17:37.8028806Z",
                              "provider":  "Microsoft-Windows-WindowsUpdateClient",
                              "log_name":  "System",
                              "event_id":  44,
                              "record_id":  45316,
                              "level":  "Information",
                              "task":  "Windows Update Agent",
                              "opcode":  "Installation",
                              "message":  "Windows Update started downloading an update.",
                              "event_data":  {
                                                 "updateTitle":  "Security Intelligence Update for Microsoft Defender Antivirus - KB2267602 (Version 1.457.372.0) - Current Channel (Broad)",
                                                 "updateGuid":  "{14269f1d-a71c-4fba-a10d-d4e740a6740a}",
                                                 "updateRevisionNumber":  "200"
                                             }
                          },
                          {
                              "time_created":  "2026-08-27T23:07:22.5371778-04:00",
                              "time_created_utc":  "2026-08-28T03:07:22.5371778Z",
                              "provider":  "Microsoft-Windows-UserModePowerService",
                              "log_name":  "System",
                              "event_id":  12,
                              "record_id":  45282,
                              "level":  "Information",
                              "task":  "",
                              "opcode":  "Info",
                              "message":  "Process C:\\Windows\\System32\\DriverStore\\FileRepository\\u0196283.inf_amd64_3979d16563294d92\\B025522\\atieclxx.exe (process ID:4084) reset policy scheme from {8c5e7fda-e8bf-4a96-9a85-a6e23a8c635c} to {8c5e7fda-e8bf-4a96-9a85-a6e23a8c635c}",
                              "event_data":  {
                                                 "ProcessPath":  "C:\\Windows\\System32\\DriverStore\\FileRepository\\u0196283.inf_amd64_3979d16563294d92\\B025522\\atieclxx.exe",
                                                 "ProcessPid":  "4084",
                                                 "OldSchemeGuid":  "{8c5e7fda-e8bf-4a96-9a85-a6e23a8c635c}",
                                                 "NewSchemeGuid":  "{8c5e7fda-e8bf-4a96-9a85-a6e23a8c635c}"
                                             }
                          },
                          {
                              "time_created":  "2026-08-27T23:07:15.2146896-04:00",
                              "time_created_utc":  "2026-08-28T03:07:15.2146896Z",
                              "provider":  "BTHUSB",
                              "log_name":  "System",
                              "event_id":  18,
                              "record_id":  45243,
                              "level":  "Information",
                              "task":  "None",
                              "opcode":  "",
                              "message":  "Windows cannot store Bluetooth authentication codes (link keys) on the local adapter. Bluetooth keyboards might not work in the system BIOS during startup.",
                              "event_data":  {
                                                 "index_0":  ""
                                             }
                          },
                          {
                              "time_created":  "2026-08-27T23:07:13.3214217-04:00",
                              "time_created_utc":  "2026-08-28T03:07:13.3214217Z",
                              "provider":  "Microsoft-Windows-Kernel-General",
                              "log_name":  "System",
                              "event_id":  24,
                              "record_id":  45240,
                              "level":  "Information",
                              "task":  "",
                              "opcode":  "Info",
                              "message":  "The time zone information was refreshed with exit reason 0. Current time zone bias is 240.",
                              "event_data":  {
                                                 "ExitReason":  "0",
                                                 "CurrentBias":  "240",
                                                 "CurrentTimeZoneID":  "2",
                                                 "TimeZoneInfoCacheUpdated":  "0",
                                                 "FirstRefresh":  "0"
                                             }
                          },
                          {
                              "time_created":  "2026-08-27T23:07:11.6795084-04:00",
                              "time_created_utc":  "2026-08-28T03:07:11.6795084Z",
                              "provider":  "Microsoft-Windows-Kernel-PnP",
                              "log_name":  "System",
                              "event_id":  219,
                              "record_id":  45200,
                              "level":  "Warning",
                              "task":  "",
                              "opcode":  "Info",
                              "message":  "The driver \\Driver\\WUDFRd failed to load.\r\nDevice: ROOT\\DISPLAY\\0000\r\nStatus: 0xC0000365",
                              "event_data":  {
                                                 "DriverNameLength":  "17",
                                                 "DriverName":  "ROOT\\DISPLAY\\0000",
                                                 "Status":  "3221226341",
                                                 "FailureNameLength":  "14",
                                                 "FailureName":  "\\Driver\\WUDFRd",
                                                 "Version":  "0"
                                             }
                          },
                          {
                              "time_created":  "2026-08-27T23:07:11.6777145-04:00",
                              "time_created_utc":  "2026-08-28T03:07:11.6777145Z",
                              "provider":  "Microsoft-Windows-Kernel-Power",
                              "log_name":  "System",
                              "event_id":  172,
                              "record_id":  45198,
                              "level":  "Information",
                              "task":  "",
                              "opcode":  "Info",
                              "message":  "Connectivity state in standby: Disconnected, Reason: NIC compliance",
                              "event_data":  {
                                                 "State":  "2",
                                                 "Reason":  "6"
                                             }
                          },
                          {
                              "time_created":  "2026-08-27T23:07:05.8657529-04:00",
                              "time_created_utc":  "2026-08-28T03:07:05.8657529Z",
                              "provider":  "Microsoft-Windows-Kernel-General",
                              "log_name":  "System",
                              "event_id":  20,
                              "record_id":  45152,
                              "level":  "Information",
                              "task":  "",
                              "opcode":  "Info",
                              "message":  "The leap second configuration has been updated.\r\nReason: Leap second data initialized from registry during boot\r\nLeap seconds enabled: true\r\nNew leap second count: 0\r\nOld leap second count: 0",
                              "event_data":  {
                                                 "UpdateReason":  "0",
                                                 "EnabledNew":  "true",
                                                 "CountNew":  "0",
                                                 "CountOld":  "0"
                                             }
                          },
                          {
                              "time_created":  "2026-08-27T23:07:05.8633885-04:00",
                              "time_created_utc":  "2026-08-28T03:07:05.8633885Z",
                              "provider":  "Microsoft-Windows-Kernel-General",
                              "log_name":  "System",
                              "event_id":  25,
                              "record_id":  45143,
                              "level":  "Information",
                              "task":  "",
                              "opcode":  "Info",
                              "message":  "The system time was initialized to ‎2026‎-‎08‎-‎28T03:07:05.500000000Z. \r\n\r\nLoader time: ‎2026‎-‎08‎-‎28T03:07:04.000000000Z\r\nInternal boot flags: 0x2\r\nHAL RTC error code: 0x0\r\nRTC time is in UTC: false\r\nSoft boot: false\r\nSuccess: true\r\nPhase: 0",
                              "event_data":  {
                                                 "SystemTime":  "2026-08-28T03:07:05.5000000Z",
                                                 "LoaderTime":  "2026-08-28T03:07:04.0000000Z",
                                                 "InternalBootFlags":  "2",
                                                 "HalRtcErrorCode":  "0",
                                                 "RealTimeIsUniversal":  "false",
                                                 "IsSoftBoot":  "false",
                                                 "Success":  "true",
                                                 "Phase":  "0"
                                             }
                          },
                          {
                              "time_created":  "2026-08-27T23:07:05.8633877-04:00",
                              "time_created_utc":  "2026-08-28T03:07:05.8633877Z",
                              "provider":  "Microsoft-Windows-Kernel-General",
                              "log_name":  "System",
                              "event_id":  12,
                              "record_id":  45142,
                              "level":  "Information",
                              "task":  "",
                              "opcode":  "Info",
                              "message":  "The operating system started at system time ‎2026‎-‎08‎-‎28T03:07:05.500000000Z.",
                              "event_data":  {
                                                 "MajorVersion":  "10",
                                                 "MinorVersion":  "0",
                                                 "BuildVersion":  "26100",
                                                 "QfeVersion":  "9168",
                                                 "ServiceVersion":  "0",
                                                 "BootMode":  "0",
                                                 "StartTime":  "2026-08-28T03:07:05.5000000Z"
                                             }
                          },
                          {
                              "time_created":  "2026-08-26T16:20:35.5193412-04:00",
                              "time_created_utc":  "2026-08-26T20:20:35.5193412Z",
                              "provider":  "Microsoft-Windows-Kernel-General",
                              "log_name":  "System",
                              "event_id":  13,
                              "record_id":  45141,
                              "level":  "Information",
                              "task":  "",
                              "opcode":  "Info",
                              "message":  "The operating system is shutting down at system time ‎2026‎-‎08‎-‎26T20:20:35.519340100Z.",
                              "event_data":  {
                                                 "StopTime":  "2026-08-26T20:20:35.5193401Z"
                                             }
                          },
                          {
                              "time_created":  "2026-08-26T16:20:35.3348288-04:00",
                              "time_created_utc":  "2026-08-26T20:20:35.3348288Z",
                              "provider":  "Microsoft-Windows-Kernel-Power",
                              "log_name":  "System",
                              "event_id":  577,
                              "record_id":  45140,
                              "level":  "Information",
                              "task":  "",
                              "opcode":  "Info",
                              "message":  "The system has prepared for a system initiated reboot from Active.",
                              "event_data":  {
                                                 "AdaptiveTargetState":  "0",
                                                 "IsUnattended":  "false",
                                                 "Status":  "279"
                                             }
                          },
                          {
                              "time_created":  "2026-08-26T16:20:33.6108588-04:00",
                              "time_created_utc":  "2026-08-26T20:20:33.6108588Z",
                              "provider":  "Microsoft-Windows-Kernel-Power",
                              "log_name":  "System",
                              "event_id":  109,
                              "record_id":  45139,
                              "level":  "Information",
                              "task":  "",
                              "opcode":  "Info",
                              "message":  "The kernel power manager has initiated a shutdown transition.\r\n\r\nAction: Power Action Shutdown \r\nEvent Code: 0x0 \r\nReason: Kernel API",
                              "event_data":  {
                                                 "ShutdownActionType":  "4",
                                                 "ShutdownEventCode":  "0",
                                                 "ShutdownReason":  "5"
                                             }
                          },
                          {
                              "time_created":  "2026-08-26T16:17:47.4877464-04:00",
                              "time_created_utc":  "2026-08-26T20:17:47.4877464Z",
                              "provider":  "Microsoft-Windows-UserModePowerService",
                              "log_name":  "System",
                              "event_id":  12,
                              "record_id":  45038,
                              "level":  "Information",
                              "task":  "",
                              "opcode":  "Info",
                              "message":  "Process C:\\Windows\\System32\\DriverStore\\FileRepository\\u0196283.inf_amd64_3979d16563294d92\\B025522\\atieclxx.exe (process ID:2464) reset policy scheme from {8c5e7fda-e8bf-4a96-9a85-a6e23a8c635c} to {8c5e7fda-e8bf-4a96-9a85-a6e23a8c635c}",
                              "event_data":  {
                                                 "ProcessPath":  "C:\\Windows\\System32\\DriverStore\\FileRepository\\u0196283.inf_amd64_3979d16563294d92\\B025522\\atieclxx.exe",
                                                 "ProcessPid":  "2464",
                                                 "OldSchemeGuid":  "{8c5e7fda-e8bf-4a96-9a85-a6e23a8c635c}",
                                                 "NewSchemeGuid":  "{8c5e7fda-e8bf-4a96-9a85-a6e23a8c635c}"
                                             }
                          },
                          {
                              "time_created":  "2026-08-26T16:17:40.2925018-04:00",
                              "time_created_utc":  "2026-08-26T20:17:40.2925018Z",
                              "provider":  "BTHUSB",
                              "log_name":  "System",
                              "event_id":  18,
                              "record_id":  44999,
                              "level":  "Information",
                              "task":  "None",
                              "opcode":  "",
                              "message":  "Windows cannot store Bluetooth authentication codes (link keys) on the local adapter. Bluetooth keyboards might not work in the system BIOS during startup.",
                              "event_data":  {
                                                 "index_0":  ""
                                             }
                          },
                          {
                              "time_created":  "2026-08-26T16:17:38.3845859-04:00",
                              "time_created_utc":  "2026-08-26T20:17:38.3845859Z",
                              "provider":  "Microsoft-Windows-Kernel-General",
                              "log_name":  "System",
                              "event_id":  24,
                              "record_id":  44996,
                              "level":  "Information",
                              "task":  "",
                              "opcode":  "Info",
                              "message":  "The time zone information was refreshed with exit reason 0. Current time zone bias is 240.",
                              "event_data":  {
                                                 "ExitReason":  "0",
                                                 "CurrentBias":  "240",
                                                 "CurrentTimeZoneID":  "2",
                                                 "TimeZoneInfoCacheUpdated":  "0",
                                                 "FirstRefresh":  "0"
                                             }
                          },
                          {
                              "time_created":  "2026-08-26T16:17:36.7331977-04:00",
                              "time_created_utc":  "2026-08-26T20:17:36.7331977Z",
                              "provider":  "Microsoft-Windows-Kernel-PnP",
                              "log_name":  "System",
                              "event_id":  219,
                              "record_id":  44956,
                              "level":  "Warning",
                              "task":  "",
                              "opcode":  "Info",
                              "message":  "The driver \\Driver\\WUDFRd failed to load.\r\nDevice: ROOT\\DISPLAY\\0000\r\nStatus: 0xC0000365",
                              "event_data":  {
                                                 "DriverNameLength":  "17",
                                                 "DriverName":  "ROOT\\DISPLAY\\0000",
                                                 "Status":  "3221226341",
                                                 "FailureNameLength":  "14",
                                                 "FailureName":  "\\Driver\\WUDFRd",
                                                 "Version":  "0"
                                             }
                          },
                          {
                              "time_created":  "2026-08-26T16:17:36.7314237-04:00",
                              "time_created_utc":  "2026-08-26T20:17:36.7314237Z",
                              "provider":  "Microsoft-Windows-Kernel-Power",
                              "log_name":  "System",
                              "event_id":  172,
                              "record_id":  44954,
                              "level":  "Information",
                              "task":  "",
                              "opcode":  "Info",
                              "message":  "Connectivity state in standby: Disconnected, Reason: NIC compliance",
                              "event_data":  {
                                                 "State":  "2",
                                                 "Reason":  "6"
                                             }
                          },
                          {
                              "time_created":  "2026-08-26T16:17:29.8647576-04:00",
                              "time_created_utc":  "2026-08-26T20:17:29.8647576Z",
                              "provider":  "Microsoft-Windows-Kernel-General",
                              "log_name":  "System",
                              "event_id":  20,
                              "record_id":  44908,
                              "level":  "Information",
                              "task":  "",
                              "opcode":  "Info",
                              "message":  "The leap second configuration has been updated.\r\nReason: Leap second data initialized from registry during boot\r\nLeap seconds enabled: true\r\nNew leap second count: 0\r\nOld leap second count: 0",
                              "event_data":  {
                                                 "UpdateReason":  "0",
                                                 "EnabledNew":  "true",
                                                 "CountNew":  "0",
                                                 "CountOld":  "0"
                                             }
                          },
                          {
                              "time_created":  "2026-08-26T16:17:29.8619903-04:00",
                              "time_created_utc":  "2026-08-26T20:17:29.8619903Z",
                              "provider":  "Microsoft-Windows-Kernel-General",
                              "log_name":  "System",
                              "event_id":  25,
                              "record_id":  44899,
                              "level":  "Information",
                              "task":  "",
                              "opcode":  "Info",
                              "message":  "The system time was initialized to ‎2026‎-‎08‎-‎26T20:17:29.500000000Z. \r\n\r\nLoader time: ‎2026‎-‎08‎-‎26T20:17:28.000000000Z\r\nInternal boot flags: 0x2\r\nHAL RTC error code: 0x0\r\nRTC time is in UTC: false\r\nSoft boot: false\r\nSuccess: true\r\nPhase: 0",
                              "event_data":  {
                                                 "SystemTime":  "2026-08-26T20:17:29.5000000Z",
                                                 "LoaderTime":  "2026-08-26T20:17:28.0000000Z",
                                                 "InternalBootFlags":  "2",
                                                 "HalRtcErrorCode":  "0",
                                                 "RealTimeIsUniversal":  "false",
                                                 "IsSoftBoot":  "false",
                                                 "Success":  "true",
                                                 "Phase":  "0"
                                             }
                          },
                          {
                              "time_created":  "2026-08-26T16:17:29.8619894-04:00",
                              "time_created_utc":  "2026-08-26T20:17:29.8619894Z",
                              "provider":  "Microsoft-Windows-Kernel-General",
                              "log_name":  "System",
                              "event_id":  12,
                              "record_id":  44898,
                              "level":  "Information",
                              "task":  "",
                              "opcode":  "Info",
                              "message":  "The operating system started at system time ‎2026‎-‎08‎-‎26T20:17:29.500000000Z.",
                              "event_data":  {
                                                 "MajorVersion":  "10",
                                                 "MinorVersion":  "0",
                                                 "BuildVersion":  "26100",
                                                 "QfeVersion":  "9168",
                                                 "ServiceVersion":  "0",
                                                 "BootMode":  "0",
                                                 "StartTime":  "2026-08-26T20:17:29.5000000Z"
                                             }
                          },
                          {
                              "time_created":  "2026-08-26T12:32:11.7859119-04:00",
                              "time_created_utc":  "2026-08-26T16:32:11.7859119Z",
                              "provider":  "Microsoft-Windows-Kernel-General",
                              "log_name":  "System",
                              "event_id":  13,
                              "record_id":  44897,
                              "level":  "Information",
                              "task":  "",
                              "opcode":  "Info",
                              "message":  "The operating system is shutting down at system time ‎2026‎-‎08‎-‎26T16:32:11.785911100Z.",
                              "event_data":  {
                                                 "StopTime":  "2026-08-26T16:32:11.7859111Z"
                                             }
                          },
                          {
                              "time_created":  "2026-08-26T12:32:11.5763747-04:00",
                              "time_created_utc":  "2026-08-26T16:32:11.5763747Z",
                              "provider":  "Microsoft-Windows-Kernel-Power",
                              "log_name":  "System",
                              "event_id":  577,
                              "record_id":  44896,
                              "level":  "Information",
                              "task":  "",
                              "opcode":  "Info",
                              "message":  "The system has prepared for a system initiated reboot from Active.",
                              "event_data":  {
                                                 "AdaptiveTargetState":  "0",
                                                 "IsUnattended":  "false",
                                                 "Status":  "279"
                                             }
                          },
                          {
                              "time_created":  "2026-08-26T12:32:09.4084087-04:00",
                              "time_created_utc":  "2026-08-26T16:32:09.4084087Z",
                              "provider":  "Microsoft-Windows-Kernel-Power",
                              "log_name":  "System",
                              "event_id":  109,
                              "record_id":  44895,
                              "level":  "Information",
                              "task":  "",
                              "opcode":  "Info",
                              "message":  "The kernel power manager has initiated a shutdown transition.\r\n\r\nAction: Power Action Shutdown Off \r\nEvent Code: 0x0 \r\nReason: Kernel API",
                              "event_data":  {
                                                 "ShutdownActionType":  "6",
                                                 "ShutdownEventCode":  "0",
                                                 "ShutdownReason":  "5"
                                             }
                          },
                          {
                              "time_created":  "2026-08-26T12:25:49.7893266-04:00",
                              "time_created_utc":  "2026-08-26T16:25:49.7893266Z",
                              "provider":  "Microsoft-Windows-Kernel-General",
                              "log_name":  "System",
                              "event_id":  16,
                              "record_id":  44870,
                              "level":  "Information",
                              "task":  "",
                              "opcode":  "Info",
                              "message":  "The access history in hive \\??\\C:\\ProgramData\\Microsoft\\Windows\\AppRepository\\Packages\\OpenAI.Codex_26.820.7780.0_x64__2p2nqsd0c76g0\\ActivationStore.dat was cleared updating 0 keys and creating 0 modified pages.",
                              "event_data":  {
                                                 "HiveNameLength":  "125",
                                                 "HiveName":  "\\??\\C:\\ProgramData\\Microsoft\\Windows\\AppRepository\\Packages\\OpenAI.Codex_26.820.7780.0_x64__2p2nqsd0c76g0\\ActivationStore.dat",
                                                 "KeysUpdated":  "0",
                                                 "DirtyPages":  "0"
                                             }
                          },
                          {
                              "time_created":  "2026-08-26T12:25:36.0190720-04:00",
                              "time_created_utc":  "2026-08-26T16:25:36.0190720Z",
                              "provider":  "Microsoft-Windows-WindowsUpdateClient",
                              "log_name":  "System",
                              "event_id":  44,
                              "record_id":  44868,
                              "level":  "Information",
                              "task":  "Windows Update Agent",
                              "opcode":  "Installation",
                              "message":  "Windows Update started downloading an update.",
                              "event_data":  {
                                                 "updateTitle":  "9PLM9XGG6VKS-OpenAI.Codex",
                                                 "updateGuid":  "{93f34427-b416-408a-a000-af14e2ce8fa5}",
                                                 "updateRevisionNumber":  "1"
                                             }
                          },
                          {
                              "time_created":  "2026-08-26T12:25:05.8426283-04:00",
                              "time_created_utc":  "2026-08-26T16:25:05.8426283Z",
                              "provider":  "Microsoft-Windows-UserModePowerService",
                              "log_name":  "System",
                              "event_id":  12,
                              "record_id":  44844,
                              "level":  "Information",
                              "task":  "",
                              "opcode":  "Info",
                              "message":  "Process C:\\Windows\\System32\\DriverStore\\FileRepository\\u0196283.inf_amd64_3979d16563294d92\\B025522\\atieclxx.exe (process ID:3932) reset policy scheme from {8c5e7fda-e8bf-4a96-9a85-a6e23a8c635c} to {8c5e7fda-e8bf-4a96-9a85-a6e23a8c635c}",
                              "event_data":  {
                                                 "ProcessPath":  "C:\\Windows\\System32\\DriverStore\\FileRepository\\u0196283.inf_amd64_3979d16563294d92\\B025522\\atieclxx.exe",
                                                 "ProcessPid":  "3932",
                                                 "OldSchemeGuid":  "{8c5e7fda-e8bf-4a96-9a85-a6e23a8c635c}",
                                                 "NewSchemeGuid":  "{8c5e7fda-e8bf-4a96-9a85-a6e23a8c635c}"
                                             }
                          },
                          {
                              "time_created":  "2026-08-26T12:24:58.1929122-04:00",
                              "time_created_utc":  "2026-08-26T16:24:58.1929122Z",
                              "provider":  "BTHUSB",
                              "log_name":  "System",
                              "event_id":  18,
                              "record_id":  44803,
                              "level":  "Information",
                              "task":  "None",
                              "opcode":  "",
                              "message":  "Windows cannot store Bluetooth authentication codes (link keys) on the local adapter. Bluetooth keyboards might not work in the system BIOS during startup.",
                              "event_data":  {
                                                 "index_0":  ""
                                             }
                          },
                          {
                              "time_created":  "2026-08-26T12:24:56.3124718-04:00",
                              "time_created_utc":  "2026-08-26T16:24:56.3124718Z",
                              "provider":  "Microsoft-Windows-Kernel-General",
                              "log_name":  "System",
                              "event_id":  24,
                              "record_id":  44800,
                              "level":  "Information",
                              "task":  "",
                              "opcode":  "Info",
                              "message":  "The time zone information was refreshed with exit reason 0. Current time zone bias is 240.",
                              "event_data":  {
                                                 "ExitReason":  "0",
                                                 "CurrentBias":  "240",
                                                 "CurrentTimeZoneID":  "2",
                                                 "TimeZoneInfoCacheUpdated":  "0",
                                                 "FirstRefresh":  "0"
                                             }
                          },
                          {
                              "time_created":  "2026-08-26T12:24:54.6656709-04:00",
                              "time_created_utc":  "2026-08-26T16:24:54.6656709Z",
                              "provider":  "Microsoft-Windows-Kernel-PnP",
                              "log_name":  "System",
                              "event_id":  219,
                              "record_id":  44760,
                              "level":  "Warning",
                              "task":  "",
                              "opcode":  "Info",
                              "message":  "The driver \\Driver\\WUDFRd failed to load.\r\nDevice: ROOT\\DISPLAY\\0000\r\nStatus: 0xC0000365",
                              "event_data":  {
                                                 "DriverNameLength":  "17",
                                                 "DriverName":  "ROOT\\DISPLAY\\0000",
                                                 "Status":  "3221226341",
                                                 "FailureNameLength":  "14",
                                                 "FailureName":  "\\Driver\\WUDFRd",
                                                 "Version":  "0"
                                             }
                          },
                          {
                              "time_created":  "2026-08-26T12:24:54.6637365-04:00",
                              "time_created_utc":  "2026-08-26T16:24:54.6637365Z",
                              "provider":  "Microsoft-Windows-Kernel-Power",
                              "log_name":  "System",
                              "event_id":  172,
                              "record_id":  44758,
                              "level":  "Information",
                              "task":  "",
                              "opcode":  "Info",
                              "message":  "Connectivity state in standby: Disconnected, Reason: NIC compliance",
                              "event_data":  {
                                                 "State":  "2",
                                                 "Reason":  "6"
                                             }
                          },
                          {
                              "time_created":  "2026-08-26T12:24:48.8648478-04:00",
                              "time_created_utc":  "2026-08-26T16:24:48.8648478Z",
                              "provider":  "Microsoft-Windows-Kernel-General",
                              "log_name":  "System",
                              "event_id":  20,
                              "record_id":  44712,
                              "level":  "Information",
                              "task":  "",
                              "opcode":  "Info",
                              "message":  "The leap second configuration has been updated.\r\nReason: Leap second data initialized from registry during boot\r\nLeap seconds enabled: true\r\nNew leap second count: 0\r\nOld leap second count: 0",
                              "event_data":  {
                                                 "UpdateReason":  "0",
                                                 "EnabledNew":  "true",
                                                 "CountNew":  "0",
                                                 "CountOld":  "0"
                                             }
                          },
                          {
                              "time_created":  "2026-08-26T12:24:48.8625668-04:00",
                              "time_created_utc":  "2026-08-26T16:24:48.8625668Z",
                              "provider":  "Microsoft-Windows-Kernel-General",
                              "log_name":  "System",
                              "event_id":  25,
                              "record_id":  44703,
                              "level":  "Information",
                              "task":  "",
                              "opcode":  "Info",
                              "message":  "The system time was initialized to ‎2026‎-‎08‎-‎26T16:24:48.500000000Z. \r\n\r\nLoader time: ‎2026‎-‎08‎-‎26T16:24:47.000000000Z\r\nInternal boot flags: 0x2\r\nHAL RTC error code: 0x0\r\nRTC time is in UTC: false\r\nSoft boot: false\r\nSuccess: true\r\nPhase: 0",
                              "event_data":  {
                                                 "SystemTime":  "2026-08-26T16:24:48.5000000Z",
                                                 "LoaderTime":  "2026-08-26T16:24:47.0000000Z",
                                                 "InternalBootFlags":  "2",
                                                 "HalRtcErrorCode":  "0",
                                                 "RealTimeIsUniversal":  "false",
                                                 "IsSoftBoot":  "false",
                                                 "Success":  "true",
                                                 "Phase":  "0"
                                             }
                          },
                          {
                              "time_created":  "2026-08-26T12:24:48.8625656-04:00",
                              "time_created_utc":  "2026-08-26T16:24:48.8625656Z",
                              "provider":  "Microsoft-Windows-Kernel-General",
                              "log_name":  "System",
                              "event_id":  12,
                              "record_id":  44702,
                              "level":  "Information",
                              "task":  "",
                              "opcode":  "Info",
                              "message":  "The operating system started at system time ‎2026‎-‎08‎-‎26T16:24:48.500000000Z.",
                              "event_data":  {
                                                 "MajorVersion":  "10",
                                                 "MinorVersion":  "0",
                                                 "BuildVersion":  "26100",
                                                 "QfeVersion":  "9168",
                                                 "ServiceVersion":  "0",
                                                 "BootMode":  "0",
                                                 "StartTime":  "2026-08-26T16:24:48.5000000Z"
                                             }
                          },
                          {
                              "time_created":  "2026-08-24T19:17:11.2196304-04:00",
                              "time_created_utc":  "2026-08-24T23:17:11.2196304Z",
                              "provider":  "Microsoft-Windows-Kernel-General",
                              "log_name":  "System",
                              "event_id":  13,
                              "record_id":  44701,
                              "level":  "Information",
                              "task":  "",
                              "opcode":  "Info",
                              "message":  "The operating system is shutting down at system time ‎2026‎-‎08‎-‎24T23:17:11.219629600Z.",
                              "event_data":  {
                                                 "StopTime":  "2026-08-24T23:17:11.2196296Z"
                                             }
                          },
                          {
                              "time_created":  "2026-08-24T19:17:11.0807319-04:00",
                              "time_created_utc":  "2026-08-24T23:17:11.0807319Z",
                              "provider":  "Microsoft-Windows-Kernel-Power",
                              "log_name":  "System",
                              "event_id":  577,
                              "record_id":  44700,
                              "level":  "Information",
                              "task":  "",
                              "opcode":  "Info",
                              "message":  "The system has prepared for a system initiated reboot from Active.",
                              "event_data":  {
                                                 "AdaptiveTargetState":  "0",
                                                 "IsUnattended":  "false",
                                                 "Status":  "279"
                                             }
                          },
                          {
                              "time_created":  "2026-08-24T19:17:09.0970166-04:00",
                              "time_created_utc":  "2026-08-24T23:17:09.0970166Z",
                              "provider":  "Microsoft-Windows-Kernel-Power",
                              "log_name":  "System",
                              "event_id":  109,
                              "record_id":  44699,
                              "level":  "Information",
                              "task":  "",
                              "opcode":  "Info",
                              "message":  "The kernel power manager has initiated a shutdown transition.\r\n\r\nAction: Power Action Shutdown Off \r\nEvent Code: 0x0 \r\nReason: Kernel API",
                              "event_data":  {
                                                 "ShutdownActionType":  "6",
                                                 "ShutdownEventCode":  "0",
                                                 "ShutdownReason":  "5"
                                             }
                          },
