                          {
                              "time_created":  "2026-08-24T18:52:14.7918937-04:00",
                              "time_created_utc":  "2026-08-24T22:52:14.7918937Z",
                              "provider":  "Microsoft-Windows-WindowsUpdateClient",
                              "log_name":  "System",
                              "event_id":  19,
                              "record_id":  44681,
                              "level":  "Information",
                              "task":  "Windows Update Agent",
                              "opcode":  "Installation",
                              "message":  "Installation Successful: Windows successfully installed the following update: Security Intelligence Update for Microsoft Defender Antivirus - KB2267602 (Version 1.457.324.0) - Current Channel (Broad)",
                              "event_data":  {
                                                 "updateTitle":  "Security Intelligence Update for Microsoft Defender Antivirus - KB2267602 (Version 1.457.324.0) - Current Channel (Broad)",
                                                 "updateGuid":  "{5ef0f570-8cdd-40b3-85da-7fa012488f18}",
                                                 "updateRevisionNumber":  "200",
                                                 "serviceGuid":  "{9482f4b4-e343-43b6-b170-9a65bc822c77}"
                                             }
                          },
                          {
                              "time_created":  "2026-08-24T18:52:09.8776008-04:00",
                              "time_created_utc":  "2026-08-24T22:52:09.8776008Z",
                              "provider":  "Microsoft-Windows-WindowsUpdateClient",
                              "log_name":  "System",
                              "event_id":  43,
                              "record_id":  44680,
                              "level":  "Information",
                              "task":  "Windows Update Agent",
                              "opcode":  "Installation",
                              "message":  "Installation Started: Windows has started installing the following update: Security Intelligence Update for Microsoft Defender Antivirus - KB2267602 (Version 1.457.324.0) - Current Channel (Broad)",
                              "event_data":  {
                                                 "updateTitle":  "Security Intelligence Update for Microsoft Defender Antivirus - KB2267602 (Version 1.457.324.0) - Current Channel (Broad)",
                                                 "updateGuid":  "{5ef0f570-8cdd-40b3-85da-7fa012488f18}",
                                                 "updateRevisionNumber":  "200"
                                             }
                          },
                          {
                              "time_created":  "2026-08-24T18:52:09.8775990-04:00",
                              "time_created_utc":  "2026-08-24T22:52:09.8775990Z",
                              "provider":  "Microsoft-Windows-WindowsUpdateClient",
                              "log_name":  "System",
                              "event_id":  44,
                              "record_id":  44679,
                              "level":  "Information",
                              "task":  "Windows Update Agent",
                              "opcode":  "Installation",
                              "message":  "Windows Update started downloading an update.",
                              "event_data":  {
                                                 "updateTitle":  "Security Intelligence Update for Microsoft Defender Antivirus - KB2267602 (Version 1.457.324.0) - Current Channel (Broad)",
                                                 "updateGuid":  "{5ef0f570-8cdd-40b3-85da-7fa012488f18}",
                                                 "updateRevisionNumber":  "200"
                                             }
                          },
                          {
                              "time_created":  "2026-08-24T18:49:38.0304872-04:00",
                              "time_created_utc":  "2026-08-24T22:49:38.0304872Z",
                              "provider":  "Microsoft-Windows-Kernel-General",
                              "log_name":  "System",
                              "event_id":  16,
                              "record_id":  44677,
                              "level":  "Information",
                              "task":  "",
                              "opcode":  "Info",
                              "message":  "The access history in hive \\??\\C:\\ProgramData\\Packages\\Microsoft.WindowsTerminal_8wekyb3d8bbwe\\S-1-5-21-2124357560-3435360735-3559141877-1001\\SystemAppData\\Helium\\Cache\\6429d6b64beae536_COM15.dat was cleared updating 1 keys and creating 1 modified pages.",
                              "event_data":  {
                                                 "HiveNameLength":  "168",
                                                 "HiveName":  "\\??\\C:\\ProgramData\\Packages\\Microsoft.WindowsTerminal_8wekyb3d8bbwe\\S-1-5-21-2124357560-3435360735-3559141877-1001\\SystemAppData\\Helium\\Cache\\6429d6b64beae536_COM15.dat",
                                                 "KeysUpdated":  "1",
                                                 "DirtyPages":  "1"
                                             }
                          },
                          {
                              "time_created":  "2026-08-24T18:49:38.0263943-04:00",
                              "time_created_utc":  "2026-08-24T22:49:38.0263943Z",
                              "provider":  "Microsoft-Windows-Kernel-General",
                              "log_name":  "System",
                              "event_id":  16,
                              "record_id":  44676,
                              "level":  "Information",
                              "task":  "",
                              "opcode":  "Info",
                              "message":  "The access history in hive \\??\\C:\\Users\\Daniel\\AppData\\Local\\Packages\\Microsoft.WindowsTerminal_8wekyb3d8bbwe\\SystemAppData\\Helium\\UserClasses.dat was cleared updating 1 keys and creating 1 modified pages.",
                              "event_data":  {
                                                 "HiveNameLength":  "119",
                                                 "HiveName":  "\\??\\C:\\Users\\Daniel\\AppData\\Local\\Packages\\Microsoft.WindowsTerminal_8wekyb3d8bbwe\\SystemAppData\\Helium\\UserClasses.dat",
                                                 "KeysUpdated":  "1",
                                                 "DirtyPages":  "1"
                                             }
                          },
                          {
                              "time_created":  "2026-08-24T18:49:38.0221977-04:00",
                              "time_created_utc":  "2026-08-24T22:49:38.0221977Z",
                              "provider":  "Microsoft-Windows-Kernel-General",
                              "log_name":  "System",
                              "event_id":  16,
                              "record_id":  44675,
                              "level":  "Information",
                              "task":  "",
                              "opcode":  "Info",
                              "message":  "The access history in hive \\??\\C:\\Users\\Daniel\\AppData\\Local\\Packages\\Microsoft.WindowsTerminal_8wekyb3d8bbwe\\SystemAppData\\Helium\\User.dat was cleared updating 7 keys and creating 1 modified pages.",
                              "event_data":  {
                                                 "HiveNameLength":  "112",
                                                 "HiveName":  "\\??\\C:\\Users\\Daniel\\AppData\\Local\\Packages\\Microsoft.WindowsTerminal_8wekyb3d8bbwe\\SystemAppData\\Helium\\User.dat",
                                                 "KeysUpdated":  "7",
                                                 "DirtyPages":  "1"
                                             }
                          },
                          {
                              "time_created":  "2026-08-24T18:49:37.8593364-04:00",
                              "time_created_utc":  "2026-08-24T22:49:37.8593364Z",
                              "provider":  "Microsoft-Windows-Kernel-General",
                              "log_name":  "System",
                              "event_id":  16,
                              "record_id":  44674,
                              "level":  "Information",
                              "task":  "",
                              "opcode":  "Info",
                              "message":  "The access history in hive \\??\\C:\\ProgramData\\Packages\\AdvancedMicroDevicesInc-RSXCM_v2es6h43hjn86\\S-1-5-21-2124357560-3435360735-3559141877-1001\\SystemAppData\\Helium\\Cache\\8834eb4b4c645810_COM15.dat was cleared updating 1 keys and creating 1 modified pages.",
                              "event_data":  {
                                                 "HiveNameLength":  "172",
                                                 "HiveName":  "\\??\\C:\\ProgramData\\Packages\\AdvancedMicroDevicesInc-RSXCM_v2es6h43hjn86\\S-1-5-21-2124357560-3435360735-3559141877-1001\\SystemAppData\\Helium\\Cache\\8834eb4b4c645810_COM15.dat",
                                                 "KeysUpdated":  "1",
                                                 "DirtyPages":  "1"
                                             }
                          },
                          {
                              "time_created":  "2026-08-24T18:41:46.2762985-04:00",
                              "time_created_utc":  "2026-08-24T22:41:46.2762985Z",
                              "provider":  "Microsoft-Windows-Kernel-General",
                              "log_name":  "System",
                              "event_id":  16,
                              "record_id":  44646,
                              "level":  "Information",
                              "task":  "",
                              "opcode":  "Info",
                              "message":  "The access history in hive \\??\\C:\\ProgramData\\Packages\\MicrosoftWindows.Client.WebExperience_cw5n1h2txyewy\\S-1-5-21-2124357560-3435360735-3559141877-1001\\SystemAppData\\Helium\\Cache\\fd2a33836979856_COM15.dat was cleared updating 1 keys and creating 1 modified pages.",
                              "event_data":  {
                                                 "HiveNameLength":  "179",
                                                 "HiveName":  "\\??\\C:\\ProgramData\\Packages\\MicrosoftWindows.Client.WebExperience_cw5n1h2txyewy\\S-1-5-21-2124357560-3435360735-3559141877-1001\\SystemAppData\\Helium\\Cache\\fd2a33836979856_COM15.dat",
                                                 "KeysUpdated":  "1",
                                                 "DirtyPages":  "1"
                                             }
                          },
                          {
                              "time_created":  "2026-08-24T18:41:44.3267832-04:00",
                              "time_created_utc":  "2026-08-24T22:41:44.3267832Z",
                              "provider":  "Microsoft-Windows-UserModePowerService",
                              "log_name":  "System",
                              "event_id":  12,
                              "record_id":  44639,
                              "level":  "Information",
                              "task":  "",
                              "opcode":  "Info",
                              "message":  "Process C:\\Windows\\System32\\DriverStore\\FileRepository\\u0196283.inf_amd64_3979d16563294d92\\B025522\\atieclxx.exe (process ID:4136) reset policy scheme from {8c5e7fda-e8bf-4a96-9a85-a6e23a8c635c} to {8c5e7fda-e8bf-4a96-9a85-a6e23a8c635c}",
                              "event_data":  {
                                                 "ProcessPath":  "C:\\Windows\\System32\\DriverStore\\FileRepository\\u0196283.inf_amd64_3979d16563294d92\\B025522\\atieclxx.exe",
                                                 "ProcessPid":  "4136",
                                                 "OldSchemeGuid":  "{8c5e7fda-e8bf-4a96-9a85-a6e23a8c635c}",
                                                 "NewSchemeGuid":  "{8c5e7fda-e8bf-4a96-9a85-a6e23a8c635c}"
                                             }
                          },
                          {
                              "time_created":  "2026-08-24T18:41:36.0989783-04:00",
                              "time_created_utc":  "2026-08-24T22:41:36.0989783Z",
                              "provider":  "BTHUSB",
                              "log_name":  "System",
                              "event_id":  18,
                              "record_id":  44598,
                              "level":  "Information",
                              "task":  "None",
                              "opcode":  "",
                              "message":  "Windows cannot store Bluetooth authentication codes (link keys) on the local adapter. Bluetooth keyboards might not work in the system BIOS during startup.",
                              "event_data":  {
                                                 "index_0":  ""
                                             }
                          },
                          {
                              "time_created":  "2026-08-24T18:41:34.2064978-04:00",
                              "time_created_utc":  "2026-08-24T22:41:34.2064978Z",
                              "provider":  "Microsoft-Windows-Kernel-General",
                              "log_name":  "System",
                              "event_id":  24,
                              "record_id":  44595,
                              "level":  "Information",
                              "task":  "",
                              "opcode":  "Info",
                              "message":  "The time zone information was refreshed with exit reason 0. Current time zone bias is 240.",
                              "event_data":  {
                                                 "ExitReason":  "0",
                                                 "CurrentBias":  "240",
                                                 "CurrentTimeZoneID":  "2",
                                                 "TimeZoneInfoCacheUpdated":  "0",
                                                 "FirstRefresh":  "0"
                                             }
                          },
                          {
                              "time_created":  "2026-08-24T18:41:32.5433850-04:00",
                              "time_created_utc":  "2026-08-24T22:41:32.5433850Z",
                              "provider":  "Microsoft-Windows-Kernel-PnP",
                              "log_name":  "System",
                              "event_id":  219,
                              "record_id":  44555,
                              "level":  "Warning",
                              "task":  "",
                              "opcode":  "Info",
                              "message":  "The driver \\Driver\\WUDFRd failed to load.\r\nDevice: ROOT\\DISPLAY\\0000\r\nStatus: 0xC0000365",
                              "event_data":  {
                                                 "DriverNameLength":  "17",
                                                 "DriverName":  "ROOT\\DISPLAY\\0000",
                                                 "Status":  "3221226341",
                                                 "FailureNameLength":  "14",
                                                 "FailureName":  "\\Driver\\WUDFRd",
                                                 "Version":  "0"
                                             }
                          },
                          {
                              "time_created":  "2026-08-24T18:41:32.5415584-04:00",
                              "time_created_utc":  "2026-08-24T22:41:32.5415584Z",
                              "provider":  "Microsoft-Windows-Kernel-Power",
                              "log_name":  "System",
                              "event_id":  172,
                              "record_id":  44553,
                              "level":  "Information",
                              "task":  "",
                              "opcode":  "Info",
                              "message":  "Connectivity state in standby: Disconnected, Reason: NIC compliance",
                              "event_data":  {
                                                 "State":  "2",
                                                 "Reason":  "6"
                                             }
                          },
                          {
                              "time_created":  "2026-08-24T18:41:26.8627884-04:00",
                              "time_created_utc":  "2026-08-24T22:41:26.8627884Z",
                              "provider":  "Microsoft-Windows-Kernel-General",
                              "log_name":  "System",
                              "event_id":  20,
                              "record_id":  44507,
                              "level":  "Information",
                              "task":  "",
                              "opcode":  "Info",
                              "message":  "The leap second configuration has been updated.\r\nReason: Leap second data initialized from registry during boot\r\nLeap seconds enabled: true\r\nNew leap second count: 0\r\nOld leap second count: 0",
                              "event_data":  {
                                                 "UpdateReason":  "0",
                                                 "EnabledNew":  "true",
                                                 "CountNew":  "0",
                                                 "CountOld":  "0"
                                             }
                          },
                          {
                              "time_created":  "2026-08-24T18:41:26.8605066-04:00",
                              "time_created_utc":  "2026-08-24T22:41:26.8605066Z",
                              "provider":  "Microsoft-Windows-Kernel-General",
                              "log_name":  "System",
                              "event_id":  25,
                              "record_id":  44498,
                              "level":  "Information",
                              "task":  "",
                              "opcode":  "Info",
                              "message":  "The system time was initialized to ‎2026‎-‎08‎-‎24T22:41:26.500000000Z. \r\n\r\nLoader time: ‎2026‎-‎08‎-‎24T22:41:25.000000000Z\r\nInternal boot flags: 0x2\r\nHAL RTC error code: 0x0\r\nRTC time is in UTC: false\r\nSoft boot: false\r\nSuccess: true\r\nPhase: 0",
                              "event_data":  {
                                                 "SystemTime":  "2026-08-24T22:41:26.5000000Z",
                                                 "LoaderTime":  "2026-08-24T22:41:25.0000000Z",
                                                 "InternalBootFlags":  "2",
                                                 "HalRtcErrorCode":  "0",
                                                 "RealTimeIsUniversal":  "false",
                                                 "IsSoftBoot":  "false",
                                                 "Success":  "true",
                                                 "Phase":  "0"
                                             }
                          },
                          {
                              "time_created":  "2026-08-24T18:41:26.8605056-04:00",
                              "time_created_utc":  "2026-08-24T22:41:26.8605056Z",
                              "provider":  "Microsoft-Windows-Kernel-General",
                              "log_name":  "System",
                              "event_id":  12,
                              "record_id":  44497,
                              "level":  "Information",
                              "task":  "",
                              "opcode":  "Info",
                              "message":  "The operating system started at system time ‎2026‎-‎08‎-‎24T22:41:26.500000000Z.",
                              "event_data":  {
                                                 "MajorVersion":  "10",
                                                 "MinorVersion":  "0",
                                                 "BuildVersion":  "26100",
                                                 "QfeVersion":  "9168",
                                                 "ServiceVersion":  "0",
                                                 "BootMode":  "0",
                                                 "StartTime":  "2026-08-24T22:41:26.5000000Z"
                                             }
                          },
                          {
                              "time_created":  "2026-08-23T22:59:25.9739049-04:00",
                              "time_created_utc":  "2026-08-24T02:59:25.9739049Z",
                              "provider":  "Microsoft-Windows-Kernel-General",
                              "log_name":  "System",
                              "event_id":  13,
                              "record_id":  44496,
                              "level":  "Information",
                              "task":  "",
                              "opcode":  "Info",
                              "message":  "The operating system is shutting down at system time ‎2026‎-‎08‎-‎24T02:59:25.973904100Z.",
                              "event_data":  {
                                                 "StopTime":  "2026-08-24T02:59:25.9739041Z"
                                             }
                          },
                          {
                              "time_created":  "2026-08-23T22:59:25.8464342-04:00",
                              "time_created_utc":  "2026-08-24T02:59:25.8464342Z",
                              "provider":  "Microsoft-Windows-Kernel-Power",
                              "log_name":  "System",
                              "event_id":  577,
                              "record_id":  44495,
                              "level":  "Information",
                              "task":  "",
                              "opcode":  "Info",
                              "message":  "The system has prepared for a system initiated reboot from Active.",
                              "event_data":  {
                                                 "AdaptiveTargetState":  "0",
                                                 "IsUnattended":  "false",
                                                 "Status":  "279"
                                             }
                          },
                          {
                              "time_created":  "2026-08-23T22:59:23.7967349-04:00",
                              "time_created_utc":  "2026-08-24T02:59:23.7967349Z",
                              "provider":  "Microsoft-Windows-Kernel-Power",
                              "log_name":  "System",
                              "event_id":  109,
                              "record_id":  44494,
                              "level":  "Information",
                              "task":  "",
                              "opcode":  "Info",
                              "message":  "The kernel power manager has initiated a shutdown transition.\r\n\r\nAction: Power Action Shutdown Off \r\nEvent Code: 0x0 \r\nReason: Kernel API",
                              "event_data":  {
                                                 "ShutdownActionType":  "6",
                                                 "ShutdownEventCode":  "0",
                                                 "ShutdownReason":  "5"
                                             }
                          },
                          {
                              "time_created":  "2026-08-23T22:40:28.8461253-04:00",
                              "time_created_utc":  "2026-08-24T02:40:28.8461253Z",
                              "provider":  "Microsoft-Windows-WindowsUpdateClient",
                              "log_name":  "System",
                              "event_id":  19,
                              "record_id":  44423,
                              "level":  "Information",
                              "task":  "Windows Update Agent",
                              "opcode":  "Installation",
                              "message":  "Installation Successful: Windows successfully installed the following update: Security Intelligence Update for Microsoft Defender Antivirus - KB2267602 (Version 1.457.312.0) - Current Channel (Broad)",
                              "event_data":  {
                                                 "updateTitle":  "Security Intelligence Update for Microsoft Defender Antivirus - KB2267602 (Version 1.457.312.0) - Current Channel (Broad)",
                                                 "updateGuid":  "{e17bd43a-66e0-492b-9da6-989acec0b98a}",
                                                 "updateRevisionNumber":  "200",
                                                 "serviceGuid":  "{9482f4b4-e343-43b6-b170-9a65bc822c77}"
                                             }
                          },
                          {
                              "time_created":  "2026-08-23T22:40:24.3383549-04:00",
                              "time_created_utc":  "2026-08-24T02:40:24.3383549Z",
                              "provider":  "Microsoft-Windows-WindowsUpdateClient",
                              "log_name":  "System",
                              "event_id":  43,
                              "record_id":  44422,
                              "level":  "Information",
                              "task":  "Windows Update Agent",
                              "opcode":  "Installation",
                              "message":  "Installation Started: Windows has started installing the following update: Security Intelligence Update for Microsoft Defender Antivirus - KB2267602 (Version 1.457.312.0) - Current Channel (Broad)",
                              "event_data":  {
                                                 "updateTitle":  "Security Intelligence Update for Microsoft Defender Antivirus - KB2267602 (Version 1.457.312.0) - Current Channel (Broad)",
                                                 "updateGuid":  "{e17bd43a-66e0-492b-9da6-989acec0b98a}",
                                                 "updateRevisionNumber":  "200"
                                             }
                          },
                          {
                              "time_created":  "2026-08-23T22:40:24.3383533-04:00",
                              "time_created_utc":  "2026-08-24T02:40:24.3383533Z",
                              "provider":  "Microsoft-Windows-WindowsUpdateClient",
                              "log_name":  "System",
                              "event_id":  44,
                              "record_id":  44421,
                              "level":  "Information",
                              "task":  "Windows Update Agent",
                              "opcode":  "Installation",
                              "message":  "Windows Update started downloading an update.",
                              "event_data":  {
                                                 "updateTitle":  "Security Intelligence Update for Microsoft Defender Antivirus - KB2267602 (Version 1.457.312.0) - Current Channel (Broad)",
                                                 "updateGuid":  "{e17bd43a-66e0-492b-9da6-989acec0b98a}",
                                                 "updateRevisionNumber":  "200"
                                             }
                          },
                          {
                              "time_created":  "2026-08-23T22:30:14.4826340-04:00",
                              "time_created_utc":  "2026-08-24T02:30:14.4826340Z",
                              "provider":  "Microsoft-Windows-UserModePowerService",
                              "log_name":  "System",
                              "event_id":  12,
                              "record_id":  44387,
                              "level":  "Information",
                              "task":  "",
                              "opcode":  "Info",
                              "message":  "Process C:\\Windows\\System32\\DriverStore\\FileRepository\\u0196283.inf_amd64_3979d16563294d92\\B025522\\atieclxx.exe (process ID:3468) reset policy scheme from {8c5e7fda-e8bf-4a96-9a85-a6e23a8c635c} to {8c5e7fda-e8bf-4a96-9a85-a6e23a8c635c}",
                              "event_data":  {
                                                 "ProcessPath":  "C:\\Windows\\System32\\DriverStore\\FileRepository\\u0196283.inf_amd64_3979d16563294d92\\B025522\\atieclxx.exe",
                                                 "ProcessPid":  "3468",
                                                 "OldSchemeGuid":  "{8c5e7fda-e8bf-4a96-9a85-a6e23a8c635c}",
                                                 "NewSchemeGuid":  "{8c5e7fda-e8bf-4a96-9a85-a6e23a8c635c}"
                                             }
                          },
                          {
                              "time_created":  "2026-08-23T22:30:07.2252433-04:00",
                              "time_created_utc":  "2026-08-24T02:30:07.2252433Z",
                              "provider":  "BTHUSB",
                              "log_name":  "System",
                              "event_id":  18,
                              "record_id":  44348,
                              "level":  "Information",
                              "task":  "None",
                              "opcode":  "",
                              "message":  "Windows cannot store Bluetooth authentication codes (link keys) on the local adapter. Bluetooth keyboards might not work in the system BIOS during startup.",
                              "event_data":  {
                                                 "index_0":  ""
                                             }
                          },
                          {
                              "time_created":  "2026-08-23T22:30:05.2983333-04:00",
                              "time_created_utc":  "2026-08-24T02:30:05.2983333Z",
                              "provider":  "Microsoft-Windows-Kernel-General",
                              "log_name":  "System",
                              "event_id":  24,
                              "record_id":  44345,
                              "level":  "Information",
                              "task":  "",
                              "opcode":  "Info",
                              "message":  "The time zone information was refreshed with exit reason 0. Current time zone bias is 240.",
                              "event_data":  {
                                                 "ExitReason":  "0",
                                                 "CurrentBias":  "240",
                                                 "CurrentTimeZoneID":  "2",
                                                 "TimeZoneInfoCacheUpdated":  "0",
                                                 "FirstRefresh":  "0"
                                             }
                          },
                          {
                              "time_created":  "2026-08-23T22:30:03.6692692-04:00",
                              "time_created_utc":  "2026-08-24T02:30:03.6692692Z",
                              "provider":  "Microsoft-Windows-Kernel-PnP",
                              "log_name":  "System",
                              "event_id":  219,
                              "record_id":  44305,
                              "level":  "Warning",
                              "task":  "",
                              "opcode":  "Info",
                              "message":  "The driver \\Driver\\WUDFRd failed to load.\r\nDevice: ROOT\\DISPLAY\\0000\r\nStatus: 0xC0000365",
                              "event_data":  {
                                                 "DriverNameLength":  "17",
                                                 "DriverName":  "ROOT\\DISPLAY\\0000",
                                                 "Status":  "3221226341",
                                                 "FailureNameLength":  "14",
                                                 "FailureName":  "\\Driver\\WUDFRd",
                                                 "Version":  "0"
                                             }
                          },
                          {
                              "time_created":  "2026-08-23T22:30:03.6675463-04:00",
                              "time_created_utc":  "2026-08-24T02:30:03.6675463Z",
                              "provider":  "Microsoft-Windows-Kernel-Power",
                              "log_name":  "System",
                              "event_id":  172,
                              "record_id":  44303,
                              "level":  "Information",
                              "task":  "",
                              "opcode":  "Info",
                              "message":  "Connectivity state in standby: Disconnected, Reason: NIC compliance",
                              "event_data":  {
                                                 "State":  "2",
                                                 "Reason":  "6"
                                             }
                          },
                          {
                              "time_created":  "2026-08-23T22:29:57.8657801-04:00",
                              "time_created_utc":  "2026-08-24T02:29:57.8657801Z",
                              "provider":  "Microsoft-Windows-Kernel-General",
                              "log_name":  "System",
                              "event_id":  20,
                              "record_id":  44257,
                              "level":  "Information",
                              "task":  "",
                              "opcode":  "Info",
                              "message":  "The leap second configuration has been updated.\r\nReason: Leap second data initialized from registry during boot\r\nLeap seconds enabled: true\r\nNew leap second count: 0\r\nOld leap second count: 0",
                              "event_data":  {
                                                 "UpdateReason":  "0",
                                                 "EnabledNew":  "true",
                                                 "CountNew":  "0",
                                                 "CountOld":  "0"
                                             }
                          },
                          {
                              "time_created":  "2026-08-23T22:29:57.8634065-04:00",
                              "time_created_utc":  "2026-08-24T02:29:57.8634065Z",
                              "provider":  "Microsoft-Windows-Kernel-General",
                              "log_name":  "System",
                              "event_id":  25,
                              "record_id":  44248,
                              "level":  "Information",
                              "task":  "",
                              "opcode":  "Info",
                              "message":  "The system time was initialized to ‎2026‎-‎08‎-‎24T02:29:57.500000000Z. \r\n\r\nLoader time: ‎2026‎-‎08‎-‎24T02:29:56.000000000Z\r\nInternal boot flags: 0x2\r\nHAL RTC error code: 0x0\r\nRTC time is in UTC: false\r\nSoft boot: false\r\nSuccess: true\r\nPhase: 0",
                              "event_data":  {
                                                 "SystemTime":  "2026-08-24T02:29:57.5000000Z",
                                                 "LoaderTime":  "2026-08-24T02:29:56.0000000Z",
                                                 "InternalBootFlags":  "2",
                                                 "HalRtcErrorCode":  "0",
                                                 "RealTimeIsUniversal":  "false",
                                                 "IsSoftBoot":  "false",
                                                 "Success":  "true",
                                                 "Phase":  "0"
                                             }
                          },
                          {
                              "time_created":  "2026-08-23T22:29:57.8634056-04:00",
                              "time_created_utc":  "2026-08-24T02:29:57.8634056Z",
                              "provider":  "Microsoft-Windows-Kernel-General",
                              "log_name":  "System",
                              "event_id":  12,
                              "record_id":  44247,
                              "level":  "Information",
                              "task":  "",
                              "opcode":  "Info",
                              "message":  "The operating system started at system time ‎2026‎-‎08‎-‎24T02:29:57.500000000Z.",
                              "event_data":  {
                                                 "MajorVersion":  "10",
                                                 "MinorVersion":  "0",
                                                 "BuildVersion":  "26100",
                                                 "QfeVersion":  "9168",
                                                 "ServiceVersion":  "0",
                                                 "BootMode":  "0",
                                                 "StartTime":  "2026-08-24T02:29:57.5000000Z"
                                             }
                          },
                          {
                              "time_created":  "2026-08-23T22:28:36.1673248-04:00",
                              "time_created_utc":  "2026-08-24T02:28:36.1673248Z",
                              "provider":  "Microsoft-Windows-Kernel-General",
                              "log_name":  "System",
                              "event_id":  13,
                              "record_id":  44246,
                              "level":  "Information",
                              "task":  "",
                              "opcode":  "Info",
                              "message":  "The operating system is shutting down at system time ‎2026‎-‎08‎-‎24T02:28:36.167323800Z.",
                              "event_data":  {
                                                 "StopTime":  "2026-08-24T02:28:36.1673238Z"
                                             }
                          },
                          {
                              "time_created":  "2026-08-23T22:28:35.8866055-04:00",
                              "time_created_utc":  "2026-08-24T02:28:35.8866055Z",
                              "provider":  "Microsoft-Windows-Kernel-Power",
                              "log_name":  "System",
                              "event_id":  577,
                              "record_id":  44245,
                              "level":  "Information",
                              "task":  "",
                              "opcode":  "Info",
                              "message":  "The system has prepared for a system initiated reboot from Active.",
                              "event_data":  {
                                                 "AdaptiveTargetState":  "0",
                                                 "IsUnattended":  "false",
                                                 "Status":  "279"
                                             }
                          },
                          {
                              "time_created":  "2026-08-23T22:28:34.1796460-04:00",
                              "time_created_utc":  "2026-08-24T02:28:34.1796460Z",
                              "provider":  "Microsoft-Windows-Kernel-Power",
                              "log_name":  "System",
                              "event_id":  109,
                              "record_id":  44243,
                              "level":  "Information",
                              "task":  "",
                              "opcode":  "Info",
                              "message":  "The kernel power manager has initiated a shutdown transition.\r\n\r\nAction: Power Action Reboot \r\nEvent Code: 0x0 \r\nReason: Kernel API",
                              "event_data":  {
                                                 "ShutdownActionType":  "5",
                                                 "ShutdownEventCode":  "0",
                                                 "ShutdownReason":  "5"
                                             }
                          },
                          {
                              "time_created":  "2026-08-23T22:27:58.0462378-04:00",
                              "time_created_utc":  "2026-08-24T02:27:58.0462378Z",
                              "provider":  "Microsoft-Windows-UserModePowerService",
                              "log_name":  "System",
                              "event_id":  12,
                              "record_id":  44216,
                              "level":  "Information",
                              "task":  "",
                              "opcode":  "Info",
                              "message":  "Process C:\\Windows\\System32\\DriverStore\\FileRepository\\u0196283.inf_amd64_3979d16563294d92\\B025522\\atieclxx.exe (process ID:3444) reset policy scheme from {8c5e7fda-e8bf-4a96-9a85-a6e23a8c635c} to {8c5e7fda-e8bf-4a96-9a85-a6e23a8c635c}",
                              "event_data":  {
                                                 "ProcessPath":  "C:\\Windows\\System32\\DriverStore\\FileRepository\\u0196283.inf_amd64_3979d16563294d92\\B025522\\atieclxx.exe",
                                                 "ProcessPid":  "3444",
                                                 "OldSchemeGuid":  "{8c5e7fda-e8bf-4a96-9a85-a6e23a8c635c}",
                                                 "NewSchemeGuid":  "{8c5e7fda-e8bf-4a96-9a85-a6e23a8c635c}"
                                             }
                          },
                          {
                              "time_created":  "2026-08-23T22:27:56.8577710-04:00",
                              "time_created_utc":  "2026-08-24T02:27:56.8577710Z",
                              "provider":  "Microsoft-Windows-UserModePowerService",
                              "log_name":  "System",
                              "event_id":  12,
                              "record_id":  44214,
                              "level":  "Information",
                              "task":  "",
                              "opcode":  "Info",
                              "message":  "Process C:\\Windows\\System32\\DriverStore\\FileRepository\\u0196283.inf_amd64_3979d16563294d92\\B025522\\atieclxx.exe (process ID:3444) reset policy scheme from {8c5e7fda-e8bf-4a96-9a85-a6e23a8c635c} to {8c5e7fda-e8bf-4a96-9a85-a6e23a8c635c}",
                              "event_data":  {
                                                 "ProcessPath":  "C:\\Windows\\System32\\DriverStore\\FileRepository\\u0196283.inf_amd64_3979d16563294d92\\B025522\\atieclxx.exe",
                                                 "ProcessPid":  "3444",
                                                 "OldSchemeGuid":  "{8c5e7fda-e8bf-4a96-9a85-a6e23a8c635c}",
                                                 "NewSchemeGuid":  "{8c5e7fda-e8bf-4a96-9a85-a6e23a8c635c}"
                                             }
                          },
                          {
                              "time_created":  "2026-08-23T22:23:57.1676941-04:00",
                              "time_created_utc":  "2026-08-24T02:23:57.1676941Z",
                              "provider":  "Microsoft-Windows-Kernel-General",
                              "log_name":  "System",
                              "event_id":  16,
                              "record_id":  44205,
                              "level":  "Information",
                              "task":  "",
                              "opcode":  "Info",
                              "message":  "The access history in hive \\??\\C:\\Users\\Daniel\\AppData\\Local\\Packages\\OpenAI.Codex_2p2nqsd0c76g0\\Settings\\settings.dat was cleared updating 1 keys and creating 1 modified pages.",
                              "event_data":  {
                                                 "HiveNameLength":  "91",
                                                 "HiveName":  "\\??\\C:\\Users\\Daniel\\AppData\\Local\\Packages\\OpenAI.Codex_2p2nqsd0c76g0\\Settings\\settings.dat",
                                                 "KeysUpdated":  "1",
                                                 "DirtyPages":  "1"
                                             }
                          },
                          {
                              "time_created":  "2026-08-23T22:23:23.6209248-04:00",
                              "time_created_utc":  "2026-08-24T02:23:23.6209248Z",
                              "provider":  "Microsoft-Windows-UserModePowerService",
                              "log_name":  "System",
                              "event_id":  12,
                              "record_id":  44180,
                              "level":  "Information",
                              "task":  "",
                              "opcode":  "Info",
                              "message":  "Process C:\\Windows\\System32\\DriverStore\\FileRepository\\u0196283.inf_amd64_3979d16563294d92\\B025522\\atieclxx.exe (process ID:3444) reset policy scheme from {8c5e7fda-e8bf-4a96-9a85-a6e23a8c635c} to {8c5e7fda-e8bf-4a96-9a85-a6e23a8c635c}",
                              "event_data":  {
                                                 "ProcessPath":  "C:\\Windows\\System32\\DriverStore\\FileRepository\\u0196283.inf_amd64_3979d16563294d92\\B025522\\atieclxx.exe",
                                                 "ProcessPid":  "3444",
                                                 "OldSchemeGuid":  "{8c5e7fda-e8bf-4a96-9a85-a6e23a8c635c}",
                                                 "NewSchemeGuid":  "{8c5e7fda-e8bf-4a96-9a85-a6e23a8c635c}"
                                             }
                          },
                          {
                              "time_created":  "2026-08-23T22:23:16.2824322-04:00",
                              "time_created_utc":  "2026-08-24T02:23:16.2824322Z",
                              "provider":  "BTHUSB",
                              "log_name":  "System",
                              "event_id":  18,
                              "record_id":  44141,
                              "level":  "Information",
                              "task":  "None",
                              "opcode":  "",
                              "message":  "Windows cannot store Bluetooth authentication codes (link keys) on the local adapter. Bluetooth keyboards might not work in the system BIOS during startup.",
                              "event_data":  {
                                                 "index_0":  ""
                                             }
                          },
                          {
                              "time_created":  "2026-08-23T22:23:14.3941043-04:00",
                              "time_created_utc":  "2026-08-24T02:23:14.3941043Z",
                              "provider":  "Microsoft-Windows-Kernel-General",
                              "log_name":  "System",
                              "event_id":  24,
                              "record_id":  44138,
                              "level":  "Information",
                              "task":  "",
                              "opcode":  "Info",
                              "message":  "The time zone information was refreshed with exit reason 0. Current time zone bias is 240.",
                              "event_data":  {
                                                 "ExitReason":  "0",
                                                 "CurrentBias":  "240",
                                                 "CurrentTimeZoneID":  "2",
                                                 "TimeZoneInfoCacheUpdated":  "0",
                                                 "FirstRefresh":  "0"
                                             }
                          },
