                          {
                              "time_created":  "2026-08-23T22:23:12.7369359-04:00",
                              "time_created_utc":  "2026-08-24T02:23:12.7369359Z",
                              "provider":  "Microsoft-Windows-Kernel-PnP",
                              "log_name":  "System",
                              "event_id":  219,
                              "record_id":  44098,
                              "level":  "Warning",
                              "task":  "",
                              "opcode":  "Info",
                              "message":  "The driver \\Driver\\WUDFRd failed to load.\r\nDevice: ROOT\\DISPLAY\\0000\r\nStatus: 0xC0000365",
                              "event_data":  {
                                                 "DriverNameLength":  "17",
                                                 "DriverName":  "ROOT\\DISPLAY\\0000",
                                                 "Status":  "3221226341",
                                                 "FailureNameLength":  "14",
                                                 "FailureName":  "\\Driver\\WUDFRd",
                                                 "Version":  "0"
                                             }
                          },
                          {
                              "time_created":  "2026-08-23T22:23:12.7350675-04:00",
                              "time_created_utc":  "2026-08-24T02:23:12.7350675Z",
                              "provider":  "Microsoft-Windows-Kernel-Power",
                              "log_name":  "System",
                              "event_id":  172,
                              "record_id":  44096,
                              "level":  "Information",
                              "task":  "",
                              "opcode":  "Info",
                              "message":  "Connectivity state in standby: Disconnected, Reason: NIC compliance",
                              "event_data":  {
                                                 "State":  "2",
                                                 "Reason":  "6"
                                             }
                          },
                          {
                              "time_created":  "2026-08-23T22:23:06.8703776-04:00",
                              "time_created_utc":  "2026-08-24T02:23:06.8703776Z",
                              "provider":  "Microsoft-Windows-Kernel-General",
                              "log_name":  "System",
                              "event_id":  20,
                              "record_id":  44050,
                              "level":  "Information",
                              "task":  "",
                              "opcode":  "Info",
                              "message":  "The leap second configuration has been updated.\r\nReason: Leap second data initialized from registry during boot\r\nLeap seconds enabled: true\r\nNew leap second count: 0\r\nOld leap second count: 0",
                              "event_data":  {
                                                 "UpdateReason":  "0",
                                                 "EnabledNew":  "true",
                                                 "CountNew":  "0",
                                                 "CountOld":  "0"
                                             }
                          },
                          {
                              "time_created":  "2026-08-23T22:23:06.8675436-04:00",
                              "time_created_utc":  "2026-08-24T02:23:06.8675436Z",
                              "provider":  "Microsoft-Windows-Kernel-General",
                              "log_name":  "System",
                              "event_id":  25,
                              "record_id":  44041,
                              "level":  "Information",
                              "task":  "",
                              "opcode":  "Info",
                              "message":  "The system time was initialized to ‎2026‎-‎08‎-‎24T02:23:06.500000000Z. \r\n\r\nLoader time: ‎2026‎-‎08‎-‎24T02:23:05.000000000Z\r\nInternal boot flags: 0x2\r\nHAL RTC error code: 0x0\r\nRTC time is in UTC: false\r\nSoft boot: false\r\nSuccess: true\r\nPhase: 0",
                              "event_data":  {
                                                 "SystemTime":  "2026-08-24T02:23:06.5000000Z",
                                                 "LoaderTime":  "2026-08-24T02:23:05.0000000Z",
                                                 "InternalBootFlags":  "2",
                                                 "HalRtcErrorCode":  "0",
                                                 "RealTimeIsUniversal":  "false",
                                                 "IsSoftBoot":  "false",
                                                 "Success":  "true",
                                                 "Phase":  "0"
                                             }
                          },
                          {
                              "time_created":  "2026-08-23T22:23:06.8675427-04:00",
                              "time_created_utc":  "2026-08-24T02:23:06.8675427Z",
                              "provider":  "Microsoft-Windows-Kernel-General",
                              "log_name":  "System",
                              "event_id":  12,
                              "record_id":  44040,
                              "level":  "Information",
                              "task":  "",
                              "opcode":  "Info",
                              "message":  "The operating system started at system time ‎2026‎-‎08‎-‎24T02:23:06.500000000Z.",
                              "event_data":  {
                                                 "MajorVersion":  "10",
                                                 "MinorVersion":  "0",
                                                 "BuildVersion":  "26100",
                                                 "QfeVersion":  "9168",
                                                 "ServiceVersion":  "0",
                                                 "BootMode":  "0",
                                                 "StartTime":  "2026-08-24T02:23:06.5000000Z"
                                             }
                          },
                          {
                              "time_created":  "2026-08-23T22:21:45.1869246-04:00",
                              "time_created_utc":  "2026-08-24T02:21:45.1869246Z",
                              "provider":  "Microsoft-Windows-Kernel-General",
                              "log_name":  "System",
                              "event_id":  13,
                              "record_id":  44039,
                              "level":  "Information",
                              "task":  "",
                              "opcode":  "Info",
                              "message":  "The operating system is shutting down at system time ‎2026‎-‎08‎-‎24T02:21:45.186923600Z.",
                              "event_data":  {
                                                 "StopTime":  "2026-08-24T02:21:45.1869236Z"
                                             }
                          },
                          {
                              "time_created":  "2026-08-23T22:21:45.0336042-04:00",
                              "time_created_utc":  "2026-08-24T02:21:45.0336042Z",
                              "provider":  "Microsoft-Windows-Kernel-Power",
                              "log_name":  "System",
                              "event_id":  577,
                              "record_id":  44038,
                              "level":  "Information",
                              "task":  "",
                              "opcode":  "Info",
                              "message":  "The system has prepared for a system initiated reboot from Active.",
                              "event_data":  {
                                                 "AdaptiveTargetState":  "0",
                                                 "IsUnattended":  "false",
                                                 "Status":  "279"
                                             }
                          },
                          {
                              "time_created":  "2026-08-23T22:21:42.8138844-04:00",
                              "time_created_utc":  "2026-08-24T02:21:42.8138844Z",
                              "provider":  "Microsoft-Windows-Kernel-Power",
                              "log_name":  "System",
                              "event_id":  109,
                              "record_id":  44037,
                              "level":  "Information",
                              "task":  "",
                              "opcode":  "Info",
                              "message":  "The kernel power manager has initiated a shutdown transition.\r\n\r\nAction: Power Action Reboot \r\nEvent Code: 0x0 \r\nReason: Kernel API",
                              "event_data":  {
                                                 "ShutdownActionType":  "5",
                                                 "ShutdownEventCode":  "0",
                                                 "ShutdownReason":  "5"
                                             }
                          },
                          {
                              "time_created":  "2026-08-23T20:54:42.5431698-04:00",
                              "time_created_utc":  "2026-08-24T00:54:42.5431698Z",
                              "provider":  "Microsoft-Windows-Kernel-General",
                              "log_name":  "System",
                              "event_id":  16,
                              "record_id":  44013,
                              "level":  "Information",
                              "task":  "",
                              "opcode":  "Info",
                              "message":  "The access history in hive \\??\\C:\\ProgramData\\Microsoft\\Windows\\AppRepository\\Packages\\Microsoft.Copilot_152.0.4191.42_neutral__8wekyb3d8bbwe\\ActivationStore.dat was cleared updating 0 keys and creating 0 modified pages.",
                              "event_data":  {
                                                 "HiveNameLength":  "134",
                                                 "HiveName":  "\\??\\C:\\ProgramData\\Microsoft\\Windows\\AppRepository\\Packages\\Microsoft.Copilot_152.0.4191.42_neutral__8wekyb3d8bbwe\\ActivationStore.dat",
                                                 "KeysUpdated":  "0",
                                                 "DirtyPages":  "0"
                                             }
                          },
                          {
                              "time_created":  "2026-08-23T20:48:59.5720526-04:00",
                              "time_created_utc":  "2026-08-24T00:48:59.5720526Z",
                              "provider":  "Microsoft-Windows-Kernel-General",
                              "log_name":  "System",
                              "event_id":  16,
                              "record_id":  44011,
                              "level":  "Information",
                              "task":  "",
                              "opcode":  "Info",
                              "message":  "The access history in hive \\??\\C:\\Users\\Daniel\\AppData\\Local\\Packages\\Microsoft.WindowsNotepad_8wekyb3d8bbwe\\Settings\\settings.dat was cleared updating 2 keys and creating 1 modified pages.",
                              "event_data":  {
                                                 "HiveNameLength":  "103",
                                                 "HiveName":  "\\??\\C:\\Users\\Daniel\\AppData\\Local\\Packages\\Microsoft.WindowsNotepad_8wekyb3d8bbwe\\Settings\\settings.dat",
                                                 "KeysUpdated":  "2",
                                                 "DirtyPages":  "1"
                                             }
                          },
                          {
                              "time_created":  "2026-08-23T20:47:45.1036279-04:00",
                              "time_created_utc":  "2026-08-24T00:47:45.1036279Z",
                              "provider":  "Microsoft-Windows-Kernel-General",
                              "log_name":  "System",
                              "event_id":  16,
                              "record_id":  44010,
                              "level":  "Information",
                              "task":  "",
                              "opcode":  "Info",
                              "message":  "The access history in hive \\??\\C:\\ProgramData\\Packages\\Microsoft.VisualStudioCode_8wekyb3d8bbwe\\S-1-5-21-2124357560-3435360735-3559141877-1001\\SystemAppData\\Helium\\Cache\\2f74138fe607e481_COM15.dat was cleared updating 1 keys and creating 1 modified pages.",
                              "event_data":  {
                                                 "HiveNameLength":  "169",
                                                 "HiveName":  "\\??\\C:\\ProgramData\\Packages\\Microsoft.VisualStudioCode_8wekyb3d8bbwe\\S-1-5-21-2124357560-3435360735-3559141877-1001\\SystemAppData\\Helium\\Cache\\2f74138fe607e481_COM15.dat",
                                                 "KeysUpdated":  "1",
                                                 "DirtyPages":  "1"
                                             }
                          },
                          {
                              "time_created":  "2026-08-23T20:47:45.0488851-04:00",
                              "time_created_utc":  "2026-08-24T00:47:45.0488851Z",
                              "provider":  "Microsoft-Windows-Kernel-General",
                              "log_name":  "System",
                              "event_id":  16,
                              "record_id":  44009,
                              "level":  "Information",
                              "task":  "",
                              "opcode":  "Info",
                              "message":  "The access history in hive \\??\\C:\\Users\\Daniel\\AppData\\Local\\Packages\\Microsoft.WindowsNotepad_8wekyb3d8bbwe\\SystemAppData\\Helium\\UserClasses.dat was cleared updating 25 keys and creating 3 modified pages.",
                              "event_data":  {
                                                 "HiveNameLength":  "118",
                                                 "HiveName":  "\\??\\C:\\Users\\Daniel\\AppData\\Local\\Packages\\Microsoft.WindowsNotepad_8wekyb3d8bbwe\\SystemAppData\\Helium\\UserClasses.dat",
                                                 "KeysUpdated":  "25",
                                                 "DirtyPages":  "3"
                                             }
                          },
                          {
                              "time_created":  "2026-08-23T20:47:45.0464447-04:00",
                              "time_created_utc":  "2026-08-24T00:47:45.0464447Z",
                              "provider":  "Microsoft-Windows-Kernel-General",
                              "log_name":  "System",
                              "event_id":  16,
                              "record_id":  44008,
                              "level":  "Information",
                              "task":  "",
                              "opcode":  "Info",
                              "message":  "The access history in hive \\??\\C:\\Users\\Daniel\\AppData\\Local\\Packages\\Microsoft.WindowsNotepad_8wekyb3d8bbwe\\SystemAppData\\Helium\\User.dat was cleared updating 27 keys and creating 2 modified pages.",
                              "event_data":  {
                                                 "HiveNameLength":  "111",
                                                 "HiveName":  "\\??\\C:\\Users\\Daniel\\AppData\\Local\\Packages\\Microsoft.WindowsNotepad_8wekyb3d8bbwe\\SystemAppData\\Helium\\User.dat",
                                                 "KeysUpdated":  "27",
                                                 "DirtyPages":  "2"
                                             }
                          },
                          {
                              "time_created":  "2026-08-23T20:47:44.9389541-04:00",
                              "time_created_utc":  "2026-08-24T00:47:44.9389541Z",
                              "provider":  "Microsoft-Windows-Kernel-General",
                              "log_name":  "System",
                              "event_id":  16,
                              "record_id":  44007,
                              "level":  "Information",
                              "task":  "",
                              "opcode":  "Info",
                              "message":  "The access history in hive \\??\\C:\\Users\\Daniel\\AppData\\Local\\Packages\\Microsoft.Copilot_8wekyb3d8bbwe\\SystemAppData\\Helium\\UserClasses.dat was cleared updating 13 keys and creating 4 modified pages.",
                              "event_data":  {
                                                 "HiveNameLength":  "111",
                                                 "HiveName":  "\\??\\C:\\Users\\Daniel\\AppData\\Local\\Packages\\Microsoft.Copilot_8wekyb3d8bbwe\\SystemAppData\\Helium\\UserClasses.dat",
                                                 "KeysUpdated":  "13",
                                                 "DirtyPages":  "4"
                                             }
                          },
                          {
                              "time_created":  "2026-08-23T20:47:44.9354218-04:00",
                              "time_created_utc":  "2026-08-24T00:47:44.9354218Z",
                              "provider":  "Microsoft-Windows-Kernel-General",
                              "log_name":  "System",
                              "event_id":  16,
                              "record_id":  44006,
                              "level":  "Information",
                              "task":  "",
                              "opcode":  "Info",
                              "message":  "The access history in hive \\??\\C:\\Users\\Daniel\\AppData\\Local\\Packages\\Microsoft.Copilot_8wekyb3d8bbwe\\SystemAppData\\Helium\\User.dat was cleared updating 6 keys and creating 1 modified pages.",
                              "event_data":  {
                                                 "HiveNameLength":  "104",
                                                 "HiveName":  "\\??\\C:\\Users\\Daniel\\AppData\\Local\\Packages\\Microsoft.Copilot_8wekyb3d8bbwe\\SystemAppData\\Helium\\User.dat",
                                                 "KeysUpdated":  "6",
                                                 "DirtyPages":  "1"
                                             }
                          },
                          {
                              "time_created":  "2026-08-23T20:47:20.6263147-04:00",
                              "time_created_utc":  "2026-08-24T00:47:20.6263147Z",
                              "provider":  "Microsoft-Windows-Kernel-General",
                              "log_name":  "System",
                              "event_id":  16,
                              "record_id":  44005,
                              "level":  "Information",
                              "task":  "",
                              "opcode":  "Info",
                              "message":  "The access history in hive \\??\\C:\\ProgramData\\Microsoft\\Windows\\AppRepository\\Packages\\MSTeams_26213.1006.5014.9784_x64__8wekyb3d8bbwe\\ActivationStore.dat was cleared updating 0 keys and creating 0 modified pages.",
                              "event_data":  {
                                                 "HiveNameLength":  "127",
                                                 "HiveName":  "\\??\\C:\\ProgramData\\Microsoft\\Windows\\AppRepository\\Packages\\MSTeams_26213.1006.5014.9784_x64__8wekyb3d8bbwe\\ActivationStore.dat",
                                                 "KeysUpdated":  "0",
                                                 "DirtyPages":  "0"
                                             }
                          },
                          {
                              "time_created":  "2026-08-23T20:30:01.1480789-04:00",
                              "time_created_utc":  "2026-08-24T00:30:01.1480789Z",
                              "provider":  "Microsoft-Windows-Kernel-General",
                              "log_name":  "System",
                              "event_id":  16,
                              "record_id":  44003,
                              "level":  "Information",
                              "task":  "",
                              "opcode":  "Info",
                              "message":  "The access history in hive \\??\\C:\\Users\\Daniel\\AppData\\Local\\Packages\\Microsoft.Windows.ContentDeliveryManager_cw5n1h2txyewy\\Settings\\settings.dat was cleared updating 377 keys and creating 37 modified pages.",
                              "event_data":  {
                                                 "HiveNameLength":  "119",
                                                 "HiveName":  "\\??\\C:\\Users\\Daniel\\AppData\\Local\\Packages\\Microsoft.Windows.ContentDeliveryManager_cw5n1h2txyewy\\Settings\\settings.dat",
                                                 "KeysUpdated":  "377",
                                                 "DirtyPages":  "37"
                                             }
                          },
                          {
                              "time_created":  "2026-08-23T20:29:49.4145403-04:00",
                              "time_created_utc":  "2026-08-24T00:29:49.4145403Z",
                              "provider":  "Microsoft-Windows-Kernel-General",
                              "log_name":  "System",
                              "event_id":  16,
                              "record_id":  44002,
                              "level":  "Information",
                              "task":  "",
                              "opcode":  "Info",
                              "message":  "The access history in hive \\??\\C:\\ProgramData\\Packages\\Microsoft.GamingApp_8wekyb3d8bbwe\\S-1-5-21-2124357560-3435360735-3559141877-1001\\SystemAppData\\Helium\\Cache\\2561f1d0e6b2cea9_COM15.dat was cleared updating 1 keys and creating 1 modified pages.",
                              "event_data":  {
                                                 "HiveNameLength":  "162",
                                                 "HiveName":  "\\??\\C:\\ProgramData\\Packages\\Microsoft.GamingApp_8wekyb3d8bbwe\\S-1-5-21-2124357560-3435360735-3559141877-1001\\SystemAppData\\Helium\\Cache\\2561f1d0e6b2cea9_COM15.dat",
                                                 "KeysUpdated":  "1",
                                                 "DirtyPages":  "1"
                                             }
                          },
                          {
                              "time_created":  "2026-08-23T20:27:53.9791602-04:00",
                              "time_created_utc":  "2026-08-24T00:27:53.9791602Z",
                              "provider":  "Microsoft-Windows-Kernel-General",
                              "log_name":  "System",
                              "event_id":  16,
                              "record_id":  44001,
                              "level":  "Information",
                              "task":  "",
                              "opcode":  "Info",
                              "message":  "The access history in hive \\??\\C:\\ProgramData\\Microsoft\\Windows\\AppRepository\\Packages\\OpenAI.Codex_26.818.5229.0_x64__2p2nqsd0c76g0\\ActivationStore.dat was cleared updating 0 keys and creating 0 modified pages.",
                              "event_data":  {
                                                 "HiveNameLength":  "125",
                                                 "HiveName":  "\\??\\C:\\ProgramData\\Microsoft\\Windows\\AppRepository\\Packages\\OpenAI.Codex_26.818.5229.0_x64__2p2nqsd0c76g0\\ActivationStore.dat",
                                                 "KeysUpdated":  "0",
                                                 "DirtyPages":  "0"
                                             }
                          },
                          {
                              "time_created":  "2026-08-23T20:27:38.2364352-04:00",
                              "time_created_utc":  "2026-08-24T00:27:38.2364352Z",
                              "provider":  "Microsoft-Windows-WindowsUpdateClient",
                              "log_name":  "System",
                              "event_id":  44,
                              "record_id":  43999,
                              "level":  "Information",
                              "task":  "Windows Update Agent",
                              "opcode":  "Installation",
                              "message":  "Windows Update started downloading an update.",
                              "event_data":  {
                                                 "updateTitle":  "9PLM9XGG6VKS-OpenAI.Codex",
                                                 "updateGuid":  "{b941864e-e471-4f94-b821-cf4ca047563b}",
                                                 "updateRevisionNumber":  "1"
                                             }
                          },
                          {
                              "time_created":  "2026-08-23T20:27:26.0448606-04:00",
                              "time_created_utc":  "2026-08-24T00:27:26.0448606Z",
                              "provider":  "Microsoft-Windows-Kernel-General",
                              "log_name":  "System",
                              "event_id":  16,
                              "record_id":  43998,
                              "level":  "Information",
                              "task":  "",
                              "opcode":  "Info",
                              "message":  "The access history in hive \\??\\C:\\Users\\Daniel\\AppData\\Local\\Packages\\OpenAI.Codex_2p2nqsd0c76g0\\SystemAppData\\Helium\\UserClasses.dat was cleared updating 31 keys and creating 3 modified pages.",
                              "event_data":  {
                                                 "HiveNameLength":  "106",
                                                 "HiveName":  "\\??\\C:\\Users\\Daniel\\AppData\\Local\\Packages\\OpenAI.Codex_2p2nqsd0c76g0\\SystemAppData\\Helium\\UserClasses.dat",
                                                 "KeysUpdated":  "31",
                                                 "DirtyPages":  "3"
                                             }
                          },
                          {
                              "time_created":  "2026-08-23T20:27:26.0424002-04:00",
                              "time_created_utc":  "2026-08-24T00:27:26.0424002Z",
                              "provider":  "Microsoft-Windows-Kernel-General",
                              "log_name":  "System",
                              "event_id":  16,
                              "record_id":  43997,
                              "level":  "Information",
                              "task":  "",
                              "opcode":  "Info",
                              "message":  "The access history in hive \\??\\C:\\Users\\Daniel\\AppData\\Local\\Packages\\OpenAI.Codex_2p2nqsd0c76g0\\SystemAppData\\Helium\\User.dat was cleared updating 23 keys and creating 2 modified pages.",
                              "event_data":  {
                                                 "HiveNameLength":  "99",
                                                 "HiveName":  "\\??\\C:\\Users\\Daniel\\AppData\\Local\\Packages\\OpenAI.Codex_2p2nqsd0c76g0\\SystemAppData\\Helium\\User.dat",
                                                 "KeysUpdated":  "23",
                                                 "DirtyPages":  "2"
                                             }
                          },
                          {
                              "time_created":  "2026-08-23T20:10:29.6581701-04:00",
                              "time_created_utc":  "2026-08-24T00:10:29.6581701Z",
                              "provider":  "Microsoft-Windows-Kernel-General",
                              "log_name":  "System",
                              "event_id":  16,
                              "record_id":  43995,
                              "level":  "Information",
                              "task":  "",
                              "opcode":  "Info",
                              "message":  "The access history in hive \\??\\C:\\ProgramData\\Microsoft\\Provisioning\\Microsoft-Desktop-Provisioning-Sequence.dat was cleared updating 0 keys and creating 0 modified pages.",
                              "event_data":  {
                                                 "HiveNameLength":  "85",
                                                 "HiveName":  "\\??\\C:\\ProgramData\\Microsoft\\Provisioning\\Microsoft-Desktop-Provisioning-Sequence.dat",
                                                 "KeysUpdated":  "0",
                                                 "DirtyPages":  "0"
                                             }
                          },
                          {
                              "time_created":  "2026-08-23T20:10:18.8619532-04:00",
                              "time_created_utc":  "2026-08-24T00:10:18.8619532Z",
                              "provider":  "Microsoft-Windows-WindowsUpdateClient",
                              "log_name":  "System",
                              "event_id":  19,
                              "record_id":  43994,
                              "level":  "Information",
                              "task":  "Windows Update Agent",
                              "opcode":  "Installation",
                              "message":  "Installation Successful: Windows successfully installed the following update: Security Intelligence Update for Microsoft Defender Antivirus - KB2267602 (Version 1.457.310.0) - Current Channel (Broad)",
                              "event_data":  {
                                                 "updateTitle":  "Security Intelligence Update for Microsoft Defender Antivirus - KB2267602 (Version 1.457.310.0) - Current Channel (Broad)",
                                                 "updateGuid":  "{5cef7322-561f-43fc-99ef-f2d6449672e7}",
                                                 "updateRevisionNumber":  "200",
                                                 "serviceGuid":  "{9482f4b4-e343-43b6-b170-9a65bc822c77}"
                                             }
                          },
                          {
                              "time_created":  "2026-08-23T20:10:14.3156847-04:00",
                              "time_created_utc":  "2026-08-24T00:10:14.3156847Z",
                              "provider":  "Microsoft-Windows-WindowsUpdateClient",
                              "log_name":  "System",
                              "event_id":  43,
                              "record_id":  43993,
                              "level":  "Information",
                              "task":  "Windows Update Agent",
                              "opcode":  "Installation",
                              "message":  "Installation Started: Windows has started installing the following update: Security Intelligence Update for Microsoft Defender Antivirus - KB2267602 (Version 1.457.310.0) - Current Channel (Broad)",
                              "event_data":  {
                                                 "updateTitle":  "Security Intelligence Update for Microsoft Defender Antivirus - KB2267602 (Version 1.457.310.0) - Current Channel (Broad)",
                                                 "updateGuid":  "{5cef7322-561f-43fc-99ef-f2d6449672e7}",
                                                 "updateRevisionNumber":  "200"
                                             }
                          },
                          {
                              "time_created":  "2026-08-23T20:10:14.3156832-04:00",
                              "time_created_utc":  "2026-08-24T00:10:14.3156832Z",
                              "provider":  "Microsoft-Windows-WindowsUpdateClient",
                              "log_name":  "System",
                              "event_id":  44,
                              "record_id":  43992,
                              "level":  "Information",
                              "task":  "Windows Update Agent",
                              "opcode":  "Installation",
                              "message":  "Windows Update started downloading an update.",
                              "event_data":  {
                                                 "updateTitle":  "Security Intelligence Update for Microsoft Defender Antivirus - KB2267602 (Version 1.457.310.0) - Current Channel (Broad)",
                                                 "updateGuid":  "{5cef7322-561f-43fc-99ef-f2d6449672e7}",
                                                 "updateRevisionNumber":  "200"
                                             }
                          },
                          {
                              "time_created":  "2026-08-23T20:00:02.4830815-04:00",
                              "time_created_utc":  "2026-08-24T00:00:02.4830815Z",
                              "provider":  "Microsoft-Windows-Kernel-General",
                              "log_name":  "System",
                              "event_id":  16,
                              "record_id":  43972,
                              "level":  "Information",
                              "task":  "",
                              "opcode":  "Info",
                              "message":  "The access history in hive \\??\\C:\\ProgramData\\Packages\\Microsoft.YourPhone_8wekyb3d8bbwe\\S-1-5-21-2124357560-3435360735-3559141877-1001\\SystemAppData\\Helium\\Cache\\24cacccd7dafdfd2_COM15.dat was cleared updating 1 keys and creating 1 modified pages.",
                              "event_data":  {
                                                 "HiveNameLength":  "162",
                                                 "HiveName":  "\\??\\C:\\ProgramData\\Packages\\Microsoft.YourPhone_8wekyb3d8bbwe\\S-1-5-21-2124357560-3435360735-3559141877-1001\\SystemAppData\\Helium\\Cache\\24cacccd7dafdfd2_COM15.dat",
                                                 "KeysUpdated":  "1",
                                                 "DirtyPages":  "1"
                                             }
                          },
                          {
                              "time_created":  "2026-08-23T19:59:53.6519878-04:00",
                              "time_created_utc":  "2026-08-23T23:59:53.6519878Z",
                              "provider":  "Microsoft-Windows-Kernel-General",
                              "log_name":  "System",
                              "event_id":  16,
                              "record_id":  43963,
                              "level":  "Information",
                              "task":  "",
                              "opcode":  "Info",
                              "message":  "The access history in hive \\??\\C:\\ProgramData\\Packages\\MicrosoftWindows.Client.CBS_cw5n1h2txyewy\\S-1-5-21-2124357560-3435360735-3559141877-1001\\SystemAppData\\Helium\\Cache\\6570564f121d933c_COM15.dat was cleared updating 1 keys and creating 1 modified pages.",
                              "event_data":  {
                                                 "HiveNameLength":  "170",
                                                 "HiveName":  "\\??\\C:\\ProgramData\\Packages\\MicrosoftWindows.Client.CBS_cw5n1h2txyewy\\S-1-5-21-2124357560-3435360735-3559141877-1001\\SystemAppData\\Helium\\Cache\\6570564f121d933c_COM15.dat",
                                                 "KeysUpdated":  "1",
                                                 "DirtyPages":  "1"
                                             }
                          },
                          {
                              "time_created":  "2026-08-23T19:59:52.1725315-04:00",
                              "time_created_utc":  "2026-08-23T23:59:52.1725315Z",
                              "provider":  "Microsoft-Windows-UserModePowerService",
                              "log_name":  "System",
                              "event_id":  12,
                              "record_id":  43957,
                              "level":  "Information",
                              "task":  "",
                              "opcode":  "Info",
                              "message":  "Process C:\\Windows\\System32\\DriverStore\\FileRepository\\u0196283.inf_amd64_3979d16563294d92\\B025522\\atieclxx.exe (process ID:3888) reset policy scheme from {8c5e7fda-e8bf-4a96-9a85-a6e23a8c635c} to {8c5e7fda-e8bf-4a96-9a85-a6e23a8c635c}",
                              "event_data":  {
                                                 "ProcessPath":  "C:\\Windows\\System32\\DriverStore\\FileRepository\\u0196283.inf_amd64_3979d16563294d92\\B025522\\atieclxx.exe",
                                                 "ProcessPid":  "3888",
                                                 "OldSchemeGuid":  "{8c5e7fda-e8bf-4a96-9a85-a6e23a8c635c}",
                                                 "NewSchemeGuid":  "{8c5e7fda-e8bf-4a96-9a85-a6e23a8c635c}"
                                             }
                          },
                          {
                              "time_created":  "2026-08-23T19:59:44.2240713-04:00",
                              "time_created_utc":  "2026-08-23T23:59:44.2240713Z",
                              "provider":  "BTHUSB",
                              "log_name":  "System",
                              "event_id":  18,
                              "record_id":  43916,
                              "level":  "Information",
                              "task":  "None",
                              "opcode":  "",
                              "message":  "Windows cannot store Bluetooth authentication codes (link keys) on the local adapter. Bluetooth keyboards might not work in the system BIOS during startup.",
                              "event_data":  {
                                                 "index_0":  ""
                                             }
                          },
                          {
                              "time_created":  "2026-08-23T19:59:42.3505984-04:00",
                              "time_created_utc":  "2026-08-23T23:59:42.3505984Z",
                              "provider":  "Microsoft-Windows-Kernel-General",
                              "log_name":  "System",
                              "event_id":  24,
                              "record_id":  43913,
                              "level":  "Information",
                              "task":  "",
                              "opcode":  "Info",
                              "message":  "The time zone information was refreshed with exit reason 0. Current time zone bias is 240.",
                              "event_data":  {
                                                 "ExitReason":  "0",
                                                 "CurrentBias":  "240",
                                                 "CurrentTimeZoneID":  "2",
                                                 "TimeZoneInfoCacheUpdated":  "0",
                                                 "FirstRefresh":  "0"
                                             }
                          },
                          {
                              "time_created":  "2026-08-23T19:59:40.6017629-04:00",
                              "time_created_utc":  "2026-08-23T23:59:40.6017629Z",
                              "provider":  "Microsoft-Windows-Kernel-PnP",
                              "log_name":  "System",
                              "event_id":  219,
                              "record_id":  43873,
                              "level":  "Warning",
                              "task":  "",
                              "opcode":  "Info",
                              "message":  "The driver \\Driver\\WUDFRd failed to load.\r\nDevice: ROOT\\DISPLAY\\0000\r\nStatus: 0xC0000365",
                              "event_data":  {
                                                 "DriverNameLength":  "17",
                                                 "DriverName":  "ROOT\\DISPLAY\\0000",
                                                 "Status":  "3221226341",
                                                 "FailureNameLength":  "14",
                                                 "FailureName":  "\\Driver\\WUDFRd",
                                                 "Version":  "0"
                                             }
                          },
                          {
                              "time_created":  "2026-08-23T19:59:40.5998508-04:00",
                              "time_created_utc":  "2026-08-23T23:59:40.5998508Z",
                              "provider":  "Microsoft-Windows-Kernel-Power",
                              "log_name":  "System",
                              "event_id":  172,
                              "record_id":  43871,
                              "level":  "Information",
                              "task":  "",
                              "opcode":  "Info",
                              "message":  "Connectivity state in standby: Disconnected, Reason: NIC compliance",
                              "event_data":  {
                                                 "State":  "2",
                                                 "Reason":  "6"
                                             }
                          },
                          {
                              "time_created":  "2026-08-23T19:59:34.8636112-04:00",
                              "time_created_utc":  "2026-08-23T23:59:34.8636112Z",
                              "provider":  "Microsoft-Windows-Kernel-General",
                              "log_name":  "System",
                              "event_id":  20,
                              "record_id":  43825,
                              "level":  "Information",
                              "task":  "",
                              "opcode":  "Info",
                              "message":  "The leap second configuration has been updated.\r\nReason: Leap second data initialized from registry during boot\r\nLeap seconds enabled: true\r\nNew leap second count: 0\r\nOld leap second count: 0",
                              "event_data":  {
                                                 "UpdateReason":  "0",
                                                 "EnabledNew":  "true",
                                                 "CountNew":  "0",
                                                 "CountOld":  "0"
                                             }
                          },
                          {
                              "time_created":  "2026-08-23T19:59:34.8612373-04:00",
                              "time_created_utc":  "2026-08-23T23:59:34.8612373Z",
                              "provider":  "Microsoft-Windows-Kernel-General",
                              "log_name":  "System",
                              "event_id":  25,
                              "record_id":  43816,
                              "level":  "Information",
                              "task":  "",
                              "opcode":  "Info",
                              "message":  "The system time was initialized to ‎2026‎-‎08‎-‎23T23:59:34.500000000Z. \r\n\r\nLoader time: ‎2026‎-‎08‎-‎23T23:59:33.000000000Z\r\nInternal boot flags: 0x2\r\nHAL RTC error code: 0x0\r\nRTC time is in UTC: false\r\nSoft boot: false\r\nSuccess: true\r\nPhase: 0",
                              "event_data":  {
                                                 "SystemTime":  "2026-08-23T23:59:34.5000000Z",
                                                 "LoaderTime":  "2026-08-23T23:59:33.0000000Z",
                                                 "InternalBootFlags":  "2",
                                                 "HalRtcErrorCode":  "0",
                                                 "RealTimeIsUniversal":  "false",
                                                 "IsSoftBoot":  "false",
                                                 "Success":  "true",
                                                 "Phase":  "0"
                                             }
                          },
                          {
                              "time_created":  "2026-08-23T19:59:34.8612361-04:00",
                              "time_created_utc":  "2026-08-23T23:59:34.8612361Z",
                              "provider":  "Microsoft-Windows-Kernel-General",
                              "log_name":  "System",
                              "event_id":  12,
                              "record_id":  43815,
                              "level":  "Information",
                              "task":  "",
                              "opcode":  "Info",
                              "message":  "The operating system started at system time ‎2026‎-‎08‎-‎23T23:59:34.500000000Z.",
                              "event_data":  {
                                                 "MajorVersion":  "10",
                                                 "MinorVersion":  "0",
                                                 "BuildVersion":  "26100",
                                                 "QfeVersion":  "9168",
                                                 "ServiceVersion":  "0",
                                                 "BootMode":  "0",
                                                 "StartTime":  "2026-08-23T23:59:34.5000000Z"
                                             }
                          },
                          {
                              "time_created":  "2026-08-22T23:14:03.3433803-04:00",
                              "time_created_utc":  "2026-08-23T03:14:03.3433803Z",
                              "provider":  "Microsoft-Windows-Kernel-General",
                              "log_name":  "System",
                              "event_id":  13,
                              "record_id":  43814,
                              "level":  "Information",
                              "task":  "",
                              "opcode":  "Info",
                              "message":  "The operating system is shutting down at system time ‎2026‎-‎08‎-‎23T03:14:03.343379500Z.",
                              "event_data":  {
                                                 "StopTime":  "2026-08-23T03:14:03.3433795Z"
                                             }
                          },
                          {
                              "time_created":  "2026-08-22T23:14:03.1709927-04:00",
                              "time_created_utc":  "2026-08-23T03:14:03.1709927Z",
                              "provider":  "Microsoft-Windows-Kernel-Power",
                              "log_name":  "System",
                              "event_id":  577,
                              "record_id":  43813,
                              "level":  "Information",
                              "task":  "",
                              "opcode":  "Info",
                              "message":  "The system has prepared for a system initiated reboot from Active.",
                              "event_data":  {
                                                 "AdaptiveTargetState":  "0",
                                                 "IsUnattended":  "false",
                                                 "Status":  "279"
                                             }
                          },
