{
    "schema_version":  1,
    "collection_time":  "2026-08-31T21:31:42.3268829-04:00",
    "collection_time_utc":  "2026-09-01T01:31:42.3278891Z",
    "hostname":  "DESKTOP-G4CFVL1",
    "power_requests":  {
                           "arguments":  [
                                             "/requests"
                                         ],
                           "exit_code":  0,
                           "output":  [
                                          "DISPLAY:",
                                          "None.",
                                          "",
                                          "SYSTEM:",
                                          "[DRIVER] USB Audio Device (USB\\VID_3142\u0026PID_0C33\u0026MI_00\\7\u00262525abcb\u00260\u00260000)",
                                          "An audio stream is currently in use.",
                                          "[DRIVER] Legacy Kernel Caller",
                                          "[SERVICE] \\Device\\HarddiskVolume5\\Windows\\System32\\svchost.exe (defragsvc)",
                                          "Drive Optimizer is running.",
                                          "",
                                          "AWAYMODE:",
                                          "None.",
                                          "",
                                          "EXECUTION:",
                                          "None.",
                                          "",
                                          "PERFBOOST:",
                                          "None.",
                                          "",
                                          "ACTIVELOCKSCREEN:",
                                          "None.",
                                          ""
                                      ]
                       },
    "wake_timers":  {
                        "arguments":  [
                                          "/waketimers"
                                      ],
                        "exit_code":  0,
                        "output":  [
                                       "There are no active wake timers in the system."
                                   ]
                    },
    "service":  {
                    "Name":  "defragsvc",
                    "DisplayName":  "Optimize drives",
                    "State":  "Running",
                    "StartMode":  "Manual",
                    "ProcessId":  20000,
                    "PathName":  "C:\\WINDOWS\\system32\\svchost.exe -k defragsvc",
                    "StartName":  "localSystem",
                    "ExitCode":  0,
                    "ServiceSpecificExitCode":  0
                },
    "process":  {
                    "ProcessId":  20000,
                    "ParentProcessId":  2112,
                    "Name":  "svchost.exe",
                    "ExecutablePath":  "C:\\WINDOWS\\system32\\svchost.exe",
                    "CommandLine":  "C:\\WINDOWS\\system32\\svchost.exe -k defragsvc",
                    "CreationDate":  "\/Date(1788224848128)\/",
                    "KernelModeTime":  775937500,
                    "UserModeTime":  94687500,
                    "WorkingSetSize":  402378752
                },
    "scheduled_task":  {
                           "task_path":  "\\Microsoft\\Windows\\Defrag\\",
                           "task_name":  "ScheduledDefrag",
                           "state":  "Running",
                           "enabled":  true,
                           "wake_to_run":  false,
                           "start_when_available":  true,
                           "run_only_if_idle":  false,
                           "last_run_time":  "2026-08-31T21:08:58.0000000-04:00",
                           "next_run_time":  null,
                           "last_task_result":  267009,
                           "missed_runs":  0,
                           "triggers":  [
                                            {
                                                "type":  "",
                                                "enabled":  false,
                                                "start_boundary":  "",
                                                "random_delay":  "",
                                                "repetition_interval":  "",
                                                "repetition_duration":  ""
                                            }
                                        ],
                           "actions":  [
                                           {
                                               "type":  "MSFT_TaskExecAction",
                                               "execute":  "%windir%\\system32\\defrag.exe",
                                               "arguments":  "-c -h -o -$"
                                           }
                                       ],
                           "xml":  "\u003c?xml version=\"1.0\" encoding=\"UTF-16\"?\u003e\r\n\u003cTask version=\"1.6\" xmlns=\"http://schemas.microsoft.com/windows/2004/02/mit/task\"\u003e\r\n  \u003cRegistrationInfo\u003e\r\n    \u003cSecurityDescriptor\u003eD:AI(A;;FA;;;BA)(A;;FA;;;SY)(A;;FRFX;;;LS)(A;;FR;;;AU)\u003c/SecurityDescriptor\u003e\r\n    \u003cSource\u003e$(@%systemroot%\\system32\\defragsvc.dll,-800)\u003c/Source\u003e\r\n    \u003cAuthor\u003e$(@%systemroot%\\system32\\defragsvc.dll,-801)\u003c/Author\u003e\r\n    \u003cDescription\u003e$(@%systemroot%\\system32\\defragsvc.dll,-802)\u003c/Description\u003e\r\n    \u003cURI\u003e\\Microsoft\\Windows\\Defrag\\ScheduledDefrag\u003c/URI\u003e\r\n  \u003c/RegistrationInfo\u003e\r\n  \u003cPrincipals\u003e\r\n    \u003cPrincipal id=\"LocalSystem\"\u003e\r\n      \u003cUserId\u003eS-1-5-18\u003c/UserId\u003e\r\n      \u003cRunLevel\u003eHighestAvailable\u003c/RunLevel\u003e\r\n    \u003c/Principal\u003e\r\n  \u003c/Principals\u003e\r\n  \u003cSettings\u003e\r\n    \u003cDisallowStartIfOnBatteries\u003etrue\u003c/DisallowStartIfOnBatteries\u003e\r\n    \u003cStopIfGoingOnBatteries\u003etrue\u003c/StopIfGoingOnBatteries\u003e\r\n    \u003cMultipleInstancesPolicy\u003eIgnoreNew\u003c/MultipleInstancesPolicy\u003e\r\n    \u003cStartWhenAvailable\u003etrue\u003c/StartWhenAvailable\u003e\r\n    \u003cIdleSettings\u003e\r\n      \u003cStopOnIdleEnd\u003etrue\u003c/StopOnIdleEnd\u003e\r\n      \u003cRestartOnIdle\u003efalse\u003c/RestartOnIdle\u003e\r\n    \u003c/IdleSettings\u003e\r\n    \u003cUseUnifiedSchedulingEngine\u003etrue\u003c/UseUnifiedSchedulingEngine\u003e\r\n    \u003cMaintenanceSettings\u003e\r\n      \u003cPeriod\u003eP7D\u003c/Period\u003e\r\n      \u003cDeadline\u003eP1M\u003c/Deadline\u003e\r\n    \u003c/MaintenanceSettings\u003e\r\n  \u003c/Settings\u003e\r\n  \u003cTriggers /\u003e\r\n  \u003cActions Context=\"LocalSystem\"\u003e\r\n    \u003cExec\u003e\r\n      \u003cCommand\u003e%windir%\\system32\\defrag.exe\u003c/Command\u003e\r\n      \u003cArguments\u003e-c -h -o -$\u003c/Arguments\u003e\r\n    \u003c/Exec\u003e\r\n  \u003c/Actions\u003e\r\n\u003c/Task\u003e"
                       },
    "storage_jobs":  [

                     ],
    "provider_catalog":  [
                             {
                                 "name":  "Microsoft-Windows-Defrag",
                                 "logs":  [
                                              "Application"
                                          ]
                             },
                             {
                                 "name":  "Microsoft-Windows-Defrag-Core",
                                 "logs":  [
                                              "Microsoft-Windows-Defrag-Core/Debug"
                                          ]
                             },
                             {
                                 "name":  "Microsoft-Windows-EnhancedStorage-ClassDriver",
                                 "logs":  [
                                              "Microsoft-Windows-EnhancedStorage-EhStorClass/Operational"
                                          ]
                             },
                             {
                                 "name":  "Microsoft-Windows-EnhancedStorage-EhStorTcgDrv",
                                 "logs":  [
                                              "Microsoft-Windows-EnhancedStorage-EhStorTcgDrv/Analytic",
                                              "System"
                                          ]
                             },
                             {
                                 "name":  "Microsoft-Windows-Hyper-V-Guest-Drivers-Storage-Filter",
                                 "logs":  [
                                              "Microsoft-Windows-Hyper-V-Guest-Drivers/Admin",
                                              "Microsoft-Windows-Hyper-V-Guest-Drivers/Debug"
                                          ]
                             },
                             {
                                 "name":  "Microsoft-Windows-Storage-Tiering",
                                 "logs":  [
                                              "Microsoft-Windows-Storage-Tiering/Admin"
                                          ]
                             },
                             {
                                 "name":  "Microsoft-Windows-Storage-Tiering-IoHeat",
                                 "logs":  [
                                              "Microsoft-Windows-Storage-Tiering-IoHeat/Heat"
                                          ]
                             },
                             {
                                 "name":  "Microsoft-Windows-StorageManagement",
                                 "logs":  [
                                              "Microsoft-Windows-StorageManagement/Debug",
                                              "Microsoft-Windows-StorageManagement/Operational"
                                          ]
                             },
                             {
                                 "name":  "Microsoft-Windows-StorageManagement-PartUtil",
                                 "logs":  [
                                              "Microsoft-Windows-StorageManagement-PartUtil/Operational"
                                          ]
                             },
                             {
                                 "name":  "Microsoft-Windows-StorageManagement-WSP-FS",
                                 "logs":  [
                                              "Microsoft-Windows-StorageManagement/Debug"
                                          ]
                             },
                             {
                                 "name":  "Microsoft-Windows-StorageManagement-WSP-Health",
                                 "logs":  [
                                              "Microsoft-Windows-StorageManagement/Debug"
                                          ]
                             },
                             {
                                 "name":  "Microsoft-Windows-StorageManagement-WSP-Host",
                                 "logs":  [
                                              "Microsoft-Windows-StorageManagement/Debug",
                                              "Microsoft-Windows-StorageManagement/Operational"
                                          ]
                             },
                             {
                                 "name":  "Microsoft-Windows-StorageManagement-WSP-Spaces",
                                 "logs":  [
                                              "Microsoft-Windows-StorageManagement/Operational"
                                          ]
                             },
                             {
                                 "name":  "Microsoft-Windows-StorageSettings",
                                 "logs":  [
                                              "Microsoft-Windows-StorageSettings/Diagnostic"
                                          ]
                             },
                             {
                                 "name":  "Microsoft-Windows-StorageSpaces-Api",
                                 "logs":  [
                                              "Microsoft-Windows-StorageSpaces-Api/Operational"
                                          ]
                             },
                             {
                                 "name":  "Microsoft-Windows-StorageSpaces-Driver",
                                 "logs":  [
                                              "Microsoft-Windows-StorageSpaces-Driver/Diagnostic",
                                              "Microsoft-Windows-StorageSpaces-Driver/Operational",
                                              "Microsoft-Windows-StorageSpaces-Driver/Performance",
                                              "Microsoft-Windows-StorageSpaces-Driver/Verbose"
                                          ]
                             },
                             {
                                 "name":  "Microsoft-Windows-StorageSpaces-ManagementAgent",
                                 "logs":  [
                                              "Microsoft-Windows-StorageSpaces-ManagementAgent/WHC"
                                          ]
                             },
                             {
                                 "name":  "Microsoft-Windows-StorageSpaces-Parser",
                                 "logs":  [
                                              "Microsoft-Windows-StorageSpaces-Parser/Diagnostic",
                                              "Microsoft-Windows-StorageSpaces-Parser/Operational"
                                          ]
                             },
                             {
                                 "name":  "Microsoft-Windows-StorageSpaces-SpaceManager",
                                 "logs":  [
                                              "Microsoft-Windows-StorageSpaces-SpaceManager/Diagnostic",
                                              "Microsoft-Windows-StorageSpaces-SpaceManager/Operational"
                                          ]
                             },
                             {
                                 "name":  "Microsoft-Windows-StorageVolume",
                                 "logs":  [
                                              "Microsoft-Windows-StorageVolume/Diagnostic",
                                              "Microsoft-Windows-StorageVolume/Operational"
                                          ]
                             },
                             {
                                 "name":  "Microsoft-Windows-UserDataAccess-PimIndexMaintenance",
                                 "logs":  [

                                          ]
                             }
                         ],
    "events_by_log":  {
                          "Application":  {
                                              "enabled":  true,
                                              "error":  null,
                                              "events":  [
                                                             {
                                                                 "time_created":  "2026-08-31T21:09:33.5232909-04:00",
                                                                 "time_created_utc":  "2026-09-01T01:09:33.5232909Z",
                                                                 "provider":  "Microsoft-Windows-Defrag",
                                                                 "log_name":  "Application",
                                                                 "event_id":  258,
                                                                 "record_id":  31043,
                                                                 "level":  "Information",
                                                                 "message":  "The storage optimizer successfully completed defragmentation on Video\u0026Misc (I:)",
                                                                 "event_data":  {
                                                                                    "index_0":  "",
                                                                                    "index_1":  ""
                                                                                }
                                                             },
                                                             {
                                                                 "time_created":  "2026-08-31T21:09:31.8422213-04:00",
                                                                 "time_created_utc":  "2026-09-01T01:09:31.8422213Z",
                                                                 "provider":  "Microsoft-Windows-Defrag",
                                                                 "log_name":  "Application",
                                                                 "event_id":  258,
                                                                 "record_id":  31042,
                                                                 "level":  "Information",
                                                                 "message":  "The storage optimizer successfully completed defragmentation on Secondary (J:)",
                                                                 "event_data":  {
                                                                                    "index_0":  "",
                                                                                    "index_1":  ""
                                                                                }
                                                             },
                                                             {
                                                                 "time_created":  "2026-08-31T21:09:31.8411437-04:00",
                                                                 "time_created_utc":  "2026-09-01T01:09:31.8411437Z",
                                                                 "provider":  "Microsoft-Windows-Defrag",
                                                                 "log_name":  "Application",
                                                                 "event_id":  258,
                                                                 "record_id":  31041,
                                                                 "level":  "Information",
                                                                 "message":  "The storage optimizer successfully completed retrim on Secondary (J:)",
                                                                 "event_data":  {
                                                                                    "index_0":  "",
                                                                                    "index_1":  ""
                                                                                }
                                                             },
                                                             {
                                                                 "time_created":  "2026-08-31T21:09:30.8801268-04:00",
                                                                 "time_created_utc":  "2026-09-01T01:09:30.8801268Z",
                                                                 "provider":  "Microsoft-Windows-Defrag",
                                                                 "log_name":  "Application",
                                                                 "event_id":  258,
                                                                 "record_id":  31040,
                                                                 "level":  "Information",
                                                                 "message":  "The storage optimizer successfully completed defragmentation on (G:)",
                                                                 "event_data":  {
                                                                                    "index_0":  "",
                                                                                    "index_1":  ""
                                                                                }
                                                             },
                                                             {
                                                                 "time_created":  "2026-08-31T21:09:30.8790855-04:00",
                                                                 "time_created_utc":  "2026-09-01T01:09:30.8790855Z",
                                                                 "provider":  "Microsoft-Windows-Defrag",
                                                                 "log_name":  "Application",
                                                                 "event_id":  258,
                                                                 "record_id":  31039,
                                                                 "level":  "Information",
                                                                 "message":  "The storage optimizer successfully completed retrim on (G:)",
                                                                 "event_data":  {
                                                                                    "index_0":  "",
                                                                                    "index_1":  ""
                                                                                }
                                                             },
                                                             {
                                                                 "time_created":  "2026-08-31T21:09:26.4897544-04:00",
                                                                 "time_created_utc":  "2026-09-01T01:09:26.4897544Z",
                                                                 "provider":  "Microsoft-Windows-Defrag",
                                                                 "log_name":  "Application",
                                                                 "event_id":  258,
                                                                 "record_id":  31038,
                                                                 "level":  "Information",
                                                                 "message":  "The storage optimizer successfully completed defragmentation on (C:)",
                                                                 "event_data":  {
                                                                                    "index_0":  "",
                                                                                    "index_1":  ""
                                                                                }
                                                             },
                                                             {
                                                                 "time_created":  "2026-08-31T21:09:26.4870731-04:00",
                                                                 "time_created_utc":  "2026-09-01T01:09:26.4870731Z",
                                                                 "provider":  "Microsoft-Windows-Defrag",
                                                                 "log_name":  "Application",
                                                                 "event_id":  258,
                                                                 "record_id":  31037,
                                                                 "level":  "Information",
                                                                 "message":  "The storage optimizer successfully completed retrim on (C:)",
                                                                 "event_data":  {
                                                                                    "index_0":  "",
                                                                                    "index_1":  ""
                                                                                }
                                                             },
                                                             {
                                                                 "time_created":  "2026-08-31T21:09:10.2279572-04:00",
                                                                 "time_created_utc":  "2026-09-01T01:09:10.2279572Z",
                                                                 "provider":  "Microsoft-Windows-Defrag",
                                                                 "log_name":  "Application",
                                                                 "event_id":  258,
                                                                 "record_id":  31036,
                                                                 "level":  "Information",
                                                                 "message":  "The storage optimizer successfully completed defragmentation on HighSpeed (D:)",
                                                                 "event_data":  {
                                                                                    "index_0":  "",
                                                                                    "index_1":  ""
                                                                                }
                                                             },
                                                             {
                                                                 "time_created":  "2026-08-31T21:09:10.2262251-04:00",
                                                                 "time_created_utc":  "2026-09-01T01:09:10.2262251Z",
                                                                 "provider":  "Microsoft-Windows-Defrag",
                                                                 "log_name":  "Application",
                                                                 "event_id":  258,
                                                                 "record_id":  31035,
                                                                 "level":  "Information",
                                                                 "message":  "The storage optimizer successfully completed retrim on HighSpeed (D:)",
                                                                 "event_data":  {
                                                                                    "index_0":  "",
                                                                                    "index_1":  ""
                                                                                }
                                                             },
                                                             {
                                                                 "time_created":  "2026-08-31T21:08:59.7731554-04:00",
                                                                 "time_created_utc":  "2026-09-01T01:08:59.7731554Z",
                                                                 "provider":  "Microsoft-Windows-Defrag",
                                                                 "log_name":  "Application",
                                                                 "event_id":  258,
                                                                 "record_id":  31034,
                                                                 "level":  "Information",
                                                                 "message":  "The storage optimizer successfully completed defragmentation on Games (F:)",
                                                                 "event_data":  {
                                                                                    "index_0":  "",
                                                                                    "index_1":  ""
                                                                                }
                                                             },
                                                             {
                                                                 "time_created":  "2026-08-31T21:08:59.7719770-04:00",
                                                                 "time_created_utc":  "2026-09-01T01:08:59.7719770Z",
                                                                 "provider":  "Microsoft-Windows-Defrag",
                                                                 "log_name":  "Application",
                                                                 "event_id":  258,
                                                                 "record_id":  31033,
                                                                 "level":  "Information",
                                                                 "message":  "The storage optimizer successfully completed retrim on Games (F:)",
                                                                 "event_data":  {
                                                                                    "index_0":  "",
                                                                                    "index_1":  ""
                                                                                }
                                                             },
                                                             {
                                                                 "time_created":  "2026-08-31T20:24:25.9700982-04:00",
                                                                 "time_created_utc":  "2026-09-01T00:24:25.9700982Z",
                                                                 "provider":  "Microsoft-Windows-Defrag",
                                                                 "log_name":  "Application",
                                                                 "event_id":  264,
                                                                 "record_id":  30636,
                                                                 "level":  "Information",
                                                                 "message":  "The storage optimizer couldn\u0027t complete defragmentation on Master_Storage (H:) because: The user cancelled the operation. (0x89000006)",
                                                                 "event_data":  {
                                                                                    "index_0":  "",
                                                                                    "index_1":  "",
                                                                                    "index_2":  ""
                                                                                }
                                                             },
                                                             {
                                                                 "time_created":  "2026-08-31T20:21:27.5271060-04:00",
                                                                 "time_created_utc":  "2026-09-01T00:21:27.5271060Z",
                                                                 "provider":  "Microsoft-Windows-Defrag",
                                                                 "log_name":  "Application",
                                                                 "event_id":  258,
                                                                 "record_id":  30632,
                                                                 "level":  "Information",
                                                                 "message":  "The storage optimizer successfully completed defragmentation on Video\u0026Misc (I:)",
                                                                 "event_data":  {
                                                                                    "index_0":  "",
                                                                                    "index_1":  ""
                                                                                }
                                                             },
                                                             {
                                                                 "time_created":  "2026-08-31T20:21:25.2474723-04:00",
                                                                 "time_created_utc":  "2026-09-01T00:21:25.2474723Z",
                                                                 "provider":  "Microsoft-Windows-Defrag",
                                                                 "log_name":  "Application",
                                                                 "event_id":  258,
                                                                 "record_id":  30631,
                                                                 "level":  "Information",
                                                                 "message":  "The storage optimizer successfully completed defragmentation on Secondary (J:)",
                                                                 "event_data":  {
                                                                                    "index_0":  "",
                                                                                    "index_1":  ""
                                                                                }
                                                             },
                                                             {
                                                                 "time_created":  "2026-08-31T20:21:25.2464123-04:00",
                                                                 "time_created_utc":  "2026-09-01T00:21:25.2464123Z",
                                                                 "provider":  "Microsoft-Windows-Defrag",
                                                                 "log_name":  "Application",
                                                                 "event_id":  258,
                                                                 "record_id":  30630,
                                                                 "level":  "Information",
                                                                 "message":  "The storage optimizer successfully completed retrim on Secondary (J:)",
                                                                 "event_data":  {
                                                                                    "index_0":  "",
                                                                                    "index_1":  ""
                                                                                }
                                                             },
                                                             {
                                                                 "time_created":  "2026-08-31T20:21:24.2568742-04:00",
                                                                 "time_created_utc":  "2026-09-01T00:21:24.2568742Z",
                                                                 "provider":  "Microsoft-Windows-Defrag",
                                                                 "log_name":  "Application",
                                                                 "event_id":  258,
                                                                 "record_id":  30629,
                                                                 "level":  "Information",
                                                                 "message":  "The storage optimizer successfully completed defragmentation on (G:)",
                                                                 "event_data":  {
                                                                                    "index_0":  "",
                                                                                    "index_1":  ""
                                                                                }
                                                             },
                                                             {
                                                                 "time_created":  "2026-08-31T20:21:24.2558818-04:00",
                                                                 "time_created_utc":  "2026-09-01T00:21:24.2558818Z",
                                                                 "provider":  "Microsoft-Windows-Defrag",
                                                                 "log_name":  "Application",
                                                                 "event_id":  258,
                                                                 "record_id":  30628,
                                                                 "level":  "Information",
                                                                 "message":  "The storage optimizer successfully completed retrim on (G:)",
                                                                 "event_data":  {
                                                                                    "index_0":  "",
                                                                                    "index_1":  ""
                                                                                }
                                                             },
                                                             {
                                                                 "time_created":  "2026-08-31T20:21:19.8460285-04:00",
                                                                 "time_created_utc":  "2026-09-01T00:21:19.8460285Z",
                                                                 "provider":  "Microsoft-Windows-Defrag",
                                                                 "log_name":  "Application",
                                                                 "event_id":  258,
                                                                 "record_id":  30627,
                                                                 "level":  "Information",
                                                                 "message":  "The storage optimizer successfully completed defragmentation on (C:)",
                                                                 "event_data":  {
                                                                                    "index_0":  "",
                                                                                    "index_1":  ""
                                                                                }
                                                             },
                                                             {
                                                                 "time_created":  "2026-08-31T20:21:19.8433242-04:00",
                                                                 "time_created_utc":  "2026-09-01T00:21:19.8433242Z",
                                                                 "provider":  "Microsoft-Windows-Defrag",
                                                                 "log_name":  "Application",
                                                                 "event_id":  258,
                                                                 "record_id":  30626,
                                                                 "level":  "Information",
                                                                 "message":  "The storage optimizer successfully completed retrim on (C:)",
                                                                 "event_data":  {
                                                                                    "index_0":  "",
                                                                                    "index_1":  ""
                                                                                }
                                                             },
                                                             {
                                                                 "time_created":  "2026-08-31T20:21:01.9622533-04:00",
                                                                 "time_created_utc":  "2026-09-01T00:21:01.9622533Z",
                                                                 "provider":  "Microsoft-Windows-Defrag",
                                                                 "log_name":  "Application",
                                                                 "event_id":  258,
                                                                 "record_id":  30625,
                                                                 "level":  "Information",
                                                                 "message":  "The storage optimizer successfully completed defragmentation on HighSpeed (D:)",
                                                                 "event_data":  {
                                                                                    "index_0":  "",
                                                                                    "index_1":  ""
                                                                                }
                                                             },
                                                             {
                                                                 "time_created":  "2026-08-31T20:21:01.9607312-04:00",
                                                                 "time_created_utc":  "2026-09-01T00:21:01.9607312Z",
                                                                 "provider":  "Microsoft-Windows-Defrag",
                                                                 "log_name":  "Application",
                                                                 "event_id":  258,
                                                                 "record_id":  30624,
                                                                 "level":  "Information",
                                                                 "message":  "The storage optimizer successfully completed retrim on HighSpeed (D:)",
                                                                 "event_data":  {
                                                                                    "index_0":  "",
                                                                                    "index_1":  ""
                                                                                }
                                                             },
                                                             {
                                                                 "time_created":  "2026-08-31T20:20:51.3475262-04:00",
                                                                 "time_created_utc":  "2026-09-01T00:20:51.3475262Z",
                                                                 "provider":  "Microsoft-Windows-Defrag",
                                                                 "log_name":  "Application",
                                                                 "event_id":  258,
                                                                 "record_id":  30622,
                                                                 "level":  "Information",
                                                                 "message":  "The storage optimizer successfully completed defragmentation on Games (F:)",
                                                                 "event_data":  {
                                                                                    "index_0":  "",
                                                                                    "index_1":  ""
                                                                                }
                                                             },
                                                             {
                                                                 "time_created":  "2026-08-31T20:20:51.3465770-04:00",
                                                                 "time_created_utc":  "2026-09-01T00:20:51.3465770Z",
                                                                 "provider":  "Microsoft-Windows-Defrag",
                                                                 "log_name":  "Application",
                                                                 "event_id":  258,
                                                                 "record_id":  30621,
                                                                 "level":  "Information",
                                                                 "message":  "The storage optimizer successfully completed retrim on Games (F:)",
                                                                 "event_data":  {
                                                                                    "index_0":  "",
                                                                                    "index_1":  ""
                                                                                }
                                                             },
                                                             {
                                                                 "time_created":  "2026-08-27T23:59:08.4988940-04:00",
                                                                 "time_created_utc":  "2026-08-28T03:59:08.4988940Z",
                                                                 "provider":  "Microsoft-Windows-Defrag",
                                                                 "log_name":  "Application",
                                                                 "event_id":  264,
                                                                 "record_id":  30432,
                                                                 "level":  "Information",
                                                                 "message":  "The storage optimizer couldn\u0027t complete defragmentation on Master_Storage (H:) because: The user cancelled the operation. (0x89000006)",
                                                                 "event_data":  {
                                                                                    "index_0":  "",
                                                                                    "index_1":  "",
                                                                                    "index_2":  ""
                                                                                }
                                                             },
                                                             {
                                                                 "time_created":  "2026-08-27T23:51:23.1652290-04:00",
                                                                 "time_created_utc":  "2026-08-28T03:51:23.1652290Z",
                                                                 "provider":  "Microsoft-Windows-Defrag",
                                                                 "log_name":  "Application",
                                                                 "event_id":  258,
                                                                 "record_id":  30431,
                                                                 "level":  "Information",
                                                                 "message":  "The storage optimizer successfully completed defragmentation on Video\u0026Misc (I:)",
                                                                 "event_data":  {
                                                                                    "index_0":  "",
                                                                                    "index_1":  ""
                                                                                }
                                                             },
