                                                             {
                                                                 "time_created":  "2026-08-27T23:51:21.8636599-04:00",
                                                                 "time_created_utc":  "2026-08-28T03:51:21.8636599Z",
                                                                 "provider":  "Microsoft-Windows-Defrag",
                                                                 "log_name":  "Application",
                                                                 "event_id":  258,
                                                                 "record_id":  30430,
                                                                 "level":  "Information",
                                                                 "message":  "The storage optimizer successfully completed defragmentation on Secondary (J:)",
                                                                 "event_data":  {
                                                                                    "index_0":  "",
                                                                                    "index_1":  ""
                                                                                }
                                                             },
                                                             {
                                                                 "time_created":  "2026-08-27T23:51:21.8625941-04:00",
                                                                 "time_created_utc":  "2026-08-28T03:51:21.8625941Z",
                                                                 "provider":  "Microsoft-Windows-Defrag",
                                                                 "log_name":  "Application",
                                                                 "event_id":  258,
                                                                 "record_id":  30429,
                                                                 "level":  "Information",
                                                                 "message":  "The storage optimizer successfully completed retrim on Secondary (J:)",
                                                                 "event_data":  {
                                                                                    "index_0":  "",
                                                                                    "index_1":  ""
                                                                                }
                                                             },
                                                             {
                                                                 "time_created":  "2026-08-27T23:51:20.9213581-04:00",
                                                                 "time_created_utc":  "2026-08-28T03:51:20.9213581Z",
                                                                 "provider":  "Microsoft-Windows-Defrag",
                                                                 "log_name":  "Application",
                                                                 "event_id":  258,
                                                                 "record_id":  30428,
                                                                 "level":  "Information",
                                                                 "message":  "The storage optimizer successfully completed defragmentation on (G:)",
                                                                 "event_data":  {
                                                                                    "index_0":  "",
                                                                                    "index_1":  ""
                                                                                }
                                                             },
                                                             {
                                                                 "time_created":  "2026-08-27T23:51:20.9204242-04:00",
                                                                 "time_created_utc":  "2026-08-28T03:51:20.9204242Z",
                                                                 "provider":  "Microsoft-Windows-Defrag",
                                                                 "log_name":  "Application",
                                                                 "event_id":  258,
                                                                 "record_id":  30427,
                                                                 "level":  "Information",
                                                                 "message":  "The storage optimizer successfully completed retrim on (G:)",
                                                                 "event_data":  {
                                                                                    "index_0":  "",
                                                                                    "index_1":  ""
                                                                                }
                                                             },
                                                             {
                                                                 "time_created":  "2026-08-27T23:51:16.5329957-04:00",
                                                                 "time_created_utc":  "2026-08-28T03:51:16.5329957Z",
                                                                 "provider":  "Microsoft-Windows-Defrag",
                                                                 "log_name":  "Application",
                                                                 "event_id":  258,
                                                                 "record_id":  30426,
                                                                 "level":  "Information",
                                                                 "message":  "The storage optimizer successfully completed defragmentation on (C:)",
                                                                 "event_data":  {
                                                                                    "index_0":  "",
                                                                                    "index_1":  ""
                                                                                }
                                                             },
                                                             {
                                                                 "time_created":  "2026-08-27T23:51:16.5304160-04:00",
                                                                 "time_created_utc":  "2026-08-28T03:51:16.5304160Z",
                                                                 "provider":  "Microsoft-Windows-Defrag",
                                                                 "log_name":  "Application",
                                                                 "event_id":  258,
                                                                 "record_id":  30425,
                                                                 "level":  "Information",
                                                                 "message":  "The storage optimizer successfully completed retrim on (C:)",
                                                                 "event_data":  {
                                                                                    "index_0":  "",
                                                                                    "index_1":  ""
                                                                                }
                                                             },
                                                             {
                                                                 "time_created":  "2026-08-27T23:50:59.2139587-04:00",
                                                                 "time_created_utc":  "2026-08-28T03:50:59.2139587Z",
                                                                 "provider":  "Microsoft-Windows-Defrag",
                                                                 "log_name":  "Application",
                                                                 "event_id":  258,
                                                                 "record_id":  30424,
                                                                 "level":  "Information",
                                                                 "message":  "The storage optimizer successfully completed defragmentation on HighSpeed (D:)",
                                                                 "event_data":  {
                                                                                    "index_0":  "",
                                                                                    "index_1":  ""
                                                                                }
                                                             },
                                                             {
                                                                 "time_created":  "2026-08-27T23:50:59.2124913-04:00",
                                                                 "time_created_utc":  "2026-08-28T03:50:59.2124913Z",
                                                                 "provider":  "Microsoft-Windows-Defrag",
                                                                 "log_name":  "Application",
                                                                 "event_id":  258,
                                                                 "record_id":  30423,
                                                                 "level":  "Information",
                                                                 "message":  "The storage optimizer successfully completed retrim on HighSpeed (D:)",
                                                                 "event_data":  {
                                                                                    "index_0":  "",
                                                                                    "index_1":  ""
                                                                                }
                                                             },
                                                             {
                                                                 "time_created":  "2026-08-27T23:50:48.9927682-04:00",
                                                                 "time_created_utc":  "2026-08-28T03:50:48.9927682Z",
                                                                 "provider":  "Microsoft-Windows-Defrag",
                                                                 "log_name":  "Application",
                                                                 "event_id":  258,
                                                                 "record_id":  30422,
                                                                 "level":  "Information",
                                                                 "message":  "The storage optimizer successfully completed defragmentation on Games (F:)",
                                                                 "event_data":  {
                                                                                    "index_0":  "",
                                                                                    "index_1":  ""
                                                                                }
                                                             },
                                                             {
                                                                 "time_created":  "2026-08-27T23:50:48.9915364-04:00",
                                                                 "time_created_utc":  "2026-08-28T03:50:48.9915364Z",
                                                                 "provider":  "Microsoft-Windows-Defrag",
                                                                 "log_name":  "Application",
                                                                 "event_id":  258,
                                                                 "record_id":  30421,
                                                                 "level":  "Information",
                                                                 "message":  "The storage optimizer successfully completed retrim on Games (F:)",
                                                                 "event_data":  {
                                                                                    "index_0":  "",
                                                                                    "index_1":  ""
                                                                                }
                                                             },
                                                             {
                                                                 "time_created":  "2026-08-27T23:41:51.6544304-04:00",
                                                                 "time_created_utc":  "2026-08-28T03:41:51.6544304Z",
                                                                 "provider":  "Microsoft-Windows-Defrag",
                                                                 "log_name":  "Application",
                                                                 "event_id":  264,
                                                                 "record_id":  30420,
                                                                 "level":  "Information",
                                                                 "message":  "The storage optimizer couldn\u0027t complete defragmentation on Master_Storage (H:) because: The user cancelled the operation. (0x89000006)",
                                                                 "event_data":  {
                                                                                    "index_0":  "",
                                                                                    "index_1":  "",
                                                                                    "index_2":  ""
                                                                                }
                                                             },
                                                             {
                                                                 "time_created":  "2026-08-27T23:35:05.6031228-04:00",
                                                                 "time_created_utc":  "2026-08-28T03:35:05.6031228Z",
                                                                 "provider":  "Microsoft-Windows-Defrag",
                                                                 "log_name":  "Application",
                                                                 "event_id":  258,
                                                                 "record_id":  30417,
                                                                 "level":  "Information",
                                                                 "message":  "The storage optimizer successfully completed defragmentation on Video\u0026Misc (I:)",
                                                                 "event_data":  {
                                                                                    "index_0":  "",
                                                                                    "index_1":  ""
                                                                                }
                                                             },
                                                             {
                                                                 "time_created":  "2026-08-27T23:35:03.9737254-04:00",
                                                                 "time_created_utc":  "2026-08-28T03:35:03.9737254Z",
                                                                 "provider":  "Microsoft-Windows-Defrag",
                                                                 "log_name":  "Application",
                                                                 "event_id":  258,
                                                                 "record_id":  30416,
                                                                 "level":  "Information",
                                                                 "message":  "The storage optimizer successfully completed defragmentation on Secondary (J:)",
                                                                 "event_data":  {
                                                                                    "index_0":  "",
                                                                                    "index_1":  ""
                                                                                }
                                                             },
                                                             {
                                                                 "time_created":  "2026-08-27T23:35:03.9727292-04:00",
                                                                 "time_created_utc":  "2026-08-28T03:35:03.9727292Z",
                                                                 "provider":  "Microsoft-Windows-Defrag",
                                                                 "log_name":  "Application",
                                                                 "event_id":  258,
                                                                 "record_id":  30415,
                                                                 "level":  "Information",
                                                                 "message":  "The storage optimizer successfully completed retrim on Secondary (J:)",
                                                                 "event_data":  {
                                                                                    "index_0":  "",
                                                                                    "index_1":  ""
                                                                                }
                                                             },
                                                             {
                                                                 "time_created":  "2026-08-27T23:35:02.9896122-04:00",
                                                                 "time_created_utc":  "2026-08-28T03:35:02.9896122Z",
                                                                 "provider":  "Microsoft-Windows-Defrag",
                                                                 "log_name":  "Application",
                                                                 "event_id":  258,
                                                                 "record_id":  30414,
                                                                 "level":  "Information",
                                                                 "message":  "The storage optimizer successfully completed defragmentation on (G:)",
                                                                 "event_data":  {
                                                                                    "index_0":  "",
                                                                                    "index_1":  ""
                                                                                }
                                                             },
                                                             {
                                                                 "time_created":  "2026-08-27T23:35:02.9886616-04:00",
                                                                 "time_created_utc":  "2026-08-28T03:35:02.9886616Z",
                                                                 "provider":  "Microsoft-Windows-Defrag",
                                                                 "log_name":  "Application",
                                                                 "event_id":  258,
                                                                 "record_id":  30413,
                                                                 "level":  "Information",
                                                                 "message":  "The storage optimizer successfully completed retrim on (G:)",
                                                                 "event_data":  {
                                                                                    "index_0":  "",
                                                                                    "index_1":  ""
                                                                                }
                                                             },
                                                             {
                                                                 "time_created":  "2026-08-27T23:34:58.4477452-04:00",
                                                                 "time_created_utc":  "2026-08-28T03:34:58.4477452Z",
                                                                 "provider":  "Microsoft-Windows-Defrag",
                                                                 "log_name":  "Application",
                                                                 "event_id":  258,
                                                                 "record_id":  30412,
                                                                 "level":  "Information",
                                                                 "message":  "The storage optimizer successfully completed defragmentation on (C:)",
                                                                 "event_data":  {
                                                                                    "index_0":  "",
                                                                                    "index_1":  ""
                                                                                }
                                                             },
                                                             {
                                                                 "time_created":  "2026-08-27T23:34:58.4450335-04:00",
                                                                 "time_created_utc":  "2026-08-28T03:34:58.4450335Z",
                                                                 "provider":  "Microsoft-Windows-Defrag",
                                                                 "log_name":  "Application",
                                                                 "event_id":  258,
                                                                 "record_id":  30411,
                                                                 "level":  "Information",
                                                                 "message":  "The storage optimizer successfully completed retrim on (C:)",
                                                                 "event_data":  {
                                                                                    "index_0":  "",
                                                                                    "index_1":  ""
                                                                                }
                                                             },
                                                             {
                                                                 "time_created":  "2026-08-27T23:34:40.4945141-04:00",
                                                                 "time_created_utc":  "2026-08-28T03:34:40.4945141Z",
                                                                 "provider":  "Microsoft-Windows-Defrag",
                                                                 "log_name":  "Application",
                                                                 "event_id":  258,
                                                                 "record_id":  30410,
                                                                 "level":  "Information",
                                                                 "message":  "The storage optimizer successfully completed defragmentation on HighSpeed (D:)",
                                                                 "event_data":  {
                                                                                    "index_0":  "",
                                                                                    "index_1":  ""
                                                                                }
                                                             },
                                                             {
                                                                 "time_created":  "2026-08-27T23:34:40.4929477-04:00",
                                                                 "time_created_utc":  "2026-08-28T03:34:40.4929477Z",
                                                                 "provider":  "Microsoft-Windows-Defrag",
                                                                 "log_name":  "Application",
                                                                 "event_id":  258,
                                                                 "record_id":  30409,
                                                                 "level":  "Information",
                                                                 "message":  "The storage optimizer successfully completed retrim on HighSpeed (D:)",
                                                                 "event_data":  {
                                                                                    "index_0":  "",
                                                                                    "index_1":  ""
                                                                                }
                                                             },
                                                             {
                                                                 "time_created":  "2026-08-27T23:34:30.3586398-04:00",
                                                                 "time_created_utc":  "2026-08-28T03:34:30.3586398Z",
                                                                 "provider":  "Microsoft-Windows-Defrag",
                                                                 "log_name":  "Application",
                                                                 "event_id":  258,
                                                                 "record_id":  30407,
                                                                 "level":  "Information",
                                                                 "message":  "The storage optimizer successfully completed defragmentation on Games (F:)",
                                                                 "event_data":  {
                                                                                    "index_0":  "",
                                                                                    "index_1":  ""
                                                                                }
                                                             },
                                                             {
                                                                 "time_created":  "2026-08-27T23:34:30.3575261-04:00",
                                                                 "time_created_utc":  "2026-08-28T03:34:30.3575261Z",
                                                                 "provider":  "Microsoft-Windows-Defrag",
                                                                 "log_name":  "Application",
                                                                 "event_id":  258,
                                                                 "record_id":  30406,
                                                                 "level":  "Information",
                                                                 "message":  "The storage optimizer successfully completed retrim on Games (F:)",
                                                                 "event_data":  {
                                                                                    "index_0":  "",
                                                                                    "index_1":  ""
                                                                                }
                                                             }
                                                         ]
                                          },
                          "Microsoft-Windows-Defrag-Core/Debug":  {
                                                                      "enabled":  false,
                                                                      "error":  "log_disabled",
                                                                      "events":  [

                                                                                 ]
                                                                  },
                          "Microsoft-Windows-EnhancedStorage-EhStorClass/Operational":  {
                                                                                            "enabled":  true,
                                                                                            "error":  null,
                                                                                            "events":  [
                                                                                                           {
                                                                                                               "time_created":  "2026-08-31T20:56:38.8237980-04:00",
                                                                                                               "time_created_utc":  "2026-09-01T00:56:38.8237980Z",
                                                                                                               "provider":  "Microsoft-Windows-EnhancedStorage-ClassDriver",
                                                                                                               "log_name":  "Microsoft-Windows-EnhancedStorage-EhStorClass/Operational",
                                                                                                               "event_id":  106,
                                                                                                               "record_id":  1958,
                                                                                                               "level":  "Information",
                                                                                                               "message":  "Storage device PDO capabilities discovered on Class Disk Device Guid: {00000000-0000-0000-0000-000000000000}.                    \r\nDevice PDO Capabilities: INC_512 set",
                                                                                                               "event_data":  {
                                                                                                                                  "PortNumber":  "5",
                                                                                                                                  "PathID":  "0",
                                                                                                                                  "TargetID":  "0",
                                                                                                                                  "LUN":  "0",
                                                                                                                                  "ClassDeviceGuid":  "{00000000-0000-0000-0000-000000000000}",
                                                                                                                                  "DevicePdoCaps":  "1"
                                                                                                                              }
                                                                                                           },
                                                                                                           {
                                                                                                               "time_created":  "2026-08-31T20:56:38.8233578-04:00",
                                                                                                               "time_created_utc":  "2026-09-01T00:56:38.8233578Z",
                                                                                                               "provider":  "Microsoft-Windows-EnhancedStorage-ClassDriver",
                                                                                                               "log_name":  "Microsoft-Windows-EnhancedStorage-EhStorClass/Operational",
                                                                                                               "event_id":  104,
                                                                                                               "record_id":  1957,
                                                                                                               "level":  "Information",
                                                                                                               "message":  "Enhanced storage device with Class Disk Device Guid: {00000000-0000-0000-0000-000000000000} entered D0 power state.                    \r\nDevice type: IEEE1667                    \r\nDevice state: NoSecurity",
                                                                                                               "event_data":  {
                                                                                                                                  "PortNumber":  "0",
                                                                                                                                  "PathID":  "0",
                                                                                                                                  "TargetID":  "0",
                                                                                                                                  "LUN":  "0",
                                                                                                                                  "ClassDeviceGuid":  "{00000000-0000-0000-0000-000000000000}",
                                                                                                                                  "DeviceType":  "0",
                                                                                                                                  "DeviceState":  "0"
                                                                                                                              }
                                                                                                           },
                                                                                                           {
                                                                                                               "time_created":  "2026-08-31T20:56:38.8189610-04:00",
                                                                                                               "time_created_utc":  "2026-09-01T00:56:38.8189610Z",
                                                                                                               "provider":  "Microsoft-Windows-EnhancedStorage-ClassDriver",
                                                                                                               "log_name":  "Microsoft-Windows-EnhancedStorage-EhStorClass/Operational",
                                                                                                               "event_id":  106,
                                                                                                               "record_id":  1956,
                                                                                                               "level":  "Information",
                                                                                                               "message":  "Storage device PDO capabilities discovered on Class Disk Device Guid: {00000000-0000-0000-0000-000000000000}.                    \r\nDevice PDO Capabilities: INC_512 set",
                                                                                                               "event_data":  {
                                                                                                                                  "PortNumber":  "4",
                                                                                                                                  "PathID":  "0",
                                                                                                                                  "TargetID":  "0",
                                                                                                                                  "LUN":  "0",
                                                                                                                                  "ClassDeviceGuid":  "{00000000-0000-0000-0000-000000000000}",
                                                                                                                                  "DevicePdoCaps":  "1"
                                                                                                                              }
                                                                                                           },
                                                                                                           {
                                                                                                               "time_created":  "2026-08-31T20:56:38.8181905-04:00",
                                                                                                               "time_created_utc":  "2026-09-01T00:56:38.8181905Z",
                                                                                                               "provider":  "Microsoft-Windows-EnhancedStorage-ClassDriver",
                                                                                                               "log_name":  "Microsoft-Windows-EnhancedStorage-EhStorClass/Operational",
                                                                                                               "event_id":  104,
                                                                                                               "record_id":  1955,
                                                                                                               "level":  "Information",
                                                                                                               "message":  "Enhanced storage device with Class Disk Device Guid: {00000000-0000-0000-0000-000000000000} entered D0 power state.                    \r\nDevice type: IEEE1667                    \r\nDevice state: NoSecurity",
                                                                                                               "event_data":  {
                                                                                                                                  "PortNumber":  "0",
                                                                                                                                  "PathID":  "0",
                                                                                                                                  "TargetID":  "0",
                                                                                                                                  "LUN":  "0",
                                                                                                                                  "ClassDeviceGuid":  "{00000000-0000-0000-0000-000000000000}",
                                                                                                                                  "DeviceType":  "0",
                                                                                                                                  "DeviceState":  "0"
                                                                                                                              }
                                                                                                           },
                                                                                                           {
                                                                                                               "time_created":  "2026-08-31T20:56:38.8144484-04:00",
                                                                                                               "time_created_utc":  "2026-09-01T00:56:38.8144484Z",
                                                                                                               "provider":  "Microsoft-Windows-EnhancedStorage-ClassDriver",
                                                                                                               "log_name":  "Microsoft-Windows-EnhancedStorage-EhStorClass/Operational",
                                                                                                               "event_id":  106,
                                                                                                               "record_id":  1954,
                                                                                                               "level":  "Information",
                                                                                                               "message":  "Storage device PDO capabilities discovered on Class Disk Device Guid: {00000000-0000-0000-0000-000000000000}.                    \r\nDevice PDO Capabilities: INC_512 set",
                                                                                                               "event_data":  {
                                                                                                                                  "PortNumber":  "3",
                                                                                                                                  "PathID":  "0",
                                                                                                                                  "TargetID":  "0",
                                                                                                                                  "LUN":  "0",
                                                                                                                                  "ClassDeviceGuid":  "{00000000-0000-0000-0000-000000000000}",
                                                                                                                                  "DevicePdoCaps":  "1"
                                                                                                                              }
                                                                                                           },
                                                                                                           {
                                                                                                               "time_created":  "2026-08-31T20:56:38.8131139-04:00",
                                                                                                               "time_created_utc":  "2026-09-01T00:56:38.8131139Z",
                                                                                                               "provider":  "Microsoft-Windows-EnhancedStorage-ClassDriver",
                                                                                                               "log_name":  "Microsoft-Windows-EnhancedStorage-EhStorClass/Operational",
                                                                                                               "event_id":  104,
                                                                                                               "record_id":  1953,
                                                                                                               "level":  "Information",
                                                                                                               "message":  "Enhanced storage device with Class Disk Device Guid: {00000000-0000-0000-0000-000000000000} entered D0 power state.                    \r\nDevice type: IEEE1667                    \r\nDevice state: NoSecurity",
                                                                                                               "event_data":  {
                                                                                                                                  "PortNumber":  "0",
                                                                                                                                  "PathID":  "0",
                                                                                                                                  "TargetID":  "0",
                                                                                                                                  "LUN":  "0",
                                                                                                                                  "ClassDeviceGuid":  "{00000000-0000-0000-0000-000000000000}",
                                                                                                                                  "DeviceType":  "0",
                                                                                                                                  "DeviceState":  "0"
                                                                                                                              }
                                                                                                           },
