                                                                                                           {
                                                                                                               "time_created":  "2026-08-26T12:24:53.9008106-04:00",
                                                                                                               "time_created_utc":  "2026-08-26T16:24:53.9008106Z",
                                                                                                               "provider":  "Microsoft-Windows-EnhancedStorage-ClassDriver",
                                                                                                               "log_name":  "Microsoft-Windows-EnhancedStorage-EhStorClass/Operational",
                                                                                                               "event_id":  106,
                                                                                                               "record_id":  1894,
                                                                                                               "level":  "Information",
                                                                                                               "message":  "Storage device PDO capabilities discovered on Class Disk Device Guid: {00000000-0000-0000-0000-000000000000}.                    \r\nDevice PDO Capabilities: INC_512 set",
                                                                                                               "event_data":  {
                                                                                                                                  "PortNumber":  "5",
                                                                                                                                  "PathID":  "0",
                                                                                                                                  "TargetID":  "0",
                                                                                                                                  "LUN":  "0",
                                                                                                                                  "ClassDeviceGuid":  "{00000000-0000-0000-0000-000000000000}",
                                                                                                                                  "DevicePdoCaps":  "1"
                                                                                                                              }
                                                                                                           },
                                                                                                           {
                                                                                                               "time_created":  "2026-08-26T12:24:53.9003796-04:00",
                                                                                                               "time_created_utc":  "2026-08-26T16:24:53.9003796Z",
                                                                                                               "provider":  "Microsoft-Windows-EnhancedStorage-ClassDriver",
                                                                                                               "log_name":  "Microsoft-Windows-EnhancedStorage-EhStorClass/Operational",
                                                                                                               "event_id":  104,
                                                                                                               "record_id":  1893,
                                                                                                               "level":  "Information",
                                                                                                               "message":  "Enhanced storage device with Class Disk Device Guid: {00000000-0000-0000-0000-000000000000} entered D0 power state.                    \r\nDevice type: IEEE1667                    \r\nDevice state: NoSecurity",
                                                                                                               "event_data":  {
                                                                                                                                  "PortNumber":  "0",
                                                                                                                                  "PathID":  "0",
                                                                                                                                  "TargetID":  "0",
                                                                                                                                  "LUN":  "0",
                                                                                                                                  "ClassDeviceGuid":  "{00000000-0000-0000-0000-000000000000}",
                                                                                                                                  "DeviceType":  "0",
                                                                                                                                  "DeviceState":  "0"
                                                                                                                              }
                                                                                                           },
                                                                                                           {
                                                                                                               "time_created":  "2026-08-26T12:24:53.8960437-04:00",
                                                                                                               "time_created_utc":  "2026-08-26T16:24:53.8960437Z",
                                                                                                               "provider":  "Microsoft-Windows-EnhancedStorage-ClassDriver",
                                                                                                               "log_name":  "Microsoft-Windows-EnhancedStorage-EhStorClass/Operational",
                                                                                                               "event_id":  106,
                                                                                                               "record_id":  1892,
                                                                                                               "level":  "Information",
                                                                                                               "message":  "Storage device PDO capabilities discovered on Class Disk Device Guid: {00000000-0000-0000-0000-000000000000}.                    \r\nDevice PDO Capabilities: INC_512 set",
                                                                                                               "event_data":  {
                                                                                                                                  "PortNumber":  "4",
                                                                                                                                  "PathID":  "0",
                                                                                                                                  "TargetID":  "0",
                                                                                                                                  "LUN":  "0",
                                                                                                                                  "ClassDeviceGuid":  "{00000000-0000-0000-0000-000000000000}",
                                                                                                                                  "DevicePdoCaps":  "1"
                                                                                                                              }
                                                                                                           },
                                                                                                           {
                                                                                                               "time_created":  "2026-08-26T12:24:53.8954554-04:00",
                                                                                                               "time_created_utc":  "2026-08-26T16:24:53.8954554Z",
                                                                                                               "provider":  "Microsoft-Windows-EnhancedStorage-ClassDriver",
                                                                                                               "log_name":  "Microsoft-Windows-EnhancedStorage-EhStorClass/Operational",
                                                                                                               "event_id":  104,
                                                                                                               "record_id":  1891,
                                                                                                               "level":  "Information",
                                                                                                               "message":  "Enhanced storage device with Class Disk Device Guid: {00000000-0000-0000-0000-000000000000} entered D0 power state.                    \r\nDevice type: IEEE1667                    \r\nDevice state: NoSecurity",
                                                                                                               "event_data":  {
                                                                                                                                  "PortNumber":  "0",
                                                                                                                                  "PathID":  "0",
                                                                                                                                  "TargetID":  "0",
                                                                                                                                  "LUN":  "0",
                                                                                                                                  "ClassDeviceGuid":  "{00000000-0000-0000-0000-000000000000}",
                                                                                                                                  "DeviceType":  "0",
                                                                                                                                  "DeviceState":  "0"
                                                                                                                              }
                                                                                                           },
                                                                                                           {
                                                                                                               "time_created":  "2026-08-26T12:24:53.8901556-04:00",
                                                                                                               "time_created_utc":  "2026-08-26T16:24:53.8901556Z",
                                                                                                               "provider":  "Microsoft-Windows-EnhancedStorage-ClassDriver",
                                                                                                               "log_name":  "Microsoft-Windows-EnhancedStorage-EhStorClass/Operational",
                                                                                                               "event_id":  106,
                                                                                                               "record_id":  1890,
                                                                                                               "level":  "Information",
                                                                                                               "message":  "Storage device PDO capabilities discovered on Class Disk Device Guid: {00000000-0000-0000-0000-000000000000}.                    \r\nDevice PDO Capabilities: INC_512 set",
                                                                                                               "event_data":  {
                                                                                                                                  "PortNumber":  "3",
                                                                                                                                  "PathID":  "0",
                                                                                                                                  "TargetID":  "0",
                                                                                                                                  "LUN":  "0",
                                                                                                                                  "ClassDeviceGuid":  "{00000000-0000-0000-0000-000000000000}",
                                                                                                                                  "DevicePdoCaps":  "1"
                                                                                                                              }
                                                                                                           },
                                                                                                           {
                                                                                                               "time_created":  "2026-08-26T12:24:53.8894353-04:00",
                                                                                                               "time_created_utc":  "2026-08-26T16:24:53.8894353Z",
                                                                                                               "provider":  "Microsoft-Windows-EnhancedStorage-ClassDriver",
                                                                                                               "log_name":  "Microsoft-Windows-EnhancedStorage-EhStorClass/Operational",
                                                                                                               "event_id":  104,
                                                                                                               "record_id":  1889,
                                                                                                               "level":  "Information",
                                                                                                               "message":  "Enhanced storage device with Class Disk Device Guid: {00000000-0000-0000-0000-000000000000} entered D0 power state.                    \r\nDevice type: IEEE1667                    \r\nDevice state: NoSecurity",
                                                                                                               "event_data":  {
                                                                                                                                  "PortNumber":  "0",
                                                                                                                                  "PathID":  "0",
                                                                                                                                  "TargetID":  "0",
                                                                                                                                  "LUN":  "0",
                                                                                                                                  "ClassDeviceGuid":  "{00000000-0000-0000-0000-000000000000}",
                                                                                                                                  "DeviceType":  "0",
                                                                                                                                  "DeviceState":  "0"
                                                                                                                              }
                                                                                                           },
                                                                                                           {
                                                                                                               "time_created":  "2026-08-26T12:24:53.7774172-04:00",
                                                                                                               "time_created_utc":  "2026-08-26T16:24:53.7774172Z",
                                                                                                               "provider":  "Microsoft-Windows-EnhancedStorage-ClassDriver",
                                                                                                               "log_name":  "Microsoft-Windows-EnhancedStorage-EhStorClass/Operational",
                                                                                                               "event_id":  106,
                                                                                                               "record_id":  1888,
                                                                                                               "level":  "Information",
                                                                                                               "message":  "Storage device PDO capabilities discovered on Class Disk Device Guid: {00000000-0000-0000-0000-000000000000}.                    \r\nDevice PDO Capabilities: INC_512 set",
                                                                                                               "event_data":  {
                                                                                                                                  "PortNumber":  "2",
                                                                                                                                  "PathID":  "0",
                                                                                                                                  "TargetID":  "0",
                                                                                                                                  "LUN":  "0",
                                                                                                                                  "ClassDeviceGuid":  "{00000000-0000-0000-0000-000000000000}",
                                                                                                                                  "DevicePdoCaps":  "1"
                                                                                                                              }
                                                                                                           },
                                                                                                           {
                                                                                                               "time_created":  "2026-08-26T12:24:53.7710726-04:00",
                                                                                                               "time_created_utc":  "2026-08-26T16:24:53.7710726Z",
                                                                                                               "provider":  "Microsoft-Windows-EnhancedStorage-ClassDriver",
                                                                                                               "log_name":  "Microsoft-Windows-EnhancedStorage-EhStorClass/Operational",
                                                                                                               "event_id":  104,
                                                                                                               "record_id":  1887,
                                                                                                               "level":  "Information",
                                                                                                               "message":  "Enhanced storage device with Class Disk Device Guid: {00000000-0000-0000-0000-000000000000} entered D0 power state.                    \r\nDevice type: IEEE1667                    \r\nDevice state: NoSecurity",
                                                                                                               "event_data":  {
                                                                                                                                  "PortNumber":  "0",
                                                                                                                                  "PathID":  "0",
                                                                                                                                  "TargetID":  "0",
                                                                                                                                  "LUN":  "0",
                                                                                                                                  "ClassDeviceGuid":  "{00000000-0000-0000-0000-000000000000}",
                                                                                                                                  "DeviceType":  "0",
                                                                                                                                  "DeviceState":  "0"
                                                                                                                              }
                                                                                                           }
                                                                                                       ]
                                                                                        },
                          "Microsoft-Windows-EnhancedStorage-EhStorTcgDrv/Analytic":  {
                                                                                          "enabled":  false,
                                                                                          "error":  "log_disabled",
                                                                                          "events":  [

                                                                                                     ]
                                                                                      },
                          "Microsoft-Windows-Hyper-V-Guest-Drivers/Admin":  {
                                                                                "enabled":  true,
                                                                                "error":  null,
                                                                                "events":  [

                                                                                           ]
                                                                            },
                          "Microsoft-Windows-Hyper-V-Guest-Drivers/Debug":  {
                                                                                "enabled":  false,
                                                                                "error":  "log_disabled",
                                                                                "events":  [

                                                                                           ]
                                                                            },
                          "Microsoft-Windows-StorageManagement/Debug":  {
                                                                            "enabled":  false,
                                                                            "error":  "log_disabled",
                                                                            "events":  [

                                                                                       ]
                                                                        },
                          "Microsoft-Windows-StorageManagement/Operational":  {
                                                                                  "enabled":  true,
                                                                                  "error":  null,
                                                                                  "events":  [
                                                                                                 {
                                                                                                     "time_created":  "2026-08-31T21:31:42.3208207-04:00",
                                                                                                     "time_created_utc":  "2026-09-01T01:31:42.3208207Z",
                                                                                                     "provider":  "Microsoft-Windows-StorageManagement",
                                                                                                     "log_name":  "Microsoft-Windows-StorageManagement/Operational",
                                                                                                     "event_id":  9,
                                                                                                     "record_id":  3290,
                                                                                                     "level":  "Information",
                                                                                                     "message":  "A Windows Storage Management WMI enumeration operation was performed.                   \r\nClass: MSFT_StorageJob                   \r\nResultCount: 0                   \r\nOperation time (milliseconds): 0",
                                                                                                     "event_data":  {
                                                                                                                        "ClassName":  "MSFT_StorageJob",
                                                                                                                        "ResultCount":  "0",
                                                                                                                        "OperationTime_msecs":  "0"
                                                                                                                    }
                                                                                                 },
                                                                                                 {
                                                                                                     "time_created":  "2026-08-31T21:31:42.3122042-04:00",
                                                                                                     "time_created_utc":  "2026-09-01T01:31:42.3122042Z",
                                                                                                     "provider":  "Microsoft-Windows-StorageManagement",
                                                                                                     "log_name":  "Microsoft-Windows-StorageManagement/Operational",
                                                                                                     "event_id":  7,
                                                                                                     "record_id":  3289,
                                                                                                     "level":  "Information",
                                                                                                     "message":  "The Windows Storage Provider host service was started successfully.                    \r\nStart time (milliseconds): 78",
                                                                                                     "event_data":  {
                                                                                                                        "StartTime_msecs":  "78"
                                                                                                                    }
                                                                                                 },
                                                                                                 {
                                                                                                     "time_created":  "2026-08-31T21:31:42.3120364-04:00",
                                                                                                     "time_created_utc":  "2026-09-01T01:31:42.3120364Z",
                                                                                                     "provider":  "Microsoft-Windows-StorageManagement-WSP-Host",
                                                                                                     "log_name":  "Microsoft-Windows-StorageManagement/Operational",
                                                                                                     "event_id":  1001,
                                                                                                     "record_id":  3288,
                                                                                                     "level":  "Information",
                                                                                                     "message":  "A Windows Storage Provider was loaded successfully.             \r\nProvider: wsp_health             \r\nProvider DLL: wsp_health.dll",
                                                                                                     "event_data":  {
                                                                                                                        "ProviderName":  "wsp_health",
                                                                                                                        "ProviderDLL":  "wsp_health.dll"
                                                                                                                    }
                                                                                                 },
                                                                                                 {
                                                                                                     "time_created":  "2026-08-31T21:31:42.3044527-04:00",
                                                                                                     "time_created_utc":  "2026-09-01T01:31:42.3044527Z",
                                                                                                     "provider":  "Microsoft-Windows-StorageManagement-WSP-Host",
                                                                                                     "log_name":  "Microsoft-Windows-StorageManagement/Operational",
                                                                                                     "event_id":  1001,
                                                                                                     "record_id":  3287,
                                                                                                     "level":  "Information",
                                                                                                     "message":  "A Windows Storage Provider was loaded successfully.             \r\nProvider: wsp_sr             \r\nProvider DLL: wsp_sr.dll",
                                                                                                     "event_data":  {
                                                                                                                        "ProviderName":  "wsp_sr",
                                                                                                                        "ProviderDLL":  "wsp_sr.dll"
                                                                                                                    }
                                                                                                 },
                                                                                                 {
                                                                                                     "time_created":  "2026-08-31T21:31:42.2969730-04:00",
                                                                                                     "time_created_utc":  "2026-09-01T01:31:42.2969730Z",
                                                                                                     "provider":  "Microsoft-Windows-StorageManagement-WSP-Host",
                                                                                                     "log_name":  "Microsoft-Windows-StorageManagement/Operational",
                                                                                                     "event_id":  1001,
                                                                                                     "record_id":  3286,
                                                                                                     "level":  "Information",
                                                                                                     "message":  "A Windows Storage Provider was loaded successfully.             \r\nProvider: wsp_fs             \r\nProvider DLL: wsp_fs.dll",
                                                                                                     "event_data":  {
                                                                                                                        "ProviderName":  "wsp_fs",
                                                                                                                        "ProviderDLL":  "wsp_fs.dll"
                                                                                                                    }
                                                                                                 },
                                                                                                 {
                                                                                                     "time_created":  "2026-08-31T21:31:42.2874404-04:00",
                                                                                                     "time_created_utc":  "2026-09-01T01:31:42.2874404Z",
                                                                                                     "provider":  "Microsoft-Windows-StorageManagement-WSP-Host",
                                                                                                     "log_name":  "Microsoft-Windows-StorageManagement/Operational",
                                                                                                     "event_id":  1001,
                                                                                                     "record_id":  3285,
                                                                                                     "level":  "Information",
                                                                                                     "message":  "A Windows Storage Provider was loaded successfully.             \r\nProvider: MISpace             \r\nProvider DLL: mispace.dll",
                                                                                                     "event_data":  {
                                                                                                                        "ProviderName":  "MISpace",
                                                                                                                        "ProviderDLL":  "mispace.dll"
                                                                                                                    }
                                                                                                 },
                                                                                                 {
                                                                                                     "time_created":  "2026-08-31T21:31:42.2865898-04:00",
                                                                                                     "time_created_utc":  "2026-09-01T01:31:42.2865898Z",
                                                                                                     "provider":  "Microsoft-Windows-StorageManagement-WSP-Spaces",
                                                                                                     "log_name":  "Microsoft-Windows-StorageManagement/Operational",
                                                                                                     "event_id":  2010,
                                                                                                     "record_id":  3284,
                                                                                                     "level":  "Information",
                                                                                                     "message":  "The Windows Storage Spaces and Disk provider was loaded.             \r\nLoad time (milliseconds): 0             \r\nMiresult: 0",
                                                                                                     "event_data":  {
                                                                                                                        "LoadTime_msecs":  "0",
                                                                                                                        "MI_Result":  "0"
                                                                                                                    }
                                                                                                 },
                                                                                                 {
                                                                                                     "time_created":  "2026-08-31T21:31:42.2865568-04:00",
                                                                                                     "time_created_utc":  "2026-09-01T01:31:42.2865568Z",
                                                                                                     "provider":  "Microsoft-Windows-StorageManagement-WSP-Spaces",
                                                                                                     "log_name":  "Microsoft-Windows-StorageManagement/Operational",
                                                                                                     "event_id":  2023,
                                                                                                     "record_id":  3283,
                                                                                                     "level":  "Information",
                                                                                                     "message":  "Successfully initialized the Storage Management Provider.             \r\nFunction: CSpProvider::Initialize             \r\nDuration (milliseconds): 2",
                                                                                                     "event_data":  {
                                                                                                                        "Function":  "CSpProvider::Initialize",
                                                                                                                        "Runtime_msecs":  "2"
                                                                                                                    }
                                                                                                 },
                                                                                                 {
                                                                                                     "time_created":  "2026-08-31T21:31:42.2863718-04:00",
                                                                                                     "time_created_utc":  "2026-09-01T01:31:42.2863718Z",
                                                                                                     "provider":  "Microsoft-Windows-StorageManagement-WSP-Spaces",
                                                                                                     "log_name":  "Microsoft-Windows-StorageManagement/Operational",
                                                                                                     "event_id":  2027,
                                                                                                     "record_id":  3282,
                                                                                                     "level":  "Information",
                                                                                                     "message":  "Successfully initialized Extended Storage Spaces API.             \r\nFunction: SuInitializeEx             \r\nDuration (milliseconds): 0",
                                                                                                     "event_data":  {
                                                                                                                        "Function":  "SuInitializeEx",
                                                                                                                        "Runtime_msecs":  "0"
                                                                                                                    }
                                                                                                 },
                                                                                                 {
                                                                                                     "time_created":  "2026-08-31T21:31:42.2397375-04:00",
                                                                                                     "time_created_utc":  "2026-09-01T01:31:42.2397375Z",
                                                                                                     "provider":  "Microsoft-Windows-StorageManagement",
                                                                                                     "log_name":  "Microsoft-Windows-StorageManagement/Operational",
                                                                                                     "event_id":  8,
                                                                                                     "record_id":  3281,
                                                                                                     "level":  "Information",
                                                                                                     "message":  "The Windows Storage Management WMI Provider was loaded.                    \r\nLoad time (milliseconds): 0",
                                                                                                     "event_data":  {
                                                                                                                        "LoadTime_msecs":  "0"
                                                                                                                    }
                                                                                                 },
                                                                                                 {
                                                                                                     "time_created":  "2026-08-31T20:24:41.9904030-04:00",
                                                                                                     "time_created_utc":  "2026-09-01T00:24:41.9904030Z",
                                                                                                     "provider":  "Microsoft-Windows-StorageManagement",
                                                                                                     "log_name":  "Microsoft-Windows-StorageManagement/Operational",
                                                                                                     "event_id":  9,
                                                                                                     "record_id":  3280,
                                                                                                     "level":  "Information",
                                                                                                     "message":  "A Windows Storage Management WMI enumeration operation was performed.                   \r\nClass: MSFT_PhysicalDisk                   \r\nResultCount: 6                   \r\nOperation time (milliseconds): 15",
                                                                                                     "event_data":  {
                                                                                                                        "ClassName":  "MSFT_PhysicalDisk",
                                                                                                                        "ResultCount":  "6",
                                                                                                                        "OperationTime_msecs":  "15"
                                                                                                                    }
                                                                                                 },
                                                                                                 {
                                                                                                     "time_created":  "2026-08-31T20:24:41.9733326-04:00",
                                                                                                     "time_created_utc":  "2026-09-01T00:24:41.9733326Z",
                                                                                                     "provider":  "Microsoft-Windows-StorageManagement",
                                                                                                     "log_name":  "Microsoft-Windows-StorageManagement/Operational",
                                                                                                     "event_id":  8,
                                                                                                     "record_id":  3279,
                                                                                                     "level":  "Information",
                                                                                                     "message":  "The Windows Storage Management WMI Provider was loaded.                    \r\nLoad time (milliseconds): 0",
                                                                                                     "event_data":  {
                                                                                                                        "LoadTime_msecs":  "0"
                                                                                                                    }
                                                                                                 },
