                                                                                             {
                                                                                                 "time_created":  "2026-08-26T12:24:53.9390448-04:00",
                                                                                                 "time_created_utc":  "2026-08-26T16:24:53.9390448Z",
                                                                                                 "provider":  "Microsoft-Windows-StorageVolume",
                                                                                                 "log_name":  "Microsoft-Windows-StorageVolume/Operational",
                                                                                                 "event_id":  1001,
                                                                                                 "record_id":  2628,
                                                                                                 "level":  "Information",
                                                                                                 "message":  "Volume arrived: volume 11 disk 0 offset 17408.",
                                                                                                 "event_data":  {
                                                                                                                    "VolumeNumber":  "11",
                                                                                                                    "DiskInstancePath":  "SCSI\\Disk\u0026Ven_\u0026Prod_KINGSTON_SA400S3\\7\u0026397bf10f\u00260\u0026000000",
                                                                                                                    "DiskNumber":  "0",
                                                                                                                    "PartitionOffset":  "17408"
                                                                                                                }
                                                                                             },
                                                                                             {
                                                                                                 "time_created":  "2026-08-26T12:24:53.9087347-04:00",
                                                                                                 "time_created_utc":  "2026-08-26T16:24:53.9087347Z",
                                                                                                 "provider":  "Microsoft-Windows-StorageVolume",
                                                                                                 "log_name":  "Microsoft-Windows-StorageVolume/Operational",
                                                                                                 "event_id":  1001,
                                                                                                 "record_id":  2627,
                                                                                                 "level":  "Information",
                                                                                                 "message":  "Volume arrived: volume 10 disk 5 offset 210763776.",
                                                                                                 "event_data":  {
                                                                                                                    "VolumeNumber":  "10",
                                                                                                                    "DiskInstancePath":  "SCSI\\Disk\u0026Ven_NVMe\u0026Prod_WDS100T3X0C-00SJ\\9\u00267aa6bf9\u00260\u0026000000",
                                                                                                                    "DiskNumber":  "5",
                                                                                                                    "PartitionOffset":  "210763776"
                                                                                                                }
                                                                                             },
                                                                                             {
                                                                                                 "time_created":  "2026-08-26T12:24:53.9087245-04:00",
                                                                                                 "time_created_utc":  "2026-08-26T16:24:53.9087245Z",
                                                                                                 "provider":  "Microsoft-Windows-StorageVolume",
                                                                                                 "log_name":  "Microsoft-Windows-StorageVolume/Operational",
                                                                                                 "event_id":  1001,
                                                                                                 "record_id":  2626,
                                                                                                 "level":  "Information",
                                                                                                 "message":  "Volume arrived: volume 9 disk 5 offset 20480.",
                                                                                                 "event_data":  {
                                                                                                                    "VolumeNumber":  "9",
                                                                                                                    "DiskInstancePath":  "SCSI\\Disk\u0026Ven_NVMe\u0026Prod_WDS100T3X0C-00SJ\\9\u00267aa6bf9\u00260\u0026000000",
                                                                                                                    "DiskNumber":  "5",
                                                                                                                    "PartitionOffset":  "20480"
                                                                                                                }
                                                                                             },
                                                                                             {
                                                                                                 "time_created":  "2026-08-26T12:24:53.9002015-04:00",
                                                                                                 "time_created_utc":  "2026-08-26T16:24:53.9002015Z",
                                                                                                 "provider":  "Microsoft-Windows-StorageVolume",
                                                                                                 "log_name":  "Microsoft-Windows-StorageVolume/Operational",
                                                                                                 "event_id":  1001,
                                                                                                 "record_id":  2625,
                                                                                                 "level":  "Information",
                                                                                                 "message":  "Volume arrived: volume 8 disk 4 offset 576716800.",
                                                                                                 "event_data":  {
                                                                                                                    "VolumeNumber":  "8",
                                                                                                                    "DiskInstancePath":  "SCSI\\Disk\u0026Ven_NVMe\u0026Prod_Samsung_SSD_980\\9\u0026e237fb9\u00260\u0026000000",
                                                                                                                    "DiskNumber":  "4",
                                                                                                                    "PartitionOffset":  "576716800"
                                                                                                                }
                                                                                             },
                                                                                             {
                                                                                                 "time_created":  "2026-08-26T12:24:53.9001914-04:00",
                                                                                                 "time_created_utc":  "2026-08-26T16:24:53.9001914Z",
                                                                                                 "provider":  "Microsoft-Windows-StorageVolume",
                                                                                                 "log_name":  "Microsoft-Windows-StorageVolume/Operational",
                                                                                                 "event_id":  1001,
                                                                                                 "record_id":  2624,
                                                                                                 "level":  "Information",
                                                                                                 "message":  "Volume arrived: volume 7 disk 4 offset 1048576.",
                                                                                                 "event_data":  {
                                                                                                                    "VolumeNumber":  "7",
                                                                                                                    "DiskInstancePath":  "SCSI\\Disk\u0026Ven_NVMe\u0026Prod_Samsung_SSD_980\\9\u0026e237fb9\u00260\u0026000000",
                                                                                                                    "DiskNumber":  "4",
                                                                                                                    "PartitionOffset":  "1048576"
                                                                                                                }
                                                                                             },
                                                                                             {
                                                                                                 "time_created":  "2026-08-26T12:24:53.8953090-04:00",
                                                                                                 "time_created_utc":  "2026-08-26T16:24:53.8953090Z",
                                                                                                 "provider":  "Microsoft-Windows-StorageVolume",
                                                                                                 "log_name":  "Microsoft-Windows-StorageVolume/Operational",
                                                                                                 "event_id":  1001,
                                                                                                 "record_id":  2623,
                                                                                                 "level":  "Information",
                                                                                                 "message":  "Volume arrived: volume 6 disk 3 offset 3999911641088.",
                                                                                                 "event_data":  {
                                                                                                                    "VolumeNumber":  "6",
                                                                                                                    "DiskInstancePath":  "SCSI\\Disk\u0026Ven_NVMe\u0026Prod_Samsung_SSD_990\\7\u0026480bd4b\u00260\u0026000000",
                                                                                                                    "DiskNumber":  "3",
                                                                                                                    "PartitionOffset":  "3999911641088"
                                                                                                                }
                                                                                             },
                                                                                             {
                                                                                                 "time_created":  "2026-08-26T12:24:53.8952996-04:00",
                                                                                                 "time_created_utc":  "2026-08-26T16:24:53.8952996Z",
                                                                                                 "provider":  "Microsoft-Windows-StorageVolume",
                                                                                                 "log_name":  "Microsoft-Windows-StorageVolume/Operational",
                                                                                                 "event_id":  1001,
                                                                                                 "record_id":  2622,
                                                                                                 "level":  "Information",
                                                                                                 "message":  "Volume arrived: volume 5 disk 3 offset 122683392.",
                                                                                                 "event_data":  {
                                                                                                                    "VolumeNumber":  "5",
                                                                                                                    "DiskInstancePath":  "SCSI\\Disk\u0026Ven_NVMe\u0026Prod_Samsung_SSD_990\\7\u0026480bd4b\u00260\u0026000000",
                                                                                                                    "DiskNumber":  "3",
                                                                                                                    "PartitionOffset":  "122683392"
                                                                                                                }
                                                                                             },
                                                                                             {
                                                                                                 "time_created":  "2026-08-26T12:24:53.8952896-04:00",
                                                                                                 "time_created_utc":  "2026-08-26T16:24:53.8952896Z",
                                                                                                 "provider":  "Microsoft-Windows-StorageVolume",
                                                                                                 "log_name":  "Microsoft-Windows-StorageVolume/Operational",
                                                                                                 "event_id":  1001,
                                                                                                 "record_id":  2621,
                                                                                                 "level":  "Information",
                                                                                                 "message":  "Volume arrived: volume 4 disk 3 offset 105906176.",
                                                                                                 "event_data":  {
                                                                                                                    "VolumeNumber":  "4",
                                                                                                                    "DiskInstancePath":  "SCSI\\Disk\u0026Ven_NVMe\u0026Prod_Samsung_SSD_990\\7\u0026480bd4b\u00260\u0026000000",
                                                                                                                    "DiskNumber":  "3",
                                                                                                                    "PartitionOffset":  "105906176"
                                                                                                                }
                                                                                             },
                                                                                             {
                                                                                                 "time_created":  "2026-08-26T12:24:53.8952793-04:00",
                                                                                                 "time_created_utc":  "2026-08-26T16:24:53.8952793Z",
                                                                                                 "provider":  "Microsoft-Windows-StorageVolume",
                                                                                                 "log_name":  "Microsoft-Windows-StorageVolume/Operational",
                                                                                                 "event_id":  1001,
                                                                                                 "record_id":  2620,
                                                                                                 "level":  "Information",
                                                                                                 "message":  "Volume arrived: volume 3 disk 3 offset 1048576.",
                                                                                                 "event_data":  {
                                                                                                                    "VolumeNumber":  "3",
                                                                                                                    "DiskInstancePath":  "SCSI\\Disk\u0026Ven_NVMe\u0026Prod_Samsung_SSD_990\\7\u0026480bd4b\u00260\u0026000000",
                                                                                                                    "DiskNumber":  "3",
                                                                                                                    "PartitionOffset":  "1048576"
                                                                                                                }
                                                                                             },
                                                                                             {
                                                                                                 "time_created":  "2026-08-26T12:24:53.8892843-04:00",
                                                                                                 "time_created_utc":  "2026-08-26T16:24:53.8892843Z",
                                                                                                 "provider":  "Microsoft-Windows-StorageVolume",
                                                                                                 "log_name":  "Microsoft-Windows-StorageVolume/Operational",
                                                                                                 "event_id":  1001,
                                                                                                 "record_id":  2619,
                                                                                                 "level":  "Information",
                                                                                                 "message":  "Volume arrived: volume 2 disk 2 offset 16777216.",
                                                                                                 "event_data":  {
                                                                                                                    "VolumeNumber":  "2",
                                                                                                                    "DiskInstancePath":  "SCSI\\Disk\u0026Ven_NVMe\u0026Prod_CT2000T710SSD8\\5\u002624c9a69\u00260\u0026000000",
                                                                                                                    "DiskNumber":  "2",
                                                                                                                    "PartitionOffset":  "16777216"
                                                                                                                }
                                                                                             },
                                                                                             {
                                                                                                 "time_created":  "2026-08-26T12:24:53.8892677-04:00",
                                                                                                 "time_created_utc":  "2026-08-26T16:24:53.8892677Z",
                                                                                                 "provider":  "Microsoft-Windows-StorageVolume",
                                                                                                 "log_name":  "Microsoft-Windows-StorageVolume/Operational",
                                                                                                 "event_id":  1001,
                                                                                                 "record_id":  2618,
                                                                                                 "level":  "Information",
                                                                                                 "message":  "Volume arrived: volume 1 disk 2 offset 17408.",
                                                                                                 "event_data":  {
                                                                                                                    "VolumeNumber":  "1",
                                                                                                                    "DiskInstancePath":  "SCSI\\Disk\u0026Ven_NVMe\u0026Prod_CT2000T710SSD8\\5\u002624c9a69\u00260\u0026000000",
                                                                                                                    "DiskNumber":  "2",
                                                                                                                    "PartitionOffset":  "17408"
                                                                                                                }
                                                                                             }
                                                                                         ]
                                                                          },
                          "System":  {
                                         "enabled":  true,
                                         "error":  null,
                                         "events":  [

                                                    ]
                                     }
                      }
}
