                                                                                                 {
                                                                                                     "time_created":  "2026-08-27T23:37:28.9295347-04:00",
                                                                                                     "time_created_utc":  "2026-08-28T03:37:28.9295347Z",
                                                                                                     "provider":  "Microsoft-Windows-StorageManagement-WSP-Spaces",
                                                                                                     "log_name":  "Microsoft-Windows-StorageManagement/Operational",
                                                                                                     "event_id":  2029,
                                                                                                     "record_id":  3259,
                                                                                                     "level":  "Information",
                                                                                                     "message":  "Successfully cleaned up Extended Storage Spaces API.             \r\nFunction: SuCleanupEx             \r\nDuration (milliseconds): 0",
                                                                                                     "event_data":  {
                                                                                                                        "Function":  "SuCleanupEx",
                                                                                                                        "Runtime_msecs":  "0"
                                                                                                                    }
                                                                                                 },
                                                                                                 {
                                                                                                     "time_created":  "2026-08-27T23:37:28.9150993-04:00",
                                                                                                     "time_created_utc":  "2026-08-28T03:37:28.9150993Z",
                                                                                                     "provider":  "Microsoft-Windows-StorageManagement-WSP-Host",
                                                                                                     "log_name":  "Microsoft-Windows-StorageManagement/Operational",
                                                                                                     "event_id":  1002,
                                                                                                     "record_id":  3258,
                                                                                                     "level":  "Information",
                                                                                                     "message":  "Shutdown has been initiated for the Windows Storage Provider host service.",
                                                                                                     "event_data":  {
                                                                                                                        "index_0":  ""
                                                                                                                    }
                                                                                                 },
                                                                                                 {
                                                                                                     "time_created":  "2026-08-27T23:22:28.9105715-04:00",
                                                                                                     "time_created_utc":  "2026-08-28T03:22:28.9105715Z",
                                                                                                     "provider":  "Microsoft-Windows-StorageManagement",
                                                                                                     "log_name":  "Microsoft-Windows-StorageManagement/Operational",
                                                                                                     "event_id":  9,
                                                                                                     "record_id":  3257,
                                                                                                     "level":  "Information",
                                                                                                     "message":  "A Windows Storage Management WMI enumeration operation was performed.                   \r\nClass: MSFT_PhysicalDisk                   \r\nResultCount: 6                   \r\nOperation time (milliseconds): 0",
                                                                                                     "event_data":  {
                                                                                                                        "ClassName":  "MSFT_PhysicalDisk",
                                                                                                                        "ResultCount":  "6",
                                                                                                                        "OperationTime_msecs":  "0"
                                                                                                                    }
                                                                                                 },
                                                                                                 {
                                                                                                     "time_created":  "2026-08-27T23:22:28.8979020-04:00",
                                                                                                     "time_created_utc":  "2026-08-28T03:22:28.8979020Z",
                                                                                                     "provider":  "Microsoft-Windows-StorageManagement",
                                                                                                     "log_name":  "Microsoft-Windows-StorageManagement/Operational",
                                                                                                     "event_id":  9,
                                                                                                     "record_id":  3256,
                                                                                                     "level":  "Information",
                                                                                                     "message":  "A Windows Storage Management WMI enumeration operation was performed.                   \r\nClass: MSFT_PhysicalDisk                   \r\nResultCount: 6                   \r\nOperation time (milliseconds): 0",
                                                                                                     "event_data":  {
                                                                                                                        "ClassName":  "MSFT_PhysicalDisk",
                                                                                                                        "ResultCount":  "6",
                                                                                                                        "OperationTime_msecs":  "0"
                                                                                                                    }
                                                                                                 },
                                                                                                 {
                                                                                                     "time_created":  "2026-08-27T23:22:28.8828600-04:00",
                                                                                                     "time_created_utc":  "2026-08-28T03:22:28.8828600Z",
                                                                                                     "provider":  "Microsoft-Windows-StorageManagement",
                                                                                                     "log_name":  "Microsoft-Windows-StorageManagement/Operational",
                                                                                                     "event_id":  9,
                                                                                                     "record_id":  3255,
                                                                                                     "level":  "Information",
                                                                                                     "message":  "A Windows Storage Management WMI enumeration operation was performed.                   \r\nClass: MSFT_PhysicalDisk                   \r\nResultCount: 6                   \r\nOperation time (milliseconds): 0",
                                                                                                     "event_data":  {
                                                                                                                        "ClassName":  "MSFT_PhysicalDisk",
                                                                                                                        "ResultCount":  "6",
                                                                                                                        "OperationTime_msecs":  "0"
                                                                                                                    }
                                                                                                 },
                                                                                                 {
                                                                                                     "time_created":  "2026-08-27T23:22:28.8679090-04:00",
                                                                                                     "time_created_utc":  "2026-08-28T03:22:28.8679090Z",
                                                                                                     "provider":  "Microsoft-Windows-StorageManagement",
                                                                                                     "log_name":  "Microsoft-Windows-StorageManagement/Operational",
                                                                                                     "event_id":  9,
                                                                                                     "record_id":  3254,
                                                                                                     "level":  "Information",
                                                                                                     "message":  "A Windows Storage Management WMI enumeration operation was performed.                   \r\nClass: MSFT_PhysicalDisk                   \r\nResultCount: 6                   \r\nOperation time (milliseconds): 0",
                                                                                                     "event_data":  {
                                                                                                                        "ClassName":  "MSFT_PhysicalDisk",
                                                                                                                        "ResultCount":  "6",
                                                                                                                        "OperationTime_msecs":  "0"
                                                                                                                    }
                                                                                                 },
                                                                                                 {
                                                                                                     "time_created":  "2026-08-27T23:22:28.8544282-04:00",
                                                                                                     "time_created_utc":  "2026-08-28T03:22:28.8544282Z",
                                                                                                     "provider":  "Microsoft-Windows-StorageManagement",
                                                                                                     "log_name":  "Microsoft-Windows-StorageManagement/Operational",
                                                                                                     "event_id":  9,
                                                                                                     "record_id":  3253,
                                                                                                     "level":  "Information",
                                                                                                     "message":  "A Windows Storage Management WMI enumeration operation was performed.                   \r\nClass: MSFT_PhysicalDisk                   \r\nResultCount: 6                   \r\nOperation time (milliseconds): 0",
                                                                                                     "event_data":  {
                                                                                                                        "ClassName":  "MSFT_PhysicalDisk",
                                                                                                                        "ResultCount":  "6",
                                                                                                                        "OperationTime_msecs":  "0"
                                                                                                                    }
                                                                                                 },
                                                                                                 {
                                                                                                     "time_created":  "2026-08-27T23:22:28.8265990-04:00",
                                                                                                     "time_created_utc":  "2026-08-28T03:22:28.8265990Z",
                                                                                                     "provider":  "Microsoft-Windows-StorageManagement",
                                                                                                     "log_name":  "Microsoft-Windows-StorageManagement/Operational",
                                                                                                     "event_id":  9,
                                                                                                     "record_id":  3252,
                                                                                                     "level":  "Information",
                                                                                                     "message":  "A Windows Storage Management WMI enumeration operation was performed.                   \r\nClass: MSFT_PhysicalDisk                   \r\nResultCount: 6                   \r\nOperation time (milliseconds): 31",
                                                                                                     "event_data":  {
                                                                                                                        "ClassName":  "MSFT_PhysicalDisk",
                                                                                                                        "ResultCount":  "6",
                                                                                                                        "OperationTime_msecs":  "31"
                                                                                                                    }
                                                                                                 },
                                                                                                 {
                                                                                                     "time_created":  "2026-08-27T23:22:28.7956072-04:00",
                                                                                                     "time_created_utc":  "2026-08-28T03:22:28.7956072Z",
                                                                                                     "provider":  "Microsoft-Windows-StorageManagement",
                                                                                                     "log_name":  "Microsoft-Windows-StorageManagement/Operational",
                                                                                                     "event_id":  7,
                                                                                                     "record_id":  3251,
                                                                                                     "level":  "Information",
                                                                                                     "message":  "The Windows Storage Provider host service was started successfully.                    \r\nStart time (milliseconds): 78",
                                                                                                     "event_data":  {
                                                                                                                        "StartTime_msecs":  "78"
                                                                                                                    }
                                                                                                 },
                                                                                                 {
                                                                                                     "time_created":  "2026-08-27T23:22:28.7954539-04:00",
                                                                                                     "time_created_utc":  "2026-08-28T03:22:28.7954539Z",
                                                                                                     "provider":  "Microsoft-Windows-StorageManagement-WSP-Host",
                                                                                                     "log_name":  "Microsoft-Windows-StorageManagement/Operational",
                                                                                                     "event_id":  1001,
                                                                                                     "record_id":  3250,
                                                                                                     "level":  "Information",
                                                                                                     "message":  "A Windows Storage Provider was loaded successfully.             \r\nProvider: wsp_health             \r\nProvider DLL: wsp_health.dll",
                                                                                                     "event_data":  {
                                                                                                                        "ProviderName":  "wsp_health",
                                                                                                                        "ProviderDLL":  "wsp_health.dll"
                                                                                                                    }
                                                                                                 },
                                                                                                 {
                                                                                                     "time_created":  "2026-08-27T23:22:28.7858416-04:00",
                                                                                                     "time_created_utc":  "2026-08-28T03:22:28.7858416Z",
                                                                                                     "provider":  "Microsoft-Windows-StorageManagement-WSP-Host",
                                                                                                     "log_name":  "Microsoft-Windows-StorageManagement/Operational",
                                                                                                     "event_id":  1001,
                                                                                                     "record_id":  3249,
                                                                                                     "level":  "Information",
                                                                                                     "message":  "A Windows Storage Provider was loaded successfully.             \r\nProvider: wsp_sr             \r\nProvider DLL: wsp_sr.dll",
                                                                                                     "event_data":  {
                                                                                                                        "ProviderName":  "wsp_sr",
                                                                                                                        "ProviderDLL":  "wsp_sr.dll"
                                                                                                                    }
                                                                                                 },
                                                                                                 {
                                                                                                     "time_created":  "2026-08-27T23:22:28.7762042-04:00",
                                                                                                     "time_created_utc":  "2026-08-28T03:22:28.7762042Z",
                                                                                                     "provider":  "Microsoft-Windows-StorageManagement-WSP-Host",
                                                                                                     "log_name":  "Microsoft-Windows-StorageManagement/Operational",
                                                                                                     "event_id":  1001,
                                                                                                     "record_id":  3248,
                                                                                                     "level":  "Information",
                                                                                                     "message":  "A Windows Storage Provider was loaded successfully.             \r\nProvider: wsp_fs             \r\nProvider DLL: wsp_fs.dll",
                                                                                                     "event_data":  {
                                                                                                                        "ProviderName":  "wsp_fs",
                                                                                                                        "ProviderDLL":  "wsp_fs.dll"
                                                                                                                    }
                                                                                                 },
                                                                                                 {
                                                                                                     "time_created":  "2026-08-27T23:22:28.7667981-04:00",
                                                                                                     "time_created_utc":  "2026-08-28T03:22:28.7667981Z",
                                                                                                     "provider":  "Microsoft-Windows-StorageManagement-WSP-Host",
                                                                                                     "log_name":  "Microsoft-Windows-StorageManagement/Operational",
                                                                                                     "event_id":  1001,
                                                                                                     "record_id":  3247,
                                                                                                     "level":  "Information",
                                                                                                     "message":  "A Windows Storage Provider was loaded successfully.             \r\nProvider: MISpace             \r\nProvider DLL: mispace.dll",
                                                                                                     "event_data":  {
                                                                                                                        "ProviderName":  "MISpace",
                                                                                                                        "ProviderDLL":  "mispace.dll"
                                                                                                                    }
                                                                                                 },
                                                                                                 {
                                                                                                     "time_created":  "2026-08-27T23:22:28.7653997-04:00",
                                                                                                     "time_created_utc":  "2026-08-28T03:22:28.7653997Z",
                                                                                                     "provider":  "Microsoft-Windows-StorageManagement-WSP-Spaces",
                                                                                                     "log_name":  "Microsoft-Windows-StorageManagement/Operational",
                                                                                                     "event_id":  2010,
                                                                                                     "record_id":  3246,
                                                                                                     "level":  "Information",
                                                                                                     "message":  "The Windows Storage Spaces and Disk provider was loaded.             \r\nLoad time (milliseconds): 16             \r\nMiresult: 0",
                                                                                                     "event_data":  {
                                                                                                                        "LoadTime_msecs":  "16",
                                                                                                                        "MI_Result":  "0"
                                                                                                                    }
                                                                                                 },
                                                                                                 {
                                                                                                     "time_created":  "2026-08-27T23:22:28.7653754-04:00",
                                                                                                     "time_created_utc":  "2026-08-28T03:22:28.7653754Z",
                                                                                                     "provider":  "Microsoft-Windows-StorageManagement-WSP-Spaces",
                                                                                                     "log_name":  "Microsoft-Windows-StorageManagement/Operational",
                                                                                                     "event_id":  2023,
                                                                                                     "record_id":  3245,
                                                                                                     "level":  "Information",
                                                                                                     "message":  "Successfully initialized the Storage Management Provider.             \r\nFunction: CSpProvider::Initialize             \r\nDuration (milliseconds): 2",
                                                                                                     "event_data":  {
                                                                                                                        "Function":  "CSpProvider::Initialize",
                                                                                                                        "Runtime_msecs":  "2"
                                                                                                                    }
                                                                                                 },
                                                                                                 {
                                                                                                     "time_created":  "2026-08-27T23:22:28.7652041-04:00",
                                                                                                     "time_created_utc":  "2026-08-28T03:22:28.7652041Z",
                                                                                                     "provider":  "Microsoft-Windows-StorageManagement-WSP-Spaces",
                                                                                                     "log_name":  "Microsoft-Windows-StorageManagement/Operational",
                                                                                                     "event_id":  2027,
                                                                                                     "record_id":  3244,
                                                                                                     "level":  "Information",
                                                                                                     "message":  "Successfully initialized Extended Storage Spaces API.             \r\nFunction: SuInitializeEx             \r\nDuration (milliseconds): 0",
                                                                                                     "event_data":  {
                                                                                                                        "Function":  "SuInitializeEx",
                                                                                                                        "Runtime_msecs":  "0"
                                                                                                                    }
                                                                                                 },
                                                                                                 {
                                                                                                     "time_created":  "2026-08-27T23:22:28.7113514-04:00",
                                                                                                     "time_created_utc":  "2026-08-28T03:22:28.7113514Z",
                                                                                                     "provider":  "Microsoft-Windows-StorageManagement",
                                                                                                     "log_name":  "Microsoft-Windows-StorageManagement/Operational",
                                                                                                     "event_id":  8,
                                                                                                     "record_id":  3243,
                                                                                                     "level":  "Information",
                                                                                                     "message":  "The Windows Storage Management WMI Provider was loaded.                    \r\nLoad time (milliseconds): 0",
                                                                                                     "event_data":  {
                                                                                                                        "LoadTime_msecs":  "0"
                                                                                                                    }
                                                                                                 }
                                                                                             ]
                                                                              },
                          "Microsoft-Windows-StorageManagement-PartUtil/Operational":  {
                                                                                           "enabled":  true,
                                                                                           "error":  null,
                                                                                           "events":  [

                                                                                                      ]
                                                                                       },
                          "Microsoft-Windows-StorageSettings/Diagnostic":  {
                                                                               "enabled":  true,
                                                                               "error":  null,
                                                                               "events":  [

                                                                                          ]
                                                                           },
                          "Microsoft-Windows-StorageSpaces-Api/Operational":  {
                                                                                  "enabled":  true,
                                                                                  "error":  null,
                                                                                  "events":  [

                                                                                             ]
                                                                              },
                          "Microsoft-Windows-StorageSpaces-Driver/Diagnostic":  {
                                                                                    "enabled":  true,
                                                                                    "error":  null,
                                                                                    "events":  [

                                                                                               ]
                                                                                },
                          "Microsoft-Windows-StorageSpaces-Driver/Operational":  {
                                                                                     "enabled":  true,
                                                                                     "error":  null,
                                                                                     "events":  [
                                                                                                    {
                                                                                                        "time_created":  "2026-08-31T20:56:38.8861835-04:00",
                                                                                                        "time_created_utc":  "2026-09-01T00:56:38.8861835Z",
                                                                                                        "provider":  "Microsoft-Windows-StorageSpaces-Driver",
                                                                                                        "log_name":  "Microsoft-Windows-StorageSpaces-Driver/Operational",
                                                                                                        "event_id":  207,
                                                                                                        "record_id":  1251,
                                                                                                        "level":  "Information",
                                                                                                        "message":  "Physical disk {858600db-e253-fd8b-ec38-d3f00750e819} arrived.                  \r\nPool Id: {00000000-0000-0000-0000-000000000000}                  \r\nDrive Number: 1                  \r\nDrive Manufacturer: NULL                  \r\nDrive Model Number: WDC WD4005FZBX-00K5WB0                  \r\nDrive Serial Number: VBGAMVKF",
                                                                                                        "event_data":  {
                                                                                                                           "DriveId":  "{858600db-e253-fd8b-ec38-d3f00750e819}",
                                                                                                                           "PoolId":  "{00000000-0000-0000-0000-000000000000}",
                                                                                                                           "DeviceNumber":  "1",
                                                                                                                           "DriveManufacturer":  "NULL",
                                                                                                                           "DriveModel":  "WDC WD4005FZBX-00K5WB0",
                                                                                                                           "DriveSerial":  "VBGAMVKF"
                                                                                                                       }
                                                                                                    },
                                                                                                    {
                                                                                                        "time_created":  "2026-08-31T20:56:38.8618870-04:00",
                                                                                                        "time_created_utc":  "2026-09-01T00:56:38.8618870Z",
                                                                                                        "provider":  "Microsoft-Windows-StorageSpaces-Driver",
                                                                                                        "log_name":  "Microsoft-Windows-StorageSpaces-Driver/Operational",
                                                                                                        "event_id":  207,
                                                                                                        "record_id":  1250,
                                                                                                        "level":  "Information",
                                                                                                        "message":  "Physical disk {df6e3474-9117-e2ff-269e-57b9babf1fb4} arrived.                  \r\nPool Id: {00000000-0000-0000-0000-000000000000}                  \r\nDrive Number: 0                  \r\nDrive Manufacturer: NULL                  \r\nDrive Model Number: KINGSTON SA400S37480G                  \r\nDrive Serial Number: 50026B7783992A81",
                                                                                                        "event_data":  {
                                                                                                                           "DriveId":  "{df6e3474-9117-e2ff-269e-57b9babf1fb4}",
                                                                                                                           "PoolId":  "{00000000-0000-0000-0000-000000000000}",
                                                                                                                           "DeviceNumber":  "0",
                                                                                                                           "DriveManufacturer":  "NULL",
                                                                                                                           "DriveModel":  "KINGSTON SA400S37480G",
                                                                                                                           "DriveSerial":  "50026B7783992A81"
                                                                                                                       }
                                                                                                    },
                                                                                                    {
                                                                                                        "time_created":  "2026-08-31T20:56:38.8316027-04:00",
                                                                                                        "time_created_utc":  "2026-09-01T00:56:38.8316027Z",
                                                                                                        "provider":  "Microsoft-Windows-StorageSpaces-Driver",
                                                                                                        "log_name":  "Microsoft-Windows-StorageSpaces-Driver/Operational",
                                                                                                        "event_id":  207,
                                                                                                        "record_id":  1249,
                                                                                                        "level":  "Information",
                                                                                                        "message":  "Physical disk {8a28a0b1-9ef8-8e9d-faf5-ed2b5aa46426} arrived.                  \r\nPool Id: {00000000-0000-0000-0000-000000000000}                  \r\nDrive Number: 5                  \r\nDrive Manufacturer: NULL                  \r\nDrive Model Number: WDS100T3X0C-00SJG0                  \r\nDrive Serial Number: E823_8FA6_BF53_0001_001B_448B_4911_6F9C.",
                                                                                                        "event_data":  {
                                                                                                                           "DriveId":  "{8a28a0b1-9ef8-8e9d-faf5-ed2b5aa46426}",
                                                                                                                           "PoolId":  "{00000000-0000-0000-0000-000000000000}",
                                                                                                                           "DeviceNumber":  "5",
                                                                                                                           "DriveManufacturer":  "NULL",
                                                                                                                           "DriveModel":  "WDS100T3X0C-00SJG0",
                                                                                                                           "DriveSerial":  "E823_8FA6_BF53_0001_001B_448B_4911_6F9C."
                                                                                                                       }
                                                                                                    },
                                                                                                    {
                                                                                                        "time_created":  "2026-08-31T20:56:38.8231241-04:00",
                                                                                                        "time_created_utc":  "2026-09-01T00:56:38.8231241Z",
                                                                                                        "provider":  "Microsoft-Windows-StorageSpaces-Driver",
                                                                                                        "log_name":  "Microsoft-Windows-StorageSpaces-Driver/Operational",
                                                                                                        "event_id":  207,
                                                                                                        "record_id":  1248,
                                                                                                        "level":  "Information",
                                                                                                        "message":  "Physical disk {bda231e2-4651-2990-25a1-fc9ad073704c} arrived.                  \r\nPool Id: {00000000-0000-0000-0000-000000000000}                  \r\nDrive Number: 4                  \r\nDrive Manufacturer: NULL                  \r\nDrive Model Number: Samsung SSD 980 PRO 1TB                  \r\nDrive Serial Number: 0025_38BC_0151_E080.",
                                                                                                        "event_data":  {
                                                                                                                           "DriveId":  "{bda231e2-4651-2990-25a1-fc9ad073704c}",
                                                                                                                           "PoolId":  "{00000000-0000-0000-0000-000000000000}",
                                                                                                                           "DeviceNumber":  "4",
                                                                                                                           "DriveManufacturer":  "NULL",
                                                                                                                           "DriveModel":  "Samsung SSD 980 PRO 1TB",
                                                                                                                           "DriveSerial":  "0025_38BC_0151_E080."
                                                                                                                       }
                                                                                                    },
