                                                                                                    {
                                                                                                        "time_created":  "2026-08-26T12:24:53.9087085-04:00",
                                                                                                        "time_created_utc":  "2026-08-26T16:24:53.9087085Z",
                                                                                                        "provider":  "Microsoft-Windows-StorageSpaces-Driver",
                                                                                                        "log_name":  "Microsoft-Windows-StorageSpaces-Driver/Operational",
                                                                                                        "event_id":  207,
                                                                                                        "record_id":  1213,
                                                                                                        "level":  "Information",
                                                                                                        "message":  "Physical disk {8a28a0b1-9ef8-8e9d-faf5-ed2b5aa46426} arrived.                  \r\nPool Id: {00000000-0000-0000-0000-000000000000}                  \r\nDrive Number: 5                  \r\nDrive Manufacturer: NULL                  \r\nDrive Model Number: WDS100T3X0C-00SJG0                  \r\nDrive Serial Number: E823_8FA6_BF53_0001_001B_448B_4911_6F9C.",
                                                                                                        "event_data":  {
                                                                                                                           "DriveId":  "{8a28a0b1-9ef8-8e9d-faf5-ed2b5aa46426}",
                                                                                                                           "PoolId":  "{00000000-0000-0000-0000-000000000000}",
                                                                                                                           "DeviceNumber":  "5",
                                                                                                                           "DriveManufacturer":  "NULL",
                                                                                                                           "DriveModel":  "WDS100T3X0C-00SJG0",
                                                                                                                           "DriveSerial":  "E823_8FA6_BF53_0001_001B_448B_4911_6F9C."
                                                                                                                       }
                                                                                                    },
                                                                                                    {
                                                                                                        "time_created":  "2026-08-26T12:24:53.9001759-04:00",
                                                                                                        "time_created_utc":  "2026-08-26T16:24:53.9001759Z",
                                                                                                        "provider":  "Microsoft-Windows-StorageSpaces-Driver",
                                                                                                        "log_name":  "Microsoft-Windows-StorageSpaces-Driver/Operational",
                                                                                                        "event_id":  207,
                                                                                                        "record_id":  1212,
                                                                                                        "level":  "Information",
                                                                                                        "message":  "Physical disk {bda231e2-4651-2990-25a1-fc9ad073704c} arrived.                  \r\nPool Id: {00000000-0000-0000-0000-000000000000}                  \r\nDrive Number: 4                  \r\nDrive Manufacturer: NULL                  \r\nDrive Model Number: Samsung SSD 980 PRO 1TB                  \r\nDrive Serial Number: 0025_38BC_0151_E080.",
                                                                                                        "event_data":  {
                                                                                                                           "DriveId":  "{bda231e2-4651-2990-25a1-fc9ad073704c}",
                                                                                                                           "PoolId":  "{00000000-0000-0000-0000-000000000000}",
                                                                                                                           "DeviceNumber":  "4",
                                                                                                                           "DriveManufacturer":  "NULL",
                                                                                                                           "DriveModel":  "Samsung SSD 980 PRO 1TB",
                                                                                                                           "DriveSerial":  "0025_38BC_0151_E080."
                                                                                                                       }
                                                                                                    },
                                                                                                    {
                                                                                                        "time_created":  "2026-08-26T12:24:53.8952617-04:00",
                                                                                                        "time_created_utc":  "2026-08-26T16:24:53.8952617Z",
                                                                                                        "provider":  "Microsoft-Windows-StorageSpaces-Driver",
                                                                                                        "log_name":  "Microsoft-Windows-StorageSpaces-Driver/Operational",
                                                                                                        "event_id":  207,
                                                                                                        "record_id":  1211,
                                                                                                        "level":  "Information",
                                                                                                        "message":  "Physical disk {8730550d-2491-d78b-e8db-a979ec837178} arrived.                  \r\nPool Id: {00000000-0000-0000-0000-000000000000}                  \r\nDrive Number: 3                  \r\nDrive Manufacturer: NULL                  \r\nDrive Model Number: Samsung SSD 990 PRO 4TB                  \r\nDrive Serial Number: 0025_3844_51A0_9957.",
                                                                                                        "event_data":  {
                                                                                                                           "DriveId":  "{8730550d-2491-d78b-e8db-a979ec837178}",
                                                                                                                           "PoolId":  "{00000000-0000-0000-0000-000000000000}",
                                                                                                                           "DeviceNumber":  "3",
                                                                                                                           "DriveManufacturer":  "NULL",
                                                                                                                           "DriveModel":  "Samsung SSD 990 PRO 4TB",
                                                                                                                           "DriveSerial":  "0025_3844_51A0_9957."
                                                                                                                       }
                                                                                                    },
                                                                                                    {
                                                                                                        "time_created":  "2026-08-26T12:24:53.8892376-04:00",
                                                                                                        "time_created_utc":  "2026-08-26T16:24:53.8892376Z",
                                                                                                        "provider":  "Microsoft-Windows-StorageSpaces-Driver",
                                                                                                        "log_name":  "Microsoft-Windows-StorageSpaces-Driver/Operational",
                                                                                                        "event_id":  207,
                                                                                                        "record_id":  1210,
                                                                                                        "level":  "Information",
                                                                                                        "message":  "Physical disk {b272dc35-5d3d-c553-b59d-0ffaacecd335} arrived.                  \r\nPool Id: {00000000-0000-0000-0000-000000000000}                  \r\nDrive Number: 2                  \r\nDrive Manufacturer: NULL                  \r\nDrive Model Number: CT2000T710SSD8                  \r\nDrive Serial Number: 0000_0000_0000_0001_00A0_7525_51CA_5212.",
                                                                                                        "event_data":  {
                                                                                                                           "DriveId":  "{b272dc35-5d3d-c553-b59d-0ffaacecd335}",
                                                                                                                           "PoolId":  "{00000000-0000-0000-0000-000000000000}",
                                                                                                                           "DeviceNumber":  "2",
                                                                                                                           "DriveManufacturer":  "NULL",
                                                                                                                           "DriveModel":  "CT2000T710SSD8",
                                                                                                                           "DriveSerial":  "0000_0000_0000_0001_00A0_7525_51CA_5212."
                                                                                                                       }
                                                                                                    }
                                                                                                ]
                                                                                 },
                          "Microsoft-Windows-StorageSpaces-Driver/Performance":  {
                                                                                     "enabled":  false,
                                                                                     "error":  "log_disabled",
                                                                                     "events":  [

                                                                                                ]
                                                                                 },
                          "Microsoft-Windows-StorageSpaces-Driver/Verbose":  {
                                                                                 "enabled":  false,
                                                                                 "error":  "log_disabled",
                                                                                 "events":  [

                                                                                            ]
                                                                             },
                          "Microsoft-Windows-StorageSpaces-ManagementAgent/WHC":  {
                                                                                      "enabled":  true,
                                                                                      "error":  null,
                                                                                      "events":  [

                                                                                                 ]
                                                                                  },
                          "Microsoft-Windows-StorageSpaces-Parser/Diagnostic":  {
                                                                                    "enabled":  true,
                                                                                    "error":  null,
                                                                                    "events":  [

                                                                                               ]
                                                                                },
                          "Microsoft-Windows-StorageSpaces-Parser/Operational":  {
                                                                                     "enabled":  true,
                                                                                     "error":  null,
                                                                                     "events":  [

                                                                                                ]
                                                                                 },
                          "Microsoft-Windows-StorageSpaces-SpaceManager/Diagnostic":  {
                                                                                          "enabled":  true,
                                                                                          "error":  null,
                                                                                          "events":  [

                                                                                                     ]
                                                                                      },
                          "Microsoft-Windows-StorageSpaces-SpaceManager/Operational":  {
                                                                                           "enabled":  true,
                                                                                           "error":  null,
                                                                                           "events":  [

                                                                                                      ]
                                                                                       },
                          "Microsoft-Windows-Storage-Tiering/Admin":  {
                                                                          "enabled":  true,
                                                                          "error":  null,
                                                                          "events":  [

                                                                                     ]
                                                                      },
                          "Microsoft-Windows-Storage-Tiering-IoHeat/Heat":  {
                                                                                "enabled":  false,
                                                                                "error":  "log_disabled",
                                                                                "events":  [

                                                                                           ]
                                                                            },
                          "Microsoft-Windows-StorageVolume/Diagnostic":  {
                                                                             "enabled":  true,
                                                                             "error":  null,
                                                                             "events":  [

                                                                                        ]
                                                                         },
                          "Microsoft-Windows-StorageVolume/Operational":  {
                                                                              "enabled":  true,
                                                                              "error":  null,
                                                                              "events":  [
                                                                                             {
                                                                                                 "time_created":  "2026-08-31T20:56:38.8862133-04:00",
                                                                                                 "time_created_utc":  "2026-09-01T00:56:38.8862133Z",
                                                                                                 "provider":  "Microsoft-Windows-StorageVolume",
                                                                                                 "log_name":  "Microsoft-Windows-StorageVolume/Operational",
                                                                                                 "event_id":  1001,
                                                                                                 "record_id":  2708,
                                                                                                 "level":  "Information",
                                                                                                 "message":  "Volume arrived: volume 13 disk 1 offset 1065984.",
                                                                                                 "event_data":  {
                                                                                                                    "VolumeNumber":  "13",
                                                                                                                    "DiskInstancePath":  "SCSI\\Disk\u0026Ven_WDC\u0026Prod_WD4005FZBX-00K5W\\7\u0026397bf10f\u00260\u0026010000",
                                                                                                                    "DiskNumber":  "1",
                                                                                                                    "PartitionOffset":  "1065984"
                                                                                                                }
                                                                                             },
                                                                                             {
                                                                                                 "time_created":  "2026-08-31T20:56:38.8619211-04:00",
                                                                                                 "time_created_utc":  "2026-09-01T00:56:38.8619211Z",
                                                                                                 "provider":  "Microsoft-Windows-StorageVolume",
                                                                                                 "log_name":  "Microsoft-Windows-StorageVolume/Operational",
                                                                                                 "event_id":  1001,
                                                                                                 "record_id":  2707,
                                                                                                 "level":  "Information",
                                                                                                 "message":  "Volume arrived: volume 12 disk 0 offset 16777216.",
                                                                                                 "event_data":  {
                                                                                                                    "VolumeNumber":  "12",
                                                                                                                    "DiskInstancePath":  "SCSI\\Disk\u0026Ven_\u0026Prod_KINGSTON_SA400S3\\7\u0026397bf10f\u00260\u0026000000",
                                                                                                                    "DiskNumber":  "0",
                                                                                                                    "PartitionOffset":  "16777216"
                                                                                                                }
                                                                                             },
                                                                                             {
                                                                                                 "time_created":  "2026-08-31T20:56:38.8619097-04:00",
                                                                                                 "time_created_utc":  "2026-09-01T00:56:38.8619097Z",
                                                                                                 "provider":  "Microsoft-Windows-StorageVolume",
                                                                                                 "log_name":  "Microsoft-Windows-StorageVolume/Operational",
                                                                                                 "event_id":  1001,
                                                                                                 "record_id":  2706,
                                                                                                 "level":  "Information",
                                                                                                 "message":  "Volume arrived: volume 11 disk 0 offset 17408.",
                                                                                                 "event_data":  {
                                                                                                                    "VolumeNumber":  "11",
                                                                                                                    "DiskInstancePath":  "SCSI\\Disk\u0026Ven_\u0026Prod_KINGSTON_SA400S3\\7\u0026397bf10f\u00260\u0026000000",
                                                                                                                    "DiskNumber":  "0",
                                                                                                                    "PartitionOffset":  "17408"
                                                                                                                }
                                                                                             },
                                                                                             {
                                                                                                 "time_created":  "2026-08-31T20:56:38.8316283-04:00",
                                                                                                 "time_created_utc":  "2026-09-01T00:56:38.8316283Z",
                                                                                                 "provider":  "Microsoft-Windows-StorageVolume",
                                                                                                 "log_name":  "Microsoft-Windows-StorageVolume/Operational",
                                                                                                 "event_id":  1001,
                                                                                                 "record_id":  2705,
                                                                                                 "level":  "Information",
                                                                                                 "message":  "Volume arrived: volume 10 disk 5 offset 210763776.",
                                                                                                 "event_data":  {
                                                                                                                    "VolumeNumber":  "10",
                                                                                                                    "DiskInstancePath":  "SCSI\\Disk\u0026Ven_NVMe\u0026Prod_WDS100T3X0C-00SJ\\9\u00267aa6bf9\u00260\u0026000000",
                                                                                                                    "DiskNumber":  "5",
                                                                                                                    "PartitionOffset":  "210763776"
                                                                                                                }
                                                                                             },
                                                                                             {
                                                                                                 "time_created":  "2026-08-31T20:56:38.8316188-04:00",
                                                                                                 "time_created_utc":  "2026-09-01T00:56:38.8316188Z",
                                                                                                 "provider":  "Microsoft-Windows-StorageVolume",
                                                                                                 "log_name":  "Microsoft-Windows-StorageVolume/Operational",
                                                                                                 "event_id":  1001,
                                                                                                 "record_id":  2704,
                                                                                                 "level":  "Information",
                                                                                                 "message":  "Volume arrived: volume 9 disk 5 offset 20480.",
                                                                                                 "event_data":  {
                                                                                                                    "VolumeNumber":  "9",
                                                                                                                    "DiskInstancePath":  "SCSI\\Disk\u0026Ven_NVMe\u0026Prod_WDS100T3X0C-00SJ\\9\u00267aa6bf9\u00260\u0026000000",
                                                                                                                    "DiskNumber":  "5",
                                                                                                                    "PartitionOffset":  "20480"
                                                                                                                }
                                                                                             },
                                                                                             {
                                                                                                 "time_created":  "2026-08-31T20:56:38.8231499-04:00",
                                                                                                 "time_created_utc":  "2026-09-01T00:56:38.8231499Z",
                                                                                                 "provider":  "Microsoft-Windows-StorageVolume",
                                                                                                 "log_name":  "Microsoft-Windows-StorageVolume/Operational",
                                                                                                 "event_id":  1001,
                                                                                                 "record_id":  2703,
                                                                                                 "level":  "Information",
                                                                                                 "message":  "Volume arrived: volume 8 disk 4 offset 576716800.",
                                                                                                 "event_data":  {
                                                                                                                    "VolumeNumber":  "8",
                                                                                                                    "DiskInstancePath":  "SCSI\\Disk\u0026Ven_NVMe\u0026Prod_Samsung_SSD_980\\9\u0026e237fb9\u00260\u0026000000",
                                                                                                                    "DiskNumber":  "4",
                                                                                                                    "PartitionOffset":  "576716800"
                                                                                                                }
                                                                                             },
                                                                                             {
                                                                                                 "time_created":  "2026-08-31T20:56:38.8231401-04:00",
                                                                                                 "time_created_utc":  "2026-09-01T00:56:38.8231401Z",
                                                                                                 "provider":  "Microsoft-Windows-StorageVolume",
                                                                                                 "log_name":  "Microsoft-Windows-StorageVolume/Operational",
                                                                                                 "event_id":  1001,
                                                                                                 "record_id":  2702,
                                                                                                 "level":  "Information",
                                                                                                 "message":  "Volume arrived: volume 7 disk 4 offset 1048576.",
                                                                                                 "event_data":  {
                                                                                                                    "VolumeNumber":  "7",
                                                                                                                    "DiskInstancePath":  "SCSI\\Disk\u0026Ven_NVMe\u0026Prod_Samsung_SSD_980\\9\u0026e237fb9\u00260\u0026000000",
                                                                                                                    "DiskNumber":  "4",
                                                                                                                    "PartitionOffset":  "1048576"
                                                                                                                }
                                                                                             },
                                                                                             {
                                                                                                 "time_created":  "2026-08-31T20:56:38.8180511-04:00",
                                                                                                 "time_created_utc":  "2026-09-01T00:56:38.8180511Z",
                                                                                                 "provider":  "Microsoft-Windows-StorageVolume",
                                                                                                 "log_name":  "Microsoft-Windows-StorageVolume/Operational",
                                                                                                 "event_id":  1001,
                                                                                                 "record_id":  2701,
                                                                                                 "level":  "Information",
                                                                                                 "message":  "Volume arrived: volume 6 disk 3 offset 3999911641088.",
                                                                                                 "event_data":  {
                                                                                                                    "VolumeNumber":  "6",
                                                                                                                    "DiskInstancePath":  "SCSI\\Disk\u0026Ven_NVMe\u0026Prod_Samsung_SSD_990\\7\u0026480bd4b\u00260\u0026000000",
                                                                                                                    "DiskNumber":  "3",
                                                                                                                    "PartitionOffset":  "3999911641088"
                                                                                                                }
                                                                                             },
                                                                                             {
                                                                                                 "time_created":  "2026-08-31T20:56:38.8180422-04:00",
                                                                                                 "time_created_utc":  "2026-09-01T00:56:38.8180422Z",
                                                                                                 "provider":  "Microsoft-Windows-StorageVolume",
                                                                                                 "log_name":  "Microsoft-Windows-StorageVolume/Operational",
                                                                                                 "event_id":  1001,
                                                                                                 "record_id":  2700,
                                                                                                 "level":  "Information",
                                                                                                 "message":  "Volume arrived: volume 5 disk 3 offset 122683392.",
                                                                                                 "event_data":  {
                                                                                                                    "VolumeNumber":  "5",
                                                                                                                    "DiskInstancePath":  "SCSI\\Disk\u0026Ven_NVMe\u0026Prod_Samsung_SSD_990\\7\u0026480bd4b\u00260\u0026000000",
                                                                                                                    "DiskNumber":  "3",
                                                                                                                    "PartitionOffset":  "122683392"
                                                                                                                }
                                                                                             },
                                                                                             {
                                                                                                 "time_created":  "2026-08-31T20:56:38.8180325-04:00",
                                                                                                 "time_created_utc":  "2026-09-01T00:56:38.8180325Z",
                                                                                                 "provider":  "Microsoft-Windows-StorageVolume",
                                                                                                 "log_name":  "Microsoft-Windows-StorageVolume/Operational",
                                                                                                 "event_id":  1001,
                                                                                                 "record_id":  2699,
                                                                                                 "level":  "Information",
                                                                                                 "message":  "Volume arrived: volume 4 disk 3 offset 105906176.",
                                                                                                 "event_data":  {
                                                                                                                    "VolumeNumber":  "4",
                                                                                                                    "DiskInstancePath":  "SCSI\\Disk\u0026Ven_NVMe\u0026Prod_Samsung_SSD_990\\7\u0026480bd4b\u00260\u0026000000",
                                                                                                                    "DiskNumber":  "3",
                                                                                                                    "PartitionOffset":  "105906176"
                                                                                                                }
                                                                                             },
                                                                                             {
                                                                                                 "time_created":  "2026-08-31T20:56:38.8180228-04:00",
                                                                                                 "time_created_utc":  "2026-09-01T00:56:38.8180228Z",
                                                                                                 "provider":  "Microsoft-Windows-StorageVolume",
                                                                                                 "log_name":  "Microsoft-Windows-StorageVolume/Operational",
                                                                                                 "event_id":  1001,
                                                                                                 "record_id":  2698,
                                                                                                 "level":  "Information",
                                                                                                 "message":  "Volume arrived: volume 3 disk 3 offset 1048576.",
                                                                                                 "event_data":  {
                                                                                                                    "VolumeNumber":  "3",
                                                                                                                    "DiskInstancePath":  "SCSI\\Disk\u0026Ven_NVMe\u0026Prod_Samsung_SSD_990\\7\u0026480bd4b\u00260\u0026000000",
                                                                                                                    "DiskNumber":  "3",
                                                                                                                    "PartitionOffset":  "1048576"
                                                                                                                }
                                                                                             },
                                                                                             {
                                                                                                 "time_created":  "2026-08-31T20:56:38.8129573-04:00",
                                                                                                 "time_created_utc":  "2026-09-01T00:56:38.8129573Z",
                                                                                                 "provider":  "Microsoft-Windows-StorageVolume",
                                                                                                 "log_name":  "Microsoft-Windows-StorageVolume/Operational",
                                                                                                 "event_id":  1001,
                                                                                                 "record_id":  2697,
                                                                                                 "level":  "Information",
                                                                                                 "message":  "Volume arrived: volume 2 disk 2 offset 16777216.",
                                                                                                 "event_data":  {
                                                                                                                    "VolumeNumber":  "2",
                                                                                                                    "DiskInstancePath":  "SCSI\\Disk\u0026Ven_NVMe\u0026Prod_CT2000T710SSD8\\5\u002624c9a69\u00260\u0026000000",
                                                                                                                    "DiskNumber":  "2",
                                                                                                                    "PartitionOffset":  "16777216"
                                                                                                                }
                                                                                             },
                                                                                             {
                                                                                                 "time_created":  "2026-08-31T20:56:38.8129478-04:00",
                                                                                                 "time_created_utc":  "2026-09-01T00:56:38.8129478Z",
                                                                                                 "provider":  "Microsoft-Windows-StorageVolume",
                                                                                                 "log_name":  "Microsoft-Windows-StorageVolume/Operational",
                                                                                                 "event_id":  1001,
                                                                                                 "record_id":  2696,
                                                                                                 "level":  "Information",
                                                                                                 "message":  "Volume arrived: volume 1 disk 2 offset 17408.",
                                                                                                 "event_data":  {
                                                                                                                    "VolumeNumber":  "1",
                                                                                                                    "DiskInstancePath":  "SCSI\\Disk\u0026Ven_NVMe\u0026Prod_CT2000T710SSD8\\5\u002624c9a69\u00260\u0026000000",
                                                                                                                    "DiskNumber":  "2",
                                                                                                                    "PartitionOffset":  "17408"
                                                                                                                }
                                                                                             },
                                                                                             {
                                                                                                 "time_created":  "2026-08-31T20:35:24.9143446-04:00",
                                                                                                 "time_created_utc":  "2026-09-01T00:35:24.9143446Z",
                                                                                                 "provider":  "Microsoft-Windows-StorageVolume",
                                                                                                 "log_name":  "Microsoft-Windows-StorageVolume/Operational",
                                                                                                 "event_id":  1001,
                                                                                                 "record_id":  2695,
                                                                                                 "level":  "Information",
                                                                                                 "message":  "Volume arrived: volume 13 disk 1 offset 1065984.",
                                                                                                 "event_data":  {
                                                                                                                    "VolumeNumber":  "13",
                                                                                                                    "DiskInstancePath":  "SCSI\\Disk\u0026Ven_WDC\u0026Prod_WD4005FZBX-00K5W\\7\u0026397bf10f\u00260\u0026010000",
                                                                                                                    "DiskNumber":  "1",
                                                                                                                    "PartitionOffset":  "1065984"
                                                                                                                }
                                                                                             },
