                                                                                                           {
                                                                                                               "time_created":  "2026-08-26T12:24:53.7710726-04:00",
                                                                                                               "time_created_utc":  "2026-08-26T16:24:53.7710726Z",
                                                                                                               "provider":  "Microsoft-Windows-EnhancedStorage-ClassDriver",
                                                                                                               "log_name":  "Microsoft-Windows-EnhancedStorage-EhStorClass/Operational",
                                                                                                               "event_id":  104,
                                                                                                               "record_id":  1887,
                                                                                                               "level":  "Information",
                                                                                                               "message":  "Enhanced storage device with Class Disk Device Guid: {00000000-0000-0000-0000-000000000000} entered D0 power state.                    \r\nDevice type: IEEE1667                    \r\nDevice state: NoSecurity",
                                                                                                               "event_data":  {
                                                                                                                                  "PortNumber":  "0",
                                                                                                                                  "PathID":  "0",
                                                                                                                                  "TargetID":  "0",
                                                                                                                                  "LUN":  "0",
                                                                                                                                  "ClassDeviceGuid":  "{00000000-0000-0000-0000-000000000000}",
                                                                                                                                  "DeviceType":  "0",
                                                                                                                                  "DeviceState":  "0"
                                                                                                                              }
                                                                                                           }
                                                                                                       ]
                                                                                        },
                          "Microsoft-Windows-EnhancedStorage-EhStorTcgDrv/Analytic":  {
                                                                                          "enabled":  false,
                                                                                          "error":  "log_disabled",
                                                                                          "events":  [

                                                                                                     ]
                                                                                      },
                          "Microsoft-Windows-Hyper-V-Guest-Drivers/Admin":  {
                                                                                "enabled":  true,
                                                                                "error":  null,
                                                                                "events":  [

                                                                                           ]
                                                                            },
                          "Microsoft-Windows-Hyper-V-Guest-Drivers/Debug":  {
                                                                                "enabled":  false,
                                                                                "error":  "log_disabled",
                                                                                "events":  [

                                                                                           ]
                                                                            },
                          "Microsoft-Windows-StorageManagement/Debug":  {
                                                                            "enabled":  false,
                                                                            "error":  "log_disabled",
                                                                            "events":  [

                                                                                       ]
                                                                        },
                          "Microsoft-Windows-StorageManagement/Operational":  {
                                                                                  "enabled":  true,
                                                                                  "error":  null,
                                                                                  "events":  [
                                                                                                 {
                                                                                                     "time_created":  "2026-08-31T20:24:41.9904030-04:00",
                                                                                                     "time_created_utc":  "2026-09-01T00:24:41.9904030Z",
                                                                                                     "provider":  "Microsoft-Windows-StorageManagement",
                                                                                                     "log_name":  "Microsoft-Windows-StorageManagement/Operational",
                                                                                                     "event_id":  9,
                                                                                                     "record_id":  3280,
                                                                                                     "level":  "Information",
                                                                                                     "message":  "A Windows Storage Management WMI enumeration operation was performed.                   \r\nClass: MSFT_PhysicalDisk                   \r\nResultCount: 6                   \r\nOperation time (milliseconds): 15",
                                                                                                     "event_data":  {
                                                                                                                        "ClassName":  "MSFT_PhysicalDisk",
                                                                                                                        "ResultCount":  "6",
                                                                                                                        "OperationTime_msecs":  "15"
                                                                                                                    }
                                                                                                 },
                                                                                                 {
                                                                                                     "time_created":  "2026-08-31T20:24:41.9733326-04:00",
                                                                                                     "time_created_utc":  "2026-09-01T00:24:41.9733326Z",
                                                                                                     "provider":  "Microsoft-Windows-StorageManagement",
                                                                                                     "log_name":  "Microsoft-Windows-StorageManagement/Operational",
                                                                                                     "event_id":  8,
                                                                                                     "record_id":  3279,
                                                                                                     "level":  "Information",
                                                                                                     "message":  "The Windows Storage Management WMI Provider was loaded.                    \r\nLoad time (milliseconds): 0",
                                                                                                     "event_data":  {
                                                                                                                        "LoadTime_msecs":  "0"
                                                                                                                    }
                                                                                                 },
                                                                                                 {
                                                                                                     "time_created":  "2026-08-31T20:17:23.6694695-04:00",
                                                                                                     "time_created_utc":  "2026-09-01T00:17:23.6694695Z",
                                                                                                     "provider":  "Microsoft-Windows-StorageManagement",
                                                                                                     "log_name":  "Microsoft-Windows-StorageManagement/Operational",
                                                                                                     "event_id":  9,
                                                                                                     "record_id":  3278,
                                                                                                     "level":  "Information",
                                                                                                     "message":  "A Windows Storage Management WMI enumeration operation was performed.                   \r\nClass: MSFT_PhysicalDisk                   \r\nResultCount: 6                   \r\nOperation time (milliseconds): 0",
                                                                                                     "event_data":  {
                                                                                                                        "ClassName":  "MSFT_PhysicalDisk",
                                                                                                                        "ResultCount":  "6",
                                                                                                                        "OperationTime_msecs":  "0"
                                                                                                                    }
                                                                                                 },
                                                                                                 {
                                                                                                     "time_created":  "2026-08-31T20:17:23.6544595-04:00",
                                                                                                     "time_created_utc":  "2026-09-01T00:17:23.6544595Z",
                                                                                                     "provider":  "Microsoft-Windows-StorageManagement",
                                                                                                     "log_name":  "Microsoft-Windows-StorageManagement/Operational",
                                                                                                     "event_id":  9,
                                                                                                     "record_id":  3277,
                                                                                                     "level":  "Information",
                                                                                                     "message":  "A Windows Storage Management WMI enumeration operation was performed.                   \r\nClass: MSFT_PhysicalDisk                   \r\nResultCount: 6                   \r\nOperation time (milliseconds): 15",
                                                                                                     "event_data":  {
                                                                                                                        "ClassName":  "MSFT_PhysicalDisk",
                                                                                                                        "ResultCount":  "6",
                                                                                                                        "OperationTime_msecs":  "15"
                                                                                                                    }
                                                                                                 },
                                                                                                 {
                                                                                                     "time_created":  "2026-08-31T20:17:23.6396698-04:00",
                                                                                                     "time_created_utc":  "2026-09-01T00:17:23.6396698Z",
                                                                                                     "provider":  "Microsoft-Windows-StorageManagement",
                                                                                                     "log_name":  "Microsoft-Windows-StorageManagement/Operational",
                                                                                                     "event_id":  9,
                                                                                                     "record_id":  3276,
                                                                                                     "level":  "Information",
                                                                                                     "message":  "A Windows Storage Management WMI enumeration operation was performed.                   \r\nClass: MSFT_PhysicalDisk                   \r\nResultCount: 6                   \r\nOperation time (milliseconds): 16",
                                                                                                     "event_data":  {
                                                                                                                        "ClassName":  "MSFT_PhysicalDisk",
                                                                                                                        "ResultCount":  "6",
                                                                                                                        "OperationTime_msecs":  "16"
                                                                                                                    }
                                                                                                 },
                                                                                                 {
                                                                                                     "time_created":  "2026-08-31T20:17:23.6252032-04:00",
                                                                                                     "time_created_utc":  "2026-09-01T00:17:23.6252032Z",
                                                                                                     "provider":  "Microsoft-Windows-StorageManagement",
                                                                                                     "log_name":  "Microsoft-Windows-StorageManagement/Operational",
                                                                                                     "event_id":  9,
                                                                                                     "record_id":  3275,
                                                                                                     "level":  "Information",
                                                                                                     "message":  "A Windows Storage Management WMI enumeration operation was performed.                   \r\nClass: MSFT_PhysicalDisk                   \r\nResultCount: 6                   \r\nOperation time (milliseconds): 16",
                                                                                                     "event_data":  {
                                                                                                                        "ClassName":  "MSFT_PhysicalDisk",
                                                                                                                        "ResultCount":  "6",
                                                                                                                        "OperationTime_msecs":  "16"
                                                                                                                    }
                                                                                                 },
                                                                                                 {
                                                                                                     "time_created":  "2026-08-31T20:17:23.6105163-04:00",
                                                                                                     "time_created_utc":  "2026-09-01T00:17:23.6105163Z",
                                                                                                     "provider":  "Microsoft-Windows-StorageManagement",
                                                                                                     "log_name":  "Microsoft-Windows-StorageManagement/Operational",
                                                                                                     "event_id":  9,
                                                                                                     "record_id":  3274,
                                                                                                     "level":  "Information",
                                                                                                     "message":  "A Windows Storage Management WMI enumeration operation was performed.                   \r\nClass: MSFT_PhysicalDisk                   \r\nResultCount: 6                   \r\nOperation time (milliseconds): 15",
                                                                                                     "event_data":  {
                                                                                                                        "ClassName":  "MSFT_PhysicalDisk",
                                                                                                                        "ResultCount":  "6",
                                                                                                                        "OperationTime_msecs":  "15"
                                                                                                                    }
                                                                                                 },
                                                                                                 {
                                                                                                     "time_created":  "2026-08-31T20:17:23.5945098-04:00",
                                                                                                     "time_created_utc":  "2026-09-01T00:17:23.5945098Z",
                                                                                                     "provider":  "Microsoft-Windows-StorageManagement",
                                                                                                     "log_name":  "Microsoft-Windows-StorageManagement/Operational",
                                                                                                     "event_id":  9,
                                                                                                     "record_id":  3273,
                                                                                                     "level":  "Information",
                                                                                                     "message":  "A Windows Storage Management WMI enumeration operation was performed.                   \r\nClass: MSFT_PhysicalDisk                   \r\nResultCount: 6                   \r\nOperation time (milliseconds): 16",
                                                                                                     "event_data":  {
                                                                                                                        "ClassName":  "MSFT_PhysicalDisk",
                                                                                                                        "ResultCount":  "6",
                                                                                                                        "OperationTime_msecs":  "16"
                                                                                                                    }
                                                                                                 },
                                                                                                 {
                                                                                                     "time_created":  "2026-08-31T20:17:23.5782311-04:00",
                                                                                                     "time_created_utc":  "2026-09-01T00:17:23.5782311Z",
                                                                                                     "provider":  "Microsoft-Windows-StorageManagement",
                                                                                                     "log_name":  "Microsoft-Windows-StorageManagement/Operational",
                                                                                                     "event_id":  8,
                                                                                                     "record_id":  3272,
                                                                                                     "level":  "Information",
                                                                                                     "message":  "The Windows Storage Management WMI Provider was loaded.                    \r\nLoad time (milliseconds): 0",
                                                                                                     "event_data":  {
                                                                                                                        "LoadTime_msecs":  "0"
                                                                                                                    }
                                                                                                 },
                                                                                                 {
                                                                                                     "time_created":  "2026-08-31T20:09:35.5115490-04:00",
                                                                                                     "time_created_utc":  "2026-09-01T00:09:35.5115490Z",
                                                                                                     "provider":  "Microsoft-Windows-StorageManagement",
                                                                                                     "log_name":  "Microsoft-Windows-StorageManagement/Operational",
                                                                                                     "event_id":  9,
                                                                                                     "record_id":  3271,
                                                                                                     "level":  "Information",
                                                                                                     "message":  "A Windows Storage Management WMI enumeration operation was performed.                   \r\nClass: MSFT_PhysicalDisk                   \r\nResultCount: 6                   \r\nOperation time (milliseconds): 16",
                                                                                                     "event_data":  {
                                                                                                                        "ClassName":  "MSFT_PhysicalDisk",
                                                                                                                        "ResultCount":  "6",
                                                                                                                        "OperationTime_msecs":  "16"
                                                                                                                    }
                                                                                                 },
                                                                                                 {
                                                                                                     "time_created":  "2026-08-31T20:09:35.4876426-04:00",
                                                                                                     "time_created_utc":  "2026-09-01T00:09:35.4876426Z",
                                                                                                     "provider":  "Microsoft-Windows-StorageManagement",
                                                                                                     "log_name":  "Microsoft-Windows-StorageManagement/Operational",
                                                                                                     "event_id":  7,
                                                                                                     "record_id":  3270,
                                                                                                     "level":  "Information",
                                                                                                     "message":  "The Windows Storage Provider host service was started successfully.                    \r\nStart time (milliseconds): 125",
                                                                                                     "event_data":  {
                                                                                                                        "StartTime_msecs":  "125"
                                                                                                                    }
                                                                                                 },
                                                                                                 {
                                                                                                     "time_created":  "2026-08-31T20:09:35.4874615-04:00",
                                                                                                     "time_created_utc":  "2026-09-01T00:09:35.4874615Z",
                                                                                                     "provider":  "Microsoft-Windows-StorageManagement-WSP-Host",
                                                                                                     "log_name":  "Microsoft-Windows-StorageManagement/Operational",
                                                                                                     "event_id":  1001,
                                                                                                     "record_id":  3269,
                                                                                                     "level":  "Information",
                                                                                                     "message":  "A Windows Storage Provider was loaded successfully.             \r\nProvider: wsp_health             \r\nProvider DLL: wsp_health.dll",
                                                                                                     "event_data":  {
                                                                                                                        "ProviderName":  "wsp_health",
                                                                                                                        "ProviderDLL":  "wsp_health.dll"
                                                                                                                    }
                                                                                                 },
                                                                                                 {
                                                                                                     "time_created":  "2026-08-31T20:09:35.4610148-04:00",
                                                                                                     "time_created_utc":  "2026-09-01T00:09:35.4610148Z",
                                                                                                     "provider":  "Microsoft-Windows-StorageManagement-WSP-Host",
                                                                                                     "log_name":  "Microsoft-Windows-StorageManagement/Operational",
                                                                                                     "event_id":  1001,
                                                                                                     "record_id":  3268,
                                                                                                     "level":  "Information",
                                                                                                     "message":  "A Windows Storage Provider was loaded successfully.             \r\nProvider: wsp_sr             \r\nProvider DLL: wsp_sr.dll",
                                                                                                     "event_data":  {
                                                                                                                        "ProviderName":  "wsp_sr",
                                                                                                                        "ProviderDLL":  "wsp_sr.dll"
                                                                                                                    }
                                                                                                 },
                                                                                                 {
                                                                                                     "time_created":  "2026-08-31T20:09:35.4448832-04:00",
                                                                                                     "time_created_utc":  "2026-09-01T00:09:35.4448832Z",
                                                                                                     "provider":  "Microsoft-Windows-StorageManagement-WSP-Host",
                                                                                                     "log_name":  "Microsoft-Windows-StorageManagement/Operational",
                                                                                                     "event_id":  1001,
                                                                                                     "record_id":  3267,
                                                                                                     "level":  "Information",
                                                                                                     "message":  "A Windows Storage Provider was loaded successfully.             \r\nProvider: wsp_fs             \r\nProvider DLL: wsp_fs.dll",
                                                                                                     "event_data":  {
                                                                                                                        "ProviderName":  "wsp_fs",
                                                                                                                        "ProviderDLL":  "wsp_fs.dll"
                                                                                                                    }
                                                                                                 },
                                                                                                 {
                                                                                                     "time_created":  "2026-08-31T20:09:35.4262806-04:00",
                                                                                                     "time_created_utc":  "2026-09-01T00:09:35.4262806Z",
                                                                                                     "provider":  "Microsoft-Windows-StorageManagement-WSP-Host",
                                                                                                     "log_name":  "Microsoft-Windows-StorageManagement/Operational",
                                                                                                     "event_id":  1001,
                                                                                                     "record_id":  3266,
                                                                                                     "level":  "Information",
                                                                                                     "message":  "A Windows Storage Provider was loaded successfully.             \r\nProvider: MISpace             \r\nProvider DLL: mispace.dll",
                                                                                                     "event_data":  {
                                                                                                                        "ProviderName":  "MISpace",
                                                                                                                        "ProviderDLL":  "mispace.dll"
                                                                                                                    }
                                                                                                 },
                                                                                                 {
                                                                                                     "time_created":  "2026-08-31T20:09:35.4255000-04:00",
                                                                                                     "time_created_utc":  "2026-09-01T00:09:35.4255000Z",
                                                                                                     "provider":  "Microsoft-Windows-StorageManagement-WSP-Spaces",
                                                                                                     "log_name":  "Microsoft-Windows-StorageManagement/Operational",
                                                                                                     "event_id":  2010,
                                                                                                     "record_id":  3265,
                                                                                                     "level":  "Information",
                                                                                                     "message":  "The Windows Storage Spaces and Disk provider was loaded.             \r\nLoad time (milliseconds): 16             \r\nMiresult: 0",
                                                                                                     "event_data":  {
                                                                                                                        "LoadTime_msecs":  "16",
                                                                                                                        "MI_Result":  "0"
                                                                                                                    }
                                                                                                 },
                                                                                                 {
                                                                                                     "time_created":  "2026-08-31T20:09:35.4254542-04:00",
                                                                                                     "time_created_utc":  "2026-09-01T00:09:35.4254542Z",
                                                                                                     "provider":  "Microsoft-Windows-StorageManagement-WSP-Spaces",
                                                                                                     "log_name":  "Microsoft-Windows-StorageManagement/Operational",
                                                                                                     "event_id":  2023,
                                                                                                     "record_id":  3264,
                                                                                                     "level":  "Information",
                                                                                                     "message":  "Successfully initialized the Storage Management Provider.             \r\nFunction: CSpProvider::Initialize             \r\nDuration (milliseconds): 13",
                                                                                                     "event_data":  {
                                                                                                                        "Function":  "CSpProvider::Initialize",
                                                                                                                        "Runtime_msecs":  "13"
                                                                                                                    }
                                                                                                 },
                                                                                                 {
                                                                                                     "time_created":  "2026-08-31T20:09:35.4249534-04:00",
                                                                                                     "time_created_utc":  "2026-09-01T00:09:35.4249534Z",
                                                                                                     "provider":  "Microsoft-Windows-StorageManagement-WSP-Spaces",
                                                                                                     "log_name":  "Microsoft-Windows-StorageManagement/Operational",
                                                                                                     "event_id":  2027,
                                                                                                     "record_id":  3263,
                                                                                                     "level":  "Information",
                                                                                                     "message":  "Successfully initialized Extended Storage Spaces API.             \r\nFunction: SuInitializeEx             \r\nDuration (milliseconds): 1",
                                                                                                     "event_data":  {
                                                                                                                        "Function":  "SuInitializeEx",
                                                                                                                        "Runtime_msecs":  "1"
                                                                                                                    }
                                                                                                 },
                                                                                                 {
                                                                                                     "time_created":  "2026-08-31T20:09:35.3641549-04:00",
                                                                                                     "time_created_utc":  "2026-09-01T00:09:35.3641549Z",
                                                                                                     "provider":  "Microsoft-Windows-StorageManagement",
                                                                                                     "log_name":  "Microsoft-Windows-StorageManagement/Operational",
                                                                                                     "event_id":  8,
                                                                                                     "record_id":  3262,
                                                                                                     "level":  "Information",
                                                                                                     "message":  "The Windows Storage Management WMI Provider was loaded.                    \r\nLoad time (milliseconds): 0",
                                                                                                     "event_data":  {
                                                                                                                        "LoadTime_msecs":  "0"
                                                                                                                    }
                                                                                                 },
                                                                                                 {
                                                                                                     "time_created":  "2026-08-27T23:37:28.9311846-04:00",
                                                                                                     "time_created_utc":  "2026-08-28T03:37:28.9311846Z",
                                                                                                     "provider":  "Microsoft-Windows-StorageManagement-WSP-Host",
                                                                                                     "log_name":  "Microsoft-Windows-StorageManagement/Operational",
                                                                                                     "event_id":  1003,
                                                                                                     "record_id":  3261,
                                                                                                     "level":  "Information",
                                                                                                     "message":  "Shutdown for the Windows Storage Provider host service has been completed.",
                                                                                                     "event_data":  {
                                                                                                                        "index_0":  ""
                                                                                                                    }
                                                                                                 },
                                                                                                 {
                                                                                                     "time_created":  "2026-08-27T23:37:28.9299260-04:00",
                                                                                                     "time_created_utc":  "2026-08-28T03:37:28.9299260Z",
                                                                                                     "provider":  "Microsoft-Windows-StorageManagement-WSP-Spaces",
                                                                                                     "log_name":  "Microsoft-Windows-StorageManagement/Operational",
                                                                                                     "event_id":  2025,
                                                                                                     "record_id":  3260,
                                                                                                     "level":  "Information",
                                                                                                     "message":  "Successfully cleaned up the Storage Management Provider.             \r\nFunction: CSpProvider::Cleanup             \r\nDuration (milliseconds): 0",
                                                                                                     "event_data":  {
                                                                                                                        "Function":  "CSpProvider::Cleanup",
                                                                                                                        "Runtime_msecs":  "0"
                                                                                                                    }
                                                                                                 },
