{
    "schema_version":  1,
    "collection_time":  "2026-09-01T08:46:31.3664656-04:00",
    "collection_time_utc":  "2026-09-01T12:46:31.3680366Z",
    "hostname":  "DESKTOP-G4CFVL1",
    "system_driver":  {
                          "Name":  "nipcibrd",
                          "DisplayName":  "National Instruments PCI Bridge Driver",
                          "State":  "Running",
                          "StartMode":  "Boot",
                          "PathName":  "C:\\WINDOWS\\system32\\drivers\\nipcibrd.sys",
                          "ServiceType":  "Kernel Driver",
                          "Status":  "OK",
                          "ExitCode":  0
                      },
    "service_registry":  {
                             "DisplayName":  "National Instruments PCI Bridge Driver",
                             "ImagePath":  "System32\\drivers\\nipcibrd.sys",
                             "Start":  0,
                             "Type":  1,
                             "ErrorControl":  1,
                             "Group":  "System Bus Extender",
                             "Tag":  null
                         },
    "binary":  {
                   "path":  "C:\\WINDOWS\\system32\\drivers\\nipcibrd.sys",
                   "length":  152632,
                   "creation_time_utc":  "2025-09-27T05:32:50.0000000Z",
                   "last_write_time_utc":  "2025-09-27T05:32:50.0000000Z",
                   "file_version":  "25.8.0f188",
                   "product_version":  "25.8.0f188",
                   "company_name":  "National Instruments Corporation",
                   "product_name":  "NIPCIBRD",
                   "description":  "National Instruments PCI Bridge Driver",
                   "signature_status":  "Valid",
                   "signer":  "CN=National Instruments Corporation, OU=National Instruments Corporation, O=National Instruments Corporation, L=Austin, S=Texas, C=US, SERIALNUMBER=2398688, OID.2.5.4.15=Private Organization, OID.1.3.6.1.4.1.311.60.2.1.2=Delaware, OID.1.3.6.1.4.1.311.60.2.1.3=US"
               },
    "matching_installed_software":  [
                                        {
                                            "DisplayName":  "NI Package Manager",
                                            "DisplayVersion":  "26.0.0",
                                            "Publisher":  "NI",
                                            "InstallDate":  null,
                                            "InstallLocation":  null,
                                            "UninstallString":  "\"C:\\Program Files\\National Instruments\\NI Package Manager\\NIPackageManager.exe\" remove ni-package-manager --force-locked --force-essential"
                                        },
                                        {
                                            "DisplayName":  "NI Package Manager",
                                            "DisplayVersion":  "26.00.49288",
                                            "Publisher":  "National Instruments",
                                            "InstallDate":  "20260127",
                                            "InstallLocation":  "",
                                            "UninstallString":  null
                                        },
                                        {
                                            "DisplayName":  "NI Package Manager Core",
                                            "DisplayVersion":  "26.00.49288",
                                            "Publisher":  "National Instruments",
                                            "InstallDate":  "20260127",
                                            "InstallLocation":  "",
                                            "UninstallString":  null
                                        },
                                        {
                                            "DisplayName":  "NI Package Manager Deployment Support 26.0",
                                            "DisplayVersion":  "26.00.49288",
                                            "Publisher":  "National Instruments",
                                            "InstallDate":  "20260127",
                                            "InstallLocation":  "",
                                            "UninstallString":  null
                                        },
                                        {
                                            "DisplayName":  "NI Software",
                                            "DisplayVersion":  "25.8.0",
                                            "Publisher":  "NI",
                                            "InstallDate":  null,
                                            "InstallLocation":  null,
                                            "UninstallString":  "\"C:\\Program Files (x86)\\National Instruments\\Shared\\NIUninstaller\\uninst.exe\""
                                        },
                                        {
                                            "DisplayName":  "NI Software License Compliance Program (32-bit)",
                                            "DisplayVersion":  "25.80.49210",
                                            "Publisher":  "National Instruments",
                                            "InstallDate":  "20260127",
                                            "InstallLocation":  "",
                                            "UninstallString":  null
                                        },
                                        {
                                            "DisplayName":  "NI Software Provider for MAX 25.8.0",
                                            "DisplayVersion":  "25.80.49217",
                                            "Publisher":  "National Instruments",
                                            "InstallDate":  "20260127",
                                            "InstallLocation":  "",
                                            "UninstallString":  null
                                        },
                                        {
                                            "DisplayName":  "NI-PCI Bridge Driver 25.8",
                                            "DisplayVersion":  "25.80.49340",
                                            "Publisher":  "National Instruments",
                                            "InstallDate":  "20260127",
                                            "InstallLocation":  "",
                                            "UninstallString":  null
                                        },
                                        {
                                            "DisplayName":  "NI-PCI Bridge Driver 25.8 64-bit",
                                            "DisplayVersion":  "25.80.49340",
                                            "Publisher":  "National Instruments",
                                            "InstallDate":  "20260127",
                                            "InstallLocation":  "",
                                            "UninstallString":  null
                                        }
                                    ],
    "relevant_log_states":  [
                                {
                                    "log_name":  "Microsoft-Windows-Kernel-Acpi/Diagnostic",
                                    "found":  true,
                                    "is_enabled":  false,
                                    "log_mode":  "Retain",
                                    "record_count":  null,
                                    "maximum_size_bytes":  1052672,
                                    "last_write_time_utc":  null
                                },
                                {
                                    "log_name":  "Microsoft-Windows-Kernel-Power/Diagnostic",
                                    "found":  true,
                                    "is_enabled":  false,
                                    "log_mode":  "Retain",
                                    "record_count":  null,
                                    "maximum_size_bytes":  1052672,
                                    "last_write_time_utc":  null
                                },
                                {
                                    "log_name":  "Microsoft-Windows-Kernel-Power/Thermal-Operational",
                                    "found":  true,
                                    "is_enabled":  true,
                                    "log_mode":  "Circular",
                                    "record_count":  0,
                                    "maximum_size_bytes":  1052672,
                                    "last_write_time_utc":  "2025-12-06T06:44:04.5092219Z"
                                },
                                {
                                    "log_name":  "Microsoft-Windows-PCI/Operational",
                                    "found":  true,
                                    "is_enabled":  true,
                                    "log_mode":  "Circular",
                                    "record_count":  1889,
                                    "maximum_size_bytes":  1052672,
                                    "last_write_time_utc":  "2026-09-01T12:33:16.4466706Z"
                                },
                                {
                                    "log_name":  "Microsoft-Windows-USB-USBXHCI-Operational",
                                    "found":  true,
                                    "is_enabled":  true,
                                    "log_mode":  "Circular",
                                    "record_count":  42,
                                    "maximum_size_bytes":  1052672,
                                    "last_write_time_utc":  "2026-09-01T01:55:28.6564855Z"
                                },
                                {
                                    "log_name":  "Microsoft-Windows-Kernel-PnP/Configuration",
                                    "found":  true,
                                    "is_enabled":  true,
                                    "log_mode":  "Circular",
                                    "record_count":  1414,
                                    "maximum_size_bytes":  1052672,
                                    "last_write_time_utc":  "2026-09-01T12:33:16.4065309Z"
                                },
                                {
                                    "log_name":  "Microsoft-Windows-Kernel-PnP/Device Management",
                                    "found":  true,
                                    "is_enabled":  true,
                                    "log_mode":  "Circular",
                                    "record_count":  1761,
                                    "maximum_size_bytes":  5242880,
                                    "last_write_time_utc":  "2026-09-01T12:33:16.4139026Z"
                                },
                                {
                                    "log_name":  "Microsoft-Windows-UserPnp/DeviceInstall",
                                    "found":  true,
                                    "is_enabled":  true,
                                    "log_mode":  "Circular",
                                    "record_count":  831,
                                    "maximum_size_bytes":  1052672,
                                    "last_write_time_utc":  "2026-09-01T12:33:16.5649839Z"
                                }
                            ],
    "nipcibrd_events_last_24h":  [
                                     {
                                         "time_created_utc":  "2026-09-01T12:31:22.5520182Z",
                                         "provider":  "nipcibrd",
                                         "event_id":  8198,
                                         "record_id":  46897,
                                         "level":  "Warning",
                                         "message":  " Found an unknown bridge with advanced resource distribution enabled. (23,2,0) status = 0"
                                     },
                                     {
                                         "time_created_utc":  "2026-09-01T12:31:03.7947426Z",
                                         "provider":  "nipcibrd",
                                         "event_id":  8198,
                                         "record_id":  46895,
                                         "level":  "Warning",
                                         "message":  " Found an unknown bridge with advanced resource distribution enabled. (23,2,0) status = 0"
                                     },
                                     {
                                         "time_created_utc":  "2026-09-01T12:30:53.5910401Z",
                                         "provider":  "nipcibrd",
                                         "event_id":  8198,
                                         "record_id":  46884,
                                         "level":  "Warning",
                                         "message":  " Found an unknown bridge with advanced resource distribution enabled. (23,2,0) status = 0"
                                     },
                                     {
                                         "time_created_utc":  "2026-09-01T12:30:47.1326886Z",
                                         "provider":  "nipcibrd",
                                         "event_id":  8198,
                                         "record_id":  46874,
                                         "level":  "Warning",
                                         "message":  " Found an unknown bridge with advanced resource distribution enabled. (23,1,0) status = 0"
                                     },
                                     {
                                         "time_created_utc":  "2026-09-01T12:30:46.9981549Z",
                                         "provider":  "nipcibrd",
                                         "event_id":  8198,
                                         "record_id":  46873,
                                         "level":  "Warning",
                                         "message":  " Found an unknown bridge with advanced resource distribution enabled. (23,0,0) status = 0"
                                     },
                                     {
                                         "time_created_utc":  "2026-09-01T12:30:46.0540317Z",
                                         "provider":  "nipcibrd",
                                         "event_id":  8198,
                                         "record_id":  46844,
                                         "level":  "Warning",
                                         "message":  " Found an unknown bridge with advanced resource distribution enabled. (23,2,0) status = 0"
                                     },
                                     {
                                         "time_created_utc":  "2026-09-01T12:30:38.4186032Z",
                                         "provider":  "nipcibrd",
                                         "event_id":  4096,
                                         "record_id":  46832,
                                         "level":  "Information",
                                         "message":  " Successfully attached to bridge (17,01,00), status = 0"
                                     },
                                     {
                                         "time_created_utc":  "2026-09-01T12:30:38.4186032Z",
                                         "provider":  "nipcibrd",
                                         "event_id":  4096,
                                         "record_id":  46831,
                                         "level":  "Information",
                                         "message":  " Successfully attached to bridge (17,00,00), status = 0"
                                     },
                                     {
                                         "time_created_utc":  "2026-09-01T12:30:33.1750061Z",
                                         "provider":  "nipcibrd",
                                         "event_id":  8198,
                                         "record_id":  46780,
                                         "level":  "Warning",
                                         "message":  " Found an unknown bridge with advanced resource distribution enabled. (23,3,0) status = 0"
                                     },
                                     {
                                         "time_created_utc":  "2026-09-01T12:30:33.1750061Z",
                                         "provider":  "nipcibrd",
                                         "event_id":  8198,
                                         "record_id":  46779,
                                         "level":  "Warning",
                                         "message":  " Found an unknown bridge with advanced resource distribution enabled. (23,2,0) status = 0"
                                     },
                                     {
                                         "time_created_utc":  "2026-09-01T12:30:33.1750061Z",
                                         "provider":  "nipcibrd",
                                         "event_id":  8198,
                                         "record_id":  46778,
                                         "level":  "Warning",
                                         "message":  " Found an unknown bridge with advanced resource distribution enabled. (23,1,0) status = 0"
                                     },
                                     {
                                         "time_created_utc":  "2026-09-01T12:30:33.1750061Z",
                                         "provider":  "nipcibrd",
                                         "event_id":  8198,
                                         "record_id":  46777,
                                         "level":  "Warning",
                                         "message":  " Found an unknown bridge with advanced resource distribution enabled. (23,0,0) status = 0"
                                     },
                                     {
                                         "time_created_utc":  "2026-09-01T12:30:33.0076122Z",
                                         "provider":  "nipcibrd",
                                         "event_id":  8198,
                                         "record_id":  46776,
                                         "level":  "Warning",
                                         "message":  " Found an unknown bridge with advanced resource distribution enabled. (22,0,0) status = 0"
                                     },
                                     {
                                         "time_created_utc":  "2026-09-01T12:30:31.8584003Z",
                                         "provider":  "nipcibrd",
                                         "event_id":  4096,
                                         "record_id":  46775,
                                         "level":  "Information",
                                         "message":  " Successfully attached to bridge (0b,0d,00), status = 0"
                                     },
                                     {
                                         "time_created_utc":  "2026-09-01T12:30:31.8465253Z",
                                         "provider":  "nipcibrd",
                                         "event_id":  4096,
                                         "record_id":  46774,
                                         "level":  "Information",
                                         "message":  " Successfully attached to bridge (0b,0c,00), status = 0"
                                     },
                                     {
                                         "time_created_utc":  "2026-09-01T12:30:31.8346157Z",
                                         "provider":  "nipcibrd",
                                         "event_id":  4096,
                                         "record_id":  46773,
                                         "level":  "Information",
                                         "message":  " Successfully attached to bridge (0b,08,00), status = 0"
                                     },
                                     {
                                         "time_created_utc":  "2026-09-01T12:30:31.8227837Z",
                                         "provider":  "nipcibrd",
                                         "event_id":  4096,
                                         "record_id":  46772,
                                         "level":  "Information",
                                         "message":  " Successfully attached to bridge (0b,07,00), status = 0"
                                     },
                                     {
                                         "time_created_utc":  "2026-09-01T12:30:31.8106341Z",
                                         "provider":  "nipcibrd",
                                         "event_id":  4096,
                                         "record_id":  46771,
                                         "level":  "Information",
                                         "message":  " Successfully attached to bridge (0b,06,00), status = 0"
                                     },
                                     {
                                         "time_created_utc":  "2026-09-01T12:30:31.7987757Z",
                                         "provider":  "nipcibrd",
                                         "event_id":  4096,
                                         "record_id":  46770,
                                         "level":  "Information",
                                         "message":  " Successfully attached to bridge (0b,05,00), status = 0"
                                     },
                                     {
                                         "time_created_utc":  "2026-09-01T12:30:31.7868742Z",
                                         "provider":  "nipcibrd",
                                         "event_id":  4096,
                                         "record_id":  46769,
                                         "level":  "Information",
                                         "message":  " Successfully attached to bridge (0b,04,00), status = 0"
                                     },
                                     {
                                         "time_created_utc":  "2026-09-01T12:30:31.7750379Z",
                                         "provider":  "nipcibrd",
                                         "event_id":  4096,
                                         "record_id":  46768,
                                         "level":  "Information",
                                         "message":  " Successfully attached to bridge (0b,00,00), status = 0"
                                     },
                                     {
                                         "time_created_utc":  "2026-09-01T12:30:31.5237388Z",
                                         "provider":  "nipcibrd",
                                         "event_id":  4096,
                                         "record_id":  46767,
                                         "level":  "Information",
                                         "message":  " Successfully attached to bridge (0a,00,00), status = 0"
                                     },
                                     {
                                         "time_created_utc":  "2026-09-01T12:30:31.4091159Z",
                                         "provider":  "nipcibrd",
                                         "event_id":  4096,
                                         "record_id":  46766,
                                         "level":  "Information",
                                         "message":  " Successfully attached to bridge (17,03,00), status = 0"
                                     },
                                     {
                                         "time_created_utc":  "2026-09-01T12:30:31.4010656Z",
                                         "provider":  "nipcibrd",
                                         "event_id":  4096,
                                         "record_id":  46765,
                                         "level":  "Information",
                                         "message":  " Successfully attached to bridge (17,02,00), status = 0"
                                     },
                                     {
                                         "time_created_utc":  "2026-09-01T12:30:31.1585208Z",
                                         "provider":  "nipcibrd",
                                         "event_id":  8198,
                                         "record_id":  46764,
                                         "level":  "Warning",
                                         "message":  " Found an unknown bridge with advanced resource distribution enabled. (23,3,0) status = 0"
                                     },
                                     {
                                         "time_created_utc":  "2026-09-01T12:30:31.1585208Z",
                                         "provider":  "nipcibrd",
                                         "event_id":  8198,
                                         "record_id":  46763,
                                         "level":  "Warning",
                                         "message":  " Found an unknown bridge with advanced resource distribution enabled. (23,2,0) status = 0"
                                     },
                                     {
                                         "time_created_utc":  "2026-09-01T12:30:31.1585208Z",
                                         "provider":  "nipcibrd",
                                         "event_id":  8198,
                                         "record_id":  46762,
                                         "level":  "Warning",
                                         "message":  " Found an unknown bridge with advanced resource distribution enabled. (23,1,0) status = 0"
                                     },
                                     {
                                         "time_created_utc":  "2026-09-01T12:30:31.1585208Z",
                                         "provider":  "nipcibrd",
                                         "event_id":  8198,
                                         "record_id":  46761,
                                         "level":  "Warning",
                                         "message":  " Found an unknown bridge with advanced resource distribution enabled. (23,0,0) status = 0"
                                     },
                                     {
                                         "time_created_utc":  "2026-09-01T12:30:31.1169267Z",
                                         "provider":  "nipcibrd",
                                         "event_id":  4096,
                                         "record_id":  46760,
                                         "level":  "Information",
                                         "message":  " Successfully attached to bridge (04,0d,00), status = 0"
                                     },
                                     {
                                         "time_created_utc":  "2026-09-01T12:30:31.1091557Z",
                                         "provider":  "nipcibrd",
                                         "event_id":  4096,
                                         "record_id":  46759,
                                         "level":  "Information",
                                         "message":  " Successfully attached to bridge (04,0c,00), status = 0"
                                     },
                                     {
                                         "time_created_utc":  "2026-09-01T12:30:31.1011186Z",
                                         "provider":  "nipcibrd",
                                         "event_id":  4096,
                                         "record_id":  46758,
                                         "level":  "Information",
                                         "message":  " Successfully attached to bridge (04,08,00), status = 0"
                                     },
                                     {
                                         "time_created_utc":  "2026-09-01T12:30:31.0953380Z",
                                         "provider":  "nipcibrd",
                                         "event_id":  4096,
                                         "record_id":  46757,
                                         "level":  "Information",
                                         "message":  " Successfully attached to bridge (04,07,00), status = 0"
                                     },
                                     {
                                         "time_created_utc":  "2026-09-01T12:30:31.0872980Z",
                                         "provider":  "nipcibrd",
                                         "event_id":  4096,
                                         "record_id":  46756,
                                         "level":  "Information",
                                         "message":  " Successfully attached to bridge (04,06,00), status = 0"
                                     },
                                     {
                                         "time_created_utc":  "2026-09-01T12:30:31.0815309Z",
                                         "provider":  "nipcibrd",
                                         "event_id":  4096,
                                         "record_id":  46755,
                                         "level":  "Information",
                                         "message":  " Successfully attached to bridge (04,05,00), status = 0"
                                     },
                                     {
                                         "time_created_utc":  "2026-09-01T12:30:31.0734661Z",
                                         "provider":  "nipcibrd",
                                         "event_id":  4096,
                                         "record_id":  46754,
                                         "level":  "Information",
                                         "message":  " Successfully attached to bridge (04,04,00), status = 0"
                                     },
                                     {
                                         "time_created_utc":  "2026-09-01T12:30:31.0674360Z",
                                         "provider":  "nipcibrd",
                                         "event_id":  4096,
                                         "record_id":  46753,
                                         "level":  "Information",
                                         "message":  " Successfully attached to bridge (04,00,00), status = 0"
                                     },
                                     {
                                         "time_created_utc":  "2026-09-01T12:30:30.8525275Z",
                                         "provider":  "nipcibrd",
                                         "event_id":  4096,
                                         "record_id":  46752,
                                         "level":  "Information",
                                         "message":  " Successfully attached to bridge (16,00,00), status = 0"
                                     },
                                     {
                                         "time_created_utc":  "2026-09-01T12:30:30.6473725Z",
                                         "provider":  "nipcibrd",
                                         "event_id":  8198,
                                         "record_id":  46751,
                                         "level":  "Warning",
                                         "message":  " Found an unknown bridge with advanced resource distribution enabled. (22,0,0) status = 0"
                                     },
                                     {
                                         "time_created_utc":  "2026-09-01T12:30:30.6000772Z",
                                         "provider":  "nipcibrd",
                                         "event_id":  4096,
                                         "record_id":  46750,
                                         "level":  "Information",
                                         "message":  " Successfully attached to bridge (03,00,00), status = 0"
                                     },
                                     {
                                         "time_created_utc":  "2026-09-01T12:30:30.4384075Z",
                                         "provider":  "nipcibrd",
                                         "event_id":  4096,
                                         "record_id":  46749,
                                         "level":  "Information",
                                         "message":  " Successfully attached to bridge (00,08,03), status = 0"
                                     },
                                     {
                                         "time_created_utc":  "2026-09-01T12:30:30.4326539Z",
                                         "provider":  "nipcibrd",
                                         "event_id":  4096,
                                         "record_id":  46748,
                                         "level":  "Information",
                                         "message":  " Successfully attached to bridge (00,08,01), status = 0"
                                     },
                                     {
                                         "time_created_utc":  "2026-09-01T12:30:30.4246234Z",
                                         "provider":  "nipcibrd",
                                         "event_id":  4096,
                                         "record_id":  46747,
                                         "level":  "Information",
                                         "message":  " Successfully attached to bridge (00,02,02), status = 0"
                                     },
                                     {
                                         "time_created_utc":  "2026-09-01T12:30:30.4188607Z",
                                         "provider":  "nipcibrd",
                                         "event_id":  4096,
                                         "record_id":  46746,
                                         "level":  "Information",
                                         "message":  " Successfully attached to bridge (00,02,01), status = 0"
                                     },
                                     {
                                         "time_created_utc":  "2026-09-01T12:30:30.4128287Z",
                                         "provider":  "nipcibrd",
                                         "event_id":  4096,
                                         "record_id":  46745,
                                         "level":  "Information",
                                         "message":  " Successfully attached to bridge (00,01,02), status = 0"
                                     },
                                     {
                                         "time_created_utc":  "2026-09-01T12:30:30.4067900Z",
                                         "provider":  "nipcibrd",
                                         "event_id":  4096,
                                         "record_id":  46744,
                                         "level":  "Information",
                                         "message":  " Successfully attached to bridge (00,01,01), status = 0"
                                     },
                                     {
                                         "time_created_utc":  "2026-09-01T02:17:25.4078774Z",
                                         "provider":  "nipcibrd",
                                         "event_id":  8198,
                                         "record_id":  46703,
                                         "level":  "Warning",
                                         "message":  " Found an unknown bridge with advanced resource distribution enabled. (23,2,0) status = 0"
                                     },
                                     {
                                         "time_created_utc":  "2026-09-01T02:17:08.0148189Z",
                                         "provider":  "nipcibrd",
                                         "event_id":  8198,
                                         "record_id":  46701,
                                         "level":  "Warning",
                                         "message":  " Found an unknown bridge with advanced resource distribution enabled. (23,2,0) status = 0"
                                     },
                                     {
                                         "time_created_utc":  "2026-09-01T02:16:57.1484024Z",
                                         "provider":  "nipcibrd",
                                         "event_id":  8198,
                                         "record_id":  46690,
                                         "level":  "Warning",
                                         "message":  " Found an unknown bridge with advanced resource distribution enabled. (23,2,0) status = 0"
                                     },
                                     {
                                         "time_created_utc":  "2026-09-01T02:16:50.7272196Z",
                                         "provider":  "nipcibrd",
                                         "event_id":  8198,
                                         "record_id":  46680,
                                         "level":  "Warning",
                                         "message":  " Found an unknown bridge with advanced resource distribution enabled. (23,1,0) status = 0"
                                     },
                                     {
                                         "time_created_utc":  "2026-09-01T02:16:50.5838717Z",
                                         "provider":  "nipcibrd",
                                         "event_id":  8198,
                                         "record_id":  46679,
                                         "level":  "Warning",
                                         "message":  " Found an unknown bridge with advanced resource distribution enabled. (23,0,0) status = 0"
                                     },
                                     {
                                         "time_created_utc":  "2026-09-01T02:16:49.6008236Z",
                                         "provider":  "nipcibrd",
                                         "event_id":  8198,
                                         "record_id":  46650,
                                         "level":  "Warning",
                                         "message":  " Found an unknown bridge with advanced resource distribution enabled. (23,2,0) status = 0"
                                     },
                                     {
                                         "time_created_utc":  "2026-09-01T02:16:42.3277070Z",
                                         "provider":  "nipcibrd",
                                         "event_id":  4096,
                                         "record_id":  46638,
                                         "level":  "Information",
                                         "message":  " Successfully attached to bridge (17,01,00), status = 0"
                                     },
                                     {
                                         "time_created_utc":  "2026-09-01T02:16:42.3259701Z",
                                         "provider":  "nipcibrd",
                                         "event_id":  4096,
                                         "record_id":  46637,
                                         "level":  "Information",
                                         "message":  " Successfully attached to bridge (17,00,00), status = 0"
                                     },
                                     {
                                         "time_created_utc":  "2026-09-01T02:16:37.1534844Z",
                                         "provider":  "nipcibrd",
                                         "event_id":  8198,
                                         "record_id":  46586,
                                         "level":  "Warning",
                                         "message":  " Found an unknown bridge with advanced resource distribution enabled. (23,3,0) status = 0"
                                     },
                                     {
                                         "time_created_utc":  "2026-09-01T02:16:37.1534844Z",
                                         "provider":  "nipcibrd",
                                         "event_id":  8198,
                                         "record_id":  46585,
                                         "level":  "Warning",
                                         "message":  " Found an unknown bridge with advanced resource distribution enabled. (23,2,0) status = 0"
                                     },
                                     {
                                         "time_created_utc":  "2026-09-01T02:16:37.1534844Z",
                                         "provider":  "nipcibrd",
                                         "event_id":  8198,
                                         "record_id":  46584,
                                         "level":  "Warning",
                                         "message":  " Found an unknown bridge with advanced resource distribution enabled. (23,1,0) status = 0"
                                     },
                                     {
                                         "time_created_utc":  "2026-09-01T02:16:37.1534844Z",
                                         "provider":  "nipcibrd",
                                         "event_id":  8198,
                                         "record_id":  46583,
                                         "level":  "Warning",
                                         "message":  " Found an unknown bridge with advanced resource distribution enabled. (23,0,0) status = 0"
                                     },
                                     {
                                         "time_created_utc":  "2026-09-01T02:16:36.9820875Z",
                                         "provider":  "nipcibrd",
                                         "event_id":  8198,
                                         "record_id":  46582,
                                         "level":  "Warning",
                                         "message":  " Found an unknown bridge with advanced resource distribution enabled. (22,0,0) status = 0"
                                     },
                                     {
                                         "time_created_utc":  "2026-09-01T02:16:35.8367598Z",
                                         "provider":  "nipcibrd",
                                         "event_id":  4096,
                                         "record_id":  46581,
                                         "level":  "Information",
                                         "message":  " Successfully attached to bridge (0b,0d,00), status = 0"
                                     },
                                     {
                                         "time_created_utc":  "2026-09-01T02:16:35.8249838Z",
                                         "provider":  "nipcibrd",
                                         "event_id":  4096,
                                         "record_id":  46580,
                                         "level":  "Information",
                                         "message":  " Successfully attached to bridge (0b,0c,00), status = 0"
                                     },
                                     {
                                         "time_created_utc":  "2026-09-01T02:16:35.8151446Z",
                                         "provider":  "nipcibrd",
                                         "event_id":  4096,
                                         "record_id":  46579,
                                         "level":  "Information",
                                         "message":  " Successfully attached to bridge (0b,08,00), status = 0"
                                     },
                                     {
                                         "time_created_utc":  "2026-09-01T02:16:35.8012577Z",
                                         "provider":  "nipcibrd",
                                         "event_id":  4096,
                                         "record_id":  46578,
                                         "level":  "Information",
                                         "message":  " Successfully attached to bridge (0b,07,00), status = 0"
                                     },
                                     {
                                         "time_created_utc":  "2026-09-01T02:16:35.7911339Z",
                                         "provider":  "nipcibrd",
                                         "event_id":  4096,
                                         "record_id":  46577,
                                         "level":  "Information",
                                         "message":  " Successfully attached to bridge (0b,06,00), status = 0"
                                     },
                                     {
                                         "time_created_utc":  "2026-09-01T02:16:35.7792594Z",
                                         "provider":  "nipcibrd",
                                         "event_id":  4096,
                                         "record_id":  46576,
                                         "level":  "Information",
                                         "message":  " Successfully attached to bridge (0b,05,00), status = 0"
                                     },
                                     {
                                         "time_created_utc":  "2026-09-01T02:16:35.7654217Z",
                                         "provider":  "nipcibrd",
                                         "event_id":  4096,
                                         "record_id":  46575,
                                         "level":  "Information",
                                         "message":  " Successfully attached to bridge (0b,04,00), status = 0"
                                     },
                                     {
                                         "time_created_utc":  "2026-09-01T02:16:35.7555893Z",
                                         "provider":  "nipcibrd",
                                         "event_id":  4096,
                                         "record_id":  46574,
                                         "level":  "Information",
                                         "message":  " Successfully attached to bridge (0b,00,00), status = 0"
                                     },
                                     {
                                         "time_created_utc":  "2026-09-01T02:16:35.5140950Z",
                                         "provider":  "nipcibrd",
                                         "event_id":  4096,
                                         "record_id":  46573,
                                         "level":  "Information",
                                         "message":  " Successfully attached to bridge (0a,00,00), status = 0"
                                     },
                                     {
                                         "time_created_utc":  "2026-09-01T02:16:35.4035808Z",
                                         "provider":  "nipcibrd",
                                         "event_id":  4096,
                                         "record_id":  46572,
                                         "level":  "Information",
                                         "message":  " Successfully attached to bridge (17,03,00), status = 0"
                                     },
